2026-05-22 09:32:30.010 [info] [main] ログ レベル: Info
2026-05-22 09:32:30.010 [info] [main] Git の検証が検出されました: "git"
2026-05-22 09:32:30.010 [info] [main] "git" から Git "2.39.5" を使用しています
2026-05-22 09:32:30.010 [info] [Model][doInitialScan] Initial repository scan started
2026-05-22 09:32:30.010 [info] > git rev-parse --show-toplevel [2ms]
2026-05-22 09:32:30.012 [info] > git rev-parse --show-toplevel [2ms]
2026-05-22 09:32:30.016 [info] > git rev-parse --show-toplevel [2ms]
2026-05-22 09:32:30.026 [info] > git rev-parse --show-toplevel [7ms]
2026-05-22 09:32:30.027 [info] [Model][doInitialScan] Initial repository scan completed - repositories (0), closed repositories (0), parent repositories (1), unsafe repositories (0)
2026-05-22 09:32:30.500 [info] > git rev-parse --show-toplevel [2ms]
2026-05-22 09:32:42.926 [info] > git rev-parse --show-toplevel [1ms]
2026-05-22 09:33:30.784 [info] > git rev-parse --show-toplevel [2ms]
2026-05-22 09:33:35.036 [info] > git rev-parse --show-toplevel [2ms]
2026-05-22 09:33:57.145 [info] > git rev-parse --show-toplevel [1ms]
2026-05-22 09:33:54.749 [info] > git rev-parse --show-toplevel [2ms]
2026-05-22 09:34:37.117 [info] > git rev-parse --show-toplevel [1ms]
2026-05-22 09:34:47.244 [info] > git rev-parse --show-toplevel [1ms]
2026-05-22 09:34:59.306 [info] > git rev-parse --show-toplevel [1ms]
2026-05-22 09:37:57.689 [info] > git rev-parse --show-toplevel [2ms]
2026-05-22 09:38:59.695 [info] > git rev-parse --show-toplevel [1ms]
2026-05-22 09:39:13.708 [info] > git rev-parse --show-toplevel [1ms]
2026-05-22 09:39:30.072 [info] > git rev-parse --show-toplevel [1ms]
2026-05-22 09:39:55.911 [info] > git rev-parse --show-toplevel [1ms]
2026-05-22 09:40:07.633 [info] > git rev-parse --show-toplevel [0ms]
2026-05-22 09:41:04.391 [info] > git rev-parse --show-toplevel [1ms]
2026-05-22 09:41:18.043 [info] > git rev-parse --show-toplevel [1ms]
2026-05-22 09:42:13.239 [info] > git rev-parse --show-toplevel [8ms]
2026-05-22 09:42:49.719 [info] > git rev-parse --show-toplevel [2ms]
2026-05-22 09:42:57.720 [info] > git rev-parse --show-toplevel [2ms]
2026-05-22 09:44:20.359 [info] > git rev-parse --show-toplevel [2ms]
2026-05-22 09:44:28.504 [info] > git rev-parse --show-toplevel [1ms]
2026-05-22 09:45:21.707 [info] > git rev-parse --show-toplevel [1ms]
2026-05-22 09:46:31.129 [info] > git rev-parse --show-toplevel [2ms]
2026-05-22 09:46:50.173 [info] > git rev-parse --show-toplevel [0ms]
2026-05-22 09:46:51.255 [info] > git rev-parse --show-toplevel [1ms]
2026-05-22 09:47:20.428 [info] > git rev-parse --show-toplevel [1ms]
2026-05-22 09:50:31.283 [info] > git rev-parse --show-toplevel [1ms]
2026-05-22 09:50:46.666 [info] > git rev-parse --show-toplevel [1ms]
2026-05-22 09:51:02.312 [info] > git rev-parse --show-toplevel [1ms]
2026-05-22 09:51:04.785 [info] > git rev-parse --show-toplevel [0ms]
2026-05-22 09:51:10.561 [info] > git rev-parse --show-toplevel [2117ms]
2026-05-22 09:51:18.379 [info] > git rev-parse --show-toplevel [2ms]
2026-05-22 09:53:12.061 [info] > git rev-parse --show-toplevel [1ms]
2026-05-22 09:53:40.043 [info] > git rev-parse --show-toplevel [1ms]
2026-05-22 09:54:01.881 [info] > git rev-parse --show-toplevel [1ms]
2026-05-22 09:54:58.003 [info] > git rev-parse --show-toplevel [1ms]
2026-05-22 09:57:12.539 [info] > git rev-parse --show-toplevel [2ms]
2026-05-22 10:15:07.198 [info] > git rev-parse --show-toplevel [8ms]
2026-05-22 10:15:08.305 [info] > git rev-parse --show-toplevel [2ms]
2026-05-22 10:15:14.895 [info] > git rev-parse --show-toplevel [1ms]
2026-05-22 10:15:43.900 [info] > git rev-parse --show-toplevel [1ms]
2026-05-22 10:15:45.882 [info] > git rev-parse --show-toplevel [1ms]
2026-05-22 10:15:47.421 [info] > git rev-parse --show-toplevel [1ms]
2026-05-22 10:16:28.501 [info] > git rev-parse --show-toplevel [8ms]
2026-05-22 10:16:42.089 [info] > git rev-parse --show-toplevel [1ms]
2026-05-22 10:16:55.131 [info] > git rev-parse --show-toplevel [2ms]
2026-05-22 10:17:50.324 [info] > git rev-parse --show-toplevel [1ms]
2026-05-22 10:18:24.994 [info] > git rev-parse --show-toplevel [8ms]
2026-05-22 10:18:27.955 [info] > git rev-parse --show-toplevel [1ms]
2026-05-22 10:19:02.547 [info] > git rev-parse --show-toplevel [1ms]
2026-05-22 10:19:28.898 [info] > git rev-parse --show-toplevel [3ms]
2026-05-22 10:20:02.393 [info] > git rev-parse --show-toplevel [1ms]
2026-05-22 10:22:26.223 [info] > git rev-parse --show-toplevel [2ms]
2026-05-22 10:22:30.458 [info] > git rev-parse --show-toplevel [2ms]
2026-05-22 10:23:32.696 [info] > git rev-parse --show-toplevel [1ms]
2026-05-22 10:24:42.829 [info] > git rev-parse --show-toplevel [1ms]
2026-05-22 10:26:02.232 [info] > git rev-parse --show-toplevel [2ms]
2026-05-22 10:26:06.092 [info] > git rev-parse --show-toplevel [1ms]
2026-05-22 10:26:18.857 [info] > git rev-parse --show-toplevel [2ms]
2026-05-22 10:26:32.659 [info] > git rev-parse --show-toplevel [2ms]
2026-05-22 10:28:04.541 [info] > git rev-parse --show-toplevel [1ms]
2026-05-22 10:28:14.768 [info] > git rev-parse --show-toplevel [1ms]
2026-05-22 10:28:51.505 [info] > git rev-parse --show-toplevel [1ms]
2026-05-22 10:28:58.873 [info] > git rev-parse --show-toplevel [1ms]
2026-05-22 10:29:39.994 [info] > git rev-parse --show-toplevel [1ms]
2026-05-22 10:29:56.116 [info] > git rev-parse --show-toplevel [1ms]
2026-05-22 10:35:07.909 [info] > git rev-parse --show-toplevel [8ms]
2026-05-22 10:35:10.612 [info] > git rev-parse --show-toplevel [2ms]
2026-05-22 10:36:44.997 [info] > git rev-parse --show-toplevel [2ms]
2026-05-22 10:36:49.908 [info] > git rev-parse --show-toplevel [1ms]
2026-05-22 10:39:13.458 [info] > git rev-parse --show-toplevel [2ms]
2026-05-22 10:39:16.599 [info] > git rev-parse --show-toplevel [1ms]
2026-05-22 10:46:27.507 [info] > git rev-parse --show-toplevel [1ms]
