2026-05-13 16:29:35.997 [info] [main] ログ レベル: Info
2026-05-13 16:29:35.997 [info] [main] Git の検証が検出されました: "git"
2026-05-13 16:29:35.997 [info] [main] "git" から Git "2.39.5" を使用しています
2026-05-13 16:29:35.997 [info] [Model][doInitialScan] Initial repository scan started
2026-05-13 16:29:35.997 [info] > git rev-parse --show-toplevel [0ms]
2026-05-13 16:29:35.997 [info] > git rev-parse --git-dir --git-common-dir --show-superproject-working-tree [2ms]
2026-05-13 16:29:36.036 [info] [Model][openRepository] Opened repository (path): /home/node
2026-05-13 16:29:36.036 [info] [Model][openRepository] Opened repository (real path): /home/node
2026-05-13 16:29:36.036 [info] [Model][openRepository] Opened repository (kind): repository
2026-05-13 16:29:36.042 [info] > git config --get commit.template [2ms]
2026-05-13 16:29:36.042 [info] > git config --get --local core.virtualfilesystem [4ms]
2026-05-13 16:29:36.042 [warning] [Git][config] git config failed: Failed to execute git
2026-05-13 16:29:36.043 [info] > git rev-parse --show-toplevel [2ms]
2026-05-13 16:29:36.048 [info] > git rev-parse --show-toplevel [2ms]
2026-05-13 16:29:36.050 [info] > git for-each-ref --format=%(refname)%00%(upstream:short)%00%(objectname)%00%(upstream:track)%00%(upstream:remotename)%00%(upstream:remoteref) refs/heads/master refs/remotes/master [5ms]
2026-05-13 16:29:36.051 [info] > git rev-parse --show-toplevel [1ms]
2026-05-13 16:29:36.076 [info] > git for-each-ref --sort -committerdate --format %(refname)%00%(objectname)%00%(*objectname) [20ms]
2026-05-13 16:29:36.077 [info] > git rev-parse --show-toplevel [24ms]
2026-05-13 16:29:36.086 [info] > git rev-parse --show-toplevel [6ms]
2026-05-13 16:29:36.088 [info] > git rev-parse --show-toplevel [1ms]
2026-05-13 16:29:36.089 [info] > git rev-parse --show-toplevel [0ms]
2026-05-13 16:29:36.093 [info] > git rev-parse --git-dir --git-common-dir --show-superproject-working-tree [2ms]
2026-05-13 16:29:36.103 [info] > git status -z -uall [48ms]
2026-05-13 16:29:36.288 [info] [Model][openRepository] Opened repository (path): /home/node/shift
2026-05-13 16:29:36.288 [info] [Model][openRepository] Opened repository (real path): /home/node/shift
2026-05-13 16:29:36.288 [info] [Model][openRepository] Opened repository (kind): repository
2026-05-13 16:29:36.291 [info] [Model][doInitialScan] Initial repository scan completed - repositories (2), closed repositories (0), parent repositories (0), unsafe repositories (0)
2026-05-13 16:29:36.291 [info] > git for-each-ref --format=%(refname)%00%(upstream:short)%00%(objectname)%00%(upstream:track)%00%(upstream:remotename)%00%(upstream:remoteref) refs/heads/master refs/remotes/master [159ms]
2026-05-13 16:29:36.303 [info] > git config --get --local branch.master.vscode-merge-base [10ms]
2026-05-13 16:29:36.303 [warning] [Git][config] git config failed: Failed to execute git
2026-05-13 16:29:36.306 [info] > git config --get --local core.virtualfilesystem [16ms]
2026-05-13 16:29:36.306 [warning] [Git][config] git config failed: Failed to execute git
2026-05-13 16:29:36.306 [info] > git config --get commit.template [22ms]
2026-05-13 16:29:36.307 [info] > git config --get commit.template [5ms]
2026-05-13 16:29:36.310 [info] > git reflog master --grep-reflog=branch: Created from *. [4ms]
2026-05-13 16:29:36.311 [info] > git for-each-ref --format=%(refname)%00%(upstream:short)%00%(objectname)%00%(upstream:track)%00%(upstream:remotename)%00%(upstream:remoteref) refs/heads/master refs/remotes/master [1ms]
2026-05-13 16:29:36.311 [info] > git for-each-ref --format=%(refname)%00%(upstream:short)%00%(objectname)%00%(upstream:track)%00%(upstream:remotename)%00%(upstream:remoteref) refs/heads/master refs/remotes/master [3ms]
2026-05-13 16:29:36.313 [warning] [Git][revParse] Unable to read file: ENOENT: no such file or directory, open '/home/node/shift/.git/refs/remotes/origin/master'
2026-05-13 16:29:36.313 [info] > git symbolic-ref --short refs/remotes/shift/HEAD [2ms]
2026-05-13 16:29:36.313 [info] fatal: ref refs/remotes/shift/HEAD is not a symbolic ref
2026-05-13 16:29:36.313 [warning] [Repository][getDefaultBranch] Failed to get default branch details: Failed to execute git.
2026-05-13 16:29:36.315 [info] > git rev-parse refs/remotes/origin/master [2ms]
2026-05-13 16:29:36.318 [info] > git merge-base refs/heads/master refs/remotes/shift/master [3ms]
2026-05-13 16:29:36.323 [info] > git for-each-ref --sort -committerdate --format %(refname)%00%(objectname)%00%(*objectname) [5ms]
2026-05-13 16:29:36.323 [info] > git diff --raw --numstat --diff-filter=ADMR -z --find-renames=50% 317c44012b4186ee6242d052f5e6ef9c1facb8b6...refs/remotes/shift/master -- [3ms]
2026-05-13 16:29:36.324 [info] > git for-each-ref --sort -committerdate --format %(refname)%00%(objectname)%00%(*objectname) [1ms]
2026-05-13 16:29:36.357 [info] > git status -z -uall [36ms]
2026-05-13 16:29:36.848 [info] > git check-ignore -v -z --stdin [2ms]
2026-05-13 16:29:36.849 [info] > git check-ignore -v -z --stdin [2ms]
2026-05-13 16:29:36.980 [info] > git status -z -uall [664ms]
2026-05-13 16:29:36.986 [info] > git for-each-ref --format=%(refname)%00%(upstream:short)%00%(objectname)%00%(upstream:track)%00%(upstream:remotename)%00%(upstream:remoteref) refs/heads/master refs/remotes/master [1ms]
2026-05-13 16:29:36.994 [info] > git config --get --local branch.master.vscode-merge-base [5ms]
2026-05-13 16:29:36.994 [warning] [Git][config] git config failed: Failed to execute git
2026-05-13 16:29:36.996 [info] > git config --get commit.template [6ms]
2026-05-13 16:29:36.997 [info] > git reflog master --grep-reflog=branch: Created from *. [2ms]
2026-05-13 16:29:36.998 [info] > git for-each-ref --format=%(refname)%00%(upstream:short)%00%(objectname)%00%(upstream:track)%00%(upstream:remotename)%00%(upstream:remoteref) refs/heads/master refs/remotes/master [1ms]
2026-05-13 16:29:36.999 [warning] [Git][revParse] Unable to read file: ENOENT: no such file or directory, open '/home/node/shift/.git/refs/remotes/origin/master'
2026-05-13 16:29:37.000 [info] > git symbolic-ref --short refs/remotes/origin/HEAD [2ms]
2026-05-13 16:29:37.001 [info] > git rev-parse refs/remotes/origin/master [2ms]
2026-05-13 16:29:37.004 [info] > git for-each-ref --format=%(refname)%00%(upstream:short)%00%(objectname)%00%(upstream:track)%00%(upstream:remotename)%00%(upstream:remoteref) refs/heads/origin/master refs/remotes/origin/master [3ms]
2026-05-13 16:29:37.005 [info] > git for-each-ref --sort -committerdate --format %(refname)%00%(objectname)%00%(*objectname) [2ms]
2026-05-13 16:29:37.006 [info] > git config --add --local branch.master.vscode-merge-base origin/master [1ms]
2026-05-13 16:29:37.008 [info] > git status -z -uall [6ms] (cancelled)
2026-05-13 16:29:37.010 [info] > git config --get commit.template [2ms]
2026-05-13 16:29:37.010 [info] > git for-each-ref --format=%(refname)%00%(upstream:short)%00%(objectname)%00%(upstream:track)%00%(upstream:remotename)%00%(upstream:remoteref) refs/heads/master refs/remotes/master [0ms]
2026-05-13 16:29:37.011 [warning] [Git][revParse] Unable to read file: ENOENT: no such file or directory, open '/home/node/shift/.git/refs/remotes/origin/master'
2026-05-13 16:29:37.012 [info] > git rev-parse refs/remotes/origin/master [1ms]
2026-05-13 16:29:37.015 [info] > git for-each-ref --sort -committerdate --format %(refname)%00%(objectname)%00%(*objectname) [1ms]
2026-05-13 16:29:37.669 [info] > git status -z -uall [656ms]
2026-05-13 16:29:37.673 [info] > git merge-base refs/heads/master refs/remotes/origin/master [2ms]
2026-05-13 16:29:37.674 [info] > git merge-base refs/heads/master refs/remotes/origin/master [2ms]
2026-05-13 16:29:37.676 [info] > git diff --raw --numstat --diff-filter=ADMR -z --find-renames=50% 317c44012b4186ee6242d052f5e6ef9c1facb8b6...refs/remotes/origin/master -- [2ms]
2026-05-13 16:29:37.676 [info] > git diff --raw --numstat --diff-filter=ADMR -z --find-renames=50% 317c44012b4186ee6242d052f5e6ef9c1facb8b6...refs/remotes/origin/master -- [1ms]
