2026-05-22 13:24:36.447 [info] [main] ログ レベル: Info
2026-05-22 13:24:36.447 [info] [main] Git の検証が検出されました: "git"
2026-05-22 13:24:36.447 [info] [main] "git" から Git "2.39.5" を使用しています
2026-05-22 13:24:36.447 [info] [Model][doInitialScan] Initial repository scan started
2026-05-22 13:24:36.447 [info] > git rev-parse --show-toplevel [2ms]
2026-05-22 13:24:36.449 [info] > git rev-parse --show-toplevel [11ms]
2026-05-22 13:24:36.457 [info] > git rev-parse --show-toplevel [1ms]
2026-05-22 13:24:36.460 [info] > git rev-parse --show-toplevel [1ms]
2026-05-22 13:24:36.463 [info] > git rev-parse --show-toplevel [1ms]
2026-05-22 13:24:36.464 [info] [Model][doInitialScan] Initial repository scan completed - repositories (0), closed repositories (0), parent repositories (1), unsafe repositories (0)
2026-05-22 13:24:36.543 [info] > git rev-parse --show-toplevel [1ms]
2026-05-22 13:25:04.540 [info] > git rev-parse --show-toplevel [0ms]
2026-05-22 13:25:17.295 [info] > git rev-parse --show-toplevel [1ms]
2026-05-22 13:28:33.888 [info] > git rev-parse --show-toplevel [7ms]
2026-05-22 13:28:35.213 [info] > git rev-parse --show-toplevel [1ms]
2026-05-22 13:28:47.516 [info] > git rev-parse --show-toplevel [2ms]
2026-05-22 13:28:49.737 [info] > git rev-parse --show-toplevel [1ms]
2026-05-22 13:28:52.172 [info] > git rev-parse --show-toplevel [1ms]
2026-05-22 13:28:53.448 [info] > git rev-parse --show-toplevel [1ms]
2026-05-22 13:35:40.810 [info] > git rev-parse --show-toplevel [2ms]
2026-05-22 13:35:47.487 [info] > git rev-parse --show-toplevel [2ms]
2026-05-22 13:35:59.277 [info] > git rev-parse --show-toplevel [2ms]
2026-05-22 13:37:07.810 [info] > git rev-parse --show-toplevel [9ms]
2026-05-22 13:37:36.636 [info] > git rev-parse --show-toplevel [1ms]
2026-05-22 13:38:34.740 [info] > git rev-parse --show-toplevel [1ms]
2026-05-22 13:39:18.419 [info] > git rev-parse --show-toplevel [1ms]
2026-05-22 13:39:48.007 [info] > git rev-parse --show-toplevel [0ms]
2026-05-22 13:41:33.894 [info] > git rev-parse --show-toplevel [1ms]
2026-05-22 13:41:35.497 [info] > git rev-parse --show-toplevel [3ms]
2026-05-22 13:43:11.675 [info] > git rev-parse --show-toplevel [0ms]
2026-05-22 13:43:14.015 [info] > git rev-parse --show-toplevel [4ms]
2026-05-22 13:43:14.683 [info] > git rev-parse --show-toplevel [1ms]
2026-05-22 13:44:15.382 [info] > git rev-parse --show-toplevel [4ms]
2026-05-22 13:46:10.859 [info] > git rev-parse --show-toplevel [2ms]
2026-05-22 13:46:27.656 [info] > git rev-parse --show-toplevel [1ms]
2026-05-22 13:46:36.910 [info] > git rev-parse --show-toplevel [1ms]
2026-05-22 13:46:38.198 [info] > git rev-parse --show-toplevel [2ms]
2026-05-22 13:48:22.757 [info] > git rev-parse --show-toplevel [1ms]
2026-05-22 13:48:25.986 [info] > git rev-parse --show-toplevel [2ms]
2026-05-22 13:48:27.207 [info] > git rev-parse --show-toplevel [1ms]
2026-05-22 13:48:48.903 [info] > git rev-parse --show-toplevel [1ms]
2026-05-22 13:48:51.734 [info] > git rev-parse --show-toplevel [3ms]
2026-05-22 13:48:53.933 [info] > git rev-parse --show-toplevel [1ms]
2026-05-22 13:53:44.353 [info] > git rev-parse --show-toplevel [3ms]
2026-05-22 13:54:21.678 [info] > git rev-parse --show-toplevel [1ms]
2026-05-22 13:54:34.791 [info] > git rev-parse --show-toplevel [1ms]
2026-05-22 13:57:38.094 [info] > git rev-parse --show-toplevel [1ms]
2026-05-22 13:57:54.236 [info] > git rev-parse --show-toplevel [2ms]
2026-05-22 13:58:04.513 [info] > git rev-parse --show-toplevel [1ms]
2026-05-22 13:58:27.488 [info] > git rev-parse --show-toplevel [1ms]
2026-05-22 14:08:35.596 [info] > git rev-parse --show-toplevel [2ms]
2026-05-22 14:09:06.726 [info] > git rev-parse --show-toplevel [2ms]
2026-05-22 14:09:09.101 [info] > git rev-parse --show-toplevel [1ms]
2026-05-22 14:09:09.746 [info] > git rev-parse --show-toplevel [2ms]
2026-05-22 14:09:10.820 [info] > git rev-parse --show-toplevel [0ms]
2026-05-22 14:09:14.795 [info] > git rev-parse --show-toplevel [1ms]
2026-05-22 14:09:23.808 [info] > git rev-parse --show-toplevel [1ms]
2026-05-22 14:10:45.804 [info] > git rev-parse --show-toplevel [2ms]
2026-05-22 14:11:00.477 [info] > git rev-parse --show-toplevel [3ms]
2026-05-22 14:13:58.437 [info] > git rev-parse --show-toplevel [1ms]
2026-05-22 14:14:09.563 [info] > git rev-parse --show-toplevel [1ms]
2026-05-22 14:15:03.528 [info] > git rev-parse --show-toplevel [1ms]
2026-05-22 14:15:04.852 [info] > git rev-parse --show-toplevel [2ms]
2026-05-22 14:16:51.721 [info] > git rev-parse --show-toplevel [9ms]
2026-05-22 14:16:56.695 [info] > git rev-parse --show-toplevel [1ms]
2026-05-22 14:16:59.458 [info] > git rev-parse --show-toplevel [1ms]
2026-05-22 14:23:00.232 [info] > git rev-parse --show-toplevel [1ms]
2026-05-22 14:23:01.871 [info] > git rev-parse --show-toplevel [0ms]
2026-05-22 14:23:16.965 [info] > git rev-parse --show-toplevel [3ms]
2026-05-22 14:23:22.678 [info] > git rev-parse --show-toplevel [1ms]
2026-05-22 14:25:20.447 [info] > git rev-parse --show-toplevel [2ms]
2026-05-22 14:25:35.251 [info] > git rev-parse --show-toplevel [1ms]
2026-05-22 14:26:16.479 [info] > git rev-parse --show-toplevel [1ms]
2026-05-22 14:26:29.276 [info] > git rev-parse --show-toplevel [1ms]
2026-05-22 14:26:59.326 [info] > git rev-parse --show-toplevel [1ms]
2026-05-22 14:27:03.137 [info] > git rev-parse --show-toplevel [1ms]
2026-05-22 14:35:42.191 [info] > git rev-parse --show-toplevel [1ms]
