2026-05-14 05:17:50.516 [info] Extension host with pid 1417 started
2026-05-14 05:17:50.520 [info] Lock '/home/node/.vscode-server/data/User/workspaceStorage/711da0720457d74d19c18b7056ab53a4/vscode.lock': Lock acquired.
2026-05-14 05:17:50.616 [info] ExtensionService#_doActivateExtension vscode.emmet, startup: false, activationEvent: 'onLanguage'
2026-05-14 05:17:50.616 [info] ExtensionService#_doActivateExtension vscode.typescript-language-features, startup: false, activationEvent: 'onLanguage:typescriptreact'
2026-05-14 05:17:50.794 [info] ExtensionService#_doActivateExtension vscode.git-base, startup: true, activationEvent: '*', root cause: vscode.git
2026-05-14 05:17:50.820 [info] ExtensionService#_doActivateExtension vscode.npm, startup: true, activationEvent: 'workspaceContains:package.json'
2026-05-14 05:17:51.267 [info] ExtensionService#_doActivateExtension vscode.git, startup: true, activationEvent: '*'
2026-05-14 05:17:51.267 [info] ExtensionService#_doActivateExtension vscode.github, startup: true, activationEvent: '*'
2026-05-14 05:17:51.529 [info] ExtensionService#_doActivateExtension vscode.terminal-suggest, startup: false, activationEvent: 'onTerminalShellIntegration:*'
2026-05-14 05:17:51.583 [info] Eager extensions activated
2026-05-14 05:17:51.583 [info] ExtensionService#_doActivateExtension vscode.debug-auto-launch, startup: false, activationEvent: 'onStartupFinished'
2026-05-14 05:17:51.583 [info] ExtensionService#_doActivateExtension vscode.merge-conflict, startup: false, activationEvent: 'onStartupFinished'
2026-05-14 05:17:52.425 [info] ExtensionService#_doActivateExtension vscode.tunnel-forwarding, startup: false, activationEvent: 'onTunnel'
2026-05-14 05:17:56.381 [info] ExtensionService#_doActivateExtension vscode.configuration-editing, startup: false, activationEvent: 'onLanguage:json'
2026-05-14 05:17:56.381 [info] ExtensionService#_doActivateExtension vscode.extension-editing, startup: false, activationEvent: 'onLanguage:json'
2026-05-14 05:17:56.381 [info] ExtensionService#_doActivateExtension vscode.json-language-features, startup: false, activationEvent: 'onLanguage:json'
2026-05-14 07:19:37.302 [info] ExtensionService#_doActivateExtension vscode.css-language-features, startup: false, activationEvent: 'onLanguage:css'
2026-05-14 09:22:07.434 [info] Extension host terminating: received terminate message from renderer
2026-05-14 09:22:07.435 [info] Lock '/home/node/.vscode-server/data/User/workspaceStorage/711da0720457d74d19c18b7056ab53a4/vscode.lock': Marking the lockfile as scheduled to be released in 6000 ms.
2026-05-14 09:22:07.473 [info] Extension host with pid 1417 exiting with code 0
