2026-05-22 09:32:29.335 [info] Extension host with pid 396 started
2026-05-22 09:32:29.339 [info] Lock '/home/node/.vscode-server/data/User/workspaceStorage/711da0720457d74d19c18b7056ab53a4/vscode.lock': Lock acquired.
2026-05-22 09:32:29.375 [info] ExtensionService#_doActivateExtension vscode.emmet, startup: false, activationEvent: 'onLanguage'
2026-05-22 09:32:29.375 [info] ExtensionService#_doActivateExtension vscode.typescript-language-features, startup: false, activationEvent: 'onLanguage:typescriptreact'
2026-05-22 09:32:29.605 [info] ExtensionService#_doActivateExtension vscode.git-base, startup: true, activationEvent: '*', root cause: vscode.git
2026-05-22 09:32:29.607 [info] ExtensionService#_doActivateExtension vscode.terminal-suggest, startup: false, activationEvent: 'onTerminalShellIntegration:*'
2026-05-22 09:32:29.607 [info] ExtensionService#_doActivateExtension vscode.npm, startup: true, activationEvent: 'workspaceContains:package.json'
2026-05-22 09:32:29.809 [info] ExtensionService#_doActivateExtension vscode.git, startup: true, activationEvent: '*'
2026-05-22 09:32:29.809 [info] ExtensionService#_doActivateExtension vscode.github, startup: true, activationEvent: '*'
2026-05-22 09:32:30.001 [info] Eager extensions activated
2026-05-22 09:32:30.001 [info] ExtensionService#_doActivateExtension vscode.debug-auto-launch, startup: false, activationEvent: 'onStartupFinished'
2026-05-22 09:32:30.001 [info] ExtensionService#_doActivateExtension vscode.merge-conflict, startup: false, activationEvent: 'onStartupFinished'
2026-05-22 09:32:34.955 [info] ExtensionService#_doActivateExtension vscode.configuration-editing, startup: false, activationEvent: 'onLanguage:json'
2026-05-22 09:32:34.955 [info] ExtensionService#_doActivateExtension vscode.extension-editing, startup: false, activationEvent: 'onLanguage:json'
2026-05-22 09:32:34.955 [info] ExtensionService#_doActivateExtension vscode.json-language-features, startup: false, activationEvent: 'onLanguage:json'
2026-05-22 09:38:40.220 [info] ExtensionService#_doActivateExtension vscode.tunnel-forwarding, startup: false, activationEvent: 'onTunnel'
2026-05-22 09:43:28.301 [error] [vscode.typescript-language-features] provider FAILED
2026-05-22 09:43:28.302 [error] Error: <semantic> TypeScript Server Error (6.0.3)
Debug Failure. False expression.
Error: Debug Failure. False expression.
    at consumeTokenAndAdvanceScanner (/vscode/vscode-server/bin/linux-x64/f6cfa2ea2403534de03f069bdf160d06451ed282/extensions/node_modules/typescript/lib/typescript.js:182870:13)
    at processNode (/vscode/vscode-server/bin/linux-x64/f6cfa2ea2403534de03f069bdf160d06451ed282/extensions/node_modules/typescript/lib/typescript.js:182739:7)
    at processChildNode (/vscode/vscode-server/bin/linux-x64/f6cfa2ea2403534de03f069bdf160d06451ed282/extensions/node_modules/typescript/lib/typescript.js:182794:7)
    at processChildNodes (/vscode/vscode-server/bin/linux-x64/f6cfa2ea2403534de03f069bdf160d06451ed282/extensions/node_modules/typescript/lib/typescript.js:182837:32)
    at /vscode/vscode-server/bin/linux-x64/f6cfa2ea2403534de03f069bdf160d06451ed282/extensions/node_modules/typescript/lib/typescript.js:182731:9
    at visitNodes (/vscode/vscode-server/bin/linux-x64/f6cfa2ea2403534de03f069bdf160d06451ed282/extensions/node_modules/typescript/lib/typescript.js:32556:14)
    at forEachChildInJsxElement (/vscode/vscode-server/bin/linux-x64/f6cfa2ea2403534de03f069bdf160d06451ed282/extensions/node_modules/typescript/lib/typescript.js:32918:55)
    at forEachChild (/vscode/vscode-server/bin/linux-x64/f6cfa2ea2403534de03f069bdf160d06451ed282/extensions/node_modules/typescript/lib/typescript.js:33072:35)
    at processNode (/vscode/vscode-server/bin/linux-x64/f6cfa2ea2403534de03f069bdf160d06451ed282/extensions/node_modules/typescript/lib/typescript.js:182715:5)
    at processChildNode (/vscode/vscode-server/bin/linux-x64/f6cfa2ea2403534de03f069bdf160d06451ed282/extensions/node_modules/typescript/lib/typescript.js:182794:7)
    at processChildNodes (/vscode/vscode-server/bin/linux-x64/f6cfa2ea2403534de03f069bdf160d06451ed282/extensions/node_modules/typescript/lib/typescript.js:182837:32)
    at /vscode/vscode-server/bin/linux-x64/f6cfa2ea2403534de03f069bdf160d06451ed282/extensions/node_modules/typescript/lib/typescript.js:182731:9
    at visitNodes (/vscode/vscode-server/bin/linux-x64/f6cfa2ea2403534de03f069bdf160d06451ed282/extensions/node_modules/typescript/lib/typescript.js:32556:14)
    at forEachChildInJsxFragment (/vscode/vscode-server/bin/linux-x64/f6cfa2ea2403534de03f069bdf160d06451ed282/extensions/node_modules/typescript/lib/typescript.js:32921:56)
    at forEachChild (/vscode/vscode-server/bin/linux-x64/f6cfa2ea2403534de03f069bdf160d06451ed282/extensions/node_modules/typescript/lib/typescript.js:33072:35)
    at processNode (/vscode/vscode-server/bin/linux-x64/f6cfa2ea2403534de03f069bdf160d06451ed282/extensions/node_modules/typescript/lib/typescript.js:182715:5)
    at formatSpanWorker (/vscode/vscode-server/bin/linux-x64/f6cfa2ea2403534de03f069bdf160d06451ed282/extensions/node_modules/typescript/lib/typescript.js:182512:5)
    at /vscode/vscode-server/bin/linux-x64/f6cfa2ea2403534de03f069bdf160d06451ed282/extensions/node_modules/typescript/lib/typescript.js:182452:105
    at getFormattingScanner (/vscode/vscode-server/bin/linux-x64/f6cfa2ea2403534de03f069bdf160d06451ed282/extensions/node_modules/typescript/lib/typescript.js:181224:15)
    at Object.formatNodeGivenIndentation (/vscode/vscode-server/bin/linux-x64/f6cfa2ea2403534de03f069bdf160d06451ed282/extensions/node_modules/typescript/lib/typescript.js:182452:10)
    at getFormattedTextOfNode (/vscode/vscode-server/bin/linux-x64/f6cfa2ea2403534de03f069bdf160d06451ed282/extensions/node_modules/typescript/lib/typescript.js:180626:43)
    at format (/vscode/vscode-server/bin/linux-x64/f6cfa2ea2403534de03f069bdf160d06451ed282/extensions/node_modules/typescript/lib/typescript.js:180607:27)
    at computeNewText (/vscode/vscode-server/bin/linux-x64/f6cfa2ea2403534de03f069bdf160d06451ed282/extensions/node_modules/typescript/lib/typescript.js:180608:217)
    at /vscode/vscode-server/bin/linux-x64/f6cfa2ea2403534de03f069bdf160d06451ed282/extensions/node_modules/typescript/lib/typescript.js:180569:25
    at mapDefined (/vscode/vscode-server/bin/linux-x64/f6cfa2ea2403534de03f069bdf160d06451ed282/extensions/node_modules/typescript/lib/typescript.js:2610:22)
    at /vscode/vscode-server/bin/linux-x64/f6cfa2ea2403534de03f069bdf160d06451ed282/extensions/node_modules/typescript/lib/typescript.js:180566:28
    at mapDefined (/vscode/vscode-server/bin/linux-x64/f6cfa2ea2403534de03f069bdf160d06451ed282/extensions/node_modules/typescript/lib/typescript.js:2610:22)
    at Object.getTextChangesFromChanges (/vscode/vscode-server/bin/linux-x64/f6cfa2ea2403534de03f069bdf160d06451ed282/extensions/node_modules/typescript/lib/typescript.js:180560:12)
    at _ChangeTracker.getChanges (/vscode/vscode-server/bin/linux-x64/f6cfa2ea2403534de03f069bdf160d06451ed282/extensions/node_modules/typescript/lib/typescript.js:180457:35)
    at _ChangeTracker.with (/vscode/vscode-server/bin/linux-x64/f6cfa2ea2403534de03f069bdf160d06451ed282/extensions/node_modules/typescript/lib/typescript.js:179936:20)
    at Object.getCodeActionsToWrapJsxInFragment [as getCodeActions] (/vscode/vscode-server/bin/linux-x64/f6cfa2ea2403534de03f069bdf160d06451ed282/extensions/node_modules/typescript/lib/typescript.js:167007:62)
    at /vscode/vscode-server/bin/linux-x64/f6cfa2ea2403534de03f069bdf160d06451ed282/extensions/node_modules/typescript/lib/typescript.js:155902:46
    at flatMap (/vscode/vscode-server/bin/linux-x64/f6cfa2ea2403534de03f069bdf160d06451ed282/extensions/node_modules/typescript/lib/typescript.js:2540:17)
    at Object.getFixes (/vscode/vscode-server/bin/linux-x64/f6cfa2ea2403534de03f069bdf160d06451ed282/extensions/node_modules/typescript/lib/typescript.js:155902:10)
    at /vscode/vscode-server/bin/linux-x64/f6cfa2ea2403534de03f069bdf160d06451ed282/extensions/node_modules/typescript/lib/typescript.js:154165:33
    at flatMap (/vscode/vscode-server/bin/linux-x64/f6cfa2ea2403534de03f069bdf160d06451ed282/extensions/node_modules/typescript/lib/typescript.js:2540:17)
    at Object.getCodeFixesAtPosition (/vscode/vscode-server/bin/linux-x64/f6cfa2ea2403534de03f069bdf160d06451ed282/extensions/node_modules/typescript/lib/typescript.js:154163:12)
    at IpcIOSession.getCodeFixes (/vscode/vscode-server/bin/linux-x64/f6cfa2ea2403534de03f069bdf160d06451ed282/extensions/node_modules/typescript/lib/typescript.js:197272:50)
    at getCodeFixes (/vscode/vscode-server/bin/linux-x64/f6cfa2ea2403534de03f069bdf160d06451ed282/extensions/node_modules/typescript/lib/typescript.js:195277:43)
    at /vscode/vscode-server/bin/linux-x64/f6cfa2ea2403534de03f069bdf160d06451ed282/extensions/node_modules/typescript/lib/typescript.js:197591:15
    at IpcIOSession.executeWithRequestId (/vscode/vscode-server/bin/linux-x64/f6cfa2ea2403534de03f069bdf160d06451ed282/extensions/node_modules/typescript/lib/typescript.js:197580:14)
    at IpcIOSession.executeCommand (/vscode/vscode-server/bin/linux-x64/f6cfa2ea2403534de03f069bdf160d06451ed282/extensions/node_modules/typescript/lib/typescript.js:197589:29)
    at IpcIOSession.onMessage (/vscode/vscode-server/bin/linux-x64/f6cfa2ea2403534de03f069bdf160d06451ed282/extensions/node_modules/typescript/lib/typescript.js:197637:68)
    at process.<anonymous> (/vscode/vscode-server/bin/linux-x64/f6cfa2ea2403534de03f069bdf160d06451ed282/extensions/node_modules/typescript/lib/_tsserver.js:519:14)
    at process.emit (node:events:519:28)
    at emit (node:internal/child_process:949:14)
    at process.processTicksAndRejections (node:internal/process/task_queues:90:21)
	at r.create (/vscode/vscode-server/bin/linux-x64/f6cfa2ea2403534de03f069bdf160d06451ed282/extensions/typescript-language-features/dist/extension.js:24:168)
	at r.dispatchResponse (/vscode/vscode-server/bin/linux-x64/f6cfa2ea2403534de03f069bdf160d06451ed282/extensions/typescript-language-features/dist/extension.js:26:2654)
	at r.dispatchMessage (/vscode/vscode-server/bin/linux-x64/f6cfa2ea2403534de03f069bdf160d06451ed282/extensions/typescript-language-features/dist/extension.js:26:1162)
	at ChildProcess.<anonymous> (/vscode/vscode-server/bin/linux-x64/f6cfa2ea2403534de03f069bdf160d06451ed282/extensions/typescript-language-features/dist/extension.js:26:379)
	at ChildProcess.emit (node:events:519:28)
	at emit (node:internal/child_process:949:14)
	at process.processTicksAndRejections (node:internal/process/task_queues:90:21)
2026-05-22 09:43:30.527 [error] [vscode.typescript-language-features] provider FAILED
2026-05-22 09:43:30.527 [error] Error: <semantic> TypeScript Server Error (6.0.3)
Debug Failure. False expression.
Error: Debug Failure. False expression.
    at consumeTokenAndAdvanceScanner (/vscode/vscode-server/bin/linux-x64/f6cfa2ea2403534de03f069bdf160d06451ed282/extensions/node_modules/typescript/lib/typescript.js:182870:13)
    at processNode (/vscode/vscode-server/bin/linux-x64/f6cfa2ea2403534de03f069bdf160d06451ed282/extensions/node_modules/typescript/lib/typescript.js:182739:7)
    at processChildNode (/vscode/vscode-server/bin/linux-x64/f6cfa2ea2403534de03f069bdf160d06451ed282/extensions/node_modules/typescript/lib/typescript.js:182794:7)
    at processChildNodes (/vscode/vscode-server/bin/linux-x64/f6cfa2ea2403534de03f069bdf160d06451ed282/extensions/node_modules/typescript/lib/typescript.js:182837:32)
    at /vscode/vscode-server/bin/linux-x64/f6cfa2ea2403534de03f069bdf160d06451ed282/extensions/node_modules/typescript/lib/typescript.js:182731:9
    at visitNodes (/vscode/vscode-server/bin/linux-x64/f6cfa2ea2403534de03f069bdf160d06451ed282/extensions/node_modules/typescript/lib/typescript.js:32556:14)
    at forEachChildInJsxElement (/vscode/vscode-server/bin/linux-x64/f6cfa2ea2403534de03f069bdf160d06451ed282/extensions/node_modules/typescript/lib/typescript.js:32918:55)
    at forEachChild (/vscode/vscode-server/bin/linux-x64/f6cfa2ea2403534de03f069bdf160d06451ed282/extensions/node_modules/typescript/lib/typescript.js:33072:35)
    at processNode (/vscode/vscode-server/bin/linux-x64/f6cfa2ea2403534de03f069bdf160d06451ed282/extensions/node_modules/typescript/lib/typescript.js:182715:5)
    at processChildNode (/vscode/vscode-server/bin/linux-x64/f6cfa2ea2403534de03f069bdf160d06451ed282/extensions/node_modules/typescript/lib/typescript.js:182794:7)
    at processChildNodes (/vscode/vscode-server/bin/linux-x64/f6cfa2ea2403534de03f069bdf160d06451ed282/extensions/node_modules/typescript/lib/typescript.js:182837:32)
    at /vscode/vscode-server/bin/linux-x64/f6cfa2ea2403534de03f069bdf160d06451ed282/extensions/node_modules/typescript/lib/typescript.js:182731:9
    at visitNodes (/vscode/vscode-server/bin/linux-x64/f6cfa2ea2403534de03f069bdf160d06451ed282/extensions/node_modules/typescript/lib/typescript.js:32556:14)
    at forEachChildInJsxFragment (/vscode/vscode-server/bin/linux-x64/f6cfa2ea2403534de03f069bdf160d06451ed282/extensions/node_modules/typescript/lib/typescript.js:32921:56)
    at forEachChild (/vscode/vscode-server/bin/linux-x64/f6cfa2ea2403534de03f069bdf160d06451ed282/extensions/node_modules/typescript/lib/typescript.js:33072:35)
    at processNode (/vscode/vscode-server/bin/linux-x64/f6cfa2ea2403534de03f069bdf160d06451ed282/extensions/node_modules/typescript/lib/typescript.js:182715:5)
    at formatSpanWorker (/vscode/vscode-server/bin/linux-x64/f6cfa2ea2403534de03f069bdf160d06451ed282/extensions/node_modules/typescript/lib/typescript.js:182512:5)
    at /vscode/vscode-server/bin/linux-x64/f6cfa2ea2403534de03f069bdf160d06451ed282/extensions/node_modules/typescript/lib/typescript.js:182452:105
    at getFormattingScanner (/vscode/vscode-server/bin/linux-x64/f6cfa2ea2403534de03f069bdf160d06451ed282/extensions/node_modules/typescript/lib/typescript.js:181224:15)
    at Object.formatNodeGivenIndentation (/vscode/vscode-server/bin/linux-x64/f6cfa2ea2403534de03f069bdf160d06451ed282/extensions/node_modules/typescript/lib/typescript.js:182452:10)
    at getFormattedTextOfNode (/vscode/vscode-server/bin/linux-x64/f6cfa2ea2403534de03f069bdf160d06451ed282/extensions/node_modules/typescript/lib/typescript.js:180626:43)
    at format (/vscode/vscode-server/bin/linux-x64/f6cfa2ea2403534de03f069bdf160d06451ed282/extensions/node_modules/typescript/lib/typescript.js:180607:27)
    at computeNewText (/vscode/vscode-server/bin/linux-x64/f6cfa2ea2403534de03f069bdf160d06451ed282/extensions/node_modules/typescript/lib/typescript.js:180608:217)
    at /vscode/vscode-server/bin/linux-x64/f6cfa2ea2403534de03f069bdf160d06451ed282/extensions/node_modules/typescript/lib/typescript.js:180569:25
    at mapDefined (/vscode/vscode-server/bin/linux-x64/f6cfa2ea2403534de03f069bdf160d06451ed282/extensions/node_modules/typescript/lib/typescript.js:2610:22)
    at /vscode/vscode-server/bin/linux-x64/f6cfa2ea2403534de03f069bdf160d06451ed282/extensions/node_modules/typescript/lib/typescript.js:180566:28
    at mapDefined (/vscode/vscode-server/bin/linux-x64/f6cfa2ea2403534de03f069bdf160d06451ed282/extensions/node_modules/typescript/lib/typescript.js:2610:22)
    at Object.getTextChangesFromChanges (/vscode/vscode-server/bin/linux-x64/f6cfa2ea2403534de03f069bdf160d06451ed282/extensions/node_modules/typescript/lib/typescript.js:180560:12)
    at _ChangeTracker.getChanges (/vscode/vscode-server/bin/linux-x64/f6cfa2ea2403534de03f069bdf160d06451ed282/extensions/node_modules/typescript/lib/typescript.js:180457:35)
    at _ChangeTracker.with (/vscode/vscode-server/bin/linux-x64/f6cfa2ea2403534de03f069bdf160d06451ed282/extensions/node_modules/typescript/lib/typescript.js:179936:20)
    at Object.getCodeActionsToWrapJsxInFragment [as getCodeActions] (/vscode/vscode-server/bin/linux-x64/f6cfa2ea2403534de03f069bdf160d06451ed282/extensions/node_modules/typescript/lib/typescript.js:167007:62)
    at /vscode/vscode-server/bin/linux-x64/f6cfa2ea2403534de03f069bdf160d06451ed282/extensions/node_modules/typescript/lib/typescript.js:155902:46
    at flatMap (/vscode/vscode-server/bin/linux-x64/f6cfa2ea2403534de03f069bdf160d06451ed282/extensions/node_modules/typescript/lib/typescript.js:2540:17)
    at Object.getFixes (/vscode/vscode-server/bin/linux-x64/f6cfa2ea2403534de03f069bdf160d06451ed282/extensions/node_modules/typescript/lib/typescript.js:155902:10)
    at /vscode/vscode-server/bin/linux-x64/f6cfa2ea2403534de03f069bdf160d06451ed282/extensions/node_modules/typescript/lib/typescript.js:154165:33
    at flatMap (/vscode/vscode-server/bin/linux-x64/f6cfa2ea2403534de03f069bdf160d06451ed282/extensions/node_modules/typescript/lib/typescript.js:2540:17)
    at Object.getCodeFixesAtPosition (/vscode/vscode-server/bin/linux-x64/f6cfa2ea2403534de03f069bdf160d06451ed282/extensions/node_modules/typescript/lib/typescript.js:154163:12)
    at IpcIOSession.getCodeFixes (/vscode/vscode-server/bin/linux-x64/f6cfa2ea2403534de03f069bdf160d06451ed282/extensions/node_modules/typescript/lib/typescript.js:197272:50)
    at getCodeFixes (/vscode/vscode-server/bin/linux-x64/f6cfa2ea2403534de03f069bdf160d06451ed282/extensions/node_modules/typescript/lib/typescript.js:195277:43)
    at /vscode/vscode-server/bin/linux-x64/f6cfa2ea2403534de03f069bdf160d06451ed282/extensions/node_modules/typescript/lib/typescript.js:197591:15
    at IpcIOSession.executeWithRequestId (/vscode/vscode-server/bin/linux-x64/f6cfa2ea2403534de03f069bdf160d06451ed282/extensions/node_modules/typescript/lib/typescript.js:197580:14)
    at IpcIOSession.executeCommand (/vscode/vscode-server/bin/linux-x64/f6cfa2ea2403534de03f069bdf160d06451ed282/extensions/node_modules/typescript/lib/typescript.js:197589:29)
    at IpcIOSession.onMessage (/vscode/vscode-server/bin/linux-x64/f6cfa2ea2403534de03f069bdf160d06451ed282/extensions/node_modules/typescript/lib/typescript.js:197637:68)
    at process.<anonymous> (/vscode/vscode-server/bin/linux-x64/f6cfa2ea2403534de03f069bdf160d06451ed282/extensions/node_modules/typescript/lib/_tsserver.js:519:14)
    at process.emit (node:events:519:28)
    at emit (node:internal/child_process:949:14)
    at process.processTicksAndRejections (node:internal/process/task_queues:90:21)
	at r.create (/vscode/vscode-server/bin/linux-x64/f6cfa2ea2403534de03f069bdf160d06451ed282/extensions/typescript-language-features/dist/extension.js:24:168)
	at r.dispatchResponse (/vscode/vscode-server/bin/linux-x64/f6cfa2ea2403534de03f069bdf160d06451ed282/extensions/typescript-language-features/dist/extension.js:26:2654)
	at r.dispatchMessage (/vscode/vscode-server/bin/linux-x64/f6cfa2ea2403534de03f069bdf160d06451ed282/extensions/typescript-language-features/dist/extension.js:26:1162)
	at ChildProcess.<anonymous> (/vscode/vscode-server/bin/linux-x64/f6cfa2ea2403534de03f069bdf160d06451ed282/extensions/typescript-language-features/dist/extension.js:26:379)
	at ChildProcess.emit (node:events:519:28)
	at emit (node:internal/child_process:949:14)
	at process.processTicksAndRejections (node:internal/process/task_queues:90:21)
2026-05-22 09:43:45.153 [error] [vscode.typescript-language-features] provider FAILED
2026-05-22 09:43:45.153 [error] Error: <semantic> TypeScript Server Error (6.0.3)
Debug Failure. False expression.
Error: Debug Failure. False expression.
    at consumeTokenAndAdvanceScanner (/vscode/vscode-server/bin/linux-x64/f6cfa2ea2403534de03f069bdf160d06451ed282/extensions/node_modules/typescript/lib/typescript.js:182870:13)
    at processNode (/vscode/vscode-server/bin/linux-x64/f6cfa2ea2403534de03f069bdf160d06451ed282/extensions/node_modules/typescript/lib/typescript.js:182739:7)
    at processChildNode (/vscode/vscode-server/bin/linux-x64/f6cfa2ea2403534de03f069bdf160d06451ed282/extensions/node_modules/typescript/lib/typescript.js:182794:7)
    at processChildNodes (/vscode/vscode-server/bin/linux-x64/f6cfa2ea2403534de03f069bdf160d06451ed282/extensions/node_modules/typescript/lib/typescript.js:182837:32)
    at /vscode/vscode-server/bin/linux-x64/f6cfa2ea2403534de03f069bdf160d06451ed282/extensions/node_modules/typescript/lib/typescript.js:182731:9
    at visitNodes (/vscode/vscode-server/bin/linux-x64/f6cfa2ea2403534de03f069bdf160d06451ed282/extensions/node_modules/typescript/lib/typescript.js:32556:14)
    at forEachChildInJsxElement (/vscode/vscode-server/bin/linux-x64/f6cfa2ea2403534de03f069bdf160d06451ed282/extensions/node_modules/typescript/lib/typescript.js:32918:55)
    at forEachChild (/vscode/vscode-server/bin/linux-x64/f6cfa2ea2403534de03f069bdf160d06451ed282/extensions/node_modules/typescript/lib/typescript.js:33072:35)
    at processNode (/vscode/vscode-server/bin/linux-x64/f6cfa2ea2403534de03f069bdf160d06451ed282/extensions/node_modules/typescript/lib/typescript.js:182715:5)
    at processChildNode (/vscode/vscode-server/bin/linux-x64/f6cfa2ea2403534de03f069bdf160d06451ed282/extensions/node_modules/typescript/lib/typescript.js:182794:7)
    at processChildNodes (/vscode/vscode-server/bin/linux-x64/f6cfa2ea2403534de03f069bdf160d06451ed282/extensions/node_modules/typescript/lib/typescript.js:182837:32)
    at /vscode/vscode-server/bin/linux-x64/f6cfa2ea2403534de03f069bdf160d06451ed282/extensions/node_modules/typescript/lib/typescript.js:182731:9
    at visitNodes (/vscode/vscode-server/bin/linux-x64/f6cfa2ea2403534de03f069bdf160d06451ed282/extensions/node_modules/typescript/lib/typescript.js:32556:14)
    at forEachChildInJsxFragment (/vscode/vscode-server/bin/linux-x64/f6cfa2ea2403534de03f069bdf160d06451ed282/extensions/node_modules/typescript/lib/typescript.js:32921:56)
    at forEachChild (/vscode/vscode-server/bin/linux-x64/f6cfa2ea2403534de03f069bdf160d06451ed282/extensions/node_modules/typescript/lib/typescript.js:33072:35)
    at processNode (/vscode/vscode-server/bin/linux-x64/f6cfa2ea2403534de03f069bdf160d06451ed282/extensions/node_modules/typescript/lib/typescript.js:182715:5)
    at formatSpanWorker (/vscode/vscode-server/bin/linux-x64/f6cfa2ea2403534de03f069bdf160d06451ed282/extensions/node_modules/typescript/lib/typescript.js:182512:5)
    at /vscode/vscode-server/bin/linux-x64/f6cfa2ea2403534de03f069bdf160d06451ed282/extensions/node_modules/typescript/lib/typescript.js:182452:105
    at getFormattingScanner (/vscode/vscode-server/bin/linux-x64/f6cfa2ea2403534de03f069bdf160d06451ed282/extensions/node_modules/typescript/lib/typescript.js:181224:15)
    at Object.formatNodeGivenIndentation (/vscode/vscode-server/bin/linux-x64/f6cfa2ea2403534de03f069bdf160d06451ed282/extensions/node_modules/typescript/lib/typescript.js:182452:10)
    at getFormattedTextOfNode (/vscode/vscode-server/bin/linux-x64/f6cfa2ea2403534de03f069bdf160d06451ed282/extensions/node_modules/typescript/lib/typescript.js:180626:43)
    at format (/vscode/vscode-server/bin/linux-x64/f6cfa2ea2403534de03f069bdf160d06451ed282/extensions/node_modules/typescript/lib/typescript.js:180607:27)
    at computeNewText (/vscode/vscode-server/bin/linux-x64/f6cfa2ea2403534de03f069bdf160d06451ed282/extensions/node_modules/typescript/lib/typescript.js:180608:217)
    at /vscode/vscode-server/bin/linux-x64/f6cfa2ea2403534de03f069bdf160d06451ed282/extensions/node_modules/typescript/lib/typescript.js:180569:25
    at mapDefined (/vscode/vscode-server/bin/linux-x64/f6cfa2ea2403534de03f069bdf160d06451ed282/extensions/node_modules/typescript/lib/typescript.js:2610:22)
    at /vscode/vscode-server/bin/linux-x64/f6cfa2ea2403534de03f069bdf160d06451ed282/extensions/node_modules/typescript/lib/typescript.js:180566:28
    at mapDefined (/vscode/vscode-server/bin/linux-x64/f6cfa2ea2403534de03f069bdf160d06451ed282/extensions/node_modules/typescript/lib/typescript.js:2610:22)
    at Object.getTextChangesFromChanges (/vscode/vscode-server/bin/linux-x64/f6cfa2ea2403534de03f069bdf160d06451ed282/extensions/node_modules/typescript/lib/typescript.js:180560:12)
    at _ChangeTracker.getChanges (/vscode/vscode-server/bin/linux-x64/f6cfa2ea2403534de03f069bdf160d06451ed282/extensions/node_modules/typescript/lib/typescript.js:180457:35)
    at _ChangeTracker.with (/vscode/vscode-server/bin/linux-x64/f6cfa2ea2403534de03f069bdf160d06451ed282/extensions/node_modules/typescript/lib/typescript.js:179936:20)
    at Object.getCodeActionsToWrapJsxInFragment [as getCodeActions] (/vscode/vscode-server/bin/linux-x64/f6cfa2ea2403534de03f069bdf160d06451ed282/extensions/node_modules/typescript/lib/typescript.js:167007:62)
    at /vscode/vscode-server/bin/linux-x64/f6cfa2ea2403534de03f069bdf160d06451ed282/extensions/node_modules/typescript/lib/typescript.js:155902:46
    at flatMap (/vscode/vscode-server/bin/linux-x64/f6cfa2ea2403534de03f069bdf160d06451ed282/extensions/node_modules/typescript/lib/typescript.js:2540:17)
    at Object.getFixes (/vscode/vscode-server/bin/linux-x64/f6cfa2ea2403534de03f069bdf160d06451ed282/extensions/node_modules/typescript/lib/typescript.js:155902:10)
    at /vscode/vscode-server/bin/linux-x64/f6cfa2ea2403534de03f069bdf160d06451ed282/extensions/node_modules/typescript/lib/typescript.js:154165:33
    at flatMap (/vscode/vscode-server/bin/linux-x64/f6cfa2ea2403534de03f069bdf160d06451ed282/extensions/node_modules/typescript/lib/typescript.js:2540:17)
    at Object.getCodeFixesAtPosition (/vscode/vscode-server/bin/linux-x64/f6cfa2ea2403534de03f069bdf160d06451ed282/extensions/node_modules/typescript/lib/typescript.js:154163:12)
    at IpcIOSession.getCodeFixes (/vscode/vscode-server/bin/linux-x64/f6cfa2ea2403534de03f069bdf160d06451ed282/extensions/node_modules/typescript/lib/typescript.js:197272:50)
    at getCodeFixes (/vscode/vscode-server/bin/linux-x64/f6cfa2ea2403534de03f069bdf160d06451ed282/extensions/node_modules/typescript/lib/typescript.js:195277:43)
    at /vscode/vscode-server/bin/linux-x64/f6cfa2ea2403534de03f069bdf160d06451ed282/extensions/node_modules/typescript/lib/typescript.js:197591:15
    at IpcIOSession.executeWithRequestId (/vscode/vscode-server/bin/linux-x64/f6cfa2ea2403534de03f069bdf160d06451ed282/extensions/node_modules/typescript/lib/typescript.js:197580:14)
    at IpcIOSession.executeCommand (/vscode/vscode-server/bin/linux-x64/f6cfa2ea2403534de03f069bdf160d06451ed282/extensions/node_modules/typescript/lib/typescript.js:197589:29)
    at IpcIOSession.onMessage (/vscode/vscode-server/bin/linux-x64/f6cfa2ea2403534de03f069bdf160d06451ed282/extensions/node_modules/typescript/lib/typescript.js:197637:68)
    at process.<anonymous> (/vscode/vscode-server/bin/linux-x64/f6cfa2ea2403534de03f069bdf160d06451ed282/extensions/node_modules/typescript/lib/_tsserver.js:519:14)
    at process.emit (node:events:519:28)
    at emit (node:internal/child_process:949:14)
    at process.processTicksAndRejections (node:internal/process/task_queues:90:21)
	at r.create (/vscode/vscode-server/bin/linux-x64/f6cfa2ea2403534de03f069bdf160d06451ed282/extensions/typescript-language-features/dist/extension.js:24:168)
	at r.dispatchResponse (/vscode/vscode-server/bin/linux-x64/f6cfa2ea2403534de03f069bdf160d06451ed282/extensions/typescript-language-features/dist/extension.js:26:2654)
	at r.dispatchMessage (/vscode/vscode-server/bin/linux-x64/f6cfa2ea2403534de03f069bdf160d06451ed282/extensions/typescript-language-features/dist/extension.js:26:1162)
	at ChildProcess.<anonymous> (/vscode/vscode-server/bin/linux-x64/f6cfa2ea2403534de03f069bdf160d06451ed282/extensions/typescript-language-features/dist/extension.js:26:379)
	at ChildProcess.emit (node:events:519:28)
	at emit (node:internal/child_process:949:14)
	at process.processTicksAndRejections (node:internal/process/task_queues:90:21)
2026-05-22 09:43:43.607 [error] [vscode.typescript-language-features] provider FAILED
2026-05-22 09:43:43.607 [error] Error: <semantic> TypeScript Server Error (6.0.3)
Debug Failure. False expression.
Error: Debug Failure. False expression.
    at consumeTokenAndAdvanceScanner (/vscode/vscode-server/bin/linux-x64/f6cfa2ea2403534de03f069bdf160d06451ed282/extensions/node_modules/typescript/lib/typescript.js:182870:13)
    at processNode (/vscode/vscode-server/bin/linux-x64/f6cfa2ea2403534de03f069bdf160d06451ed282/extensions/node_modules/typescript/lib/typescript.js:182739:7)
    at processChildNode (/vscode/vscode-server/bin/linux-x64/f6cfa2ea2403534de03f069bdf160d06451ed282/extensions/node_modules/typescript/lib/typescript.js:182794:7)
    at processChildNodes (/vscode/vscode-server/bin/linux-x64/f6cfa2ea2403534de03f069bdf160d06451ed282/extensions/node_modules/typescript/lib/typescript.js:182837:32)
    at /vscode/vscode-server/bin/linux-x64/f6cfa2ea2403534de03f069bdf160d06451ed282/extensions/node_modules/typescript/lib/typescript.js:182731:9
    at visitNodes (/vscode/vscode-server/bin/linux-x64/f6cfa2ea2403534de03f069bdf160d06451ed282/extensions/node_modules/typescript/lib/typescript.js:32556:14)
    at forEachChildInJsxElement (/vscode/vscode-server/bin/linux-x64/f6cfa2ea2403534de03f069bdf160d06451ed282/extensions/node_modules/typescript/lib/typescript.js:32918:55)
    at forEachChild (/vscode/vscode-server/bin/linux-x64/f6cfa2ea2403534de03f069bdf160d06451ed282/extensions/node_modules/typescript/lib/typescript.js:33072:35)
    at processNode (/vscode/vscode-server/bin/linux-x64/f6cfa2ea2403534de03f069bdf160d06451ed282/extensions/node_modules/typescript/lib/typescript.js:182715:5)
    at processChildNode (/vscode/vscode-server/bin/linux-x64/f6cfa2ea2403534de03f069bdf160d06451ed282/extensions/node_modules/typescript/lib/typescript.js:182794:7)
    at processChildNodes (/vscode/vscode-server/bin/linux-x64/f6cfa2ea2403534de03f069bdf160d06451ed282/extensions/node_modules/typescript/lib/typescript.js:182837:32)
    at /vscode/vscode-server/bin/linux-x64/f6cfa2ea2403534de03f069bdf160d06451ed282/extensions/node_modules/typescript/lib/typescript.js:182731:9
    at visitNodes (/vscode/vscode-server/bin/linux-x64/f6cfa2ea2403534de03f069bdf160d06451ed282/extensions/node_modules/typescript/lib/typescript.js:32556:14)
    at forEachChildInJsxFragment (/vscode/vscode-server/bin/linux-x64/f6cfa2ea2403534de03f069bdf160d06451ed282/extensions/node_modules/typescript/lib/typescript.js:32921:56)
    at forEachChild (/vscode/vscode-server/bin/linux-x64/f6cfa2ea2403534de03f069bdf160d06451ed282/extensions/node_modules/typescript/lib/typescript.js:33072:35)
    at processNode (/vscode/vscode-server/bin/linux-x64/f6cfa2ea2403534de03f069bdf160d06451ed282/extensions/node_modules/typescript/lib/typescript.js:182715:5)
    at formatSpanWorker (/vscode/vscode-server/bin/linux-x64/f6cfa2ea2403534de03f069bdf160d06451ed282/extensions/node_modules/typescript/lib/typescript.js:182512:5)
    at /vscode/vscode-server/bin/linux-x64/f6cfa2ea2403534de03f069bdf160d06451ed282/extensions/node_modules/typescript/lib/typescript.js:182452:105
    at getFormattingScanner (/vscode/vscode-server/bin/linux-x64/f6cfa2ea2403534de03f069bdf160d06451ed282/extensions/node_modules/typescript/lib/typescript.js:181224:15)
    at Object.formatNodeGivenIndentation (/vscode/vscode-server/bin/linux-x64/f6cfa2ea2403534de03f069bdf160d06451ed282/extensions/node_modules/typescript/lib/typescript.js:182452:10)
    at getFormattedTextOfNode (/vscode/vscode-server/bin/linux-x64/f6cfa2ea2403534de03f069bdf160d06451ed282/extensions/node_modules/typescript/lib/typescript.js:180626:43)
    at format (/vscode/vscode-server/bin/linux-x64/f6cfa2ea2403534de03f069bdf160d06451ed282/extensions/node_modules/typescript/lib/typescript.js:180607:27)
    at computeNewText (/vscode/vscode-server/bin/linux-x64/f6cfa2ea2403534de03f069bdf160d06451ed282/extensions/node_modules/typescript/lib/typescript.js:180608:217)
    at /vscode/vscode-server/bin/linux-x64/f6cfa2ea2403534de03f069bdf160d06451ed282/extensions/node_modules/typescript/lib/typescript.js:180569:25
    at mapDefined (/vscode/vscode-server/bin/linux-x64/f6cfa2ea2403534de03f069bdf160d06451ed282/extensions/node_modules/typescript/lib/typescript.js:2610:22)
    at /vscode/vscode-server/bin/linux-x64/f6cfa2ea2403534de03f069bdf160d06451ed282/extensions/node_modules/typescript/lib/typescript.js:180566:28
    at mapDefined (/vscode/vscode-server/bin/linux-x64/f6cfa2ea2403534de03f069bdf160d06451ed282/extensions/node_modules/typescript/lib/typescript.js:2610:22)
    at Object.getTextChangesFromChanges (/vscode/vscode-server/bin/linux-x64/f6cfa2ea2403534de03f069bdf160d06451ed282/extensions/node_modules/typescript/lib/typescript.js:180560:12)
    at _ChangeTracker.getChanges (/vscode/vscode-server/bin/linux-x64/f6cfa2ea2403534de03f069bdf160d06451ed282/extensions/node_modules/typescript/lib/typescript.js:180457:35)
    at _ChangeTracker.with (/vscode/vscode-server/bin/linux-x64/f6cfa2ea2403534de03f069bdf160d06451ed282/extensions/node_modules/typescript/lib/typescript.js:179936:20)
    at Object.getCodeActionsToWrapJsxInFragment [as getCodeActions] (/vscode/vscode-server/bin/linux-x64/f6cfa2ea2403534de03f069bdf160d06451ed282/extensions/node_modules/typescript/lib/typescript.js:167007:62)
    at /vscode/vscode-server/bin/linux-x64/f6cfa2ea2403534de03f069bdf160d06451ed282/extensions/node_modules/typescript/lib/typescript.js:155902:46
    at flatMap (/vscode/vscode-server/bin/linux-x64/f6cfa2ea2403534de03f069bdf160d06451ed282/extensions/node_modules/typescript/lib/typescript.js:2540:17)
    at Object.getFixes (/vscode/vscode-server/bin/linux-x64/f6cfa2ea2403534de03f069bdf160d06451ed282/extensions/node_modules/typescript/lib/typescript.js:155902:10)
    at /vscode/vscode-server/bin/linux-x64/f6cfa2ea2403534de03f069bdf160d06451ed282/extensions/node_modules/typescript/lib/typescript.js:154165:33
    at flatMap (/vscode/vscode-server/bin/linux-x64/f6cfa2ea2403534de03f069bdf160d06451ed282/extensions/node_modules/typescript/lib/typescript.js:2540:17)
    at Object.getCodeFixesAtPosition (/vscode/vscode-server/bin/linux-x64/f6cfa2ea2403534de03f069bdf160d06451ed282/extensions/node_modules/typescript/lib/typescript.js:154163:12)
    at IpcIOSession.getCodeFixes (/vscode/vscode-server/bin/linux-x64/f6cfa2ea2403534de03f069bdf160d06451ed282/extensions/node_modules/typescript/lib/typescript.js:197272:50)
    at getCodeFixes (/vscode/vscode-server/bin/linux-x64/f6cfa2ea2403534de03f069bdf160d06451ed282/extensions/node_modules/typescript/lib/typescript.js:195277:43)
    at /vscode/vscode-server/bin/linux-x64/f6cfa2ea2403534de03f069bdf160d06451ed282/extensions/node_modules/typescript/lib/typescript.js:197591:15
    at IpcIOSession.executeWithRequestId (/vscode/vscode-server/bin/linux-x64/f6cfa2ea2403534de03f069bdf160d06451ed282/extensions/node_modules/typescript/lib/typescript.js:197580:14)
    at IpcIOSession.executeCommand (/vscode/vscode-server/bin/linux-x64/f6cfa2ea2403534de03f069bdf160d06451ed282/extensions/node_modules/typescript/lib/typescript.js:197589:29)
    at IpcIOSession.onMessage (/vscode/vscode-server/bin/linux-x64/f6cfa2ea2403534de03f069bdf160d06451ed282/extensions/node_modules/typescript/lib/typescript.js:197637:68)
    at process.<anonymous> (/vscode/vscode-server/bin/linux-x64/f6cfa2ea2403534de03f069bdf160d06451ed282/extensions/node_modules/typescript/lib/_tsserver.js:519:14)
    at process.emit (node:events:519:28)
    at emit (node:internal/child_process:949:14)
    at process.processTicksAndRejections (node:internal/process/task_queues:90:21)
	at r.create (/vscode/vscode-server/bin/linux-x64/f6cfa2ea2403534de03f069bdf160d06451ed282/extensions/typescript-language-features/dist/extension.js:24:168)
	at r.dispatchResponse (/vscode/vscode-server/bin/linux-x64/f6cfa2ea2403534de03f069bdf160d06451ed282/extensions/typescript-language-features/dist/extension.js:26:2654)
	at r.dispatchMessage (/vscode/vscode-server/bin/linux-x64/f6cfa2ea2403534de03f069bdf160d06451ed282/extensions/typescript-language-features/dist/extension.js:26:1162)
	at ChildProcess.<anonymous> (/vscode/vscode-server/bin/linux-x64/f6cfa2ea2403534de03f069bdf160d06451ed282/extensions/typescript-language-features/dist/extension.js:26:379)
	at ChildProcess.emit (node:events:519:28)
	at emit (node:internal/child_process:949:14)
	at process.processTicksAndRejections (node:internal/process/task_queues:90:21)
2026-05-22 09:43:43.943 [error] [vscode.typescript-language-features] provider FAILED
2026-05-22 09:43:43.943 [error] Error: <semantic> TypeScript Server Error (6.0.3)
Debug Failure. False expression.
Error: Debug Failure. False expression.
    at consumeTokenAndAdvanceScanner (/vscode/vscode-server/bin/linux-x64/f6cfa2ea2403534de03f069bdf160d06451ed282/extensions/node_modules/typescript/lib/typescript.js:182870:13)
    at processNode (/vscode/vscode-server/bin/linux-x64/f6cfa2ea2403534de03f069bdf160d06451ed282/extensions/node_modules/typescript/lib/typescript.js:182739:7)
    at processChildNode (/vscode/vscode-server/bin/linux-x64/f6cfa2ea2403534de03f069bdf160d06451ed282/extensions/node_modules/typescript/lib/typescript.js:182794:7)
    at processChildNodes (/vscode/vscode-server/bin/linux-x64/f6cfa2ea2403534de03f069bdf160d06451ed282/extensions/node_modules/typescript/lib/typescript.js:182837:32)
    at /vscode/vscode-server/bin/linux-x64/f6cfa2ea2403534de03f069bdf160d06451ed282/extensions/node_modules/typescript/lib/typescript.js:182731:9
    at visitNodes (/vscode/vscode-server/bin/linux-x64/f6cfa2ea2403534de03f069bdf160d06451ed282/extensions/node_modules/typescript/lib/typescript.js:32556:14)
    at forEachChildInJsxElement (/vscode/vscode-server/bin/linux-x64/f6cfa2ea2403534de03f069bdf160d06451ed282/extensions/node_modules/typescript/lib/typescript.js:32918:55)
    at forEachChild (/vscode/vscode-server/bin/linux-x64/f6cfa2ea2403534de03f069bdf160d06451ed282/extensions/node_modules/typescript/lib/typescript.js:33072:35)
    at processNode (/vscode/vscode-server/bin/linux-x64/f6cfa2ea2403534de03f069bdf160d06451ed282/extensions/node_modules/typescript/lib/typescript.js:182715:5)
    at processChildNode (/vscode/vscode-server/bin/linux-x64/f6cfa2ea2403534de03f069bdf160d06451ed282/extensions/node_modules/typescript/lib/typescript.js:182794:7)
    at processChildNodes (/vscode/vscode-server/bin/linux-x64/f6cfa2ea2403534de03f069bdf160d06451ed282/extensions/node_modules/typescript/lib/typescript.js:182837:32)
    at /vscode/vscode-server/bin/linux-x64/f6cfa2ea2403534de03f069bdf160d06451ed282/extensions/node_modules/typescript/lib/typescript.js:182731:9
    at visitNodes (/vscode/vscode-server/bin/linux-x64/f6cfa2ea2403534de03f069bdf160d06451ed282/extensions/node_modules/typescript/lib/typescript.js:32556:14)
    at forEachChildInJsxFragment (/vscode/vscode-server/bin/linux-x64/f6cfa2ea2403534de03f069bdf160d06451ed282/extensions/node_modules/typescript/lib/typescript.js:32921:56)
    at forEachChild (/vscode/vscode-server/bin/linux-x64/f6cfa2ea2403534de03f069bdf160d06451ed282/extensions/node_modules/typescript/lib/typescript.js:33072:35)
    at processNode (/vscode/vscode-server/bin/linux-x64/f6cfa2ea2403534de03f069bdf160d06451ed282/extensions/node_modules/typescript/lib/typescript.js:182715:5)
    at formatSpanWorker (/vscode/vscode-server/bin/linux-x64/f6cfa2ea2403534de03f069bdf160d06451ed282/extensions/node_modules/typescript/lib/typescript.js:182512:5)
    at /vscode/vscode-server/bin/linux-x64/f6cfa2ea2403534de03f069bdf160d06451ed282/extensions/node_modules/typescript/lib/typescript.js:182452:105
    at getFormattingScanner (/vscode/vscode-server/bin/linux-x64/f6cfa2ea2403534de03f069bdf160d06451ed282/extensions/node_modules/typescript/lib/typescript.js:181224:15)
    at Object.formatNodeGivenIndentation (/vscode/vscode-server/bin/linux-x64/f6cfa2ea2403534de03f069bdf160d06451ed282/extensions/node_modules/typescript/lib/typescript.js:182452:10)
    at getFormattedTextOfNode (/vscode/vscode-server/bin/linux-x64/f6cfa2ea2403534de03f069bdf160d06451ed282/extensions/node_modules/typescript/lib/typescript.js:180626:43)
    at format (/vscode/vscode-server/bin/linux-x64/f6cfa2ea2403534de03f069bdf160d06451ed282/extensions/node_modules/typescript/lib/typescript.js:180607:27)
    at computeNewText (/vscode/vscode-server/bin/linux-x64/f6cfa2ea2403534de03f069bdf160d06451ed282/extensions/node_modules/typescript/lib/typescript.js:180608:217)
    at /vscode/vscode-server/bin/linux-x64/f6cfa2ea2403534de03f069bdf160d06451ed282/extensions/node_modules/typescript/lib/typescript.js:180569:25
    at mapDefined (/vscode/vscode-server/bin/linux-x64/f6cfa2ea2403534de03f069bdf160d06451ed282/extensions/node_modules/typescript/lib/typescript.js:2610:22)
    at /vscode/vscode-server/bin/linux-x64/f6cfa2ea2403534de03f069bdf160d06451ed282/extensions/node_modules/typescript/lib/typescript.js:180566:28
    at mapDefined (/vscode/vscode-server/bin/linux-x64/f6cfa2ea2403534de03f069bdf160d06451ed282/extensions/node_modules/typescript/lib/typescript.js:2610:22)
    at Object.getTextChangesFromChanges (/vscode/vscode-server/bin/linux-x64/f6cfa2ea2403534de03f069bdf160d06451ed282/extensions/node_modules/typescript/lib/typescript.js:180560:12)
    at _ChangeTracker.getChanges (/vscode/vscode-server/bin/linux-x64/f6cfa2ea2403534de03f069bdf160d06451ed282/extensions/node_modules/typescript/lib/typescript.js:180457:35)
    at _ChangeTracker.with (/vscode/vscode-server/bin/linux-x64/f6cfa2ea2403534de03f069bdf160d06451ed282/extensions/node_modules/typescript/lib/typescript.js:179936:20)
    at Object.getCodeActionsToWrapJsxInFragment [as getCodeActions] (/vscode/vscode-server/bin/linux-x64/f6cfa2ea2403534de03f069bdf160d06451ed282/extensions/node_modules/typescript/lib/typescript.js:167007:62)
    at /vscode/vscode-server/bin/linux-x64/f6cfa2ea2403534de03f069bdf160d06451ed282/extensions/node_modules/typescript/lib/typescript.js:155902:46
    at flatMap (/vscode/vscode-server/bin/linux-x64/f6cfa2ea2403534de03f069bdf160d06451ed282/extensions/node_modules/typescript/lib/typescript.js:2540:17)
    at Object.getFixes (/vscode/vscode-server/bin/linux-x64/f6cfa2ea2403534de03f069bdf160d06451ed282/extensions/node_modules/typescript/lib/typescript.js:155902:10)
    at /vscode/vscode-server/bin/linux-x64/f6cfa2ea2403534de03f069bdf160d06451ed282/extensions/node_modules/typescript/lib/typescript.js:154165:33
    at flatMap (/vscode/vscode-server/bin/linux-x64/f6cfa2ea2403534de03f069bdf160d06451ed282/extensions/node_modules/typescript/lib/typescript.js:2540:17)
    at Object.getCodeFixesAtPosition (/vscode/vscode-server/bin/linux-x64/f6cfa2ea2403534de03f069bdf160d06451ed282/extensions/node_modules/typescript/lib/typescript.js:154163:12)
    at IpcIOSession.getCodeFixes (/vscode/vscode-server/bin/linux-x64/f6cfa2ea2403534de03f069bdf160d06451ed282/extensions/node_modules/typescript/lib/typescript.js:197272:50)
    at getCodeFixes (/vscode/vscode-server/bin/linux-x64/f6cfa2ea2403534de03f069bdf160d06451ed282/extensions/node_modules/typescript/lib/typescript.js:195277:43)
    at /vscode/vscode-server/bin/linux-x64/f6cfa2ea2403534de03f069bdf160d06451ed282/extensions/node_modules/typescript/lib/typescript.js:197591:15
    at IpcIOSession.executeWithRequestId (/vscode/vscode-server/bin/linux-x64/f6cfa2ea2403534de03f069bdf160d06451ed282/extensions/node_modules/typescript/lib/typescript.js:197580:14)
    at IpcIOSession.executeCommand (/vscode/vscode-server/bin/linux-x64/f6cfa2ea2403534de03f069bdf160d06451ed282/extensions/node_modules/typescript/lib/typescript.js:197589:29)
    at IpcIOSession.onMessage (/vscode/vscode-server/bin/linux-x64/f6cfa2ea2403534de03f069bdf160d06451ed282/extensions/node_modules/typescript/lib/typescript.js:197637:68)
    at process.<anonymous> (/vscode/vscode-server/bin/linux-x64/f6cfa2ea2403534de03f069bdf160d06451ed282/extensions/node_modules/typescript/lib/_tsserver.js:519:14)
    at process.emit (node:events:519:28)
    at emit (node:internal/child_process:949:14)
    at process.processTicksAndRejections (node:internal/process/task_queues:90:21)
	at r.create (/vscode/vscode-server/bin/linux-x64/f6cfa2ea2403534de03f069bdf160d06451ed282/extensions/typescript-language-features/dist/extension.js:24:168)
	at r.dispatchResponse (/vscode/vscode-server/bin/linux-x64/f6cfa2ea2403534de03f069bdf160d06451ed282/extensions/typescript-language-features/dist/extension.js:26:2654)
	at r.dispatchMessage (/vscode/vscode-server/bin/linux-x64/f6cfa2ea2403534de03f069bdf160d06451ed282/extensions/typescript-language-features/dist/extension.js:26:1162)
	at ChildProcess.<anonymous> (/vscode/vscode-server/bin/linux-x64/f6cfa2ea2403534de03f069bdf160d06451ed282/extensions/typescript-language-features/dist/extension.js:26:379)
	at ChildProcess.emit (node:events:519:28)
	at emit (node:internal/child_process:949:14)
	at process.processTicksAndRejections (node:internal/process/task_queues:90:21)
