2026-05-13 08:25:37.352 [info] [main] ログ レベル: Info
2026-05-13 08:25:37.352 [info] [main] Git の検証が検出されました: "git"
2026-05-13 08:25:37.352 [info] [main] "git" から Git "2.39.5" を使用しています
2026-05-13 08:25:37.352 [info] [Model][doInitialScan] Initial repository scan started
2026-05-13 08:25:37.352 [info] > git rev-parse --show-toplevel [2ms]
2026-05-13 08:25:37.358 [info] > git rev-parse --git-dir --git-common-dir --show-superproject-working-tree [7ms]
2026-05-13 08:25:37.416 [info] [Model][openRepository] Opened repository (path): /home/node
2026-05-13 08:25:37.416 [info] [Model][openRepository] Opened repository (real path): /home/node
2026-05-13 08:25:37.416 [info] [Model][openRepository] Opened repository (kind): repository
2026-05-13 08:25:37.443 [info] > git config --get --local core.virtualfilesystem [12ms]
2026-05-13 08:25:37.443 [warning] [Git][config] git config failed: Failed to execute git
2026-05-13 08:25:37.444 [info] > git rev-parse --show-toplevel [2ms]
2026-05-13 08:25:37.444 [info] > git config --get commit.template [3ms]
2026-05-13 08:25:37.448 [info] > git rev-parse --show-toplevel [2ms]
2026-05-13 08:25:37.451 [info] > git rev-parse --show-toplevel [1ms]
2026-05-13 08:25:37.452 [info] > git for-each-ref --format=%(refname)%00%(upstream:short)%00%(objectname)%00%(upstream:track)%00%(upstream:remotename)%00%(upstream:remoteref) refs/heads/master refs/remotes/master [5ms]
2026-05-13 08:25:37.455 [info] > git rev-parse --show-toplevel [1ms]
2026-05-13 08:25:37.457 [info] [Model][doInitialScan] Initial repository scan completed - repositories (1), closed repositories (0), parent repositories (0), unsafe repositories (0)
2026-05-13 08:25:37.462 [info] > git for-each-ref --sort -committerdate --format %(refname)%00%(objectname)%00%(*objectname) [0ms]
2026-05-13 08:25:37.476 [info] > git status -z -uall [17ms]
2026-05-13 08:25:37.664 [info] > git for-each-ref --format=%(refname)%00%(upstream:short)%00%(objectname)%00%(upstream:track)%00%(upstream:remotename)%00%(upstream:remoteref) refs/heads/master refs/remotes/master [130ms]
2026-05-13 08:25:37.671 [info] > git config --get --local branch.master.vscode-merge-base [5ms]
2026-05-13 08:25:37.671 [warning] [Git][config] git config failed: Failed to execute git
2026-05-13 08:25:37.675 [info] > git config --get commit.template [13ms]
2026-05-13 08:25:37.678 [info] > git reflog master --grep-reflog=branch: Created from *. [4ms]
2026-05-13 08:25:37.680 [info] > git for-each-ref --format=%(refname)%00%(upstream:short)%00%(objectname)%00%(upstream:track)%00%(upstream:remotename)%00%(upstream:remoteref) refs/heads/master refs/remotes/master [2ms]
2026-05-13 08:25:37.681 [info] > git symbolic-ref --short refs/remotes/origin/HEAD [1ms]
2026-05-13 08:25:37.681 [info] fatal: ref refs/remotes/origin/HEAD is not a symbolic ref
2026-05-13 08:25:37.681 [warning] [Repository][getDefaultBranch] Failed to get default branch details: Failed to execute git.
2026-05-13 08:25:37.687 [info] > git merge-base refs/heads/master refs/remotes/origin/master [4ms]
2026-05-13 08:25:37.689 [info] > git for-each-ref --sort -committerdate --format %(refname)%00%(objectname)%00%(*objectname) [2ms]
2026-05-13 08:25:37.690 [info] > git diff --raw --numstat --diff-filter=ADMR -z --find-renames=50% dc915119f3e955652fa412ded2c637f7f318b579...refs/remotes/origin/master -- [1ms]
2026-05-13 08:25:37.701 [info] > git status -z -uall [16ms]
2026-05-13 08:25:39.523 [info] > git config --get commit.template [3ms]
2026-05-13 08:25:39.523 [info] > git for-each-ref --format=%(refname)%00%(upstream:short)%00%(objectname)%00%(upstream:track)%00%(upstream:remotename)%00%(upstream:remoteref) refs/heads/master refs/remotes/master [1ms]
2026-05-13 08:25:39.528 [info] > git for-each-ref --sort -committerdate --format %(refname)%00%(objectname)%00%(*objectname) [1ms]
2026-05-13 08:25:39.542 [info] > git status -z -uall [17ms]
2026-05-13 08:25:44.089 [info] > git config --get commit.template [2ms]
2026-05-13 08:25:44.090 [info] > git for-each-ref --format=%(refname)%00%(upstream:short)%00%(objectname)%00%(upstream:track)%00%(upstream:remotename)%00%(upstream:remoteref) refs/heads/master refs/remotes/master [1ms]
2026-05-13 08:25:44.094 [info] > git for-each-ref --sort -committerdate --format %(refname)%00%(objectname)%00%(*objectname) [1ms]
2026-05-13 08:25:44.107 [info] > git status -z -uall [15ms]
2026-05-13 08:25:49.167 [info] > git config --get commit.template [3ms]
2026-05-13 08:25:49.168 [info] > git for-each-ref --format=%(refname)%00%(upstream:short)%00%(objectname)%00%(upstream:track)%00%(upstream:remotename)%00%(upstream:remoteref) refs/heads/master refs/remotes/master [1ms]
2026-05-13 08:25:49.172 [info] > git for-each-ref --sort -committerdate --format %(refname)%00%(objectname)%00%(*objectname) [1ms]
2026-05-13 08:25:49.184 [info] > git status -z -uall [14ms]
2026-05-13 08:25:53.772 [info] > git config --get commit.template [2ms]
2026-05-13 08:25:53.773 [info] > git for-each-ref --format=%(refname)%00%(upstream:short)%00%(objectname)%00%(upstream:track)%00%(upstream:remotename)%00%(upstream:remoteref) refs/heads/master refs/remotes/master [1ms]
2026-05-13 08:25:53.777 [info] > git for-each-ref --sort -committerdate --format %(refname)%00%(objectname)%00%(*objectname) [0ms]
2026-05-13 08:25:53.790 [info] > git status -z -uall [15ms]
2026-05-13 08:25:58.389 [info] > git config --get commit.template [2ms]
2026-05-13 08:25:58.390 [info] > git for-each-ref --format=%(refname)%00%(upstream:short)%00%(objectname)%00%(upstream:track)%00%(upstream:remotename)%00%(upstream:remoteref) refs/heads/master refs/remotes/master [1ms]
2026-05-13 08:25:58.394 [info] > git for-each-ref --sort -committerdate --format %(refname)%00%(objectname)%00%(*objectname) [0ms]
2026-05-13 08:25:58.405 [info] > git status -z -uall [14ms]
2026-05-13 08:26:02.975 [info] > git config --get commit.template [4ms]
2026-05-13 08:26:02.976 [info] > git for-each-ref --format=%(refname)%00%(upstream:short)%00%(objectname)%00%(upstream:track)%00%(upstream:remotename)%00%(upstream:remoteref) refs/heads/master refs/remotes/master [2ms]
2026-05-13 08:26:02.983 [info] > git for-each-ref --sort -committerdate --format %(refname)%00%(objectname)%00%(*objectname) [1ms]
2026-05-13 08:26:02.997 [info] > git status -z -uall [19ms]
2026-05-13 08:26:07.660 [info] > git config --get commit.template [2ms]
2026-05-13 08:26:07.661 [info] > git for-each-ref --format=%(refname)%00%(upstream:short)%00%(objectname)%00%(upstream:track)%00%(upstream:remotename)%00%(upstream:remoteref) refs/heads/master refs/remotes/master [1ms]
2026-05-13 08:26:07.665 [info] > git for-each-ref --sort -committerdate --format %(refname)%00%(objectname)%00%(*objectname) [1ms]
2026-05-13 08:26:07.677 [info] > git status -z -uall [14ms]
2026-05-13 08:26:12.200 [info] > git config --get commit.template [1ms]
2026-05-13 08:26:12.202 [info] > git for-each-ref --format=%(refname)%00%(upstream:short)%00%(objectname)%00%(upstream:track)%00%(upstream:remotename)%00%(upstream:remoteref) refs/heads/master refs/remotes/master [0ms]
2026-05-13 08:26:12.208 [info] > git for-each-ref --sort -committerdate --format %(refname)%00%(objectname)%00%(*objectname) [2ms]
2026-05-13 08:26:12.218 [info] > git status -z -uall [14ms]
2026-05-13 08:26:16.863 [info] > git config --get commit.template [11ms]
2026-05-13 08:26:16.866 [info] > git for-each-ref --format=%(refname)%00%(upstream:short)%00%(objectname)%00%(upstream:track)%00%(upstream:remotename)%00%(upstream:remoteref) refs/heads/master refs/remotes/master [12ms]
2026-05-13 08:26:16.871 [info] > git for-each-ref --sort -committerdate --format %(refname)%00%(objectname)%00%(*objectname) [2ms]
2026-05-13 08:26:16.908 [info] > git status -z -uall [40ms]
2026-05-13 08:26:21.457 [info] > git config --get commit.template [2ms]
2026-05-13 08:26:21.458 [info] > git for-each-ref --format=%(refname)%00%(upstream:short)%00%(objectname)%00%(upstream:track)%00%(upstream:remotename)%00%(upstream:remoteref) refs/heads/master refs/remotes/master [0ms]
2026-05-13 08:26:21.462 [info] > git for-each-ref --sort -committerdate --format %(refname)%00%(objectname)%00%(*objectname) [1ms]
2026-05-13 08:26:21.473 [info] > git status -z -uall [14ms]
2026-05-13 08:26:26.047 [info] > git for-each-ref --format=%(refname)%00%(upstream:short)%00%(objectname)%00%(upstream:track)%00%(upstream:remotename)%00%(upstream:remoteref) refs/heads/master refs/remotes/master [0ms]
2026-05-13 08:26:26.047 [info] > git config --get commit.template [4ms]
2026-05-13 08:26:26.051 [info] > git for-each-ref --sort -committerdate --format %(refname)%00%(objectname)%00%(*objectname) [1ms]
2026-05-13 08:26:26.065 [info] > git status -z -uall [16ms]
2026-05-13 08:26:30.656 [info] > git config --get commit.template [0ms]
2026-05-13 08:26:30.658 [info] > git for-each-ref --format=%(refname)%00%(upstream:short)%00%(objectname)%00%(upstream:track)%00%(upstream:remotename)%00%(upstream:remoteref) refs/heads/master refs/remotes/master [1ms]
2026-05-13 08:26:30.664 [info] > git for-each-ref --sort -committerdate --format %(refname)%00%(objectname)%00%(*objectname) [2ms]
2026-05-13 08:26:30.676 [info] > git status -z -uall [16ms]
2026-05-13 08:26:35.212 [info] > git config --get commit.template [2ms]
2026-05-13 08:26:35.213 [info] > git for-each-ref --format=%(refname)%00%(upstream:short)%00%(objectname)%00%(upstream:track)%00%(upstream:remotename)%00%(upstream:remoteref) refs/heads/master refs/remotes/master [1ms]
2026-05-13 08:26:35.217 [info] > git for-each-ref --sort -committerdate --format %(refname)%00%(objectname)%00%(*objectname) [1ms]
2026-05-13 08:26:35.232 [info] > git status -z -uall [18ms]
2026-05-13 08:26:39.790 [info] > git config --get commit.template [3ms]
2026-05-13 08:26:39.790 [info] > git for-each-ref --format=%(refname)%00%(upstream:short)%00%(objectname)%00%(upstream:track)%00%(upstream:remotename)%00%(upstream:remoteref) refs/heads/master refs/remotes/master [1ms]
2026-05-13 08:26:39.796 [info] > git for-each-ref --sort -committerdate --format %(refname)%00%(objectname)%00%(*objectname) [2ms]
2026-05-13 08:26:39.808 [info] > git status -z -uall [16ms]
2026-05-13 08:26:44.359 [info] > git config --get commit.template [3ms]
2026-05-13 08:26:44.360 [info] > git for-each-ref --format=%(refname)%00%(upstream:short)%00%(objectname)%00%(upstream:track)%00%(upstream:remotename)%00%(upstream:remoteref) refs/heads/master refs/remotes/master [0ms]
2026-05-13 08:26:44.364 [info] > git for-each-ref --sort -committerdate --format %(refname)%00%(objectname)%00%(*objectname) [1ms]
2026-05-13 08:26:44.375 [info] > git status -z -uall [14ms]
2026-05-13 08:26:55.527 [info] > git config --get commit.template [2ms]
2026-05-13 08:26:55.527 [info] > git for-each-ref --format=%(refname)%00%(upstream:short)%00%(objectname)%00%(upstream:track)%00%(upstream:remotename)%00%(upstream:remoteref) refs/heads/master refs/remotes/master [1ms]
2026-05-13 08:26:55.532 [info] > git for-each-ref --sort -committerdate --format %(refname)%00%(objectname)%00%(*objectname) [2ms]
2026-05-13 08:26:55.543 [info] > git status -z -uall [14ms]
2026-05-13 08:26:53.996 [info] > git config --get commit.template [3ms]
2026-05-13 08:26:53.996 [info] > git for-each-ref --format=%(refname)%00%(upstream:short)%00%(objectname)%00%(upstream:track)%00%(upstream:remotename)%00%(upstream:remoteref) refs/heads/master refs/remotes/master [1ms]
2026-05-13 08:26:54.000 [info] > git for-each-ref --sort -committerdate --format %(refname)%00%(objectname)%00%(*objectname) [1ms]
2026-05-13 08:26:54.012 [info] > git status -z -uall [14ms]
2026-05-13 08:26:58.550 [info] > git config --get commit.template [3ms]
2026-05-13 08:26:58.550 [info] > git for-each-ref --format=%(refname)%00%(upstream:short)%00%(objectname)%00%(upstream:track)%00%(upstream:remotename)%00%(upstream:remoteref) refs/heads/master refs/remotes/master [1ms]
2026-05-13 08:26:58.555 [info] > git for-each-ref --sort -committerdate --format %(refname)%00%(objectname)%00%(*objectname) [0ms]
2026-05-13 08:26:58.567 [info] > git status -z -uall [14ms]
2026-05-13 08:27:03.100 [info] > git config --get commit.template [2ms]
2026-05-13 08:27:03.101 [info] > git for-each-ref --format=%(refname)%00%(upstream:short)%00%(objectname)%00%(upstream:track)%00%(upstream:remotename)%00%(upstream:remoteref) refs/heads/master refs/remotes/master [1ms]
2026-05-13 08:27:03.107 [info] > git for-each-ref --sort -committerdate --format %(refname)%00%(objectname)%00%(*objectname) [2ms]
2026-05-13 08:27:03.119 [info] > git status -z -uall [16ms]
2026-05-13 08:27:07.670 [info] > git config --get commit.template [2ms]
2026-05-13 08:27:07.670 [info] > git for-each-ref --format=%(refname)%00%(upstream:short)%00%(objectname)%00%(upstream:track)%00%(upstream:remotename)%00%(upstream:remoteref) refs/heads/master refs/remotes/master [1ms]
2026-05-13 08:27:07.675 [info] > git for-each-ref --sort -committerdate --format %(refname)%00%(objectname)%00%(*objectname) [1ms]
2026-05-13 08:27:07.686 [info] > git status -z -uall [14ms]
2026-05-13 08:27:08.123 [info] > git rev-parse --show-toplevel [5ms]
2026-05-13 08:27:12.215 [info] > git config --get commit.template [3ms]
2026-05-13 08:27:12.215 [info] > git for-each-ref --format=%(refname)%00%(upstream:short)%00%(objectname)%00%(upstream:track)%00%(upstream:remotename)%00%(upstream:remoteref) refs/heads/master refs/remotes/master [1ms]
2026-05-13 08:27:12.221 [info] > git for-each-ref --sort -committerdate --format %(refname)%00%(objectname)%00%(*objectname) [0ms]
2026-05-13 08:27:12.232 [info] > git status -z -uall [14ms]
2026-05-13 08:27:16.768 [info] > git config --get commit.template [3ms]
2026-05-13 08:27:16.769 [info] > git for-each-ref --format=%(refname)%00%(upstream:short)%00%(objectname)%00%(upstream:track)%00%(upstream:remotename)%00%(upstream:remoteref) refs/heads/master refs/remotes/master [1ms]
2026-05-13 08:27:16.774 [info] > git for-each-ref --sort -committerdate --format %(refname)%00%(objectname)%00%(*objectname) [0ms]
2026-05-13 08:27:16.785 [info] > git status -z -uall [14ms]
2026-05-13 08:27:21.312 [info] > git config --get commit.template [3ms]
2026-05-13 08:27:21.313 [info] > git for-each-ref --format=%(refname)%00%(upstream:short)%00%(objectname)%00%(upstream:track)%00%(upstream:remotename)%00%(upstream:remoteref) refs/heads/master refs/remotes/master [1ms]
2026-05-13 08:27:21.318 [info] > git for-each-ref --sort -committerdate --format %(refname)%00%(objectname)%00%(*objectname) [1ms]
2026-05-13 08:27:21.329 [info] > git status -z -uall [14ms]
2026-05-13 08:27:45.507 [info] > git config --get commit.template [1ms]
2026-05-13 08:27:45.511 [info] > git for-each-ref --format=%(refname)%00%(upstream:short)%00%(objectname)%00%(upstream:track)%00%(upstream:remotename)%00%(upstream:remoteref) refs/heads/master refs/remotes/master [1ms]
2026-05-13 08:27:45.517 [info] > git for-each-ref --sort -committerdate --format %(refname)%00%(objectname)%00%(*objectname) [1ms]
2026-05-13 08:27:45.529 [info] > git status -z -uall [16ms]
2026-05-13 08:27:50.084 [info] > git config --get commit.template [4ms]
2026-05-13 08:27:50.084 [info] > git for-each-ref --format=%(refname)%00%(upstream:short)%00%(objectname)%00%(upstream:track)%00%(upstream:remotename)%00%(upstream:remoteref) refs/heads/master refs/remotes/master [0ms]
2026-05-13 08:27:50.090 [info] > git for-each-ref --sort -committerdate --format %(refname)%00%(objectname)%00%(*objectname) [1ms]
2026-05-13 08:27:50.102 [info] > git status -z -uall [15ms]
2026-05-13 08:27:54.657 [info] > git config --get commit.template [3ms]
2026-05-13 08:27:54.658 [info] > git for-each-ref --format=%(refname)%00%(upstream:short)%00%(objectname)%00%(upstream:track)%00%(upstream:remotename)%00%(upstream:remoteref) refs/heads/master refs/remotes/master [1ms]
2026-05-13 08:27:54.665 [info] > git for-each-ref --sort -committerdate --format %(refname)%00%(objectname)%00%(*objectname) [1ms]
2026-05-13 08:27:54.676 [info] > git status -z -uall [15ms]
2026-05-13 08:27:59.220 [info] > git config --get commit.template [3ms]
2026-05-13 08:27:59.220 [info] > git for-each-ref --format=%(refname)%00%(upstream:short)%00%(objectname)%00%(upstream:track)%00%(upstream:remotename)%00%(upstream:remoteref) refs/heads/master refs/remotes/master [1ms]
2026-05-13 08:27:59.226 [info] > git for-each-ref --sort -committerdate --format %(refname)%00%(objectname)%00%(*objectname) [1ms]
2026-05-13 08:27:59.239 [info] > git status -z -uall [17ms]
2026-05-13 08:28:04.277 [info] > git config --get commit.template [3ms]
2026-05-13 08:28:04.278 [info] > git for-each-ref --format=%(refname)%00%(upstream:short)%00%(objectname)%00%(upstream:track)%00%(upstream:remotename)%00%(upstream:remoteref) refs/heads/master refs/remotes/master [1ms]
2026-05-13 08:28:04.285 [info] > git for-each-ref --sort -committerdate --format %(refname)%00%(objectname)%00%(*objectname) [1ms]
2026-05-13 08:28:04.302 [info] > git status -z -uall [21ms]
2026-05-13 08:28:08.836 [info] > git config --get commit.template [3ms]
2026-05-13 08:28:08.836 [info] > git for-each-ref --format=%(refname)%00%(upstream:short)%00%(objectname)%00%(upstream:track)%00%(upstream:remotename)%00%(upstream:remoteref) refs/heads/master refs/remotes/master [1ms]
2026-05-13 08:28:08.843 [info] > git for-each-ref --sort -committerdate --format %(refname)%00%(objectname)%00%(*objectname) [1ms]
2026-05-13 08:28:08.857 [info] > git status -z -uall [17ms]
2026-05-13 08:28:36.441 [info] > git config --get commit.template [4ms]
2026-05-13 08:28:36.441 [info] > git for-each-ref --format=%(refname)%00%(upstream:short)%00%(objectname)%00%(upstream:track)%00%(upstream:remotename)%00%(upstream:remoteref) refs/heads/master refs/remotes/master [1ms]
2026-05-13 08:28:36.448 [info] > git for-each-ref --sort -committerdate --format %(refname)%00%(objectname)%00%(*objectname) [1ms]
2026-05-13 08:28:36.569 [info] > git status -z -uall [124ms]
2026-05-13 08:28:41.098 [info] > git config --get commit.template [3ms]
2026-05-13 08:28:41.099 [info] > git for-each-ref --format=%(refname)%00%(upstream:short)%00%(objectname)%00%(upstream:track)%00%(upstream:remotename)%00%(upstream:remoteref) refs/heads/master refs/remotes/master [1ms]
2026-05-13 08:28:41.106 [info] > git for-each-ref --sort -committerdate --format %(refname)%00%(objectname)%00%(*objectname) [1ms]
2026-05-13 08:28:41.209 [info] > git status -z -uall [108ms]
2026-05-13 08:28:45.726 [info] > git config --get commit.template [1ms]
2026-05-13 08:28:45.730 [info] > git for-each-ref --format=%(refname)%00%(upstream:short)%00%(objectname)%00%(upstream:track)%00%(upstream:remotename)%00%(upstream:remoteref) refs/heads/master refs/remotes/master [2ms]
2026-05-13 08:28:45.737 [info] > git for-each-ref --sort -committerdate --format %(refname)%00%(objectname)%00%(*objectname) [1ms]
2026-05-13 08:28:45.838 [info] > git status -z -uall [105ms]
2026-05-13 08:28:50.375 [info] > git config --get commit.template [3ms]
2026-05-13 08:28:50.375 [info] > git for-each-ref --format=%(refname)%00%(upstream:short)%00%(objectname)%00%(upstream:track)%00%(upstream:remotename)%00%(upstream:remoteref) refs/heads/master refs/remotes/master [0ms]
2026-05-13 08:28:50.381 [info] > git for-each-ref --sort -committerdate --format %(refname)%00%(objectname)%00%(*objectname) [1ms]
2026-05-13 08:28:50.481 [info] > git status -z -uall [103ms]
2026-05-13 08:29:42.372 [info] > git config --get commit.template [4ms]
2026-05-13 08:29:42.377 [info] > git for-each-ref --format=%(refname)%00%(upstream:short)%00%(objectname)%00%(upstream:track)%00%(upstream:remotename)%00%(upstream:remoteref) refs/heads/master refs/remotes/master [5ms]
2026-05-13 08:29:42.385 [info] > git for-each-ref --sort -committerdate --format %(refname)%00%(objectname)%00%(*objectname) [2ms]
2026-05-13 08:29:42.922 [info] > git status -z -uall [541ms]
2026-05-13 08:29:52.443 [info] > git config --get commit.template [3ms]
2026-05-13 08:29:52.443 [info] > git for-each-ref --format=%(refname)%00%(upstream:short)%00%(objectname)%00%(upstream:track)%00%(upstream:remotename)%00%(upstream:remoteref) refs/heads/master refs/remotes/master [1ms]
2026-05-13 08:29:52.449 [info] > git for-each-ref --sort -committerdate --format %(refname)%00%(objectname)%00%(*objectname) [1ms]
2026-05-13 08:29:52.547 [info] > git status -z -uall [101ms]
2026-05-13 08:29:57.085 [info] > git config --get commit.template [3ms]
2026-05-13 08:29:57.086 [info] > git for-each-ref --format=%(refname)%00%(upstream:short)%00%(objectname)%00%(upstream:track)%00%(upstream:remotename)%00%(upstream:remoteref) refs/heads/master refs/remotes/master [1ms]
2026-05-13 08:29:57.091 [info] > git for-each-ref --sort -committerdate --format %(refname)%00%(objectname)%00%(*objectname) [0ms]
2026-05-13 08:29:57.190 [info] > git status -z -uall [102ms]
2026-05-13 08:30:01.712 [info] > git config --get commit.template [4ms]
2026-05-13 08:30:01.713 [info] > git for-each-ref --format=%(refname)%00%(upstream:short)%00%(objectname)%00%(upstream:track)%00%(upstream:remotename)%00%(upstream:remoteref) refs/heads/master refs/remotes/master [1ms]
2026-05-13 08:30:01.719 [info] > git for-each-ref --sort -committerdate --format %(refname)%00%(objectname)%00%(*objectname) [1ms]
2026-05-13 08:30:01.817 [info] > git status -z -uall [101ms]
