2026-05-13 09:24:31.796 [info] [main] ログ レベル: Info
2026-05-13 09:24:31.796 [info] [main] Git の検証が検出されました: "git"
2026-05-13 09:24:31.796 [info] [main] "git" から Git "2.39.5" を使用しています
2026-05-13 09:24:31.796 [info] [Model][doInitialScan] Initial repository scan started
2026-05-13 09:24:31.796 [info] > git rev-parse --show-toplevel [3ms]
2026-05-13 09:24:31.797 [info] > git rev-parse --git-dir --git-common-dir --show-superproject-working-tree [2ms]
2026-05-13 09:24:31.859 [info] [Model][openRepository] Opened repository (path): /home/node
2026-05-13 09:24:31.859 [info] [Model][openRepository] Opened repository (real path): /home/node
2026-05-13 09:24:31.859 [info] [Model][openRepository] Opened repository (kind): repository
2026-05-13 09:24:31.891 [info] > git config --get --local core.virtualfilesystem [14ms]
2026-05-13 09:24:31.891 [warning] [Git][config] git config failed: Failed to execute git
2026-05-13 09:24:31.892 [info] > git rev-parse --show-toplevel [2ms]
2026-05-13 09:24:31.892 [info] > git config --get commit.template [3ms]
2026-05-13 09:24:31.896 [info] > git rev-parse --show-toplevel [2ms]
2026-05-13 09:24:31.898 [info] > git for-each-ref --format=%(refname)%00%(upstream:short)%00%(objectname)%00%(upstream:track)%00%(upstream:remotename)%00%(upstream:remoteref) refs/heads/master refs/remotes/master [2ms]
2026-05-13 09:24:31.898 [info] > git rev-parse --show-toplevel [1ms]
2026-05-13 09:24:31.906 [info] > git rev-parse --show-toplevel [6ms]
2026-05-13 09:24:31.906 [info] > git for-each-ref --sort -committerdate --format %(refname)%00%(objectname)%00%(*objectname) [1ms]
2026-05-13 09:24:31.909 [info] > git rev-parse --show-toplevel [0ms]
2026-05-13 09:24:31.912 [info] > git rev-parse --show-toplevel [1ms]
2026-05-13 09:24:31.915 [info] > git rev-parse --show-toplevel [2ms]
2026-05-13 09:24:31.916 [info] [Model][doInitialScan] Initial repository scan completed - repositories (1), closed repositories (0), parent repositories (0), unsafe repositories (0)
2026-05-13 09:24:31.926 [info] > git status -z -uall [24ms]
2026-05-13 09:24:31.956 [info] > git for-each-ref --format=%(refname)%00%(upstream:short)%00%(objectname)%00%(upstream:track)%00%(upstream:remotename)%00%(upstream:remoteref) refs/heads/master refs/remotes/master [6ms]
2026-05-13 09:24:32.024 [info] > git config --get --local branch.master.vscode-merge-base [65ms]
2026-05-13 09:24:32.024 [warning] [Git][config] git config failed: Failed to execute git
2026-05-13 09:24:32.026 [info] > git config --get commit.template [71ms]
2026-05-13 09:24:32.029 [info] > git reflog master --grep-reflog=branch: Created from *. [3ms]
2026-05-13 09:24:32.033 [info] > git for-each-ref --format=%(refname)%00%(upstream:short)%00%(objectname)%00%(upstream:track)%00%(upstream:remotename)%00%(upstream:remoteref) refs/heads/master refs/remotes/master [4ms]
2026-05-13 09:24:32.033 [info] > git symbolic-ref --short refs/remotes/origin/HEAD [3ms]
2026-05-13 09:24:32.033 [info] fatal: ref refs/remotes/origin/HEAD is not a symbolic ref
2026-05-13 09:24:32.033 [warning] [Repository][getDefaultBranch] Failed to get default branch details: Failed to execute git.
2026-05-13 09:24:32.040 [info] > git merge-base refs/heads/master refs/remotes/origin/master [4ms]
2026-05-13 09:24:32.042 [info] > git for-each-ref --sort -committerdate --format %(refname)%00%(objectname)%00%(*objectname) [3ms]
2026-05-13 09:24:32.043 [info] > git diff --raw --numstat --diff-filter=ADMR -z --find-renames=50% e4e5942e23e2c27d7580d56fd789f29015d370e5...refs/remotes/origin/master -- [1ms]
2026-05-13 09:24:32.060 [info] > git status -z -uall [22ms]
2026-05-13 09:24:33.850 [info] > git config --get commit.template [1ms]
2026-05-13 09:24:33.852 [info] > git for-each-ref --format=%(refname)%00%(upstream:short)%00%(objectname)%00%(upstream:track)%00%(upstream:remotename)%00%(upstream:remoteref) refs/heads/master refs/remotes/master [1ms]
2026-05-13 09:24:33.856 [info] > git for-each-ref --sort -committerdate --format %(refname)%00%(objectname)%00%(*objectname) [1ms]
2026-05-13 09:24:33.874 [info] > git status -z -uall [20ms]
2026-05-13 09:24:38.384 [info] > git config --get commit.template [2ms]
2026-05-13 09:24:38.385 [info] > git for-each-ref --format=%(refname)%00%(upstream:short)%00%(objectname)%00%(upstream:track)%00%(upstream:remotename)%00%(upstream:remoteref) refs/heads/master refs/remotes/master [1ms]
2026-05-13 09:24:38.389 [info] > git for-each-ref --sort -committerdate --format %(refname)%00%(objectname)%00%(*objectname) [1ms]
2026-05-13 09:24:38.406 [info] > git status -z -uall [20ms]
2026-05-13 09:24:42.927 [info] > git config --get commit.template [3ms]
2026-05-13 09:24:42.927 [info] > git for-each-ref --format=%(refname)%00%(upstream:short)%00%(objectname)%00%(upstream:track)%00%(upstream:remotename)%00%(upstream:remoteref) refs/heads/master refs/remotes/master [1ms]
2026-05-13 09:24:42.931 [info] > git for-each-ref --sort -committerdate --format %(refname)%00%(objectname)%00%(*objectname) [0ms]
2026-05-13 09:24:42.949 [info] > git status -z -uall [20ms]
