2026-05-13 09:24:06.536 [info] [main] ログ レベル: Info
2026-05-13 09:24:06.536 [info] [main] Git の検証が検出されました: "git"
2026-05-13 09:24:06.536 [info] [main] "git" から Git "2.39.5" を使用しています
2026-05-13 09:24:06.536 [info] [Model][doInitialScan] Initial repository scan started
2026-05-13 09:24:06.536 [info] > git rev-parse --show-toplevel [1ms]
2026-05-13 09:24:06.536 [info] > git rev-parse --git-dir --git-common-dir --show-superproject-working-tree [7ms]
2026-05-13 09:24:06.554 [info] [Model][openRepository] Opened repository (path): /home/node
2026-05-13 09:24:06.554 [info] [Model][openRepository] Opened repository (real path): /home/node
2026-05-13 09:24:06.554 [info] [Model][openRepository] Opened repository (kind): repository
2026-05-13 09:24:06.611 [info] > git rev-parse --show-toplevel [4ms]
2026-05-13 09:24:06.611 [info] > git config --get commit.template [5ms]
2026-05-13 09:24:06.611 [info] > git config --get --local core.virtualfilesystem [55ms]
2026-05-13 09:24:06.611 [warning] [Git][config] git config failed: Failed to execute git
2026-05-13 09:24:06.616 [info] > git rev-parse --show-toplevel [3ms]
2026-05-13 09:24:06.619 [info] > git for-each-ref --format=%(refname)%00%(upstream:short)%00%(objectname)%00%(upstream:track)%00%(upstream:remotename)%00%(upstream:remoteref) refs/heads/master refs/remotes/master [4ms]
2026-05-13 09:24:06.620 [info] > git rev-parse --show-toplevel [2ms]
2026-05-13 09:24:06.626 [info] > git rev-parse --show-toplevel [4ms]
2026-05-13 09:24:06.626 [info] > git for-each-ref --sort -committerdate --format %(refname)%00%(objectname)%00%(*objectname) [1ms]
2026-05-13 09:24:06.629 [info] > git rev-parse --show-toplevel [1ms]
2026-05-13 09:24:06.631 [info] > git rev-parse --show-toplevel [1ms]
2026-05-13 09:24:06.632 [info] [Model][doInitialScan] Initial repository scan completed - repositories (1), closed repositories (0), parent repositories (0), unsafe repositories (0)
2026-05-13 09:24:06.651 [info] > git status -z -uall [28ms]
2026-05-13 09:24:06.673 [info] > git for-each-ref --format=%(refname)%00%(upstream:short)%00%(objectname)%00%(upstream:track)%00%(upstream:remotename)%00%(upstream:remoteref) refs/heads/master refs/remotes/master [4ms]
2026-05-13 09:24:06.675 [info] > git config --get commit.template [3ms]
2026-05-13 09:24:06.676 [info] > git config --get --local branch.master.vscode-merge-base [2ms]
2026-05-13 09:24:06.676 [warning] [Git][config] git config failed: Failed to execute git
2026-05-13 09:24:06.678 [info] > git for-each-ref --format=%(refname)%00%(upstream:short)%00%(objectname)%00%(upstream:track)%00%(upstream:remotename)%00%(upstream:remoteref) refs/heads/master refs/remotes/master [2ms]
2026-05-13 09:24:06.681 [info] > git reflog master --grep-reflog=branch: Created from *. [3ms]
2026-05-13 09:24:06.683 [info] > git for-each-ref --sort -committerdate --format %(refname)%00%(objectname)%00%(*objectname) [2ms]
2026-05-13 09:24:06.684 [info] > git symbolic-ref --short refs/remotes/origin/HEAD [1ms]
2026-05-13 09:24:06.684 [info] fatal: ref refs/remotes/origin/HEAD is not a symbolic ref
2026-05-13 09:24:06.684 [warning] [Repository][getDefaultBranch] Failed to get default branch details: Failed to execute git.
2026-05-13 09:24:06.687 [info] > git merge-base refs/heads/master refs/remotes/origin/master [1ms]
2026-05-13 09:24:06.690 [info] > git diff --raw --numstat --diff-filter=ADMR -z --find-renames=50% e4e5942e23e2c27d7580d56fd789f29015d370e5...refs/remotes/origin/master -- [0ms]
2026-05-13 09:24:06.702 [info] > git status -z -uall [22ms]
2026-05-13 09:24:09.550 [info] > git config --get commit.template [0ms]
2026-05-13 09:24:09.553 [info] > git for-each-ref --format=%(refname)%00%(upstream:short)%00%(objectname)%00%(upstream:track)%00%(upstream:remotename)%00%(upstream:remoteref) refs/heads/master refs/remotes/master [2ms]
2026-05-13 09:24:09.557 [info] > git for-each-ref --sort -committerdate --format %(refname)%00%(objectname)%00%(*objectname) [0ms]
2026-05-13 09:24:09.575 [info] > git status -z -uall [20ms]
2026-05-13 09:24:14.083 [info] > git config --get commit.template [1ms]
2026-05-13 09:24:14.085 [info] > git for-each-ref --format=%(refname)%00%(upstream:short)%00%(objectname)%00%(upstream:track)%00%(upstream:remotename)%00%(upstream:remoteref) refs/heads/master refs/remotes/master [1ms]
2026-05-13 09:24:14.089 [info] > git for-each-ref --sort -committerdate --format %(refname)%00%(objectname)%00%(*objectname) [0ms]
2026-05-13 09:24:14.106 [info] > git status -z -uall [19ms]
2026-05-13 09:24:18.612 [info] > git config --get commit.template [1ms]
2026-05-13 09:24:18.614 [info] > git for-each-ref --format=%(refname)%00%(upstream:short)%00%(objectname)%00%(upstream:track)%00%(upstream:remotename)%00%(upstream:remoteref) refs/heads/master refs/remotes/master [1ms]
2026-05-13 09:24:18.618 [info] > git for-each-ref --sort -committerdate --format %(refname)%00%(objectname)%00%(*objectname) [0ms]
2026-05-13 09:24:18.635 [info] > git status -z -uall [19ms]
