2026-05-24 06:40:34.581 [info] Extension host with pid 375 started
2026-05-24 06:40:34.581 [error] Error: EEXIST: file already exists, open '/home/node/.vscode-server/data/User/workspaceStorage/711da0720457d74d19c18b7056ab53a4/vscode.lock'
2026-05-24 06:40:34.581 [info] Lock '/home/node/.vscode-server/data/User/workspaceStorage/711da0720457d74d19c18b7056ab53a4/vscode.lock': Could not acquire lock, checking if the file is stale.
2026-05-24 06:40:34.589 [info] Lock '/home/node/.vscode-server/data/User/workspaceStorage/711da0720457d74d19c18b7056ab53a4/vscode.lock': The lock looks stale, waiting for 2s.
2026-05-24 06:40:34.754 [info] ExtensionService#_doActivateExtension vscode.emmet, startup: false, activationEvent: 'onLanguage'
2026-05-24 06:40:34.754 [info] ExtensionService#_doActivateExtension vscode.tunnel-forwarding, startup: false, activationEvent: 'onTunnel'
2026-05-24 06:40:34.754 [info] ExtensionService#_doActivateExtension vscode.typescript-language-features, startup: false, activationEvent: 'onLanguage:typescriptreact'
2026-05-24 06:40:41.727 [info] ExtensionService#_doActivateExtension vscode.terminal-suggest, startup: false, activationEvent: 'onTerminalShellIntegration:*'
2026-05-24 06:40:35.753 [info] ExtensionService#_doActivateExtension vscode.git-base, startup: true, activationEvent: '*', root cause: vscode.git
2026-05-24 06:40:35.757 [info] ExtensionService#_doActivateExtension vscode.npm, startup: true, activationEvent: 'workspaceContains:package.json'
2026-05-24 06:40:36.587 [info] Lock '/home/node/.vscode-server/data/User/workspaceStorage/711da0720457d74d19c18b7056ab53a4/vscode.lock': The lock looks stale even after waiting for 2s.
2026-05-24 06:40:36.587 [info] Lock '/home/node/.vscode-server/data/User/workspaceStorage/711da0720457d74d19c18b7056ab53a4/vscode.lock': Deleting a stale lock.
2026-05-24 06:40:36.590 [info] Lock '/home/node/.vscode-server/data/User/workspaceStorage/711da0720457d74d19c18b7056ab53a4/vscode.lock': Lock acquired.
2026-05-24 06:40:36.719 [info] ExtensionService#_doActivateExtension vscode.git, startup: true, activationEvent: '*'
2026-05-24 06:40:36.720 [info] ExtensionService#_doActivateExtension vscode.github, startup: true, activationEvent: '*'
2026-05-24 06:40:37.297 [info] Eager extensions activated
2026-05-24 06:40:37.297 [info] ExtensionService#_doActivateExtension vscode.debug-auto-launch, startup: false, activationEvent: 'onStartupFinished'
2026-05-24 06:40:37.297 [info] ExtensionService#_doActivateExtension vscode.merge-conflict, startup: false, activationEvent: 'onStartupFinished'
2026-05-24 06:40:41.897 [info] ExtensionService#_doActivateExtension vscode.configuration-editing, startup: false, activationEvent: 'onLanguage:json'
2026-05-24 06:40:41.897 [info] ExtensionService#_doActivateExtension vscode.extension-editing, startup: false, activationEvent: 'onLanguage:json'
2026-05-24 06:40:41.898 [info] ExtensionService#_doActivateExtension vscode.json-language-features, startup: false, activationEvent: 'onLanguage:json'
