2026-05-13 08:25:36.889 [info] Extension host with pid 327 started
2026-05-13 08:25:36.897 [info] Lock '/home/node/.vscode-server/data/User/workspaceStorage/5024bddc7ed4fa8b539158c2e51ab270/vscode.lock': Lock acquired.
2026-05-13 08:25:36.969 [info] ExtensionService#_doActivateExtension vscode.emmet, startup: false, activationEvent: 'onLanguage'
2026-05-13 08:25:37.091 [info] ExtensionService#_doActivateExtension vscode.git-base, startup: true, activationEvent: '*', root cause: vscode.git
2026-05-13 08:25:37.213 [info] ExtensionService#_doActivateExtension vscode.git, startup: true, activationEvent: '*'
2026-05-13 08:25:37.213 [info] ExtensionService#_doActivateExtension vscode.github, startup: true, activationEvent: '*'
2026-05-13 08:25:37.344 [info] Eager extensions activated
2026-05-13 08:25:37.344 [info] ExtensionService#_doActivateExtension vscode.debug-auto-launch, startup: false, activationEvent: 'onStartupFinished'
2026-05-13 08:25:37.345 [info] ExtensionService#_doActivateExtension vscode.merge-conflict, startup: false, activationEvent: 'onStartupFinished'
2026-05-13 08:25:37.524 [warning] [Decorations] CAPPING events from decorations provider vscode.git 3884
2026-05-13 08:25:37.729 [warning] [Decorations] CAPPING events from decorations provider vscode.git 3884
2026-05-13 08:25:39.579 [warning] [Decorations] CAPPING events from decorations provider vscode.git 3884
2026-05-13 08:25:44.135 [warning] [Decorations] CAPPING events from decorations provider vscode.git 3884
2026-05-13 08:25:49.213 [warning] [Decorations] CAPPING events from decorations provider vscode.git 3884
2026-05-13 08:25:53.817 [warning] [Decorations] CAPPING events from decorations provider vscode.git 3884
2026-05-13 08:25:58.431 [warning] [Decorations] CAPPING events from decorations provider vscode.git 3884
2026-05-13 08:26:03.028 [warning] [Decorations] CAPPING events from decorations provider vscode.git 3884
2026-05-13 08:26:04.447 [info] ExtensionService#_doActivateExtension vscode.terminal-suggest, startup: false, activationEvent: 'onTerminalShellIntegration:*'
2026-05-13 08:26:07.704 [warning] [Decorations] CAPPING events from decorations provider vscode.git 3885
2026-05-13 08:26:12.246 [warning] [Decorations] CAPPING events from decorations provider vscode.git 3885
2026-05-13 08:26:16.949 [warning] [Decorations] CAPPING events from decorations provider vscode.git 3885
2026-05-13 08:26:21.501 [warning] [Decorations] CAPPING events from decorations provider vscode.git 3885
2026-05-13 08:26:26.091 [warning] [Decorations] CAPPING events from decorations provider vscode.git 3885
2026-05-13 08:26:30.703 [warning] [Decorations] CAPPING events from decorations provider vscode.git 3885
2026-05-13 08:26:35.274 [warning] [Decorations] CAPPING events from decorations provider vscode.git 3885
2026-05-13 08:26:39.837 [warning] [Decorations] CAPPING events from decorations provider vscode.git 3885
2026-05-13 08:26:44.419 [warning] [Decorations] CAPPING events from decorations provider vscode.git 3885
2026-05-13 08:26:55.569 [warning] [Decorations] CAPPING events from decorations provider vscode.git 3885
2026-05-13 08:26:54.038 [warning] [Decorations] CAPPING events from decorations provider vscode.git 3885
2026-05-13 08:26:55.908 [info] ExtensionService#_doActivateExtension vscode.npm, startup: false, activationEvent: 'onTerminalQuickFixRequest:ms-vscode.npm-command'
2026-05-13 08:26:58.593 [warning] [Decorations] CAPPING events from decorations provider vscode.git 3885
2026-05-13 08:27:01.134 [info] ExtensionService#_doActivateExtension vscode.configuration-editing, startup: false, activationEvent: 'onLanguage:json'
2026-05-13 08:27:01.134 [info] ExtensionService#_doActivateExtension vscode.extension-editing, startup: false, activationEvent: 'onLanguage:json'
2026-05-13 08:27:01.134 [info] ExtensionService#_doActivateExtension vscode.json-language-features, startup: false, activationEvent: 'onLanguage:json'
2026-05-13 08:27:03.142 [warning] [Decorations] CAPPING events from decorations provider vscode.git 3886
2026-05-13 08:27:07.712 [warning] [Decorations] CAPPING events from decorations provider vscode.git 3886
2026-05-13 08:27:08.114 [info] ExtensionService#_doActivateExtension vscode.typescript-language-features, startup: false, activationEvent: 'onLanguage:jsonc'
2026-05-13 08:27:12.260 [warning] [Decorations] CAPPING events from decorations provider vscode.git 3890
2026-05-13 08:27:16.812 [warning] [Decorations] CAPPING events from decorations provider vscode.git 3890
2026-05-13 08:27:21.354 [warning] [Decorations] CAPPING events from decorations provider vscode.git 3890
2026-05-13 08:27:45.561 [warning] [Decorations] CAPPING events from decorations provider vscode.git 3890
2026-05-13 08:27:50.132 [warning] [Decorations] CAPPING events from decorations provider vscode.git 3890
2026-05-13 08:27:54.704 [warning] [Decorations] CAPPING events from decorations provider vscode.git 3890
2026-05-13 08:27:59.266 [warning] [Decorations] CAPPING events from decorations provider vscode.git 3892
2026-05-13 08:28:04.326 [warning] [Decorations] CAPPING events from decorations provider vscode.git 4134
2026-05-13 08:28:08.884 [warning] [Decorations] CAPPING events from decorations provider vscode.git 4154
2026-05-13 08:28:36.589 [warning] [Decorations] CAPPING events from decorations provider vscode.git 4448
2026-05-13 08:28:41.220 [warning] [Decorations] CAPPING events from decorations provider vscode.git 2638
2026-05-13 08:28:45.850 [warning] [Decorations] CAPPING events from decorations provider vscode.git 2638
2026-05-13 08:28:50.492 [warning] [Decorations] CAPPING events from decorations provider vscode.git 2638
2026-05-13 08:29:42.939 [warning] [Decorations] CAPPING events from decorations provider vscode.git 2644
2026-05-13 08:29:52.562 [warning] [Decorations] CAPPING events from decorations provider vscode.git 2644
2026-05-13 08:29:57.203 [warning] [Decorations] CAPPING events from decorations provider vscode.git 2644
2026-05-13 08:30:01.828 [warning] [Decorations] CAPPING events from decorations provider vscode.git 2644
2026-05-13 08:30:02.890 [info] Extension host terminating: received terminate message from renderer
2026-05-13 08:30:02.890 [info] Lock '/home/node/.vscode-server/data/User/workspaceStorage/5024bddc7ed4fa8b539158c2e51ab270/vscode.lock': Marking the lockfile as scheduled to be released in 6000 ms.
2026-05-13 08:30:02.914 [info] Extension host with pid 327 exiting with code 0
