2026-05-14 05:17:51.639 [info] [main] ログ レベル: Info
2026-05-14 05:17:51.639 [info] [main] Git の検証が検出されました: "git"
2026-05-14 05:17:51.639 [info] [main] "git" から Git "2.39.5" を使用しています
2026-05-14 05:17:51.639 [info] [Model][doInitialScan] Initial repository scan started
2026-05-14 05:17:51.639 [info] > git rev-parse --show-toplevel [3ms]
2026-05-14 05:17:51.639 [info] > git rev-parse --show-toplevel [10ms]
2026-05-14 05:17:51.645 [info] > git rev-parse --show-toplevel [4ms]
2026-05-14 05:17:51.675 [info] > git rev-parse --show-toplevel [28ms]
2026-05-14 05:17:51.679 [info] > git rev-parse --show-toplevel [1ms]
2026-05-14 05:17:51.681 [info] [Model][doInitialScan] Initial repository scan completed - repositories (0), closed repositories (0), parent repositories (1), unsafe repositories (0)
2026-05-14 05:17:51.683 [info] > git rev-parse --show-toplevel [0ms]
2026-05-14 05:17:52.256 [info] > git rev-parse --show-toplevel [1ms]
2026-05-14 05:27:37.100 [info] > git rev-parse --show-toplevel [8ms]
2026-05-14 05:28:36.503 [info] > git rev-parse --show-toplevel [2ms]
2026-05-14 07:19:37.307 [info] > git rev-parse --show-toplevel [1ms]
2026-05-14 07:19:49.619 [info] > git rev-parse --show-toplevel [4ms]
2026-05-14 07:19:54.031 [info] > git rev-parse --show-toplevel [1ms]
2026-05-14 07:20:01.669 [info] > git rev-parse --show-toplevel [2ms]
2026-05-14 07:21:35.629 [info] > git rev-parse --show-toplevel [3ms]
2026-05-14 07:21:41.260 [info] > git rev-parse --show-toplevel [2ms]
