2026-05-24 06:45:10.297 [info] [main] ログ レベル: Info
2026-05-24 06:45:10.297 [info] [main] Git の検証が検出されました: "git"
2026-05-24 06:45:10.297 [info] [main] "git" から Git "2.39.5" を使用しています
2026-05-24 06:45:10.297 [info] [Model][doInitialScan] Initial repository scan started
2026-05-24 06:45:10.297 [info] > git rev-parse --show-toplevel [2ms]
2026-05-24 06:45:10.307 [info] > git rev-parse --show-toplevel [11ms]
2026-05-24 06:45:10.317 [info] > git rev-parse --show-toplevel [1ms]
2026-05-24 06:45:10.319 [info] > git rev-parse --show-toplevel [1ms]
2026-05-24 06:45:10.321 [info] > git rev-parse --show-toplevel [1ms]
2026-05-24 06:45:10.322 [info] [Model][doInitialScan] Initial repository scan completed - repositories (0), closed repositories (0), parent repositories (1), unsafe repositories (0)
2026-05-24 06:45:38.704 [warning] [Model][getRepositoryExact] Failed to get repository realpath for: "/home/node/shift/node_modules/get-symbol-description/". Error:Error: ENOENT: no such file or directory, realpath '/home/node/shift/node_modules/get-symbol-description/'
2026-05-24 06:46:01.427 [info] > git rev-parse --show-toplevel [1ms]
2026-05-24 06:46:01.430 [info] > git rev-parse --show-toplevel [1ms]
2026-05-24 06:46:01.433 [info] > git rev-parse --show-toplevel [1ms]
2026-05-24 06:46:01.435 [info] > git rev-parse --show-toplevel [0ms]
2026-05-24 06:46:01.438 [info] > git rev-parse --show-toplevel [1ms]
2026-05-24 06:46:01.441 [info] > git rev-parse --show-toplevel [1ms]
2026-05-24 06:46:01.444 [info] > git rev-parse --show-toplevel [1ms]
2026-05-24 06:46:01.447 [info] > git rev-parse --show-toplevel [1ms]
2026-05-24 06:46:02.863 [info] > git rev-parse --show-toplevel [1ms]
2026-05-24 06:46:02.865 [info] > git rev-parse --show-toplevel [1ms]
2026-05-24 06:46:02.867 [info] > git rev-parse --show-toplevel [0ms]
2026-05-24 06:46:02.869 [info] > git rev-parse --show-toplevel [1ms]
2026-05-24 06:46:02.871 [info] > git rev-parse --show-toplevel [1ms]
2026-05-24 06:46:02.873 [info] > git rev-parse --show-toplevel [0ms]
2026-05-24 06:46:02.875 [info] > git rev-parse --show-toplevel [0ms]
2026-05-24 06:46:02.877 [info] > git rev-parse --show-toplevel [0ms]
2026-05-24 06:46:02.879 [info] > git rev-parse --show-toplevel [0ms]
2026-05-24 06:46:02.881 [info] > git rev-parse --show-toplevel [0ms]
2026-05-24 06:46:02.883 [info] > git rev-parse --show-toplevel [0ms]
2026-05-24 06:46:02.885 [info] > git rev-parse --show-toplevel [0ms]
2026-05-24 06:46:02.887 [info] > git rev-parse --show-toplevel [0ms]
2026-05-24 06:46:02.890 [info] > git rev-parse --show-toplevel [0ms]
2026-05-24 06:46:02.892 [info] > git rev-parse --show-toplevel [1ms]
2026-05-24 06:46:02.894 [info] > git rev-parse --show-toplevel [1ms]
2026-05-24 06:46:02.896 [info] > git rev-parse --show-toplevel [1ms]
2026-05-24 06:46:02.898 [info] > git rev-parse --show-toplevel [1ms]
2026-05-24 06:46:02.900 [info] > git rev-parse --show-toplevel [1ms]
2026-05-24 06:46:02.902 [info] > git rev-parse --show-toplevel [1ms]
2026-05-24 06:46:02.904 [info] > git rev-parse --show-toplevel [1ms]
2026-05-24 06:46:02.906 [info] > git rev-parse --show-toplevel [0ms]
2026-05-24 06:46:02.909 [info] > git rev-parse --show-toplevel [1ms]
2026-05-24 06:46:02.911 [info] > git rev-parse --show-toplevel [1ms]
2026-05-24 06:46:02.913 [info] > git rev-parse --show-toplevel [0ms]
2026-05-24 06:46:02.917 [info] > git rev-parse --show-toplevel [0ms]
2026-05-24 06:46:02.919 [info] > git rev-parse --show-toplevel [1ms]
2026-05-24 06:46:02.921 [info] > git rev-parse --show-toplevel [1ms]
2026-05-24 06:46:02.923 [info] > git rev-parse --show-toplevel [0ms]
2026-05-24 06:46:02.929 [info] > git rev-parse --show-toplevel [1ms]
2026-05-24 06:46:02.931 [info] > git rev-parse --show-toplevel [0ms]
2026-05-24 06:46:02.934 [info] > git rev-parse --show-toplevel [0ms]
2026-05-24 06:46:02.936 [info] > git rev-parse --show-toplevel [0ms]
2026-05-24 06:46:02.937 [info] > git rev-parse --show-toplevel [0ms]
2026-05-24 06:46:02.939 [info] > git rev-parse --show-toplevel [0ms]
2026-05-24 06:46:02.941 [info] > git rev-parse --show-toplevel [1ms]
2026-05-24 06:46:02.943 [info] > git rev-parse --show-toplevel [1ms]
2026-05-24 06:46:02.945 [info] > git rev-parse --show-toplevel [1ms]
2026-05-24 06:46:02.947 [info] > git rev-parse --show-toplevel [1ms]
2026-05-24 06:46:02.948 [info] > git rev-parse --show-toplevel [0ms]
2026-05-24 06:46:02.950 [info] > git rev-parse --show-toplevel [0ms]
2026-05-24 06:46:02.952 [info] > git rev-parse --show-toplevel [0ms]
2026-05-24 06:46:02.955 [info] > git rev-parse --show-toplevel [1ms]
2026-05-24 06:46:02.957 [info] > git rev-parse --show-toplevel [0ms]
2026-05-24 06:46:02.960 [info] > git rev-parse --show-toplevel [1ms]
2026-05-24 06:46:02.962 [info] > git rev-parse --show-toplevel [1ms]
2026-05-24 06:46:02.964 [info] > git rev-parse --show-toplevel [1ms]
2026-05-24 06:46:02.966 [info] > git rev-parse --show-toplevel [1ms]
2026-05-24 06:46:02.968 [info] > git rev-parse --show-toplevel [1ms]
2026-05-24 06:46:02.970 [info] > git rev-parse --show-toplevel [1ms]
2026-05-24 06:46:02.971 [info] > git rev-parse --show-toplevel [0ms]
2026-05-24 06:46:02.973 [info] > git rev-parse --show-toplevel [0ms]
2026-05-24 06:46:02.975 [info] > git rev-parse --show-toplevel [0ms]
2026-05-24 06:46:02.977 [info] > git rev-parse --show-toplevel [1ms]
2026-05-24 06:46:02.979 [info] > git rev-parse --show-toplevel [1ms]
2026-05-24 06:46:02.981 [info] > git rev-parse --show-toplevel [1ms]
2026-05-24 06:46:02.983 [info] > git rev-parse --show-toplevel [0ms]
2026-05-24 06:46:02.985 [info] > git rev-parse --show-toplevel [1ms]
2026-05-24 06:46:02.987 [info] > git rev-parse --show-toplevel [1ms]
2026-05-24 06:46:02.989 [info] > git rev-parse --show-toplevel [1ms]
2026-05-24 06:46:02.990 [info] > git rev-parse --show-toplevel [0ms]
2026-05-24 06:46:02.992 [info] > git rev-parse --show-toplevel [0ms]
2026-05-24 06:46:02.994 [info] > git rev-parse --show-toplevel [0ms]
2026-05-24 06:46:02.996 [info] > git rev-parse --show-toplevel [1ms]
2026-05-24 06:46:02.998 [info] > git rev-parse --show-toplevel [1ms]
2026-05-24 06:46:02.999 [info] > git rev-parse --show-toplevel [0ms]
2026-05-24 06:46:03.001 [info] > git rev-parse --show-toplevel [0ms]
2026-05-24 06:46:03.003 [info] > git rev-parse --show-toplevel [1ms]
2026-05-24 06:46:03.005 [info] > git rev-parse --show-toplevel [0ms]
2026-05-24 06:46:03.007 [info] > git rev-parse --show-toplevel [0ms]
2026-05-24 06:46:03.009 [info] > git rev-parse --show-toplevel [0ms]
2026-05-24 06:46:03.011 [info] > git rev-parse --show-toplevel [0ms]
2026-05-24 06:46:03.013 [info] > git rev-parse --show-toplevel [0ms]
2026-05-24 06:46:03.015 [info] > git rev-parse --show-toplevel [0ms]
2026-05-24 06:46:03.017 [info] > git rev-parse --show-toplevel [0ms]
2026-05-24 06:46:03.019 [info] > git rev-parse --show-toplevel [1ms]
2026-05-24 06:46:03.021 [info] > git rev-parse --show-toplevel [1ms]
2026-05-24 06:46:03.023 [info] > git rev-parse --show-toplevel [1ms]
2026-05-24 06:46:03.025 [info] > git rev-parse --show-toplevel [1ms]
2026-05-24 06:46:03.027 [info] > git rev-parse --show-toplevel [0ms]
2026-05-24 06:46:03.029 [info] > git rev-parse --show-toplevel [0ms]
2026-05-24 06:46:03.032 [info] > git rev-parse --show-toplevel [1ms]
2026-05-24 06:46:03.036 [info] > git rev-parse --show-toplevel [1ms]
2026-05-24 06:46:03.038 [info] > git rev-parse --show-toplevel [0ms]
2026-05-24 06:46:03.041 [info] > git rev-parse --show-toplevel [1ms]
2026-05-24 06:46:03.043 [info] > git rev-parse --show-toplevel [0ms]
2026-05-24 06:46:03.045 [info] > git rev-parse --show-toplevel [0ms]
2026-05-24 06:46:03.047 [info] > git rev-parse --show-toplevel [0ms]
2026-05-24 06:46:03.049 [info] > git rev-parse --show-toplevel [0ms]
2026-05-24 06:46:03.051 [info] > git rev-parse --show-toplevel [0ms]
2026-05-24 06:46:03.053 [info] > git rev-parse --show-toplevel [0ms]
2026-05-24 06:46:04.029 [info] > git rev-parse --show-toplevel [1ms]
2026-05-24 06:46:04.031 [info] > git rev-parse --show-toplevel [1ms]
2026-05-24 06:46:04.033 [info] > git rev-parse --show-toplevel [1ms]
2026-05-24 06:46:19.495 [info] > git rev-parse --show-toplevel [1ms]
2026-05-24 06:46:26.450 [info] > git rev-parse --show-toplevel [1ms]
2026-05-24 06:50:11.090 [info] > git rev-parse --show-toplevel [2ms]
