2026-05-27 10:00:05.687 [info] [main] ログ レベル: Info
2026-05-27 10:00:05.687 [info] [main] Git の検証が検出されました: "git"
2026-05-27 10:00:05.687 [info] [main] "git" から Git "2.39.5" を使用しています
2026-05-27 10:00:05.687 [info] [Model][doInitialScan] Initial repository scan started
2026-05-27 10:00:05.687 [info] > git rev-parse --show-toplevel [3ms]
2026-05-27 10:00:05.687 [info] > git rev-parse --show-toplevel [1ms]
2026-05-27 10:00:05.690 [info] > git rev-parse --show-toplevel [1ms]
2026-05-27 10:00:05.692 [info] > git rev-parse --show-toplevel [1ms]
2026-05-27 10:00:05.694 [info] [Model][doInitialScan] Initial repository scan completed - repositories (0), closed repositories (0), parent repositories (1), unsafe repositories (0)
2026-05-27 10:00:07.961 [info] > git rev-parse --show-toplevel [0ms]
2026-05-27 10:02:22.819 [info] > git rev-parse --show-toplevel [4ms]
2026-05-27 10:02:26.987 [info] > git rev-parse --show-toplevel [2ms]
2026-05-27 10:02:28.705 [info] > git rev-parse --show-toplevel [1ms]
2026-05-27 10:02:33.001 [info] > git rev-parse --show-toplevel [2ms]
2026-05-27 10:02:44.483 [info] > git rev-parse --show-toplevel [2ms]
2026-05-27 10:02:45.261 [info] > git rev-parse --show-toplevel [0ms]
2026-05-27 10:02:46.664 [info] > git rev-parse --show-toplevel [1ms]
2026-05-27 10:03:01.838 [info] > git rev-parse --show-toplevel [1ms]
2026-05-27 10:13:54.841 [info] > git rev-parse --show-toplevel [8ms]
2026-05-27 10:18:08.861 [info] > git rev-parse --show-toplevel [2ms]
2026-05-27 10:23:47.252 [info] > git rev-parse --show-toplevel [7ms]
2026-05-27 10:28:54.962 [info] > git rev-parse --show-toplevel [8ms]
2026-05-27 10:29:07.078 [info] > git rev-parse --show-toplevel [3ms]
2026-05-27 10:29:12.630 [info] > git rev-parse --show-toplevel [1ms]
2026-05-27 10:35:40.756 [info] > git rev-parse --show-toplevel [1ms]
2026-05-27 10:35:44.631 [info] > git rev-parse --show-toplevel [1ms]
2026-05-27 10:35:48.190 [info] > git rev-parse --show-toplevel [1ms]
2026-05-27 10:35:51.205 [info] > git rev-parse --show-toplevel [1ms]
2026-05-27 10:35:58.357 [info] > git rev-parse --show-toplevel [2ms]
2026-05-27 10:36:00.355 [info] > git rev-parse --show-toplevel [1ms]
2026-05-27 10:36:06.395 [info] > git rev-parse --show-toplevel [1ms]
2026-05-27 10:36:11.493 [info] > git rev-parse --show-toplevel [2ms]
2026-05-27 10:36:52.517 [info] > git rev-parse --show-toplevel [2ms]
2026-05-27 10:37:04.607 [info] > git rev-parse --show-toplevel [8ms]
2026-05-27 10:37:22.548 [info] > git rev-parse --show-toplevel [1ms]
2026-05-27 10:37:23.402 [info] > git rev-parse --show-toplevel [1ms]
2026-05-27 10:37:28.477 [info] > git rev-parse --show-toplevel [1ms]
2026-05-27 10:37:52.981 [info] > git rev-parse --show-toplevel [1ms]
2026-05-27 10:37:58.510 [info] > git rev-parse --show-toplevel [2ms]
2026-05-27 10:37:59.143 [info] > git rev-parse --show-toplevel [2ms]
2026-05-27 10:38:00.981 [info] > git rev-parse --show-toplevel [2ms]
2026-05-27 10:38:02.499 [info] > git rev-parse --show-toplevel [1ms]
2026-05-27 10:38:17.104 [info] > git rev-parse --show-toplevel [2ms]
2026-05-27 10:38:34.340 [info] > git rev-parse --show-toplevel [1ms]
2026-05-27 10:38:41.952 [info] > git rev-parse --show-toplevel [1ms]
2026-05-27 10:38:53.015 [info] > git rev-parse --show-toplevel [1ms]
2026-05-27 10:39:03.672 [info] > git rev-parse --show-toplevel [1ms]
2026-05-27 10:42:14.115 [info] > git rev-parse --show-toplevel [1ms]
2026-05-27 10:42:19.792 [info] > git rev-parse --show-toplevel [1ms]
2026-05-27 10:45:51.718 [info] > git rev-parse --show-toplevel [2ms]
2026-05-27 11:17:08.145 [info] > git rev-parse --show-toplevel [7ms]
2026-05-27 11:40:30.421 [info] > git rev-parse --show-toplevel [8ms]
2026-05-27 11:41:10.291 [info] > git rev-parse --show-toplevel [1ms]
2026-05-27 11:45:20.862 [info] > git rev-parse --show-toplevel [8ms]
2026-05-27 11:45:24.214 [info] > git rev-parse --show-toplevel [3ms]
2026-05-27 11:53:43.102 [info] > git rev-parse --show-toplevel [7ms]
2026-05-27 11:55:56.465 [info] > git rev-parse --show-toplevel [2ms]
2026-05-27 11:57:29.736 [info] > git rev-parse --show-toplevel [1ms]
2026-05-27 11:57:26.367 [info] > git rev-parse --show-toplevel [2ms]
2026-05-27 11:57:30.329 [info] > git rev-parse --show-toplevel [1ms]
2026-05-27 11:57:53.505 [info] > git rev-parse --show-toplevel [2ms]
2026-05-27 11:58:58.585 [info] > git rev-parse --show-toplevel [2ms]
2026-05-27 11:59:18.113 [info] > git rev-parse --show-toplevel [2ms]
2026-05-27 11:59:19.499 [info] > git rev-parse --show-toplevel [2ms]
2026-05-27 11:59:19.993 [info] > git rev-parse --show-toplevel [1ms]
2026-05-27 11:59:20.789 [info] > git rev-parse --show-toplevel [1ms]
2026-05-27 11:59:29.627 [info] > git rev-parse --show-toplevel [2ms]
2026-05-27 11:59:36.324 [info] > git rev-parse --show-toplevel [1ms]
2026-05-27 11:59:42.391 [info] > git rev-parse --show-toplevel [0ms]
2026-05-27 12:06:43.845 [info] > git rev-parse --show-toplevel [10ms]
2026-05-27 12:06:58.268 [info] > git rev-parse --show-toplevel [1ms]
2026-05-27 12:07:17.943 [info] > git rev-parse --show-toplevel [1ms]
2026-05-27 12:07:30.551 [info] > git rev-parse --show-toplevel [2ms]
2026-05-27 12:07:35.576 [info] > git rev-parse --show-toplevel [1ms]
2026-05-27 12:07:37.011 [info] > git rev-parse --show-toplevel [1ms]
2026-05-27 12:07:45.156 [info] > git rev-parse --show-toplevel [1ms]
2026-05-27 12:10:32.058 [info] > git rev-parse --show-toplevel [1ms]
2026-05-27 12:10:33.239 [info] > git rev-parse --show-toplevel [1ms]
2026-05-27 12:10:33.624 [info] > git rev-parse --show-toplevel [1ms]
2026-05-27 15:50:18.995 [info] > git rev-parse --show-toplevel [8ms]
2026-05-27 15:50:21.809 [info] > git rev-parse --show-toplevel [2ms]
2026-05-27 15:50:25.367 [info] > git rev-parse --show-toplevel [1ms]
2026-05-27 15:50:29.623 [info] > git rev-parse --show-toplevel [1ms]
2026-05-27 15:50:31.681 [info] > git rev-parse --show-toplevel [1ms]
2026-05-27 15:50:36.331 [info] > git rev-parse --show-toplevel [1ms]
2026-05-27 15:50:52.384 [info] > git rev-parse --show-toplevel [2ms]
2026-05-27 15:52:09.573 [info] > git rev-parse --show-toplevel [7ms]
2026-05-27 15:52:15.075 [info] > git rev-parse --show-toplevel [3ms]
2026-05-27 15:58:32.338 [info] > git rev-parse --show-toplevel [8ms]
2026-05-27 15:58:36.387 [info] > git rev-parse --show-toplevel [1ms]
