2026-05-13 05:59:06.790 [info] [main] ログ レベル: Info
2026-05-13 05:59:06.790 [info] [main] Git の検証が検出されました: "git"
2026-05-13 05:59:06.790 [info] [main] "git" から Git "2.39.5" を使用しています
2026-05-13 05:59:06.790 [info] [Model][doInitialScan] Initial repository scan started
2026-05-13 05:59:06.790 [info] > git rev-parse --show-toplevel [6ms]
2026-05-13 05:59:06.790 [info] > git rev-parse --git-dir --git-common-dir --show-superproject-working-tree [11ms]
2026-05-13 05:59:06.865 [info] [Model][openRepository] Opened repository (path): /workspaces/prac_next
2026-05-13 05:59:06.865 [info] [Model][openRepository] Opened repository (real path): /workspaces/prac_next
2026-05-13 05:59:06.865 [info] [Model][openRepository] Opened repository (kind): repository
2026-05-13 05:59:06.898 [info] > git config --get --local core.virtualfilesystem [17ms]
2026-05-13 05:59:06.898 [warning] [Git][config] git config failed: Failed to execute git
2026-05-13 05:59:06.898 [info] > git rev-parse --show-toplevel [6ms]
2026-05-13 05:59:06.899 [info] > git config --get commit.template [7ms]
2026-05-13 05:59:06.902 [info] [Git][getRemotes] No remotes found in the git config file
2026-05-13 05:59:06.903 [info] > git for-each-ref --format=%(refname)%00%(upstream:short)%00%(objectname)%00%(upstream:track)%00%(upstream:remotename)%00%(upstream:remoteref) refs/heads/master refs/remotes/master [1ms]
2026-05-13 05:59:06.904 [warning] [Git][getBranch] No such branch: master
2026-05-13 05:59:06.908 [info] > git rev-parse --show-toplevel [8ms]
2026-05-13 05:59:06.911 [info] > git status -z -uall [5ms]
2026-05-13 05:59:06.911 [info] > git for-each-ref --sort -committerdate --format %(refname)%00%(objectname)%00%(*objectname) [3ms]
2026-05-13 05:59:06.922 [info] > git for-each-ref --format=%(refname)%00%(upstream:short)%00%(objectname)%00%(upstream:track)%00%(upstream:remotename)%00%(upstream:remoteref) refs/heads/master refs/remotes/master [7ms]
2026-05-13 05:59:06.922 [warning] [Git][getBranch] No such branch: master
2026-05-13 05:59:06.922 [error] [GitHistoryProvider][resolveHEADMergeBase] Failed to resolve merge base for master: Error: No such branch: master.
2026-05-13 05:59:06.922 [info] > git rev-parse --show-toplevel [12ms]
2026-05-13 05:59:06.923 [info] [Model][doInitialScan] Initial repository scan completed - repositories (1), closed repositories (0), parent repositories (0), unsafe repositories (0)
2026-05-13 05:59:06.924 [info] > git config --get commit.template [6ms]
2026-05-13 05:59:06.928 [info] [Git][getRemotes] No remotes found in the git config file
2026-05-13 05:59:06.928 [info] > git for-each-ref --format=%(refname)%00%(upstream:short)%00%(objectname)%00%(upstream:track)%00%(upstream:remotename)%00%(upstream:remoteref) refs/heads/master refs/remotes/master [0ms]
2026-05-13 05:59:06.929 [warning] [Git][getBranch] No such branch: master
2026-05-13 05:59:06.932 [info] > git status -z -uall [2ms]
2026-05-13 05:59:06.933 [info] > git for-each-ref --sort -committerdate --format %(refname)%00%(objectname)%00%(*objectname) [1ms]
2026-05-13 05:59:07.423 [info] > git check-ignore -v -z --stdin [1ms]
