0 verbose cli /usr/local/bin/node /usr/local/lib/node_modules/npm/bin/npm-cli.js
1 info using npm@10.9.4
2 info using node@v22.22.1
3 silly config load:file:/usr/local/lib/node_modules/npm/npmrc
4 silly config load:file:/home/node/.npmrc
5 silly config load:file:/usr/local/etc/npmrc
6 verbose title npm exec create-next-app shift_table
7 verbose argv "exec" "--" "create-next-app" "shift_table"
8 verbose logfile logs-max:10 dir:/home/node/.npm/_logs/2026-05-13T08_27_58_572Z-
9 verbose logfile /home/node/.npm/_logs/2026-05-13T08_27_58_572Z-debug-0.log
10 silly logfile done cleaning log files
11 silly packumentCache heap:4345298944 maxSize:1086324736 maxEntrySize:543162368
12 http fetch GET 200 https://registry.npmjs.org/npm 7072ms
13 http fetch GET 200 https://registry.npmjs.org/create-next-app 7146ms (cache miss)
14 silly packumentCache heap:4345298944 maxSize:1086324736 maxEntrySize:543162368
15 silly packumentCache heap:4345298944 maxSize:1086324736 maxEntrySize:543162368
16 silly idealTree buildDeps
17 silly fetch manifest create-next-app@16.2.6
18 silly packumentCache full:https://registry.npmjs.org/create-next-app cache-miss
19 http fetch GET 200 https://registry.npmjs.org/create-next-app 202ms (cache miss)
20 silly packumentCache full:https://registry.npmjs.org/create-next-app set size:undefined disposed:false
21 silly placeDep ROOT create-next-app@16.2.6 OK for:  want: 16.2.6
22 silly reify moves {}
23 silly audit bulk request { 'create-next-app': [ '16.2.6' ] }
24 http cache create-next-app@https://registry.npmjs.org/create-next-app/-/create-next-app-16.2.6.tgz 1ms (cache hit)
25 silly tarball no local data for create-next-app@https://registry.npmjs.org/create-next-app/-/create-next-app-16.2.6.tgz. Extracting by manifest.
26 http fetch GET 200 https://registry.npmjs.org/create-next-app/-/create-next-app-16.2.6.tgz 101ms (cache miss)
27 http fetch POST 200 https://registry.npmjs.org/-/npm/v1/security/advisories/bulk 132ms
28 silly audit report {}
29 verbose cwd /home/node
30 verbose os Linux 6.6.87.2-microsoft-standard-WSL2
31 verbose node v22.22.1
32 verbose npm  v10.9.4
33 notice
33 notice New [31mmajor[39m version of npm available! [31m10.9.4[39m -> [34m11.14.1[39m
33 notice Changelog: [34mhttps://github.com/npm/cli/releases/tag/v11.14.1[39m
33 notice To update run: [4mnpm install -g npm@11.14.1[24m
33 notice  { force: true, [Symbol(proc-log.meta)]: true }
34 verbose exit 0
35 info ok
