0 verbose cli /usr/local/bin/node /usr/local/bin/npm
1 info using npm@10.9.4
2 info using node@v22.22.1
3 silly config load:file:/usr/local/lib/node_modules/npm/npmrc
4 silly config load:file:/home/node/shift/.npmrc
5 silly config load:file:/home/node/.npmrc
6 silly config load:file:/usr/local/etc/npmrc
7 verbose title npm install axios
8 verbose argv "install" "axios"
9 verbose logfile logs-max:10 dir:/home/node/.npm/_logs/2026-05-24T06_40_48_971Z-
10 verbose logfile /home/node/.npm/_logs/2026-05-24T06_40_48_971Z-debug-0.log
11 silly logfile start cleaning logs, removing 1 files
12 silly logfile done cleaning log files
13 silly packumentCache heap:4345298944 maxSize:1086324736 maxEntrySize:543162368
14 silly idealTree buildDeps
15 silly fetch manifest axios@*
16 silly packumentCache full:https://registry.npmjs.org/axios cache-miss
17 http fetch GET 200 https://registry.npmjs.org/axios 277ms (cache revalidated)
18 silly packumentCache full:https://registry.npmjs.org/axios set size:820578 disposed:false
19 silly placeDep ROOT axios@1.16.1 OK for: shift@0.1.0 want: *
20 silly fetch manifest follow-redirects@^1.16.0
21 silly packumentCache full:https://registry.npmjs.org/follow-redirects cache-miss
22 silly fetch manifest form-data@^4.0.5
23 silly packumentCache full:https://registry.npmjs.org/form-data cache-miss
24 silly fetch manifest https-proxy-agent@^5.0.1
25 silly packumentCache full:https://registry.npmjs.org/https-proxy-agent cache-miss
26 silly fetch manifest proxy-from-env@^2.1.0
27 silly packumentCache full:https://registry.npmjs.org/proxy-from-env cache-miss
28 http fetch GET 200 https://registry.npmjs.org/follow-redirects 25ms (cache revalidated)
29 silly packumentCache full:https://registry.npmjs.org/follow-redirects set size:188945 disposed:false
30 http fetch GET 200 https://registry.npmjs.org/form-data 34ms (cache revalidated)
31 silly packumentCache full:https://registry.npmjs.org/form-data set size:153646 disposed:false
32 http fetch GET 200 https://registry.npmjs.org/proxy-from-env 37ms (cache revalidated)
33 silly packumentCache full:https://registry.npmjs.org/proxy-from-env set size:21422 disposed:false
34 http fetch GET 200 https://registry.npmjs.org/https-proxy-agent 50ms (cache revalidated)
35 silly packumentCache full:https://registry.npmjs.org/https-proxy-agent set size:81258 disposed:false
36 silly placeDep ROOT follow-redirects@1.16.0 OK for: axios@1.16.1 want: ^1.16.0
37 silly placeDep ROOT form-data@4.0.5 OK for: axios@1.16.1 want: ^4.0.5
38 silly placeDep ROOT https-proxy-agent@5.0.1 OK for: axios@1.16.1 want: ^5.0.1
39 silly placeDep ROOT proxy-from-env@2.1.0 OK for: axios@1.16.1 want: ^2.1.0
40 silly fetch manifest asynckit@^0.4.0
41 silly packumentCache full:https://registry.npmjs.org/asynckit cache-miss
42 silly fetch manifest combined-stream@^1.0.8
43 silly packumentCache full:https://registry.npmjs.org/combined-stream cache-miss
44 silly fetch manifest mime-types@^2.1.12
45 silly packumentCache full:https://registry.npmjs.org/mime-types cache-miss
46 silly fetch manifest agent-base@6
47 silly packumentCache full:https://registry.npmjs.org/agent-base cache-miss
48 http fetch GET 200 https://registry.npmjs.org/combined-stream 23ms (cache revalidated)
49 silly packumentCache full:https://registry.npmjs.org/combined-stream set size:40337 disposed:false
50 http fetch GET 200 https://registry.npmjs.org/agent-base 23ms (cache revalidated)
51 silly packumentCache full:https://registry.npmjs.org/agent-base set size:72085 disposed:false
52 http fetch GET 200 https://registry.npmjs.org/mime-types 24ms (cache revalidated)
53 silly packumentCache full:https://registry.npmjs.org/mime-types set size:139110 disposed:false
54 http fetch GET 200 https://registry.npmjs.org/asynckit 31ms (cache revalidated)
55 silly packumentCache full:https://registry.npmjs.org/asynckit set size:18932 disposed:false
56 silly placeDep ROOT asynckit@0.4.0 OK for: form-data@4.0.5 want: ^0.4.0
57 silly placeDep ROOT combined-stream@1.0.8 OK for: form-data@4.0.5 want: ^1.0.8
58 silly placeDep ROOT mime-types@2.1.35 OK for: form-data@4.0.5 want: ^2.1.12
59 silly fetch manifest delayed-stream@~1.0.0
60 silly packumentCache full:https://registry.npmjs.org/delayed-stream cache-miss
61 silly fetch manifest mime-db@1.52.0
62 silly packumentCache full:https://registry.npmjs.org/mime-db cache-miss
63 http fetch GET 200 https://registry.npmjs.org/mime-db 21ms (cache revalidated)
64 silly packumentCache full:https://registry.npmjs.org/mime-db set size:164953 disposed:false
65 http fetch GET 200 https://registry.npmjs.org/delayed-stream 25ms (cache revalidated)
66 silly packumentCache full:https://registry.npmjs.org/delayed-stream set size:15820 disposed:false
67 silly placeDep ROOT delayed-stream@1.0.0 OK for: combined-stream@1.0.8 want: ~1.0.0
68 silly placeDep ROOT agent-base@6.0.2 OK for: https-proxy-agent@5.0.1 want: 6
69 silly placeDep ROOT mime-db@1.52.0 OK for: mime-types@2.1.35 want: 1.52.0
70 silly reify moves {}
71 verbose reify failed optional dependency /home/node/shift/node_modules/@tailwindcss/oxide-wasm32-wasi
72 silly reify mark deleted [ '/home/node/shift/node_modules/@tailwindcss/oxide-wasm32-wasi' ]
73 silly audit bulk request {
73 silly audit   '@alloc/quick-lru': [ '5.2.0' ],
73 silly audit   '@babel/code-frame': [ '7.29.0' ],
73 silly audit   '@babel/compat-data': [ '7.29.3' ],
73 silly audit   '@babel/core': [ '7.29.0' ],
73 silly audit   '@babel/generator': [ '7.29.1' ],
73 silly audit   '@babel/helper-compilation-targets': [ '7.28.6' ],
73 silly audit   '@babel/helper-globals': [ '7.28.0' ],
73 silly audit   '@babel/helper-module-imports': [ '7.28.6' ],
73 silly audit   '@babel/helper-module-transforms': [ '7.28.6' ],
73 silly audit   '@babel/helper-string-parser': [ '7.27.1' ],
73 silly audit   '@babel/helper-validator-identifier': [ '7.28.5' ],
73 silly audit   '@babel/helper-validator-option': [ '7.27.1' ],
73 silly audit   '@babel/helpers': [ '7.29.2' ],
73 silly audit   '@babel/parser': [ '7.29.3' ],
73 silly audit   '@babel/template': [ '7.28.6' ],
73 silly audit   '@babel/traverse': [ '7.29.0' ],
73 silly audit   '@babel/types': [ '7.29.0' ],
73 silly audit   '@emnapi/core': [ '1.10.0' ],
73 silly audit   '@emnapi/runtime': [ '1.10.0' ],
73 silly audit   '@emnapi/wasi-threads': [ '1.2.1' ],
73 silly audit   '@eslint-community/eslint-utils': [ '4.9.1' ],
73 silly audit   'eslint-visitor-keys': [ '3.4.3', '5.0.1', '4.2.1' ],
73 silly audit   '@eslint-community/regexpp': [ '4.12.2' ],
73 silly audit   '@eslint/config-array': [ '0.21.2' ],
73 silly audit   '@eslint/config-helpers': [ '0.4.2' ],
73 silly audit   '@eslint/core': [ '0.17.0' ],
73 silly audit   '@eslint/eslintrc': [ '3.3.5' ],
73 silly audit   '@eslint/js': [ '9.39.4' ],
73 silly audit   '@eslint/object-schema': [ '2.1.7' ],
73 silly audit   '@eslint/plugin-kit': [ '0.4.1' ],
73 silly audit   '@humanfs/core': [ '0.19.2' ],
73 silly audit   '@humanfs/node': [ '0.16.8' ],
73 silly audit   '@humanfs/types': [ '0.15.0' ],
73 silly audit   '@humanwhocodes/module-importer': [ '1.0.1' ],
73 silly audit   '@humanwhocodes/retry': [ '0.4.3' ],
73 silly audit   '@img/colour': [ '1.1.0' ],
73 silly audit   '@img/sharp-darwin-arm64': [ '0.34.5' ],
73 silly audit   '@img/sharp-darwin-x64': [ '0.34.5' ],
73 silly audit   '@img/sharp-libvips-darwin-arm64': [ '1.2.4' ],
73 silly audit   '@img/sharp-libvips-darwin-x64': [ '1.2.4' ],
73 silly audit   '@img/sharp-libvips-linux-arm': [ '1.2.4' ],
73 silly audit   '@img/sharp-libvips-linux-arm64': [ '1.2.4' ],
73 silly audit   '@img/sharp-libvips-linux-ppc64': [ '1.2.4' ],
73 silly audit   '@img/sharp-libvips-linux-riscv64': [ '1.2.4' ],
73 silly audit   '@img/sharp-libvips-linux-s390x': [ '1.2.4' ],
73 silly audit   '@img/sharp-libvips-linux-x64': [ '1.2.4' ],
73 silly audit   '@img/sharp-libvips-linuxmusl-arm64': [ '1.2.4' ],
73 silly audit   '@img/sharp-libvips-linuxmusl-x64': [ '1.2.4' ],
73 silly audit   '@img/sharp-linux-arm': [ '0.34.5' ],
73 silly audit   '@img/sharp-linux-arm64': [ '0.34.5' ],
73 silly audit   '@img/sharp-linux-ppc64': [ '0.34.5' ],
73 silly audit   '@img/sharp-linux-riscv64': [ '0.34.5' ],
73 silly audit   '@img/sharp-linux-s390x': [ '0.34.5' ],
73 silly audit   '@img/sharp-linux-x64': [ '0.34.5' ],
73 silly audit   '@img/sharp-linuxmusl-arm64': [ '0.34.5' ],
73 silly audit   '@img/sharp-linuxmusl-x64': [ '0.34.5' ],
73 silly audit   '@img/sharp-wasm32': [ '0.34.5' ],
73 silly audit   '@img/sharp-win32-arm64': [ '0.34.5' ],
73 silly audit   '@img/sharp-win32-ia32': [ '0.34.5' ],
73 silly audit   '@img/sharp-win32-x64': [ '0.34.5' ],
73 silly audit   '@jridgewell/gen-mapping': [ '0.3.13' ],
73 silly audit   '@jridgewell/remapping': [ '2.3.5' ],
73 silly audit   '@jridgewell/resolve-uri': [ '3.1.2' ],
73 silly audit   '@jridgewell/sourcemap-codec': [ '1.5.5' ],
73 silly audit   '@jridgewell/trace-mapping': [ '0.3.31' ],
73 silly audit   '@napi-rs/wasm-runtime': [ '0.2.12' ],
73 silly audit   '@next/env': [ '16.2.6' ],
73 silly audit   '@next/eslint-plugin-next': [ '16.2.6' ],
73 silly audit   '@next/swc-darwin-arm64': [ '16.2.6' ],
73 silly audit   '@next/swc-darwin-x64': [ '16.2.6' ],
73 silly audit   '@next/swc-linux-arm64-gnu': [ '16.2.6' ],
73 silly audit   '@next/swc-linux-arm64-musl': [ '16.2.6' ],
73 silly audit   '@next/swc-linux-x64-gnu': [ '16.2.6' ],
73 silly audit   '@next/swc-linux-x64-musl': [ '16.2.6' ],
73 silly audit   '@next/swc-win32-arm64-msvc': [ '16.2.6' ],
73 silly audit   '@next/swc-win32-x64-msvc': [ '16.2.6' ],
73 silly audit   '@nodelib/fs.scandir': [ '2.1.5' ],
73 silly audit   '@nodelib/fs.stat': [ '2.0.5' ],
73 silly audit   '@nodelib/fs.walk': [ '1.2.8' ],
73 silly audit   '@nolyfill/is-core-module': [ '1.0.39' ],
73 silly audit   '@rtsao/scc': [ '1.1.0' ],
73 silly audit   '@swc/helpers': [ '0.5.15' ],
73 silly audit   '@tailwindcss/node': [ '4.3.0' ],
73 silly audit   '@tailwindcss/oxide': [ '4.3.0' ],
73 silly audit   '@tailwindcss/oxide-android-arm64': [ '4.3.0' ],
73 silly audit   '@tailwindcss/oxide-darwin-arm64': [ '4.3.0' ],
73 silly audit   '@tailwindcss/oxide-darwin-x64': [ '4.3.0' ],
73 silly audit   '@tailwindcss/oxide-freebsd-x64': [ '4.3.0' ],
73 silly audit   '@tailwindcss/oxide-linux-arm-gnueabihf': [ '4.3.0' ],
73 silly audit   '@tailwindcss/oxide-linux-arm64-gnu': [ '4.3.0' ],
73 silly audit   '@tailwindcss/oxide-linux-arm64-musl': [ '4.3.0' ],
73 silly audit   '@tailwindcss/oxide-linux-x64-gnu': [ '4.3.0' ],
73 silly audit   '@tailwindcss/oxide-linux-x64-musl': [ '4.3.0' ],
73 silly audit   '@tailwindcss/oxide-win32-arm64-msvc': [ '4.3.0' ],
73 silly audit   '@tailwindcss/oxide-win32-x64-msvc': [ '4.3.0' ],
73 silly audit   '@tailwindcss/postcss': [ '4.3.0' ],
73 silly audit   '@tybys/wasm-util': [ '0.10.2' ],
73 silly audit   '@types/estree': [ '1.0.9' ],
73 silly audit   '@types/json-schema': [ '7.0.15' ],
73 silly audit   '@types/json5': [ '0.0.29' ],
73 silly audit   '@types/node': [ '20.19.41' ],
73 silly audit   '@types/react': [ '19.2.14' ],
73 silly audit   '@types/react-dom': [ '19.2.3' ],
73 silly audit   '@typescript-eslint/eslint-plugin': [ '8.59.3' ],
73 silly audit   ignore: [ '7.0.5', '5.3.2' ],
73 silly audit   '@typescript-eslint/parser': [ '8.59.3' ],
73 silly audit   '@typescript-eslint/project-service': [ '8.59.3' ],
73 silly audit   '@typescript-eslint/scope-manager': [ '8.59.3' ],
73 silly audit   '@typescript-eslint/tsconfig-utils': [ '8.59.3' ],
73 silly audit   '@typescript-eslint/type-utils': [ '8.59.3' ],
73 silly audit   '@typescript-eslint/types': [ '8.59.3' ],
73 silly audit   '@typescript-eslint/typescript-estree': [ '8.59.3' ],
73 silly audit   'balanced-match': [ '4.0.4', '1.0.2' ],
73 silly audit   'brace-expansion': [ '5.0.6', '1.1.14' ],
73 silly audit   minimatch: [ '10.2.5', '3.1.5' ],
73 silly audit   semver: [ '7.8.0', '6.3.1' ],
73 silly audit   '@typescript-eslint/utils': [ '8.59.3' ],
73 silly audit   '@typescript-eslint/visitor-keys': [ '8.59.3' ],
73 silly audit   '@unrs/resolver-binding-android-arm-eabi': [ '1.11.1' ],
73 silly audit   '@unrs/resolver-binding-android-arm64': [ '1.11.1' ],
73 silly audit   '@unrs/resolver-binding-darwin-arm64': [ '1.11.1' ],
73 silly audit   '@unrs/resolver-binding-darwin-x64': [ '1.11.1' ],
73 silly audit   '@unrs/resolver-binding-freebsd-x64': [ '1.11.1' ],
73 silly audit   '@unrs/resolver-binding-linux-arm-gnueabihf': [ '1.11.1' ],
73 silly audit   '@unrs/resolver-binding-linux-arm-musleabihf': [ '1.11.1' ],
73 silly audit   '@unrs/resolver-binding-linux-arm64-gnu': [ '1.11.1' ],
73 silly audit   '@unrs/resolver-binding-linux-arm64-musl': [ '1.11.1' ],
73 silly audit   '@unrs/resolver-binding-linux-ppc64-gnu': [ '1.11.1' ],
73 silly audit   '@unrs/resolver-binding-linux-riscv64-gnu': [ '1.11.1' ],
73 silly audit   '@unrs/resolver-binding-linux-riscv64-musl': [ '1.11.1' ],
73 silly audit   '@unrs/resolver-binding-linux-s390x-gnu': [ '1.11.1' ],
73 silly audit   '@unrs/resolver-binding-linux-x64-gnu': [ '1.11.1' ],
73 silly audit   '@unrs/resolver-binding-linux-x64-musl': [ '1.11.1' ],
73 silly audit   '@unrs/resolver-binding-wasm32-wasi': [ '1.11.1' ],
73 silly audit   '@unrs/resolver-binding-win32-arm64-msvc': [ '1.11.1' ],
73 silly audit   '@unrs/resolver-binding-win32-ia32-msvc': [ '1.11.1' ],
73 silly audit   '@unrs/resolver-binding-win32-x64-msvc': [ '1.11.1' ],
73 silly audit   acorn: [ '8.16.0' ],
73 silly audit   'acorn-jsx': [ '5.3.2' ],
73 silly audit   ajv: [ '6.15.0' ],
73 silly audit   'ansi-styles': [ '4.3.0' ],
73 silly audit   argparse: [ '2.0.1' ],
73 silly audit   'aria-query': [ '5.3.2' ],
73 silly audit   'array-buffer-byte-length': [ '1.0.2' ],
73 silly audit   'array-includes': [ '3.1.9' ],
73 silly audit   'array.prototype.findlast': [ '1.2.5' ],
73 silly audit   'array.prototype.findlastindex': [ '1.2.6' ],
73 silly audit   'array.prototype.flat': [ '1.3.3' ],
73 silly audit   'array.prototype.flatmap': [ '1.3.3' ],
73 silly audit   'array.prototype.tosorted': [ '1.1.4' ],
73 silly audit   'arraybuffer.prototype.slice': [ '1.0.4' ],
73 silly audit   'ast-types-flow': [ '0.0.8' ],
73 silly audit   'async-function': [ '1.0.0' ],
73 silly audit   'available-typed-arrays': [ '1.0.7' ],
73 silly audit   'axe-core': [ '4.11.4' ],
73 silly audit   'axobject-query': [ '4.1.0' ],
73 silly audit   'baseline-browser-mapping': [ '2.10.29' ],
73 silly audit   braces: [ '3.0.3' ],
73 silly audit   browserslist: [ '4.28.2' ],
73 silly audit   'call-bind': [ '1.0.9' ],
73 silly audit   'call-bind-apply-helpers': [ '1.0.2' ],
73 silly audit   'call-bound': [ '1.0.4' ],
73 silly audit   callsites: [ '3.1.0' ],
73 silly audit   'caniuse-lite': [ '1.0.30001792' ],
73 silly audit   chalk: [ '4.1.2' ],
73 silly audit   'client-only': [ '0.0.1' ],
73 silly audit   'color-convert': [ '2.0.1' ],
73 silly audit   'color-name': [ '1.1.4' ],
73 silly audit   'concat-map': [ '0.0.1' ],
73 silly audit   'convert-source-map': [ '2.0.0' ],
73 silly audit   'cross-spawn': [ '7.0.6' ],
73 silly audit   csstype: [ '3.2.3' ],
73 silly audit   'damerau-levenshtein': [ '1.0.8' ],
73 silly audit   'data-view-buffer': [ '1.0.2' ],
73 silly audit   'data-view-byte-length': [ '1.0.2' ],
73 silly audit   'data-view-byte-offset': [ '1.0.1' ],
73 silly audit   debug: [ '4.4.3', '3.2.7' ],
73 silly audit   'deep-is': [ '0.1.4' ],
73 silly audit   'define-data-property': [ '1.1.4' ],
73 silly audit   'define-properties': [ '1.2.1' ],
73 silly audit   'detect-libc': [ '2.1.2' ],
73 silly audit   doctrine: [ '2.1.0' ],
73 silly audit   'dunder-proto': [ '1.0.1' ],
73 silly audit   'electron-to-chromium': [ '1.5.354' ],
73 silly audit   'emoji-regex': [ '9.2.2' ],
73 silly audit   'enhanced-resolve': [ '5.21.3' ],
73 silly audit   'es-abstract': [ '1.24.2' ],
73 silly audit   'es-define-property': [ '1.0.1' ],
73 silly audit   'es-errors': [ '1.3.0' ],
73 silly audit   'es-iterator-helpers': [ '1.3.2' ],
73 silly audit   'es-object-atoms': [ '1.1.1' ],
73 silly audit   'es-set-tostringtag': [ '2.1.0' ],
73 silly audit   'es-shim-unscopables': [ '1.1.0' ],
73 silly audit   'es-to-primitive': [ '1.3.0' ],
73 silly audit   escalade: [ '3.2.0' ],
73 silly audit   'escape-string-regexp': [ '4.0.0' ],
73 silly audit   eslint: [ '9.39.4' ],
73 silly audit   'eslint-config-next': [ '16.2.6' ],
73 silly audit   globals: [ '16.4.0', '14.0.0' ],
73 silly audit   'eslint-import-resolver-node': [ '0.3.10' ],
73 silly audit   'eslint-import-resolver-typescript': [ '3.10.1' ],
73 silly audit   'eslint-module-utils': [ '2.12.1' ],
73 silly audit   'eslint-plugin-import': [ '2.32.0' ],
73 silly audit   'eslint-plugin-jsx-a11y': [ '6.10.2' ],
73 silly audit   'eslint-plugin-react': [ '7.37.5' ],
73 silly audit   'eslint-plugin-react-hooks': [ '7.1.1' ],
73 silly audit   'eslint-scope': [ '8.4.0' ],
73 silly audit   espree: [ '10.4.0' ],
73 silly audit   esquery: [ '1.7.0' ],
73 silly audit   esrecurse: [ '4.3.0' ],
73 silly audit   estraverse: [ '5.3.0' ],
73 silly audit   esutils: [ '2.0.3' ],
73 silly audit   'fast-deep-equal': [ '3.1.3' ],
73 silly audit   'fast-glob': [ '3.3.1' ],
73 silly audit   'glob-parent': [ '5.1.2', '6.0.2' ],
73 silly audit   'fast-json-stable-stringify': [ '2.1.0' ],
73 silly audit   'fast-levenshtein': [ '2.0.6' ],
73 silly audit   fastq: [ '1.20.1' ],
73 silly audit   'file-entry-cache': [ '8.0.0' ],
73 silly audit   'fill-range': [ '7.1.1' ],
73 silly audit   'find-up': [ '5.0.0' ],
73 silly audit   'flat-cache': [ '4.0.1' ],
73 silly audit   flatted: [ '3.4.2' ],
73 silly audit   'for-each': [ '0.3.5' ],
73 silly audit   'function-bind': [ '1.1.2' ],
73 silly audit   'function.prototype.name': [ '1.1.8' ],
73 silly audit   'functions-have-names': [ '1.2.3' ],
73 silly audit   'generator-function': [ '2.0.1' ],
73 silly audit   gensync: [ '1.0.0-beta.2' ],
73 silly audit   'get-intrinsic': [ '1.3.0' ],
73 silly audit   'get-proto': [ '1.0.1' ],
73 silly audit   'get-symbol-description': [ '1.1.0' ],
73 silly audit   'get-tsconfig': [ '4.14.0' ],
73 silly audit   globalthis: [ '1.0.4' ],
73 silly audit   gopd: [ '1.2.0' ],
73 silly audit   'graceful-fs': [ '4.2.11' ],
73 silly audit   'has-bigints': [ '1.1.0' ],
73 silly audit   'has-flag': [ '4.0.0' ],
73 silly audit   'has-property-descriptors': [ '1.0.2' ],
73 silly audit   'has-proto': [ '1.2.0' ],
73 silly audit   'has-symbols': [ '1.1.0' ],
73 silly audit   'has-tostringtag': [ '1.0.2' ],
73 silly audit   hasown: [ '2.0.3' ],
73 silly audit   'hermes-estree': [ '0.25.1' ],
73 silly audit   'hermes-parser': [ '0.25.1' ],
73 silly audit   'import-fresh': [ '3.3.1' ],
73 silly audit   imurmurhash: [ '0.1.4' ],
73 silly audit   'internal-slot': [ '1.1.0' ],
73 silly audit   'is-array-buffer': [ '3.0.5' ],
73 silly audit   'is-async-function': [ '2.1.1' ],
73 silly audit   'is-bigint': [ '1.1.0' ],
73 silly audit   'is-boolean-object': [ '1.2.2' ],
73 silly audit   'is-bun-module': [ '2.0.0' ],
73 silly audit   'is-callable': [ '1.2.7' ],
73 silly audit   'is-core-module': [ '2.16.2' ],
73 silly audit   'is-data-view': [ '1.0.2' ],
73 silly audit   'is-date-object': [ '1.1.0' ],
73 silly audit   'is-extglob': [ '2.1.1' ],
73 silly audit   'is-finalizationregistry': [ '1.1.1' ],
73 silly audit   'is-generator-function': [ '1.1.2' ],
73 silly audit   'is-glob': [ '4.0.3' ],
73 silly audit   'is-map': [ '2.0.3' ],
73 silly audit   'is-negative-zero': [ '2.0.3' ],
73 silly audit   'is-number': [ '7.0.0' ],
73 silly audit   'is-number-object': [ '1.1.1' ],
73 silly audit   'is-regex': [ '1.2.1' ],
73 silly audit   'is-set': [ '2.0.3' ],
73 silly audit   'is-shared-array-buffer': [ '1.0.4' ],
73 silly audit   'is-string': [ '1.1.1' ],
73 silly audit   'is-symbol': [ '1.1.1' ],
73 silly audit   'is-typed-array': [ '1.1.15' ],
73 silly audit   'is-weakmap': [ '2.0.2' ],
73 silly audit   'is-weakref': [ '1.1.1' ],
73 silly audit   'is-weakset': [ '2.0.4' ],
73 silly audit   isarray: [ '2.0.5' ],
73 silly audit   isexe: [ '2.0.0' ],
73 silly audit   'iterator.prototype': [ '1.1.5' ],
73 silly audit   jiti: [ '2.7.0' ],
73 silly audit   'js-tokens': [ '4.0.0' ],
73 silly audit   'js-yaml': [ '4.1.1' ],
73 silly audit   jsesc: [ '3.1.0' ],
73 silly audit   'json-buffer': [ '3.0.1' ],
73 silly audit   'json-schema-traverse': [ '0.4.1' ],
73 silly audit   'json-stable-stringify-without-jsonify': [ '1.0.1' ],
73 silly audit   json5: [ '2.2.3', '1.0.2' ],
73 silly audit   'jsx-ast-utils': [ '3.3.5' ],
73 silly audit   keyv: [ '4.5.4' ],
73 silly audit   'language-subtag-registry': [ '0.3.23' ],
73 silly audit   'language-tags': [ '1.0.9' ],
73 silly audit   levn: [ '0.4.1' ],
73 silly audit   lightningcss: [ '1.32.0' ],
73 silly audit   'lightningcss-android-arm64': [ '1.32.0' ],
73 silly audit   'lightningcss-darwin-arm64': [ '1.32.0' ],
73 silly audit   'lightningcss-darwin-x64': [ '1.32.0' ],
73 silly audit   'lightningcss-freebsd-x64': [ '1.32.0' ],
73 silly audit   'lightningcss-linux-arm-gnueabihf': [ '1.32.0' ],
73 silly audit   'lightningcss-linux-arm64-gnu': [ '1.32.0' ],
73 silly audit   'lightningcss-linux-arm64-musl': [ '1.32.0' ],
73 silly audit   'lightningcss-linux-x64-gnu': [ '1.32.0' ],
73 silly audit   'lightningcss-linux-x64-musl': [ '1.32.0' ],
73 silly audit   'lightningcss-win32-arm64-msvc': [ '1.32.0' ],
73 silly audit   'lightningcss-win32-x64-msvc': [ '1.32.0' ],
73 silly audit   'locate-path': [ '6.0.0' ],
73 silly audit   'lodash.merge': [ '4.6.2' ],
73 silly audit   'loose-envify': [ '1.4.0' ],
73 silly audit   'lru-cache': [ '5.1.1' ],
73 silly audit   'magic-string': [ '0.30.21' ],
73 silly audit   'math-intrinsics': [ '1.1.0' ],
73 silly audit   merge2: [ '1.4.1' ],
73 silly audit   micromatch: [ '4.0.8' ],
73 silly audit   minimist: [ '1.2.8' ],
73 silly audit   ms: [ '2.1.3' ],
73 silly audit   nanoid: [ '3.3.12' ],
73 silly audit   'napi-postinstall': [ '0.3.4' ],
73 silly audit   'natural-compare': [ '1.4.0' ],
73 silly audit   next: [ '16.2.6' ],
73 silly audit   postcss: [ '8.4.31', '8.5.14' ],
73 silly audit   'node-exports-info': [ '1.6.0' ],
73 silly audit   'node-releases': [ '2.0.44' ],
73 silly audit   'object-assign': [ '4.1.1' ],
73 silly audit   'object-inspect': [ '1.13.4' ],
73 silly audit   'object-keys': [ '1.1.1' ],
73 silly audit   'object.assign': [ '4.1.7' ],
73 silly audit   'object.entries': [ '1.1.9' ],
73 silly audit   'object.fromentries': [ '2.0.8' ],
73 silly audit   'object.groupby': [ '1.0.3' ],
73 silly audit   'object.values': [ '1.2.1' ],
73 silly audit   optionator: [ '0.9.4' ],
73 silly audit   'own-keys': [ '1.0.1' ],
73 silly audit   'p-limit': [ '3.1.0' ],
73 silly audit   'p-locate': [ '5.0.0' ],
73 silly audit   'parent-module': [ '1.0.1' ],
73 silly audit   'path-exists': [ '4.0.0' ],
73 silly audit   'path-key': [ '3.1.1' ],
73 silly audit   'path-parse': [ '1.0.7' ],
73 silly audit   picocolors: [ '1.1.1' ],
73 silly audit   picomatch: [ '2.3.2', '4.0.4' ],
73 silly audit   'possible-typed-array-names': [ '1.1.0' ],
73 silly audit   'prelude-ls': [ '1.2.1' ],
73 silly audit   'prop-types': [ '15.8.1' ],
73 silly audit   punycode: [ '2.3.1' ],
73 silly audit   'queue-microtask': [ '1.2.3' ],
73 silly audit   react: [ '19.2.4' ],
73 silly audit   'react-dom': [ '19.2.4' ],
73 silly audit   'react-is': [ '16.13.1' ],
73 silly audit   'reflect.getprototypeof': [ '1.0.10' ],
73 silly audit   'regexp.prototype.flags': [ '1.5.4' ],
73 silly audit   resolve: [ '2.0.0-next.6' ],
73 silly audit   'resolve-from': [ '4.0.0' ],
73 silly audit   'resolve-pkg-maps': [ '1.0.0' ],
73 silly audit   reusify: [ '1.1.0' ],
73 silly audit   'run-parallel': [ '1.2.0' ],
73 silly audit   'safe-array-concat': [ '1.1.4' ],
73 silly audit   'safe-push-apply': [ '1.0.0' ],
73 silly audit   'safe-regex-test': [ '1.1.0' ],
73 silly audit   scheduler: [ '0.27.0' ],
73 silly audit   'set-function-length': [ '1.2.2' ],
73 silly audit   'set-function-name': [ '2.0.2' ],
73 silly audit   'set-proto': [ '1.0.0' ],
73 silly audit   sharp: [ '0.34.5' ],
73 silly audit   'shebang-command': [ '2.0.0' ],
73 silly audit   'shebang-regex': [ '3.0.0' ],
73 silly audit   'side-channel': [ '1.1.0' ],
73 silly audit   'side-channel-list': [ '1.0.1' ],
73 silly audit   'side-channel-map': [ '1.0.1' ],
73 silly audit   'side-channel-weakmap': [ '1.0.2' ],
73 silly audit   'source-map-js': [ '1.2.1' ],
73 silly audit   'stable-hash': [ '0.0.5' ],
73 silly audit   'stop-iteration-iterator': [ '1.1.0' ],
73 silly audit   'string.prototype.includes': [ '2.0.1' ],
73 silly audit   'string.prototype.matchall': [ '4.0.12' ],
73 silly audit   'string.prototype.repeat': [ '1.0.0' ],
73 silly audit   'string.prototype.trim': [ '1.2.10' ],
73 silly audit   'string.prototype.trimend': [ '1.0.9' ],
73 silly audit   'string.prototype.trimstart': [ '1.0.8' ],
73 silly audit   'strip-bom': [ '3.0.0' ],
73 silly audit   'strip-json-comments': [ '3.1.1' ],
73 silly audit   'styled-jsx': [ '5.1.6' ],
73 silly audit   'supports-color': [ '7.2.0' ],
73 silly audit   'supports-preserve-symlinks-flag': [ '1.0.0' ],
73 silly audit   tailwindcss: [ '4.3.0' ],
73 silly audit   tapable: [ '2.3.3' ],
73 silly audit   tinyglobby: [ '0.2.16' ],
73 silly audit   fdir: [ '6.5.0' ],
73 silly audit   'to-regex-range': [ '5.0.1' ],
73 silly audit   'ts-api-utils': [ '2.5.0' ],
73 silly audit   'tsconfig-paths': [ '3.15.0' ],
73 silly audit   tslib: [ '2.8.1' ],
73 silly audit   'type-check': [ '0.4.0' ],
73 silly audit   'typed-array-buffer': [ '1.0.3' ],
73 silly audit   'typed-array-byte-length': [ '1.0.3' ],
73 silly audit   'typed-array-byte-offset': [ '1.0.4' ],
73 silly audit   'typed-array-length': [ '1.0.7' ],
73 silly audit   typescript: [ '5.9.3' ],
73 silly audit   'typescript-eslint': [ '8.59.3' ],
73 silly audit   'unbox-primitive': [ '1.1.0' ],
73 silly audit   'undici-types': [ '6.21.0' ],
73 silly audit   'unrs-resolver': [ '1.11.1' ],
73 silly audit   'update-browserslist-db': [ '1.2.3' ],
73 silly audit   'uri-js': [ '4.4.1' ],
73 silly audit   which: [ '2.0.2' ],
73 silly audit   'which-boxed-primitive': [ '1.1.1' ],
73 silly audit   'which-builtin-type': [ '1.2.1' ],
73 silly audit   'which-collection': [ '1.0.2' ],
73 silly audit   'which-typed-array': [ '1.1.20' ],
73 silly audit   'word-wrap': [ '1.2.5' ],
73 silly audit   yallist: [ '3.1.1' ],
73 silly audit   'yocto-queue': [ '0.1.0' ],
73 silly audit   zod: [ '4.4.3' ],
73 silly audit   'zod-validation-error': [ '4.0.2' ],
73 silly audit   axios: [ '1.16.1' ],
73 silly audit   'follow-redirects': [ '1.16.0' ],
73 silly audit   'form-data': [ '4.0.5' ],
73 silly audit   'https-proxy-agent': [ '5.0.1' ],
73 silly audit   'proxy-from-env': [ '2.1.0' ],
73 silly audit   asynckit: [ '0.4.0' ],
73 silly audit   'combined-stream': [ '1.0.8' ],
73 silly audit   'mime-types': [ '2.1.35' ],
73 silly audit   'delayed-stream': [ '1.0.0' ],
73 silly audit   'agent-base': [ '6.0.2' ],
73 silly audit   'mime-db': [ '1.52.0' ],
73 silly audit   '@tailwindcss/oxide-wasm32-wasi': [ '4.3.0' ]
73 silly audit }
74 verbose reify failed optional dependency /home/node/shift/node_modules/lightningcss-win32-x64-msvc
75 silly reify mark deleted [ '/home/node/shift/node_modules/lightningcss-win32-x64-msvc' ]
76 verbose reify failed optional dependency /home/node/shift/node_modules/lightningcss-win32-arm64-msvc
77 silly reify mark deleted [ '/home/node/shift/node_modules/lightningcss-win32-arm64-msvc' ]
78 verbose reify failed optional dependency /home/node/shift/node_modules/lightningcss-linux-arm64-musl
79 silly reify mark deleted [ '/home/node/shift/node_modules/lightningcss-linux-arm64-musl' ]
80 verbose reify failed optional dependency /home/node/shift/node_modules/lightningcss-linux-arm64-gnu
81 silly reify mark deleted [ '/home/node/shift/node_modules/lightningcss-linux-arm64-gnu' ]
82 verbose reify failed optional dependency /home/node/shift/node_modules/lightningcss-linux-arm-gnueabihf
83 silly reify mark deleted [ '/home/node/shift/node_modules/lightningcss-linux-arm-gnueabihf' ]
84 verbose reify failed optional dependency /home/node/shift/node_modules/lightningcss-freebsd-x64
85 silly reify mark deleted [ '/home/node/shift/node_modules/lightningcss-freebsd-x64' ]
86 verbose reify failed optional dependency /home/node/shift/node_modules/lightningcss-darwin-x64
87 silly reify mark deleted [ '/home/node/shift/node_modules/lightningcss-darwin-x64' ]
88 verbose reify failed optional dependency /home/node/shift/node_modules/lightningcss-darwin-arm64
89 silly reify mark deleted [ '/home/node/shift/node_modules/lightningcss-darwin-arm64' ]
90 verbose reify failed optional dependency /home/node/shift/node_modules/lightningcss-android-arm64
91 silly reify mark deleted [ '/home/node/shift/node_modules/lightningcss-android-arm64' ]
92 verbose reify failed optional dependency /home/node/shift/node_modules/@unrs/resolver-binding-win32-x64-msvc
93 silly reify mark deleted [
93 silly reify   '/home/node/shift/node_modules/@unrs/resolver-binding-win32-x64-msvc'
93 silly reify ]
94 verbose reify failed optional dependency /home/node/shift/node_modules/@unrs/resolver-binding-win32-ia32-msvc
95 silly reify mark deleted [
95 silly reify   '/home/node/shift/node_modules/@unrs/resolver-binding-win32-ia32-msvc'
95 silly reify ]
96 verbose reify failed optional dependency /home/node/shift/node_modules/@unrs/resolver-binding-win32-arm64-msvc
97 silly reify mark deleted [
97 silly reify   '/home/node/shift/node_modules/@unrs/resolver-binding-win32-arm64-msvc'
97 silly reify ]
98 verbose reify failed optional dependency /home/node/shift/node_modules/@unrs/resolver-binding-wasm32-wasi
99 silly reify mark deleted [ '/home/node/shift/node_modules/@unrs/resolver-binding-wasm32-wasi' ]
100 verbose reify failed optional dependency /home/node/shift/node_modules/@unrs/resolver-binding-linux-s390x-gnu
101 silly reify mark deleted [
101 silly reify   '/home/node/shift/node_modules/@unrs/resolver-binding-linux-s390x-gnu'
101 silly reify ]
102 verbose reify failed optional dependency /home/node/shift/node_modules/@unrs/resolver-binding-linux-riscv64-musl
103 silly reify mark deleted [
103 silly reify   '/home/node/shift/node_modules/@unrs/resolver-binding-linux-riscv64-musl'
103 silly reify ]
104 verbose reify failed optional dependency /home/node/shift/node_modules/@unrs/resolver-binding-linux-riscv64-gnu
105 silly reify mark deleted [
105 silly reify   '/home/node/shift/node_modules/@unrs/resolver-binding-linux-riscv64-gnu'
105 silly reify ]
106 verbose reify failed optional dependency /home/node/shift/node_modules/@unrs/resolver-binding-linux-ppc64-gnu
107 silly reify mark deleted [
107 silly reify   '/home/node/shift/node_modules/@unrs/resolver-binding-linux-ppc64-gnu'
107 silly reify ]
108 verbose reify failed optional dependency /home/node/shift/node_modules/@unrs/resolver-binding-linux-arm64-musl
109 silly reify mark deleted [
109 silly reify   '/home/node/shift/node_modules/@unrs/resolver-binding-linux-arm64-musl'
109 silly reify ]
110 verbose reify failed optional dependency /home/node/shift/node_modules/@unrs/resolver-binding-linux-arm64-gnu
111 silly reify mark deleted [
111 silly reify   '/home/node/shift/node_modules/@unrs/resolver-binding-linux-arm64-gnu'
111 silly reify ]
112 verbose reify failed optional dependency /home/node/shift/node_modules/@unrs/resolver-binding-linux-arm-musleabihf
113 silly reify mark deleted [
113 silly reify   '/home/node/shift/node_modules/@unrs/resolver-binding-linux-arm-musleabihf'
113 silly reify ]
114 verbose reify failed optional dependency /home/node/shift/node_modules/@unrs/resolver-binding-linux-arm-gnueabihf
115 silly reify mark deleted [
115 silly reify   '/home/node/shift/node_modules/@unrs/resolver-binding-linux-arm-gnueabihf'
115 silly reify ]
116 verbose reify failed optional dependency /home/node/shift/node_modules/@unrs/resolver-binding-freebsd-x64
117 silly reify mark deleted [ '/home/node/shift/node_modules/@unrs/resolver-binding-freebsd-x64' ]
118 verbose reify failed optional dependency /home/node/shift/node_modules/@unrs/resolver-binding-darwin-x64
119 silly reify mark deleted [ '/home/node/shift/node_modules/@unrs/resolver-binding-darwin-x64' ]
120 verbose reify failed optional dependency /home/node/shift/node_modules/@unrs/resolver-binding-darwin-arm64
121 silly reify mark deleted [ '/home/node/shift/node_modules/@unrs/resolver-binding-darwin-arm64' ]
122 verbose reify failed optional dependency /home/node/shift/node_modules/@unrs/resolver-binding-android-arm64
123 silly reify mark deleted [
123 silly reify   '/home/node/shift/node_modules/@unrs/resolver-binding-android-arm64'
123 silly reify ]
124 verbose reify failed optional dependency /home/node/shift/node_modules/@unrs/resolver-binding-android-arm-eabi
125 silly reify mark deleted [
125 silly reify   '/home/node/shift/node_modules/@unrs/resolver-binding-android-arm-eabi'
125 silly reify ]
126 verbose reify failed optional dependency /home/node/shift/node_modules/@tailwindcss/oxide-win32-x64-msvc
127 silly reify mark deleted [ '/home/node/shift/node_modules/@tailwindcss/oxide-win32-x64-msvc' ]
128 verbose reify failed optional dependency /home/node/shift/node_modules/@tailwindcss/oxide-win32-arm64-msvc
129 silly reify mark deleted [ '/home/node/shift/node_modules/@tailwindcss/oxide-win32-arm64-msvc' ]
130 verbose reify failed optional dependency /home/node/shift/node_modules/@tailwindcss/oxide-linux-arm64-musl
131 silly reify mark deleted [ '/home/node/shift/node_modules/@tailwindcss/oxide-linux-arm64-musl' ]
132 verbose reify failed optional dependency /home/node/shift/node_modules/@tailwindcss/oxide-linux-arm64-gnu
133 silly reify mark deleted [ '/home/node/shift/node_modules/@tailwindcss/oxide-linux-arm64-gnu' ]
134 verbose reify failed optional dependency /home/node/shift/node_modules/@tailwindcss/oxide-linux-arm-gnueabihf
135 silly reify mark deleted [
135 silly reify   '/home/node/shift/node_modules/@tailwindcss/oxide-linux-arm-gnueabihf'
135 silly reify ]
136 verbose reify failed optional dependency /home/node/shift/node_modules/@tailwindcss/oxide-freebsd-x64
137 silly reify mark deleted [ '/home/node/shift/node_modules/@tailwindcss/oxide-freebsd-x64' ]
138 verbose reify failed optional dependency /home/node/shift/node_modules/@tailwindcss/oxide-darwin-x64
139 silly reify mark deleted [ '/home/node/shift/node_modules/@tailwindcss/oxide-darwin-x64' ]
140 verbose reify failed optional dependency /home/node/shift/node_modules/@tailwindcss/oxide-darwin-arm64
141 silly reify mark deleted [ '/home/node/shift/node_modules/@tailwindcss/oxide-darwin-arm64' ]
142 verbose reify failed optional dependency /home/node/shift/node_modules/@tailwindcss/oxide-android-arm64
143 silly reify mark deleted [ '/home/node/shift/node_modules/@tailwindcss/oxide-android-arm64' ]
144 verbose reify failed optional dependency /home/node/shift/node_modules/@next/swc-win32-x64-msvc
145 silly reify mark deleted [ '/home/node/shift/node_modules/@next/swc-win32-x64-msvc' ]
146 verbose reify failed optional dependency /home/node/shift/node_modules/@next/swc-win32-arm64-msvc
147 silly reify mark deleted [ '/home/node/shift/node_modules/@next/swc-win32-arm64-msvc' ]
148 verbose reify failed optional dependency /home/node/shift/node_modules/@next/swc-linux-arm64-musl
149 silly reify mark deleted [ '/home/node/shift/node_modules/@next/swc-linux-arm64-musl' ]
150 verbose reify failed optional dependency /home/node/shift/node_modules/@next/swc-linux-arm64-gnu
151 silly reify mark deleted [ '/home/node/shift/node_modules/@next/swc-linux-arm64-gnu' ]
152 verbose reify failed optional dependency /home/node/shift/node_modules/@next/swc-darwin-x64
153 silly reify mark deleted [ '/home/node/shift/node_modules/@next/swc-darwin-x64' ]
154 verbose reify failed optional dependency /home/node/shift/node_modules/@next/swc-darwin-arm64
155 silly reify mark deleted [ '/home/node/shift/node_modules/@next/swc-darwin-arm64' ]
156 verbose reify failed optional dependency /home/node/shift/node_modules/@img/sharp-win32-x64
157 silly reify mark deleted [ '/home/node/shift/node_modules/@img/sharp-win32-x64' ]
158 verbose reify failed optional dependency /home/node/shift/node_modules/@img/sharp-win32-ia32
159 silly reify mark deleted [ '/home/node/shift/node_modules/@img/sharp-win32-ia32' ]
160 verbose reify failed optional dependency /home/node/shift/node_modules/@img/sharp-win32-arm64
161 silly reify mark deleted [ '/home/node/shift/node_modules/@img/sharp-win32-arm64' ]
162 verbose reify failed optional dependency /home/node/shift/node_modules/@img/sharp-wasm32
163 silly reify mark deleted [ '/home/node/shift/node_modules/@img/sharp-wasm32' ]
164 verbose reify failed optional dependency /home/node/shift/node_modules/@img/sharp-linuxmusl-arm64
165 silly reify mark deleted [ '/home/node/shift/node_modules/@img/sharp-linuxmusl-arm64' ]
166 verbose reify failed optional dependency /home/node/shift/node_modules/@img/sharp-linux-s390x
167 silly reify mark deleted [ '/home/node/shift/node_modules/@img/sharp-linux-s390x' ]
168 verbose reify failed optional dependency /home/node/shift/node_modules/@img/sharp-linux-riscv64
169 silly reify mark deleted [ '/home/node/shift/node_modules/@img/sharp-linux-riscv64' ]
170 verbose reify failed optional dependency /home/node/shift/node_modules/@img/sharp-linux-ppc64
171 silly reify mark deleted [ '/home/node/shift/node_modules/@img/sharp-linux-ppc64' ]
172 verbose reify failed optional dependency /home/node/shift/node_modules/@img/sharp-linux-arm64
173 silly reify mark deleted [ '/home/node/shift/node_modules/@img/sharp-linux-arm64' ]
174 verbose reify failed optional dependency /home/node/shift/node_modules/@img/sharp-linux-arm
175 silly reify mark deleted [ '/home/node/shift/node_modules/@img/sharp-linux-arm' ]
176 verbose reify failed optional dependency /home/node/shift/node_modules/@img/sharp-libvips-linuxmusl-arm64
177 silly reify mark deleted [ '/home/node/shift/node_modules/@img/sharp-libvips-linuxmusl-arm64' ]
178 verbose reify failed optional dependency /home/node/shift/node_modules/@img/sharp-libvips-linux-s390x
179 silly reify mark deleted [ '/home/node/shift/node_modules/@img/sharp-libvips-linux-s390x' ]
180 verbose reify failed optional dependency /home/node/shift/node_modules/@img/sharp-libvips-linux-riscv64
181 silly reify mark deleted [ '/home/node/shift/node_modules/@img/sharp-libvips-linux-riscv64' ]
182 verbose reify failed optional dependency /home/node/shift/node_modules/@img/sharp-libvips-linux-ppc64
183 silly reify mark deleted [ '/home/node/shift/node_modules/@img/sharp-libvips-linux-ppc64' ]
184 verbose reify failed optional dependency /home/node/shift/node_modules/@img/sharp-libvips-linux-arm64
185 silly reify mark deleted [ '/home/node/shift/node_modules/@img/sharp-libvips-linux-arm64' ]
186 verbose reify failed optional dependency /home/node/shift/node_modules/@img/sharp-libvips-linux-arm
187 silly reify mark deleted [ '/home/node/shift/node_modules/@img/sharp-libvips-linux-arm' ]
188 verbose reify failed optional dependency /home/node/shift/node_modules/@img/sharp-libvips-darwin-x64
189 silly reify mark deleted [ '/home/node/shift/node_modules/@img/sharp-libvips-darwin-x64' ]
190 verbose reify failed optional dependency /home/node/shift/node_modules/@img/sharp-libvips-darwin-arm64
191 silly reify mark deleted [ '/home/node/shift/node_modules/@img/sharp-libvips-darwin-arm64' ]
192 verbose reify failed optional dependency /home/node/shift/node_modules/@img/sharp-darwin-x64
193 silly reify mark deleted [ '/home/node/shift/node_modules/@img/sharp-darwin-x64' ]
194 verbose reify failed optional dependency /home/node/shift/node_modules/@img/sharp-darwin-arm64
195 silly reify mark deleted [ '/home/node/shift/node_modules/@img/sharp-darwin-arm64' ]
196 http cache mime-db@https://registry.npmjs.org/mime-db/-/mime-db-1.52.0.tgz 0ms (cache hit)
197 http cache agent-base@https://registry.npmjs.org/agent-base/-/agent-base-6.0.2.tgz 0ms (cache hit)
198 http cache delayed-stream@https://registry.npmjs.org/delayed-stream/-/delayed-stream-1.0.0.tgz 0ms (cache hit)
199 http cache mime-types@https://registry.npmjs.org/mime-types/-/mime-types-2.1.35.tgz 0ms (cache hit)
200 http cache combined-stream@https://registry.npmjs.org/combined-stream/-/combined-stream-1.0.8.tgz 0ms (cache hit)
201 http cache asynckit@https://registry.npmjs.org/asynckit/-/asynckit-0.4.0.tgz 0ms (cache hit)
202 http cache proxy-from-env@https://registry.npmjs.org/proxy-from-env/-/proxy-from-env-2.1.0.tgz 0ms (cache hit)
203 http cache https-proxy-agent@https://registry.npmjs.org/https-proxy-agent/-/https-proxy-agent-5.0.1.tgz 0ms (cache hit)
204 http cache form-data@https://registry.npmjs.org/form-data/-/form-data-4.0.5.tgz 0ms (cache hit)
205 http cache follow-redirects@https://registry.npmjs.org/follow-redirects/-/follow-redirects-1.16.0.tgz 0ms (cache hit)
206 http cache axios@https://registry.npmjs.org/axios/-/axios-1.16.1.tgz 0ms (cache hit)
207 http cache lightningcss-linux-x64-musl@https://registry.npmjs.org/lightningcss-linux-x64-musl/-/lightningcss-linux-x64-musl-1.32.0.tgz 0ms (cache hit)
208 http cache @unrs/resolver-binding-linux-x64-musl@https://registry.npmjs.org/@unrs/resolver-binding-linux-x64-musl/-/resolver-binding-linux-x64-musl-1.11.1.tgz 0ms (cache hit)
209 http cache @tailwindcss/oxide-linux-x64-musl@https://registry.npmjs.org/@tailwindcss/oxide-linux-x64-musl/-/oxide-linux-x64-musl-4.3.0.tgz 0ms (cache hit)
210 http cache @next/swc-linux-x64-musl@https://registry.npmjs.org/@next/swc-linux-x64-musl/-/swc-linux-x64-musl-16.2.6.tgz 0ms (cache hit)
211 http cache @img/sharp-linuxmusl-x64@https://registry.npmjs.org/@img/sharp-linuxmusl-x64/-/sharp-linuxmusl-x64-0.34.5.tgz 0ms (cache hit)
212 http cache @img/sharp-libvips-linuxmusl-x64@https://registry.npmjs.org/@img/sharp-libvips-linuxmusl-x64/-/sharp-libvips-linuxmusl-x64-1.2.4.tgz 0ms (cache hit)
213 silly tarball no local data for lightningcss-linux-x64-musl@https://registry.npmjs.org/lightningcss-linux-x64-musl/-/lightningcss-linux-x64-musl-1.32.0.tgz. Extracting by manifest.
214 silly tarball no local data for @unrs/resolver-binding-linux-x64-musl@https://registry.npmjs.org/@unrs/resolver-binding-linux-x64-musl/-/resolver-binding-linux-x64-musl-1.11.1.tgz. Extracting by manifest.
215 silly tarball no local data for @tailwindcss/oxide-linux-x64-musl@https://registry.npmjs.org/@tailwindcss/oxide-linux-x64-musl/-/oxide-linux-x64-musl-4.3.0.tgz. Extracting by manifest.
216 silly tarball no local data for @next/swc-linux-x64-musl@https://registry.npmjs.org/@next/swc-linux-x64-musl/-/swc-linux-x64-musl-16.2.6.tgz. Extracting by manifest.
217 silly tarball no local data for @img/sharp-linuxmusl-x64@https://registry.npmjs.org/@img/sharp-linuxmusl-x64/-/sharp-linuxmusl-x64-0.34.5.tgz. Extracting by manifest.
218 silly tarball no local data for @img/sharp-libvips-linuxmusl-x64@https://registry.npmjs.org/@img/sharp-libvips-linuxmusl-x64/-/sharp-libvips-linuxmusl-x64-1.2.4.tgz. Extracting by manifest.
219 http fetch POST 200 https://registry.npmjs.org/-/npm/v1/security/advisories/bulk 125ms
220 silly audit report {
220 silly audit report   postcss: [
220 silly audit report     {
220 silly audit report       id: 1117015,
220 silly audit report       url: 'https://github.com/advisories/GHSA-qx2v-qp2m-jg93',
220 silly audit report       title: 'PostCSS has XSS via Unescaped </style> in its CSS Stringify Output',
220 silly audit report       severity: 'moderate',
220 silly audit report       vulnerable_versions: '<8.5.10',
220 silly audit report       cwe: [Array],
220 silly audit report       cvss: [Object]
220 silly audit report     }
220 silly audit report   ]
220 silly audit report }
221 silly packumentCache corgi:https://registry.npmjs.org/postcss cache-miss
222 http fetch GET 200 https://registry.npmjs.org/@img/sharp-linuxmusl-x64/-/sharp-linuxmusl-x64-0.34.5.tgz 156ms (cache miss)
223 http fetch GET 200 https://registry.npmjs.org/postcss 73ms (cache updated)
224 silly packumentCache corgi:https://registry.npmjs.org/postcss set size:undefined disposed:false
225 silly packumentCache corgi:https://registry.npmjs.org/next cache-miss
226 http fetch GET 200 https://registry.npmjs.org/@unrs/resolver-binding-linux-x64-musl/-/resolver-binding-linux-x64-musl-1.11.1.tgz 218ms (cache miss)
227 http fetch GET 200 https://registry.npmjs.org/@tailwindcss/oxide-linux-x64-musl/-/oxide-linux-x64-musl-4.3.0.tgz 223ms (cache miss)
228 http fetch GET 200 https://registry.npmjs.org/lightningcss-linux-x64-musl/-/lightningcss-linux-x64-musl-1.32.0.tgz 374ms (cache miss)
229 http fetch GET 200 https://registry.npmjs.org/@img/sharp-libvips-linuxmusl-x64/-/sharp-libvips-linuxmusl-x64-1.2.4.tgz 6760ms (cache miss)
230 http fetch GET 200 https://registry.npmjs.org/next 6688ms (cache updated)
231 silly packumentCache corgi:https://registry.npmjs.org/next set size:undefined disposed:false
232 http fetch GET 200 https://registry.npmjs.org/@next/swc-linux-x64-musl/-/swc-linux-x64-musl-16.2.6.tgz 1638ms (cache miss)
233 silly ADD node_modules/mime-db
234 silly ADD node_modules/agent-base
235 silly ADD node_modules/delayed-stream
236 silly ADD node_modules/mime-types
237 silly ADD node_modules/combined-stream
238 silly ADD node_modules/asynckit
239 silly ADD node_modules/proxy-from-env
240 silly ADD node_modules/https-proxy-agent
241 silly ADD node_modules/form-data
242 silly ADD node_modules/follow-redirects
243 silly ADD node_modules/axios
244 silly ADD
245 silly ADD
246 silly ADD node_modules/lightningcss-linux-x64-musl
247 silly ADD
248 silly ADD
249 silly ADD
250 silly ADD
251 silly ADD
252 silly ADD
253 silly ADD
254 silly ADD
255 silly ADD
256 silly ADD
257 silly ADD
258 silly ADD node_modules/@unrs/resolver-binding-linux-x64-musl
259 silly ADD
260 silly ADD
261 silly ADD
262 silly ADD
263 silly ADD
264 silly ADD
265 silly ADD
266 silly ADD
267 silly ADD
268 silly ADD
269 silly ADD
270 silly ADD
271 silly ADD
272 silly ADD
273 silly ADD
274 silly ADD
275 silly ADD node_modules/@tailwindcss/oxide-linux-x64-musl
276 silly ADD
277 silly ADD
278 silly ADD
279 silly ADD
280 silly ADD
281 silly ADD
282 silly ADD
283 silly ADD
284 silly ADD
285 silly ADD node_modules/@next/swc-linux-x64-musl
286 silly ADD
287 silly ADD
288 silly ADD
289 silly ADD
290 silly ADD
291 silly ADD
292 silly ADD
293 silly ADD
294 silly ADD node_modules/@img/sharp-linuxmusl-x64
295 silly ADD
296 silly ADD
297 silly ADD
298 silly ADD
299 silly ADD
300 silly ADD
301 silly ADD node_modules/@img/sharp-libvips-linuxmusl-x64
302 silly ADD
303 silly ADD
304 silly ADD
305 silly ADD
306 silly ADD
307 silly ADD
308 silly ADD
309 silly ADD
310 silly ADD
311 silly ADD
312 verbose cwd /home/node/shift
313 verbose os Linux 6.6.87.2-microsoft-standard-WSL2
314 verbose node v22.22.1
315 verbose npm  v10.9.4
316 verbose exit 0
317 info ok
