0 verbose cli /usr/local/bin/node /usr/local/lib/node_modules/npm/bin/npm-cli.js
1 info using npm@10.9.4
2 info using node@v22.22.1
3 silly config load:file:/usr/local/lib/node_modules/npm/npmrc
4 silly config load:file:/home/node/.npmrc
5 silly config load:file:/usr/local/etc/npmrc
6 verbose title npm exec create-next-app@latest --ts shift
7 verbose argv "exec" "--" "create-next-app@latest" "--ts" "shift"
8 verbose logfile logs-max:10 dir:/home/node/.npm/_logs/2026-05-13T09_38_17_727Z-
9 verbose logfile /home/node/.npm/_logs/2026-05-13T09_38_17_727Z-debug-0.log
10 silly logfile start cleaning logs, removing 1 files
11 silly logfile done cleaning log files
12 silly packumentCache heap:4345298944 maxSize:1086324736 maxEntrySize:543162368
13 http fetch GET 200 https://registry.npmjs.org/create-next-app 602ms (cache revalidated)
14 silly packumentCache heap:4345298944 maxSize:1086324736 maxEntrySize:543162368
15 silly packumentCache heap:4345298944 maxSize:1086324736 maxEntrySize:543162368
16 verbose cwd /home/node
17 verbose os Linux 6.6.87.2-microsoft-standard-WSL2
18 verbose node v22.22.1
19 verbose npm  v10.9.4
20 verbose exit 0
21 info ok
