0 verbose cli /usr/local/bin/node /usr/local/bin/npm
1 info using npm@10.9.4
2 info using node@v22.22.1
3 silly config load:file:/usr/local/lib/node_modules/npm/npmrc
4 silly config load:file:/home/node/shift/.npmrc
5 silly config load:file:/home/node/.npmrc
6 silly config load:file:/usr/local/etc/npmrc
7 verbose title npm install react-hook-form
8 verbose argv "install" "react-hook-form"
9 verbose logfile logs-max:10 dir:/home/node/.npm/_logs/2026-05-27T10_20_06_773Z-
10 verbose logfile /home/node/.npm/_logs/2026-05-27T10_20_06_773Z-debug-0.log
11 silly logfile start cleaning logs, removing 1 files
12 silly logfile done cleaning log files
13 silly packumentCache heap:4345298944 maxSize:1086324736 maxEntrySize:543162368
14 silly idealTree buildDeps
15 silly fetch manifest react-hook-form@*
16 silly packumentCache full:https://registry.npmjs.org/react-hook-form cache-miss
17 verbose shrinkwrap failed to load node_modules/.package-lock.json out of date, updated: node_modules/axios
18 http fetch GET 200 https://registry.npmjs.org/react-hook-form 174ms (cache miss)
19 silly packumentCache full:https://registry.npmjs.org/react-hook-form set size:undefined disposed:false
20 silly fetch manifest react@19.2.4
21 silly packumentCache full:https://registry.npmjs.org/react cache-miss
22 http fetch GET 200 https://registry.npmjs.org/react 165ms (cache updated)
23 silly packumentCache full:https://registry.npmjs.org/react set size:undefined disposed:false
24 silly placeDep ROOT react-hook-form@7.76.1 OK for: shift@0.1.0 want: *
25 silly reify moves {}
26 verbose reify failed optional dependency /home/node/shift/node_modules/@tailwindcss/oxide-wasm32-wasi
27 silly reify mark deleted [ '/home/node/shift/node_modules/@tailwindcss/oxide-wasm32-wasi' ]
28 silly audit bulk request {
28 silly audit   '@alloc/quick-lru': [ '5.2.0' ],
28 silly audit   '@babel/code-frame': [ '7.29.0' ],
28 silly audit   '@babel/compat-data': [ '7.29.3' ],
28 silly audit   '@babel/core': [ '7.29.0' ],
28 silly audit   '@babel/generator': [ '7.29.1' ],
28 silly audit   '@babel/helper-compilation-targets': [ '7.28.6' ],
28 silly audit   '@babel/helper-globals': [ '7.28.0' ],
28 silly audit   '@babel/helper-module-imports': [ '7.28.6' ],
28 silly audit   '@babel/helper-module-transforms': [ '7.28.6' ],
28 silly audit   '@babel/helper-string-parser': [ '7.27.1' ],
28 silly audit   '@babel/helper-validator-identifier': [ '7.28.5' ],
28 silly audit   '@babel/helper-validator-option': [ '7.27.1' ],
28 silly audit   '@babel/helpers': [ '7.29.2' ],
28 silly audit   '@babel/parser': [ '7.29.3' ],
28 silly audit   '@babel/template': [ '7.28.6' ],
28 silly audit   '@babel/traverse': [ '7.29.0' ],
28 silly audit   '@babel/types': [ '7.29.0' ],
28 silly audit   '@emnapi/core': [ '1.10.0' ],
28 silly audit   '@emnapi/runtime': [ '1.10.0' ],
28 silly audit   '@emnapi/wasi-threads': [ '1.2.1' ],
28 silly audit   '@eslint-community/eslint-utils': [ '4.9.1' ],
28 silly audit   'eslint-visitor-keys': [ '3.4.3', '5.0.1', '4.2.1' ],
28 silly audit   '@eslint-community/regexpp': [ '4.12.2' ],
28 silly audit   '@eslint/config-array': [ '0.21.2' ],
28 silly audit   '@eslint/config-helpers': [ '0.4.2' ],
28 silly audit   '@eslint/core': [ '0.17.0' ],
28 silly audit   '@eslint/eslintrc': [ '3.3.5' ],
28 silly audit   '@eslint/js': [ '9.39.4' ],
28 silly audit   '@eslint/object-schema': [ '2.1.7' ],
28 silly audit   '@eslint/plugin-kit': [ '0.4.1' ],
28 silly audit   '@humanfs/core': [ '0.19.2' ],
28 silly audit   '@humanfs/node': [ '0.16.8' ],
28 silly audit   '@humanfs/types': [ '0.15.0' ],
28 silly audit   '@humanwhocodes/module-importer': [ '1.0.1' ],
28 silly audit   '@humanwhocodes/retry': [ '0.4.3' ],
28 silly audit   '@img/colour': [ '1.1.0' ],
28 silly audit   '@img/sharp-darwin-arm64': [ '0.34.5' ],
28 silly audit   '@img/sharp-darwin-x64': [ '0.34.5' ],
28 silly audit   '@img/sharp-libvips-darwin-arm64': [ '1.2.4' ],
28 silly audit   '@img/sharp-libvips-darwin-x64': [ '1.2.4' ],
28 silly audit   '@img/sharp-libvips-linux-arm': [ '1.2.4' ],
28 silly audit   '@img/sharp-libvips-linux-arm64': [ '1.2.4' ],
28 silly audit   '@img/sharp-libvips-linux-ppc64': [ '1.2.4' ],
28 silly audit   '@img/sharp-libvips-linux-riscv64': [ '1.2.4' ],
28 silly audit   '@img/sharp-libvips-linux-s390x': [ '1.2.4' ],
28 silly audit   '@img/sharp-libvips-linux-x64': [ '1.2.4' ],
28 silly audit   '@img/sharp-libvips-linuxmusl-arm64': [ '1.2.4' ],
28 silly audit   '@img/sharp-libvips-linuxmusl-x64': [ '1.2.4' ],
28 silly audit   '@img/sharp-linux-arm': [ '0.34.5' ],
28 silly audit   '@img/sharp-linux-arm64': [ '0.34.5' ],
28 silly audit   '@img/sharp-linux-ppc64': [ '0.34.5' ],
28 silly audit   '@img/sharp-linux-riscv64': [ '0.34.5' ],
28 silly audit   '@img/sharp-linux-s390x': [ '0.34.5' ],
28 silly audit   '@img/sharp-linux-x64': [ '0.34.5' ],
28 silly audit   '@img/sharp-linuxmusl-arm64': [ '0.34.5' ],
28 silly audit   '@img/sharp-linuxmusl-x64': [ '0.34.5' ],
28 silly audit   '@img/sharp-wasm32': [ '0.34.5' ],
28 silly audit   '@img/sharp-win32-arm64': [ '0.34.5' ],
28 silly audit   '@img/sharp-win32-ia32': [ '0.34.5' ],
28 silly audit   '@img/sharp-win32-x64': [ '0.34.5' ],
28 silly audit   '@jridgewell/gen-mapping': [ '0.3.13' ],
28 silly audit   '@jridgewell/remapping': [ '2.3.5' ],
28 silly audit   '@jridgewell/resolve-uri': [ '3.1.2' ],
28 silly audit   '@jridgewell/sourcemap-codec': [ '1.5.5' ],
28 silly audit   '@jridgewell/trace-mapping': [ '0.3.31' ],
28 silly audit   '@napi-rs/wasm-runtime': [ '1.1.4' ],
28 silly audit   '@next/env': [ '16.2.6' ],
28 silly audit   '@next/eslint-plugin-next': [ '16.2.6' ],
28 silly audit   '@next/swc-darwin-arm64': [ '16.2.6' ],
28 silly audit   '@next/swc-darwin-x64': [ '16.2.6' ],
28 silly audit   '@next/swc-linux-arm64-gnu': [ '16.2.6' ],
28 silly audit   '@next/swc-linux-arm64-musl': [ '16.2.6' ],
28 silly audit   '@next/swc-linux-x64-gnu': [ '16.2.6' ],
28 silly audit   '@next/swc-linux-x64-musl': [ '16.2.6' ],
28 silly audit   '@next/swc-win32-arm64-msvc': [ '16.2.6' ],
28 silly audit   '@next/swc-win32-x64-msvc': [ '16.2.6' ],
28 silly audit   '@nodelib/fs.scandir': [ '2.1.5' ],
28 silly audit   '@nodelib/fs.stat': [ '2.0.5' ],
28 silly audit   '@nodelib/fs.walk': [ '1.2.8' ],
28 silly audit   '@nolyfill/is-core-module': [ '1.0.39' ],
28 silly audit   '@rtsao/scc': [ '1.1.0' ],
28 silly audit   '@swc/helpers': [ '0.5.15' ],
28 silly audit   '@tailwindcss/node': [ '4.3.0' ],
28 silly audit   '@tailwindcss/oxide': [ '4.3.0' ],
28 silly audit   '@tailwindcss/oxide-android-arm64': [ '4.3.0' ],
28 silly audit   '@tailwindcss/oxide-darwin-arm64': [ '4.3.0' ],
28 silly audit   '@tailwindcss/oxide-darwin-x64': [ '4.3.0' ],
28 silly audit   '@tailwindcss/oxide-freebsd-x64': [ '4.3.0' ],
28 silly audit   '@tailwindcss/oxide-linux-arm-gnueabihf': [ '4.3.0' ],
28 silly audit   '@tailwindcss/oxide-linux-arm64-gnu': [ '4.3.0' ],
28 silly audit   '@tailwindcss/oxide-linux-arm64-musl': [ '4.3.0' ],
28 silly audit   '@tailwindcss/oxide-linux-x64-gnu': [ '4.3.0' ],
28 silly audit   '@tailwindcss/oxide-linux-x64-musl': [ '4.3.0' ],
28 silly audit   '@tailwindcss/oxide-win32-arm64-msvc': [ '4.3.0' ],
28 silly audit   '@tailwindcss/oxide-win32-x64-msvc': [ '4.3.0' ],
28 silly audit   '@tailwindcss/postcss': [ '4.3.0' ],
28 silly audit   '@tybys/wasm-util': [ '0.10.2' ],
28 silly audit   '@types/estree': [ '1.0.9' ],
28 silly audit   '@types/json-schema': [ '7.0.15' ],
28 silly audit   '@types/json5': [ '0.0.29' ],
28 silly audit   '@types/node': [ '20.19.41' ],
28 silly audit   '@types/react': [ '19.2.15' ],
28 silly audit   '@types/react-dom': [ '19.2.3' ],
28 silly audit   '@typescript-eslint/eslint-plugin': [ '8.59.4' ],
28 silly audit   ignore: [ '7.0.5', '5.3.2' ],
28 silly audit   '@typescript-eslint/parser': [ '8.59.4' ],
28 silly audit   '@typescript-eslint/project-service': [ '8.59.4' ],
28 silly audit   '@typescript-eslint/scope-manager': [ '8.59.4' ],
28 silly audit   '@typescript-eslint/tsconfig-utils': [ '8.59.4' ],
28 silly audit   '@typescript-eslint/type-utils': [ '8.59.4' ],
28 silly audit   '@typescript-eslint/types': [ '8.59.4' ],
28 silly audit   '@typescript-eslint/typescript-estree': [ '8.59.4' ],
28 silly audit   'balanced-match': [ '4.0.4', '1.0.2' ],
28 silly audit   'brace-expansion': [ '5.0.6', '1.1.14' ],
28 silly audit   minimatch: [ '10.2.5', '3.1.5' ],
28 silly audit   semver: [ '7.8.1', '6.3.1' ],
28 silly audit   '@typescript-eslint/utils': [ '8.59.4' ],
28 silly audit   '@typescript-eslint/visitor-keys': [ '8.59.4' ],
28 silly audit   '@unrs/resolver-binding-android-arm-eabi': [ '1.12.2' ],
28 silly audit   '@unrs/resolver-binding-android-arm64': [ '1.12.2' ],
28 silly audit   '@unrs/resolver-binding-darwin-arm64': [ '1.12.2' ],
28 silly audit   '@unrs/resolver-binding-darwin-x64': [ '1.12.2' ],
28 silly audit   '@unrs/resolver-binding-freebsd-x64': [ '1.12.2' ],
28 silly audit   '@unrs/resolver-binding-linux-arm-gnueabihf': [ '1.12.2' ],
28 silly audit   '@unrs/resolver-binding-linux-arm-musleabihf': [ '1.12.2' ],
28 silly audit   '@unrs/resolver-binding-linux-arm64-gnu': [ '1.12.2' ],
28 silly audit   '@unrs/resolver-binding-linux-arm64-musl': [ '1.12.2' ],
28 silly audit   '@unrs/resolver-binding-linux-loong64-gnu': [ '1.12.2' ],
28 silly audit   '@unrs/resolver-binding-linux-loong64-musl': [ '1.12.2' ],
28 silly audit   '@unrs/resolver-binding-linux-ppc64-gnu': [ '1.12.2' ],
28 silly audit   '@unrs/resolver-binding-linux-riscv64-gnu': [ '1.12.2' ],
28 silly audit   '@unrs/resolver-binding-linux-riscv64-musl': [ '1.12.2' ],
28 silly audit   '@unrs/resolver-binding-linux-s390x-gnu': [ '1.12.2' ],
28 silly audit   '@unrs/resolver-binding-linux-x64-gnu': [ '1.12.2' ],
28 silly audit   '@unrs/resolver-binding-linux-x64-musl': [ '1.12.2' ],
28 silly audit   '@unrs/resolver-binding-openharmony-arm64': [ '1.12.2' ],
28 silly audit   '@unrs/resolver-binding-wasm32-wasi': [ '1.12.2' ],
28 silly audit   '@unrs/resolver-binding-win32-arm64-msvc': [ '1.12.2' ],
28 silly audit   '@unrs/resolver-binding-win32-ia32-msvc': [ '1.12.2' ],
28 silly audit   '@unrs/resolver-binding-win32-x64-msvc': [ '1.12.2' ],
28 silly audit   acorn: [ '8.16.0' ],
28 silly audit   'acorn-jsx': [ '5.3.2' ],
28 silly audit   'agent-base': [ '6.0.2' ],
28 silly audit   ajv: [ '6.15.0' ],
28 silly audit   'ansi-styles': [ '4.3.0' ],
28 silly audit   argparse: [ '2.0.1' ],
28 silly audit   'aria-query': [ '5.3.2' ],
28 silly audit   'array-buffer-byte-length': [ '1.0.2' ],
28 silly audit   'array-includes': [ '3.1.9' ],
28 silly audit   'array.prototype.findlast': [ '1.2.5' ],
28 silly audit   'array.prototype.findlastindex': [ '1.2.6' ],
28 silly audit   'array.prototype.flat': [ '1.3.3' ],
28 silly audit   'array.prototype.flatmap': [ '1.3.3' ],
28 silly audit   'array.prototype.tosorted': [ '1.1.4' ],
28 silly audit   'arraybuffer.prototype.slice': [ '1.0.4' ],
28 silly audit   'ast-types-flow': [ '0.0.8' ],
28 silly audit   'async-function': [ '1.0.0' ],
28 silly audit   asynckit: [ '0.4.0' ],
28 silly audit   'available-typed-arrays': [ '1.0.7' ],
28 silly audit   'axe-core': [ '4.11.4' ],
28 silly audit   axios: [ '1.16.1' ],
28 silly audit   'axobject-query': [ '4.1.0' ],
28 silly audit   'baseline-browser-mapping': [ '2.10.32' ],
28 silly audit   braces: [ '3.0.3' ],
28 silly audit   browserslist: [ '4.28.2' ],
28 silly audit   'call-bind': [ '1.0.9' ],
28 silly audit   'call-bind-apply-helpers': [ '1.0.2' ],
28 silly audit   'call-bound': [ '1.0.4' ],
28 silly audit   callsites: [ '3.1.0' ],
28 silly audit   'caniuse-lite': [ '1.0.30001793' ],
28 silly audit   chalk: [ '4.1.2' ],
28 silly audit   'client-only': [ '0.0.1' ],
28 silly audit   'color-convert': [ '2.0.1' ],
28 silly audit   'color-name': [ '1.1.4' ],
28 silly audit   'combined-stream': [ '1.0.8' ],
28 silly audit   'concat-map': [ '0.0.1' ],
28 silly audit   'convert-source-map': [ '2.0.0' ],
28 silly audit   'cross-spawn': [ '7.0.6' ],
28 silly audit   csstype: [ '3.2.3' ],
28 silly audit   'damerau-levenshtein': [ '1.0.8' ],
28 silly audit   'data-view-buffer': [ '1.0.2' ],
28 silly audit   'data-view-byte-length': [ '1.0.2' ],
28 silly audit   'data-view-byte-offset': [ '1.0.1' ],
28 silly audit   debug: [ '4.4.3', '3.2.7' ],
28 silly audit   'deep-is': [ '0.1.4' ],
28 silly audit   'define-data-property': [ '1.1.4' ],
28 silly audit   'define-properties': [ '1.2.1' ],
28 silly audit   'delayed-stream': [ '1.0.0' ],
28 silly audit   'detect-libc': [ '2.1.2' ],
28 silly audit   doctrine: [ '2.1.0' ],
28 silly audit   'dunder-proto': [ '1.0.1' ],
28 silly audit   'electron-to-chromium': [ '1.5.361' ],
28 silly audit   'emoji-regex': [ '9.2.2' ],
28 silly audit   'enhanced-resolve': [ '5.22.0' ],
28 silly audit   'es-abstract': [ '1.24.2' ],
28 silly audit   'es-define-property': [ '1.0.1' ],
28 silly audit   'es-errors': [ '1.3.0' ],
28 silly audit   'es-iterator-helpers': [ '1.3.2' ],
28 silly audit   'es-object-atoms': [ '1.1.2' ],
28 silly audit   'es-set-tostringtag': [ '2.1.0' ],
28 silly audit   'es-shim-unscopables': [ '1.1.0' ],
28 silly audit   'es-to-primitive': [ '1.3.0' ],
28 silly audit   escalade: [ '3.2.0' ],
28 silly audit   'escape-string-regexp': [ '4.0.0' ],
28 silly audit   eslint: [ '9.39.4' ],
28 silly audit   'eslint-config-next': [ '16.2.6' ],
28 silly audit   globals: [ '16.4.0', '14.0.0' ],
28 silly audit   'eslint-import-resolver-node': [ '0.3.10' ],
28 silly audit   'eslint-import-resolver-typescript': [ '3.10.1' ],
28 silly audit   'eslint-module-utils': [ '2.12.1' ],
28 silly audit   'eslint-plugin-import': [ '2.32.0' ],
28 silly audit   'eslint-plugin-jsx-a11y': [ '6.10.2' ],
28 silly audit   'eslint-plugin-react': [ '7.37.5' ],
28 silly audit   'eslint-plugin-react-hooks': [ '7.1.1' ],
28 silly audit   'eslint-scope': [ '8.4.0' ],
28 silly audit   espree: [ '10.4.0' ],
28 silly audit   esquery: [ '1.7.0' ],
28 silly audit   esrecurse: [ '4.3.0' ],
28 silly audit   estraverse: [ '5.3.0' ],
28 silly audit   esutils: [ '2.0.3' ],
28 silly audit   'fast-deep-equal': [ '3.1.3' ],
28 silly audit   'fast-glob': [ '3.3.1' ],
28 silly audit   'glob-parent': [ '5.1.2', '6.0.2' ],
28 silly audit   'fast-json-stable-stringify': [ '2.1.0' ],
28 silly audit   'fast-levenshtein': [ '2.0.6' ],
28 silly audit   fastq: [ '1.20.1' ],
28 silly audit   'file-entry-cache': [ '8.0.0' ],
28 silly audit   'fill-range': [ '7.1.1' ],
28 silly audit   'find-up': [ '5.0.0' ],
28 silly audit   'flat-cache': [ '4.0.1' ],
28 silly audit   flatted: [ '3.4.2' ],
28 silly audit   'follow-redirects': [ '1.16.0' ],
28 silly audit   'for-each': [ '0.3.5' ],
28 silly audit   'form-data': [ '4.0.5' ],
28 silly audit   'function-bind': [ '1.1.2' ],
28 silly audit   'function.prototype.name': [ '1.1.8' ],
28 silly audit   'functions-have-names': [ '1.2.3' ],
28 silly audit   'generator-function': [ '2.0.1' ],
28 silly audit   gensync: [ '1.0.0-beta.2' ],
28 silly audit   'get-intrinsic': [ '1.3.0' ],
28 silly audit   'get-proto': [ '1.0.1' ],
28 silly audit   'get-symbol-description': [ '1.1.0' ],
28 silly audit   'get-tsconfig': [ '4.14.0' ],
28 silly audit   globalthis: [ '1.0.4' ],
28 silly audit   gopd: [ '1.2.0' ],
28 silly audit   'graceful-fs': [ '4.2.11' ],
28 silly audit   'has-bigints': [ '1.1.0' ],
28 silly audit   'has-flag': [ '4.0.0' ],
28 silly audit   'has-property-descriptors': [ '1.0.2' ],
28 silly audit   'has-proto': [ '1.2.0' ],
28 silly audit   'has-symbols': [ '1.1.0' ],
28 silly audit   'has-tostringtag': [ '1.0.2' ],
28 silly audit   hasown: [ '2.0.3' ],
28 silly audit   'hermes-estree': [ '0.25.1' ],
28 silly audit   'hermes-parser': [ '0.25.1' ],
28 silly audit   'https-proxy-agent': [ '5.0.1' ],
28 silly audit   'import-fresh': [ '3.3.1' ],
28 silly audit   imurmurhash: [ '0.1.4' ],
28 silly audit   'internal-slot': [ '1.1.0' ],
28 silly audit   'is-array-buffer': [ '3.0.5' ],
28 silly audit   'is-async-function': [ '2.1.1' ],
28 silly audit   'is-bigint': [ '1.1.0' ],
28 silly audit   'is-boolean-object': [ '1.2.2' ],
28 silly audit   'is-bun-module': [ '2.0.0' ],
28 silly audit   'is-callable': [ '1.2.7' ],
28 silly audit   'is-core-module': [ '2.16.2' ],
28 silly audit   'is-data-view': [ '1.0.2' ],
28 silly audit   'is-date-object': [ '1.1.0' ],
28 silly audit   'is-extglob': [ '2.1.1' ],
28 silly audit   'is-finalizationregistry': [ '1.1.1' ],
28 silly audit   'is-generator-function': [ '1.1.2' ],
28 silly audit   'is-glob': [ '4.0.3' ],
28 silly audit   'is-map': [ '2.0.3' ],
28 silly audit   'is-negative-zero': [ '2.0.3' ],
28 silly audit   'is-number': [ '7.0.0' ],
28 silly audit   'is-number-object': [ '1.1.1' ],
28 silly audit   'is-regex': [ '1.2.1' ],
28 silly audit   'is-set': [ '2.0.3' ],
28 silly audit   'is-shared-array-buffer': [ '1.0.4' ],
28 silly audit   'is-string': [ '1.1.1' ],
28 silly audit   'is-symbol': [ '1.1.1' ],
28 silly audit   'is-typed-array': [ '1.1.15' ],
28 silly audit   'is-weakmap': [ '2.0.2' ],
28 silly audit   'is-weakref': [ '1.1.1' ],
28 silly audit   'is-weakset': [ '2.0.4' ],
28 silly audit   isarray: [ '2.0.5' ],
28 silly audit   isexe: [ '2.0.0' ],
28 silly audit   'iterator.prototype': [ '1.1.5' ],
28 silly audit   jiti: [ '2.7.0' ],
28 silly audit   'js-tokens': [ '4.0.0' ],
28 silly audit   'js-yaml': [ '4.1.1' ],
28 silly audit   jsesc: [ '3.1.0' ],
28 silly audit   'json-buffer': [ '3.0.1' ],
28 silly audit   'json-schema-traverse': [ '0.4.1' ],
28 silly audit   'json-stable-stringify-without-jsonify': [ '1.0.1' ],
28 silly audit   json5: [ '2.2.3', '1.0.2' ],
28 silly audit   'jsx-ast-utils': [ '3.3.5' ],
28 silly audit   keyv: [ '4.5.4' ],
28 silly audit   'language-subtag-registry': [ '0.3.23' ],
28 silly audit   'language-tags': [ '1.0.9' ],
28 silly audit   levn: [ '0.4.1' ],
28 silly audit   lightningcss: [ '1.32.0' ],
28 silly audit   'lightningcss-android-arm64': [ '1.32.0' ],
28 silly audit   'lightningcss-darwin-arm64': [ '1.32.0' ],
28 silly audit   'lightningcss-darwin-x64': [ '1.32.0' ],
28 silly audit   'lightningcss-freebsd-x64': [ '1.32.0' ],
28 silly audit   'lightningcss-linux-arm-gnueabihf': [ '1.32.0' ],
28 silly audit   'lightningcss-linux-arm64-gnu': [ '1.32.0' ],
28 silly audit   'lightningcss-linux-arm64-musl': [ '1.32.0' ],
28 silly audit   'lightningcss-linux-x64-gnu': [ '1.32.0' ],
28 silly audit   'lightningcss-linux-x64-musl': [ '1.32.0' ],
28 silly audit   'lightningcss-win32-arm64-msvc': [ '1.32.0' ],
28 silly audit   'lightningcss-win32-x64-msvc': [ '1.32.0' ],
28 silly audit   'locate-path': [ '6.0.0' ],
28 silly audit   'lodash.merge': [ '4.6.2' ],
28 silly audit   'loose-envify': [ '1.4.0' ],
28 silly audit   'lru-cache': [ '5.1.1' ],
28 silly audit   'magic-string': [ '0.30.21' ],
28 silly audit   'math-intrinsics': [ '1.1.0' ],
28 silly audit   merge2: [ '1.4.1' ],
28 silly audit   micromatch: [ '4.0.8' ],
28 silly audit   'mime-db': [ '1.52.0' ],
28 silly audit   'mime-types': [ '2.1.35' ],
28 silly audit   minimist: [ '1.2.8' ],
28 silly audit   ms: [ '2.1.3' ],
28 silly audit   nanoid: [ '3.3.12' ],
28 silly audit   'napi-postinstall': [ '0.3.4' ],
28 silly audit   'natural-compare': [ '1.4.0' ],
28 silly audit   next: [ '16.2.6' ],
28 silly audit   postcss: [ '8.4.31', '8.5.15' ],
28 silly audit   'node-exports-info': [ '1.6.0' ],
28 silly audit   'node-releases': [ '2.0.46' ],
28 silly audit   'object-assign': [ '4.1.1' ],
28 silly audit   'object-inspect': [ '1.13.4' ],
28 silly audit   'object-keys': [ '1.1.1' ],
28 silly audit   'object.assign': [ '4.1.7' ],
28 silly audit   'object.entries': [ '1.1.9' ],
28 silly audit   'object.fromentries': [ '2.0.8' ],
28 silly audit   'object.groupby': [ '1.0.3' ],
28 silly audit   'object.values': [ '1.2.1' ],
28 silly audit   optionator: [ '0.9.4' ],
28 silly audit   'own-keys': [ '1.0.1' ],
28 silly audit   'p-limit': [ '3.1.0' ],
28 silly audit   'p-locate': [ '5.0.0' ],
28 silly audit   'parent-module': [ '1.0.1' ],
28 silly audit   'path-exists': [ '4.0.0' ],
28 silly audit   'path-key': [ '3.1.1' ],
28 silly audit   'path-parse': [ '1.0.7' ],
28 silly audit   picocolors: [ '1.1.1' ],
28 silly audit   picomatch: [ '2.3.2', '4.0.4' ],
28 silly audit   'possible-typed-array-names': [ '1.1.0' ],
28 silly audit   'prelude-ls': [ '1.2.1' ],
28 silly audit   'prop-types': [ '15.8.1' ],
28 silly audit   'proxy-from-env': [ '2.1.0' ],
28 silly audit   punycode: [ '2.3.1' ],
28 silly audit   'queue-microtask': [ '1.2.3' ],
28 silly audit   react: [ '19.2.4' ],
28 silly audit   'react-dom': [ '19.2.4' ],
28 silly audit   'react-is': [ '16.13.1' ],
28 silly audit   'reflect.getprototypeof': [ '1.0.10' ],
28 silly audit   'regexp.prototype.flags': [ '1.5.4' ],
28 silly audit   resolve: [ '2.0.0-next.7' ],
28 silly audit   'resolve-from': [ '4.0.0' ],
28 silly audit   'resolve-pkg-maps': [ '1.0.0' ],
28 silly audit   reusify: [ '1.1.0' ],
28 silly audit   'run-parallel': [ '1.2.0' ],
28 silly audit   'safe-array-concat': [ '1.1.4' ],
28 silly audit   'safe-push-apply': [ '1.0.0' ],
28 silly audit   'safe-regex-test': [ '1.1.0' ],
28 silly audit   scheduler: [ '0.27.0' ],
28 silly audit   'set-function-length': [ '1.2.2' ],
28 silly audit   'set-function-name': [ '2.0.2' ],
28 silly audit   'set-proto': [ '1.0.0' ],
28 silly audit   sharp: [ '0.34.5' ],
28 silly audit   'shebang-command': [ '2.0.0' ],
28 silly audit   'shebang-regex': [ '3.0.0' ],
28 silly audit   'side-channel': [ '1.1.0' ],
28 silly audit   'side-channel-list': [ '1.0.1' ],
28 silly audit   'side-channel-map': [ '1.0.1' ],
28 silly audit   'side-channel-weakmap': [ '1.0.2' ],
28 silly audit   'source-map-js': [ '1.2.1' ],
28 silly audit   'stable-hash': [ '0.0.5' ],
28 silly audit   'stop-iteration-iterator': [ '1.1.0' ],
28 silly audit   'string.prototype.includes': [ '2.0.1' ],
28 silly audit   'string.prototype.matchall': [ '4.0.12' ],
28 silly audit   'string.prototype.repeat': [ '1.0.0' ],
28 silly audit   'string.prototype.trim': [ '1.2.10' ],
28 silly audit   'string.prototype.trimend': [ '1.0.9' ],
28 silly audit   'string.prototype.trimstart': [ '1.0.8' ],
28 silly audit   'strip-bom': [ '3.0.0' ],
28 silly audit   'strip-json-comments': [ '3.1.1' ],
28 silly audit   'styled-jsx': [ '5.1.6' ],
28 silly audit   'supports-color': [ '7.2.0' ],
28 silly audit   'supports-preserve-symlinks-flag': [ '1.0.0' ],
28 silly audit   tailwindcss: [ '4.3.0' ],
28 silly audit   tapable: [ '2.3.3' ],
28 silly audit   tinyglobby: [ '0.2.16' ],
28 silly audit   fdir: [ '6.5.0' ],
28 silly audit   'to-regex-range': [ '5.0.1' ],
28 silly audit   'ts-api-utils': [ '2.5.0' ],
28 silly audit   'tsconfig-paths': [ '3.15.0' ],
28 silly audit   tslib: [ '2.8.1' ],
28 silly audit   'type-check': [ '0.4.0' ],
28 silly audit   'typed-array-buffer': [ '1.0.3' ],
28 silly audit   'typed-array-byte-length': [ '1.0.3' ],
28 silly audit   'typed-array-byte-offset': [ '1.0.4' ],
28 silly audit   'typed-array-length': [ '1.0.7' ],
28 silly audit   typescript: [ '5.9.3' ],
28 silly audit   'typescript-eslint': [ '8.59.4' ],
28 silly audit   'unbox-primitive': [ '1.1.0' ],
28 silly audit   'undici-types': [ '6.21.0' ],
28 silly audit   'unrs-resolver': [ '1.12.2' ],
28 silly audit   'update-browserslist-db': [ '1.2.3' ],
28 silly audit   'uri-js': [ '4.4.1' ],
28 silly audit   which: [ '2.0.2' ],
28 silly audit   'which-boxed-primitive': [ '1.1.1' ],
28 silly audit   'which-builtin-type': [ '1.2.1' ],
28 silly audit   'which-collection': [ '1.0.2' ],
28 silly audit   'which-typed-array': [ '1.1.20' ],
28 silly audit   'word-wrap': [ '1.2.5' ],
28 silly audit   yallist: [ '3.1.1' ],
28 silly audit   'yocto-queue': [ '0.1.0' ],
28 silly audit   zod: [ '4.4.3' ],
28 silly audit   'zod-validation-error': [ '4.0.2' ],
28 silly audit   'react-hook-form': [ '7.76.1' ],
28 silly audit   '@tailwindcss/oxide-wasm32-wasi': [ '4.3.0' ]
28 silly audit }
29 verbose reify failed optional dependency /home/node/shift/node_modules/lightningcss-win32-x64-msvc
30 silly reify mark deleted [ '/home/node/shift/node_modules/lightningcss-win32-x64-msvc' ]
31 verbose reify failed optional dependency /home/node/shift/node_modules/lightningcss-win32-arm64-msvc
32 silly reify mark deleted [ '/home/node/shift/node_modules/lightningcss-win32-arm64-msvc' ]
33 verbose reify failed optional dependency /home/node/shift/node_modules/lightningcss-linux-arm64-musl
34 silly reify mark deleted [ '/home/node/shift/node_modules/lightningcss-linux-arm64-musl' ]
35 verbose reify failed optional dependency /home/node/shift/node_modules/lightningcss-linux-arm64-gnu
36 silly reify mark deleted [ '/home/node/shift/node_modules/lightningcss-linux-arm64-gnu' ]
37 verbose reify failed optional dependency /home/node/shift/node_modules/lightningcss-linux-arm-gnueabihf
38 silly reify mark deleted [ '/home/node/shift/node_modules/lightningcss-linux-arm-gnueabihf' ]
39 verbose reify failed optional dependency /home/node/shift/node_modules/lightningcss-freebsd-x64
40 silly reify mark deleted [ '/home/node/shift/node_modules/lightningcss-freebsd-x64' ]
41 verbose reify failed optional dependency /home/node/shift/node_modules/lightningcss-darwin-x64
42 silly reify mark deleted [ '/home/node/shift/node_modules/lightningcss-darwin-x64' ]
43 verbose reify failed optional dependency /home/node/shift/node_modules/lightningcss-darwin-arm64
44 silly reify mark deleted [ '/home/node/shift/node_modules/lightningcss-darwin-arm64' ]
45 verbose reify failed optional dependency /home/node/shift/node_modules/lightningcss-android-arm64
46 silly reify mark deleted [ '/home/node/shift/node_modules/lightningcss-android-arm64' ]
47 verbose reify failed optional dependency /home/node/shift/node_modules/@unrs/resolver-binding-win32-x64-msvc
48 silly reify mark deleted [
48 silly reify   '/home/node/shift/node_modules/@unrs/resolver-binding-win32-x64-msvc'
48 silly reify ]
49 verbose reify failed optional dependency /home/node/shift/node_modules/@unrs/resolver-binding-win32-ia32-msvc
50 silly reify mark deleted [
50 silly reify   '/home/node/shift/node_modules/@unrs/resolver-binding-win32-ia32-msvc'
50 silly reify ]
51 verbose reify failed optional dependency /home/node/shift/node_modules/@unrs/resolver-binding-win32-arm64-msvc
52 silly reify mark deleted [
52 silly reify   '/home/node/shift/node_modules/@unrs/resolver-binding-win32-arm64-msvc'
52 silly reify ]
53 verbose reify failed optional dependency /home/node/shift/node_modules/@unrs/resolver-binding-wasm32-wasi
54 silly reify mark deleted [ '/home/node/shift/node_modules/@unrs/resolver-binding-wasm32-wasi' ]
55 verbose reify failed optional dependency /home/node/shift/node_modules/@unrs/resolver-binding-openharmony-arm64
56 silly reify mark deleted [
56 silly reify   '/home/node/shift/node_modules/@unrs/resolver-binding-openharmony-arm64'
56 silly reify ]
57 verbose reify failed optional dependency /home/node/shift/node_modules/@unrs/resolver-binding-linux-s390x-gnu
58 silly reify mark deleted [
58 silly reify   '/home/node/shift/node_modules/@unrs/resolver-binding-linux-s390x-gnu'
58 silly reify ]
59 verbose reify failed optional dependency /home/node/shift/node_modules/@unrs/resolver-binding-linux-riscv64-musl
60 silly reify mark deleted [
60 silly reify   '/home/node/shift/node_modules/@unrs/resolver-binding-linux-riscv64-musl'
60 silly reify ]
61 verbose reify failed optional dependency /home/node/shift/node_modules/@unrs/resolver-binding-linux-riscv64-gnu
62 silly reify mark deleted [
62 silly reify   '/home/node/shift/node_modules/@unrs/resolver-binding-linux-riscv64-gnu'
62 silly reify ]
63 verbose reify failed optional dependency /home/node/shift/node_modules/@unrs/resolver-binding-linux-ppc64-gnu
64 silly reify mark deleted [
64 silly reify   '/home/node/shift/node_modules/@unrs/resolver-binding-linux-ppc64-gnu'
64 silly reify ]
65 verbose reify failed optional dependency /home/node/shift/node_modules/@unrs/resolver-binding-linux-loong64-musl
66 silly reify mark deleted [
66 silly reify   '/home/node/shift/node_modules/@unrs/resolver-binding-linux-loong64-musl'
66 silly reify ]
67 verbose reify failed optional dependency /home/node/shift/node_modules/@unrs/resolver-binding-linux-loong64-gnu
68 silly reify mark deleted [
68 silly reify   '/home/node/shift/node_modules/@unrs/resolver-binding-linux-loong64-gnu'
68 silly reify ]
69 verbose reify failed optional dependency /home/node/shift/node_modules/@unrs/resolver-binding-linux-arm64-musl
70 silly reify mark deleted [
70 silly reify   '/home/node/shift/node_modules/@unrs/resolver-binding-linux-arm64-musl'
70 silly reify ]
71 verbose reify failed optional dependency /home/node/shift/node_modules/@unrs/resolver-binding-linux-arm64-gnu
72 silly reify mark deleted [
72 silly reify   '/home/node/shift/node_modules/@unrs/resolver-binding-linux-arm64-gnu'
72 silly reify ]
73 verbose reify failed optional dependency /home/node/shift/node_modules/@unrs/resolver-binding-linux-arm-musleabihf
74 silly reify mark deleted [
74 silly reify   '/home/node/shift/node_modules/@unrs/resolver-binding-linux-arm-musleabihf'
74 silly reify ]
75 verbose reify failed optional dependency /home/node/shift/node_modules/@unrs/resolver-binding-linux-arm-gnueabihf
76 silly reify mark deleted [
76 silly reify   '/home/node/shift/node_modules/@unrs/resolver-binding-linux-arm-gnueabihf'
76 silly reify ]
77 verbose reify failed optional dependency /home/node/shift/node_modules/@unrs/resolver-binding-freebsd-x64
78 silly reify mark deleted [ '/home/node/shift/node_modules/@unrs/resolver-binding-freebsd-x64' ]
79 verbose reify failed optional dependency /home/node/shift/node_modules/@unrs/resolver-binding-darwin-x64
80 silly reify mark deleted [ '/home/node/shift/node_modules/@unrs/resolver-binding-darwin-x64' ]
81 verbose reify failed optional dependency /home/node/shift/node_modules/@unrs/resolver-binding-darwin-arm64
82 silly reify mark deleted [ '/home/node/shift/node_modules/@unrs/resolver-binding-darwin-arm64' ]
83 verbose reify failed optional dependency /home/node/shift/node_modules/@unrs/resolver-binding-android-arm64
84 silly reify mark deleted [
84 silly reify   '/home/node/shift/node_modules/@unrs/resolver-binding-android-arm64'
84 silly reify ]
85 verbose reify failed optional dependency /home/node/shift/node_modules/@unrs/resolver-binding-android-arm-eabi
86 silly reify mark deleted [
86 silly reify   '/home/node/shift/node_modules/@unrs/resolver-binding-android-arm-eabi'
86 silly reify ]
87 verbose reify failed optional dependency /home/node/shift/node_modules/@tailwindcss/oxide-win32-x64-msvc
88 silly reify mark deleted [ '/home/node/shift/node_modules/@tailwindcss/oxide-win32-x64-msvc' ]
89 verbose reify failed optional dependency /home/node/shift/node_modules/@tailwindcss/oxide-win32-arm64-msvc
90 silly reify mark deleted [ '/home/node/shift/node_modules/@tailwindcss/oxide-win32-arm64-msvc' ]
91 verbose reify failed optional dependency /home/node/shift/node_modules/@tailwindcss/oxide-linux-arm64-musl
92 silly reify mark deleted [ '/home/node/shift/node_modules/@tailwindcss/oxide-linux-arm64-musl' ]
93 verbose reify failed optional dependency /home/node/shift/node_modules/@tailwindcss/oxide-linux-arm64-gnu
94 silly reify mark deleted [ '/home/node/shift/node_modules/@tailwindcss/oxide-linux-arm64-gnu' ]
95 verbose reify failed optional dependency /home/node/shift/node_modules/@tailwindcss/oxide-linux-arm-gnueabihf
96 silly reify mark deleted [
96 silly reify   '/home/node/shift/node_modules/@tailwindcss/oxide-linux-arm-gnueabihf'
96 silly reify ]
97 verbose reify failed optional dependency /home/node/shift/node_modules/@tailwindcss/oxide-freebsd-x64
98 silly reify mark deleted [ '/home/node/shift/node_modules/@tailwindcss/oxide-freebsd-x64' ]
99 verbose reify failed optional dependency /home/node/shift/node_modules/@tailwindcss/oxide-darwin-x64
100 silly reify mark deleted [ '/home/node/shift/node_modules/@tailwindcss/oxide-darwin-x64' ]
101 verbose reify failed optional dependency /home/node/shift/node_modules/@tailwindcss/oxide-darwin-arm64
102 silly reify mark deleted [ '/home/node/shift/node_modules/@tailwindcss/oxide-darwin-arm64' ]
103 verbose reify failed optional dependency /home/node/shift/node_modules/@tailwindcss/oxide-android-arm64
104 silly reify mark deleted [ '/home/node/shift/node_modules/@tailwindcss/oxide-android-arm64' ]
105 verbose reify failed optional dependency /home/node/shift/node_modules/@next/swc-win32-x64-msvc
106 silly reify mark deleted [ '/home/node/shift/node_modules/@next/swc-win32-x64-msvc' ]
107 verbose reify failed optional dependency /home/node/shift/node_modules/@next/swc-win32-arm64-msvc
108 silly reify mark deleted [ '/home/node/shift/node_modules/@next/swc-win32-arm64-msvc' ]
109 verbose reify failed optional dependency /home/node/shift/node_modules/@next/swc-linux-arm64-musl
110 silly reify mark deleted [ '/home/node/shift/node_modules/@next/swc-linux-arm64-musl' ]
111 verbose reify failed optional dependency /home/node/shift/node_modules/@next/swc-linux-arm64-gnu
112 silly reify mark deleted [ '/home/node/shift/node_modules/@next/swc-linux-arm64-gnu' ]
113 verbose reify failed optional dependency /home/node/shift/node_modules/@next/swc-darwin-x64
114 silly reify mark deleted [ '/home/node/shift/node_modules/@next/swc-darwin-x64' ]
115 verbose reify failed optional dependency /home/node/shift/node_modules/@next/swc-darwin-arm64
116 silly reify mark deleted [ '/home/node/shift/node_modules/@next/swc-darwin-arm64' ]
117 verbose reify failed optional dependency /home/node/shift/node_modules/@img/sharp-win32-x64
118 silly reify mark deleted [ '/home/node/shift/node_modules/@img/sharp-win32-x64' ]
119 verbose reify failed optional dependency /home/node/shift/node_modules/@img/sharp-win32-ia32
120 silly reify mark deleted [ '/home/node/shift/node_modules/@img/sharp-win32-ia32' ]
121 verbose reify failed optional dependency /home/node/shift/node_modules/@img/sharp-win32-arm64
122 silly reify mark deleted [ '/home/node/shift/node_modules/@img/sharp-win32-arm64' ]
123 verbose reify failed optional dependency /home/node/shift/node_modules/@img/sharp-wasm32
124 silly reify mark deleted [ '/home/node/shift/node_modules/@img/sharp-wasm32' ]
125 verbose reify failed optional dependency /home/node/shift/node_modules/@img/sharp-linuxmusl-arm64
126 silly reify mark deleted [ '/home/node/shift/node_modules/@img/sharp-linuxmusl-arm64' ]
127 verbose reify failed optional dependency /home/node/shift/node_modules/@img/sharp-linux-s390x
128 silly reify mark deleted [ '/home/node/shift/node_modules/@img/sharp-linux-s390x' ]
129 verbose reify failed optional dependency /home/node/shift/node_modules/@img/sharp-linux-riscv64
130 silly reify mark deleted [ '/home/node/shift/node_modules/@img/sharp-linux-riscv64' ]
131 verbose reify failed optional dependency /home/node/shift/node_modules/@img/sharp-linux-ppc64
132 silly reify mark deleted [ '/home/node/shift/node_modules/@img/sharp-linux-ppc64' ]
133 verbose reify failed optional dependency /home/node/shift/node_modules/@img/sharp-linux-arm64
134 silly reify mark deleted [ '/home/node/shift/node_modules/@img/sharp-linux-arm64' ]
135 verbose reify failed optional dependency /home/node/shift/node_modules/@img/sharp-linux-arm
136 silly reify mark deleted [ '/home/node/shift/node_modules/@img/sharp-linux-arm' ]
137 verbose reify failed optional dependency /home/node/shift/node_modules/@img/sharp-libvips-linuxmusl-arm64
138 silly reify mark deleted [ '/home/node/shift/node_modules/@img/sharp-libvips-linuxmusl-arm64' ]
139 verbose reify failed optional dependency /home/node/shift/node_modules/@img/sharp-libvips-linux-s390x
140 silly reify mark deleted [ '/home/node/shift/node_modules/@img/sharp-libvips-linux-s390x' ]
141 verbose reify failed optional dependency /home/node/shift/node_modules/@img/sharp-libvips-linux-riscv64
142 silly reify mark deleted [ '/home/node/shift/node_modules/@img/sharp-libvips-linux-riscv64' ]
143 verbose reify failed optional dependency /home/node/shift/node_modules/@img/sharp-libvips-linux-ppc64
144 silly reify mark deleted [ '/home/node/shift/node_modules/@img/sharp-libvips-linux-ppc64' ]
145 verbose reify failed optional dependency /home/node/shift/node_modules/@img/sharp-libvips-linux-arm64
146 silly reify mark deleted [ '/home/node/shift/node_modules/@img/sharp-libvips-linux-arm64' ]
147 verbose reify failed optional dependency /home/node/shift/node_modules/@img/sharp-libvips-linux-arm
148 silly reify mark deleted [ '/home/node/shift/node_modules/@img/sharp-libvips-linux-arm' ]
149 verbose reify failed optional dependency /home/node/shift/node_modules/@img/sharp-libvips-darwin-x64
150 silly reify mark deleted [ '/home/node/shift/node_modules/@img/sharp-libvips-darwin-x64' ]
151 verbose reify failed optional dependency /home/node/shift/node_modules/@img/sharp-libvips-darwin-arm64
152 silly reify mark deleted [ '/home/node/shift/node_modules/@img/sharp-libvips-darwin-arm64' ]
153 verbose reify failed optional dependency /home/node/shift/node_modules/@img/sharp-darwin-x64
154 silly reify mark deleted [ '/home/node/shift/node_modules/@img/sharp-darwin-x64' ]
155 verbose reify failed optional dependency /home/node/shift/node_modules/@img/sharp-darwin-arm64
156 silly reify mark deleted [ '/home/node/shift/node_modules/@img/sharp-darwin-arm64' ]
157 http cache react-hook-form@https://registry.npmjs.org/react-hook-form/-/react-hook-form-7.76.1.tgz 0ms (cache hit)
158 http cache lightningcss-linux-x64-musl@https://registry.npmjs.org/lightningcss-linux-x64-musl/-/lightningcss-linux-x64-musl-1.32.0.tgz 0ms (cache hit)
159 http cache @unrs/resolver-binding-linux-x64-musl@https://registry.npmjs.org/@unrs/resolver-binding-linux-x64-musl/-/resolver-binding-linux-x64-musl-1.12.2.tgz 0ms (cache hit)
160 http cache @tailwindcss/oxide-linux-x64-musl@https://registry.npmjs.org/@tailwindcss/oxide-linux-x64-musl/-/oxide-linux-x64-musl-4.3.0.tgz 0ms (cache hit)
161 http cache @img/sharp-linuxmusl-x64@https://registry.npmjs.org/@img/sharp-linuxmusl-x64/-/sharp-linuxmusl-x64-0.34.5.tgz 0ms (cache hit)
162 http cache @img/sharp-libvips-linuxmusl-x64@https://registry.npmjs.org/@img/sharp-libvips-linuxmusl-x64/-/sharp-libvips-linuxmusl-x64-1.2.4.tgz 0ms (cache hit)
163 http cache @next/swc-linux-x64-musl@https://registry.npmjs.org/@next/swc-linux-x64-musl/-/swc-linux-x64-musl-16.2.6.tgz 0ms (cache hit)
164 silly tarball no local data for react-hook-form@https://registry.npmjs.org/react-hook-form/-/react-hook-form-7.76.1.tgz. Extracting by manifest.
165 silly tarball no local data for @unrs/resolver-binding-linux-x64-musl@https://registry.npmjs.org/@unrs/resolver-binding-linux-x64-musl/-/resolver-binding-linux-x64-musl-1.12.2.tgz. Extracting by manifest.
166 http fetch POST 200 https://registry.npmjs.org/-/npm/v1/security/advisories/bulk 459ms
167 silly audit report {
167 silly audit report   postcss: [
167 silly audit report     {
167 silly audit report       id: 1117015,
167 silly audit report       url: 'https://github.com/advisories/GHSA-qx2v-qp2m-jg93',
167 silly audit report       title: 'PostCSS has XSS via Unescaped </style> in its CSS Stringify Output',
167 silly audit report       severity: 'moderate',
167 silly audit report       vulnerable_versions: '<8.5.10',
167 silly audit report       cwe: [Array],
167 silly audit report       cvss: [Object]
167 silly audit report     }
167 silly audit report   ]
167 silly audit report }
168 silly packumentCache corgi:https://registry.npmjs.org/postcss cache-miss
169 http fetch GET 200 https://registry.npmjs.org/postcss 35ms (cache revalidated)
170 silly packumentCache corgi:https://registry.npmjs.org/postcss set size:344717 disposed:false
171 silly packumentCache corgi:https://registry.npmjs.org/next cache-miss
172 http fetch GET 200 https://registry.npmjs.org/@unrs/resolver-binding-linux-x64-musl/-/resolver-binding-linux-x64-musl-1.12.2.tgz 580ms (cache miss)
173 http fetch GET 200 https://registry.npmjs.org/react-hook-form/-/react-hook-form-7.76.1.tgz 617ms (cache miss)
174 http fetch GET 200 https://registry.npmjs.org/next 409ms (cache updated)
175 silly packumentCache corgi:https://registry.npmjs.org/next set size:undefined disposed:false
176 silly ADD node_modules/react-hook-form
177 silly ADD
178 silly ADD
179 silly ADD node_modules/lightningcss-linux-x64-musl
180 silly ADD
181 silly ADD
182 silly ADD
183 silly ADD
184 silly ADD
185 silly ADD
186 silly ADD
187 silly ADD
188 silly ADD
189 silly ADD
190 silly ADD
191 silly ADD
192 silly ADD node_modules/@unrs/resolver-binding-linux-x64-musl
193 silly ADD
194 silly ADD
195 silly ADD
196 silly ADD
197 silly ADD
198 silly ADD
199 silly ADD
200 silly ADD
201 silly ADD
202 silly ADD
203 silly ADD
204 silly ADD
205 silly ADD
206 silly ADD
207 silly ADD
208 silly ADD
209 silly ADD
210 silly ADD
211 silly ADD node_modules/@tailwindcss/oxide-linux-x64-musl
212 silly ADD
213 silly ADD
214 silly ADD
215 silly ADD
216 silly ADD
217 silly ADD
218 silly ADD
219 silly ADD
220 silly ADD
221 silly ADD node_modules/@next/swc-linux-x64-musl
222 silly ADD
223 silly ADD
224 silly ADD
225 silly ADD
226 silly ADD
227 silly ADD
228 silly ADD
229 silly ADD
230 silly ADD node_modules/@img/sharp-linuxmusl-x64
231 silly ADD
232 silly ADD
233 silly ADD
234 silly ADD
235 silly ADD
236 silly ADD
237 silly ADD node_modules/@img/sharp-libvips-linuxmusl-x64
238 silly ADD
239 silly ADD
240 silly ADD
241 silly ADD
242 silly ADD
243 silly ADD
244 silly ADD
245 silly ADD
246 silly ADD
247 silly ADD
248 verbose cwd /home/node/shift
249 verbose os Linux 6.6.87.2-microsoft-standard-WSL2
250 verbose node v22.22.1
251 verbose npm  v10.9.4
252 verbose exit 0
253 info ok
