0 verbose cli /usr/local/bin/node /usr/local/bin/npm
1 info using npm@10.9.4
2 info using node@v22.22.1
3 silly config load:file:/usr/local/lib/node_modules/npm/npmrc
4 silly config load:file:/home/node/.cache/typescript/6.0/.npmrc
5 silly config load:file:/home/node/.npmrc
6 silly config load:file:/usr/local/etc/npmrc
7 verbose title npm install types-registry@latest
8 verbose argv "install" "--ignore-scripts" "types-registry@latest"
9 verbose logfile logs-max:10 dir:/home/node/.npm/_logs/2026-05-24T06_46_09_682Z-
10 verbose logfile /home/node/.npm/_logs/2026-05-24T06_46_09_682Z-debug-0.log
11 silly logfile start cleaning logs, removing 1 files
12 silly logfile done cleaning log files
13 silly packumentCache heap:4345298944 maxSize:1086324736 maxEntrySize:543162368
14 silly packumentCache corgi:https://registry.npmjs.org/types-registry cache-miss
15 http fetch GET 200 https://registry.npmjs.org/types-registry 55ms (cache revalidated)
16 silly packumentCache corgi:https://registry.npmjs.org/types-registry set size:625292 disposed:false
17 silly idealTree buildDeps
18 silly fetch manifest types-registry@0.1.771
19 silly packumentCache full:https://registry.npmjs.org/types-registry cache-miss
20 http fetch GET 200 https://registry.npmjs.org/types-registry 26ms (cache revalidated)
21 silly packumentCache full:https://registry.npmjs.org/types-registry set size:1354319 disposed:false
22 silly placeDep ROOT types-registry@0.1.771 REPLACE for:  want: 0.1.771
23 silly reify moves {}
24 silly audit bulk request {
24 silly audit   '@types/react': [ '19.2.15' ],
24 silly audit   '@types/react-dom': [ '19.2.3' ],
24 silly audit   csstype: [ '3.2.3' ],
24 silly audit   'types-registry': [ '0.1.771' ]
24 silly audit }
25 http fetch POST 200 https://registry.npmjs.org/-/npm/v1/security/advisories/bulk 122ms
26 silly audit report {}
27 verbose cwd /home/node/.cache/typescript/6.0
28 verbose os Linux 6.6.87.2-microsoft-standard-WSL2
29 verbose node v22.22.1
30 verbose npm  v10.9.4
31 verbose exit 0
32 info ok
