2026-05-13 09:00:01.485 [info] Extension host with pid 328 started
2026-05-13 09:00:01.490 [info] Lock '/home/node/.vscode-server/data/User/workspaceStorage/711da0720457d74d19c18b7056ab53a4/vscode.lock': Lock acquired.
2026-05-13 09:00:01.525 [info] ExtensionService#_doActivateExtension vscode.emmet, startup: false, activationEvent: 'onLanguage'
2026-05-13 09:00:01.698 [info] ExtensionService#_doActivateExtension vscode.git-base, startup: true, activationEvent: '*', root cause: vscode.git
2026-05-13 09:00:01.831 [info] ExtensionService#_doActivateExtension vscode.git, startup: true, activationEvent: '*'
2026-05-13 09:00:01.831 [info] ExtensionService#_doActivateExtension vscode.github, startup: true, activationEvent: '*'
2026-05-13 09:00:01.969 [info] Eager extensions activated
2026-05-13 09:00:01.969 [info] ExtensionService#_doActivateExtension vscode.debug-auto-launch, startup: false, activationEvent: 'onStartupFinished'
2026-05-13 09:00:01.969 [info] ExtensionService#_doActivateExtension vscode.merge-conflict, startup: false, activationEvent: 'onStartupFinished'
2026-05-13 09:00:03.311 [info] Extension host terminating: received terminate message from renderer
2026-05-13 09:00:03.312 [info] Lock '/home/node/.vscode-server/data/User/workspaceStorage/711da0720457d74d19c18b7056ab53a4/vscode.lock': Marking the lockfile as scheduled to be released in 6000 ms.
2026-05-13 09:00:03.411 [error] ProxyResolver#addCertificatesV1 Canceled: Canceled
	at new GI (file:///vscode/vscode-server/bin/linux-x64/0958016b2af9f09bb4257e0df4a95e2f90590f9f/out/vs/workbench/api/node/extensionHostProcess.js:407:151613)
	at i._remoteCall (file:///vscode/vscode-server/bin/linux-x64/0958016b2af9f09bb4257e0df4a95e2f90590f9f/out/vs/workbench/api/node/extensionHostProcess.js:407:157665)
	at r.<computed>.s.charCodeAt.r.<computed> (file:///vscode/vscode-server/bin/linux-x64/0958016b2af9f09bb4257e0df4a95e2f90590f9f/out/vs/workbench/api/node/extensionHostProcess.js:407:154460)
	at og.loadCertificates (file:///vscode/vscode-server/bin/linux-x64/0958016b2af9f09bb4257e0df4a95e2f90590f9f/out/vs/workbench/api/node/extensionHostProcess.js:499:80348)
	at Object.loadAdditionalCertificates (file:///vscode/vscode-server/bin/linux-x64/0958016b2af9f09bb4257e0df4a95e2f90590f9f/out/vs/workbench/api/node/extensionHostProcess.js:643:22349)
	at /vscode/vscode-server/bin/linux-x64/0958016b2af9f09bb4257e0df4a95e2f90590f9f/node_modules/@vscode/proxy-agent/out/index.js:1055:49
	at Generator.next (<anonymous>)
	at /vscode/vscode-server/bin/linux-x64/0958016b2af9f09bb4257e0df4a95e2f90590f9f/node_modules/@vscode/proxy-agent/out/index.js:35:71
	at new Promise (<anonymous>)
	at __awaiter (/vscode/vscode-server/bin/linux-x64/0958016b2af9f09bb4257e0df4a95e2f90590f9f/node_modules/@vscode/proxy-agent/out/index.js:31:12)
	at /vscode/vscode-server/bin/linux-x64/0958016b2af9f09bb4257e0df4a95e2f90590f9f/node_modules/@vscode/proxy-agent/out/index.js:1054:33
	at /vscode/vscode-server/bin/linux-x64/0958016b2af9f09bb4257e0df4a95e2f90590f9f/node_modules/@vscode/proxy-agent/out/index.js:1057:20
	at Generator.next (<anonymous>)
	at /vscode/vscode-server/bin/linux-x64/0958016b2af9f09bb4257e0df4a95e2f90590f9f/node_modules/@vscode/proxy-agent/out/index.js:35:71
	at new Promise (<anonymous>)
	at __awaiter (/vscode/vscode-server/bin/linux-x64/0958016b2af9f09bb4257e0df4a95e2f90590f9f/node_modules/@vscode/proxy-agent/out/index.js:31:12)
	at getOrLoadAdditionalCertificates (/vscode/vscode-server/bin/linux-x64/0958016b2af9f09bb4257e0df4a95e2f90590f9f/node_modules/@vscode/proxy-agent/out/index.js:1050:12)
	at addCertificatesToOptionsV1 (/vscode/vscode-server/bin/linux-x64/0958016b2af9f09bb4257e0df4a95e2f90590f9f/node_modules/@vscode/proxy-agent/out/index.js:1029:9)
	at resolveProxyWithRequest (/vscode/vscode-server/bin/linux-x64/0958016b2af9f09bb4257e0df4a95e2f90590f9f/node_modules/@vscode/proxy-agent/out/index.js:140:9)
	at /vscode/vscode-server/bin/linux-x64/0958016b2af9f09bb4257e0df4a95e2f90590f9f/node_modules/@vscode/proxy-agent/out/index.js:372:77
	at new Promise (<anonymous>)
	at PacProxyAgent.resolveP [as resolver] (/vscode/vscode-server/bin/linux-x64/0958016b2af9f09bb4257e0df4a95e2f90590f9f/node_modules/@vscode/proxy-agent/out/index.js:372:54)
	at PacProxyAgent.<anonymous> (/vscode/vscode-server/bin/linux-x64/0958016b2af9f09bb4257e0df4a95e2f90590f9f/node_modules/@vscode/proxy-agent/out/agent.js:74:37)
	at Generator.next (<anonymous>)
	at /vscode/vscode-server/bin/linux-x64/0958016b2af9f09bb4257e0df4a95e2f90590f9f/node_modules/@vscode/proxy-agent/out/agent.js:8:71
	at new Promise (<anonymous>)
	at __awaiter (/vscode/vscode-server/bin/linux-x64/0958016b2af9f09bb4257e0df4a95e2f90590f9f/node_modules/@vscode/proxy-agent/out/agent.js:4:12)
	at PacProxyAgent.connect (/vscode/vscode-server/bin/linux-x64/0958016b2af9f09bb4257e0df4a95e2f90590f9f/node_modules/@vscode/proxy-agent/out/agent.js:56:16)
	at /vscode/vscode-server/bin/linux-x64/0958016b2af9f09bb4257e0df4a95e2f90590f9f/node_modules/agent-base/dist/index.js:132:30
	at process.processTicksAndRejections (node:internal/process/task_queues:103:5)
2026-05-13 09:00:03.412 [info] Extension host with pid 328 exiting with code 0
