2026-05-14 12:29:48.831 [info] Extension host with pid 1356 started
2026-05-14 12:29:48.831 [error] Error: EEXIST: file already exists, open '/home/node/.vscode-server/data/User/workspaceStorage/711da0720457d74d19c18b7056ab53a4/vscode.lock'
2026-05-14 12:29:48.831 [info] Lock '/home/node/.vscode-server/data/User/workspaceStorage/711da0720457d74d19c18b7056ab53a4/vscode.lock': Could not acquire lock, checking if the file is stale.
2026-05-14 12:29:48.831 [info] Lock '/home/node/.vscode-server/data/User/workspaceStorage/711da0720457d74d19c18b7056ab53a4/vscode.lock': The lock does not look stale, elapsed: 599 ms, giving up.
2026-05-14 12:29:48.838 [info] Lock '/home/node/.vscode-server/data/User/workspaceStorage/711da0720457d74d19c18b7056ab53a4-1/vscode.lock': Lock acquired.
2026-05-14 12:29:48.882 [info] ExtensionService#_doActivateExtension vscode.emmet, startup: false, activationEvent: 'onLanguage'
2026-05-14 12:29:48.883 [info] ExtensionService#_doActivateExtension vscode.typescript-language-features, startup: false, activationEvent: 'onLanguage:typescriptreact'
2026-05-14 12:29:49.158 [info] ExtensionService#_doActivateExtension vscode.git-base, startup: true, activationEvent: '*', root cause: vscode.git
2026-05-14 12:29:49.160 [info] ExtensionService#_doActivateExtension vscode.npm, startup: true, activationEvent: 'workspaceContains:package.json'
2026-05-14 12:29:49.402 [info] ExtensionService#_doActivateExtension vscode.git, startup: true, activationEvent: '*'
2026-05-14 12:29:49.402 [info] ExtensionService#_doActivateExtension vscode.github, startup: true, activationEvent: '*'
2026-05-14 12:29:49.215 [info] Eager extensions activated
2026-05-14 12:29:49.215 [info] ExtensionService#_doActivateExtension vscode.debug-auto-launch, startup: false, activationEvent: 'onStartupFinished'
2026-05-14 12:29:49.215 [info] ExtensionService#_doActivateExtension vscode.merge-conflict, startup: false, activationEvent: 'onStartupFinished'
2026-05-14 12:29:49.218 [info] ExtensionService#_doActivateExtension vscode.terminal-suggest, startup: false, activationEvent: 'onTerminalShellIntegration:*'
2026-05-14 12:30:01.689 [info] ExtensionService#_doActivateExtension vscode.configuration-editing, startup: false, activationEvent: 'onLanguage:json'
2026-05-14 12:30:01.689 [info] ExtensionService#_doActivateExtension vscode.extension-editing, startup: false, activationEvent: 'onLanguage:json'
2026-05-14 12:30:01.689 [info] ExtensionService#_doActivateExtension vscode.json-language-features, startup: false, activationEvent: 'onLanguage:json'
2026-05-14 12:31:37.395 [info] ExtensionService#_doActivateExtension vscode.tunnel-forwarding, startup: false, activationEvent: 'onTunnel'
2026-05-14 14:41:51.516 [info] Extension host terminating: received terminate message from renderer
2026-05-14 14:41:51.516 [info] Lock '/home/node/.vscode-server/data/User/workspaceStorage/711da0720457d74d19c18b7056ab53a4-1/vscode.lock': Marking the lockfile as scheduled to be released in 6000 ms.
2026-05-14 14:41:51.547 [info] Extension host with pid 1356 exiting with code 0
