2026-03-15 12:27:17.318 [info] [main] ログ レベル: Info
2026-03-15 12:27:17.318 [info] [main] Git の検証が検出されました: "git"
2026-03-15 12:27:17.318 [info] [main] "git" から Git "2.39.5" を使用しています
2026-03-15 12:27:17.318 [info] [Model][doInitialScan] Initial repository scan started
2026-03-15 12:27:17.318 [info] > git rev-parse --show-toplevel [8ms]
2026-03-15 12:27:17.318 [info] fatal: not a git repository (or any parent up to mount point /workspaces)
Stopping at filesystem boundary (GIT_DISCOVERY_ACROSS_FILESYSTEM not set).
2026-03-15 12:27:17.318 [info] > git rev-parse --show-toplevel [24ms]
2026-03-15 12:27:17.318 [info] fatal: not a git repository (or any parent up to mount point /workspaces)
Stopping at filesystem boundary (GIT_DISCOVERY_ACROSS_FILESYSTEM not set).
2026-03-15 12:27:17.318 [info] > git rev-parse --show-toplevel [15ms]
2026-03-15 12:27:17.318 [info] fatal: not a git repository (or any parent up to mount point /workspaces)
Stopping at filesystem boundary (GIT_DISCOVERY_ACROSS_FILESYSTEM not set).
2026-03-15 12:27:17.319 [info] > git rev-parse --show-toplevel [2ms]
2026-03-15 12:27:17.319 [info] fatal: not a git repository (or any parent up to mount point /workspaces)
Stopping at filesystem boundary (GIT_DISCOVERY_ACROSS_FILESYSTEM not set).
2026-03-15 12:27:17.319 [info] [Model][doInitialScan] Initial repository scan completed - repositories (0), closed repositories (0), parent repositories (0), unsafe repositories (0)
2026-03-15 12:27:17.323 [info] > git rev-parse --show-toplevel [1ms]
2026-03-15 12:27:17.323 [info] fatal: not a git repository (or any parent up to mount point /workspaces)
Stopping at filesystem boundary (GIT_DISCOVERY_ACROSS_FILESYSTEM not set).
2026-03-15 12:27:17.663 [info] > git rev-parse --show-toplevel [1ms]
2026-03-15 12:27:17.663 [info] fatal: not a git repository (or any parent up to mount point /workspaces)
Stopping at filesystem boundary (GIT_DISCOVERY_ACROSS_FILESYSTEM not set).
