2026-05-13 08:28:57.951 [info] [main] ログ レベル: Info
2026-05-13 08:28:57.951 [info] [main] Git の検証が検出されました: "git"
2026-05-13 08:28:57.951 [info] [main] "git" から Git "2.39.5" を使用しています
2026-05-13 08:28:57.951 [info] [Model][doInitialScan] Initial repository scan started
2026-05-13 08:28:57.951 [info] > git rev-parse --show-toplevel [2ms]
2026-05-13 08:28:57.956 [info] > git rev-parse --show-toplevel [3ms]
2026-05-13 08:28:57.959 [info] > git rev-parse --show-toplevel [1ms]
2026-05-13 08:28:57.962 [info] > git rev-parse --show-toplevel [1ms]
2026-05-13 08:28:57.965 [info] [Model][doInitialScan] Initial repository scan completed - repositories (0), closed repositories (0), parent repositories (1), unsafe repositories (0)
2026-05-13 08:30:09.932 [info] > git rev-parse --show-toplevel [2ms]
2026-05-13 08:30:21.247 [info] > git rev-parse --show-toplevel [0ms]
2026-05-13 08:30:21.565 [info] > git rev-parse --show-toplevel [1ms]
2026-05-13 08:37:16.089 [info] > git rev-parse --show-toplevel [7ms]
2026-05-13 08:37:15.342 [info] > git rev-parse --show-toplevel [1ms]
2026-05-13 08:38:26.178 [info] > git rev-parse --show-toplevel [1ms]
2026-05-13 08:38:32.402 [info] > git rev-parse --show-toplevel [1ms]
2026-05-13 08:38:32.403 [warning] [Model][getRepositoryExact] Failed to get repository realpath for: "/home/node/shift_table/node_modules/gopd/". Error:Error: ENOENT: no such file or directory, realpath '/home/node/shift_table/node_modules/gopd/'
2026-05-13 08:38:32.405 [warning] [Model][getRepositoryExact] Failed to get repository realpath for: "/home/node/shift_table/node_modules/hasown/". Error:Error: ENOENT: no such file or directory, realpath '/home/node/shift_table/node_modules/hasown/'
2026-05-13 08:38:32.407 [warning] [Model][getRepositoryExact] Failed to get repository realpath for: "/home/node/shift_table/node_modules/is-map/". Error:Error: ENOENT: no such file or directory, realpath '/home/node/shift_table/node_modules/is-map/'
2026-05-13 08:38:32.408 [warning] [Model][getRepositoryExact] Failed to get repository realpath for: "/home/node/shift_table/node_modules/is-set/". Error:Error: ENOENT: no such file or directory, realpath '/home/node/shift_table/node_modules/is-set/'
2026-05-13 08:38:32.410 [warning] [Model][getRepositoryExact] Failed to get repository realpath for: "/home/node/shift_table/node_modules/resolve/". Error:Error: ENOENT: no such file or directory, realpath '/home/node/shift_table/node_modules/resolve/'
2026-05-13 08:38:32.411 [warning] [Model][getRepositoryExact] Failed to get repository realpath for: "/home/node/shift_table/node_modules/reusify/". Error:Error: ENOENT: no such file or directory, realpath '/home/node/shift_table/node_modules/reusify/'
2026-05-13 08:38:32.413 [warning] [Model][getRepositoryExact] Failed to get repository realpath for: "/home/node/shift_table/node_modules/for-each/". Error:Error: ENOENT: no such file or directory, realpath '/home/node/shift_table/node_modules/for-each/'
2026-05-13 08:38:32.414 [warning] [Model][getRepositoryExact] Failed to get repository realpath for: "/home/node/shift_table/node_modules/minimist/". Error:Error: ENOENT: no such file or directory, realpath '/home/node/shift_table/node_modules/minimist/'
2026-05-13 08:38:32.416 [warning] [Model][getRepositoryExact] Failed to get repository realpath for: "/home/node/shift_table/node_modules/own-keys/". Error:Error: ENOENT: no such file or directory, realpath '/home/node/shift_table/node_modules/own-keys/'
2026-05-13 08:38:32.417 [warning] [Model][getRepositoryExact] Failed to get repository realpath for: "/home/node/shift_table/node_modules/call-bind/". Error:Error: ENOENT: no such file or directory, realpath '/home/node/shift_table/node_modules/call-bind/'
2026-05-13 08:38:32.418 [warning] [Model][getRepositoryExact] Failed to get repository realpath for: "/home/node/shift_table/node_modules/es-errors/". Error:Error: ENOENT: no such file or directory, realpath '/home/node/shift_table/node_modules/es-errors/'
2026-05-13 08:38:32.420 [warning] [Model][getRepositoryExact] Failed to get repository realpath for: "/home/node/shift_table/node_modules/get-proto/". Error:Error: ENOENT: no such file or directory, realpath '/home/node/shift_table/node_modules/get-proto/'
2026-05-13 08:38:32.421 [warning] [Model][getRepositoryExact] Failed to get repository realpath for: "/home/node/shift_table/node_modules/has-proto/". Error:Error: ENOENT: no such file or directory, realpath '/home/node/shift_table/node_modules/has-proto/'
2026-05-13 08:38:32.422 [warning] [Model][getRepositoryExact] Failed to get repository realpath for: "/home/node/shift_table/node_modules/is-bigint/". Error:Error: ENOENT: no such file or directory, realpath '/home/node/shift_table/node_modules/is-bigint/'
2026-05-13 08:38:32.424 [warning] [Model][getRepositoryExact] Failed to get repository realpath for: "/home/node/shift_table/node_modules/is-string/". Error:Error: ENOENT: no such file or directory, realpath '/home/node/shift_table/node_modules/is-string/'
2026-05-13 08:38:32.425 [warning] [Model][getRepositoryExact] Failed to get repository realpath for: "/home/node/shift_table/node_modules/is-symbol/". Error:Error: ENOENT: no such file or directory, realpath '/home/node/shift_table/node_modules/is-symbol/'
2026-05-13 08:38:32.427 [warning] [Model][getRepositoryExact] Failed to get repository realpath for: "/home/node/shift_table/node_modules/set-proto/". Error:Error: ENOENT: no such file or directory, realpath '/home/node/shift_table/node_modules/set-proto/'
2026-05-13 08:38:32.428 [warning] [Model][getRepositoryExact] Failed to get repository realpath for: "/home/node/shift_table/node_modules/call-bound/". Error:Error: ENOENT: no such file or directory, realpath '/home/node/shift_table/node_modules/call-bound/'
2026-05-13 08:38:32.430 [warning] [Model][getRepositoryExact] Failed to get repository realpath for: "/home/node/shift_table/node_modules/is-weakmap/". Error:Error: ENOENT: no such file or directory, realpath '/home/node/shift_table/node_modules/is-weakmap/'
2026-05-13 08:38:32.431 [warning] [Model][getRepositoryExact] Failed to get repository realpath for: "/home/node/shift_table/node_modules/is-weakref/". Error:Error: ENOENT: no such file or directory, realpath '/home/node/shift_table/node_modules/is-weakref/'
2026-05-13 08:38:32.432 [warning] [Model][getRepositoryExact] Failed to get repository realpath for: "/home/node/shift_table/node_modules/is-weakset/". Error:Error: ENOENT: no such file or directory, realpath '/home/node/shift_table/node_modules/is-weakset/'
2026-05-13 08:38:32.433 [warning] [Model][getRepositoryExact] Failed to get repository realpath for: "/home/node/shift_table/node_modules/has-bigints/". Error:Error: ENOENT: no such file or directory, realpath '/home/node/shift_table/node_modules/has-bigints/'
2026-05-13 08:38:32.435 [warning] [Model][getRepositoryExact] Failed to get repository realpath for: "/home/node/shift_table/node_modules/has-symbols/". Error:Error: ENOENT: no such file or directory, realpath '/home/node/shift_table/node_modules/has-symbols/'
2026-05-13 08:38:32.436 [warning] [Model][getRepositoryExact] Failed to get repository realpath for: "/home/node/shift_table/node_modules/is-callable/". Error:Error: ENOENT: no such file or directory, realpath '/home/node/shift_table/node_modules/is-callable/'
2026-05-13 08:38:32.438 [warning] [Model][getRepositoryExact] Failed to get repository realpath for: "/home/node/shift_table/node_modules/dunder-proto/". Error:Error: ENOENT: no such file or directory, realpath '/home/node/shift_table/node_modules/dunder-proto/'
2026-05-13 08:38:32.439 [warning] [Model][getRepositoryExact] Failed to get repository realpath for: "/home/node/shift_table/node_modules/is-data-view/". Error:Error: ENOENT: no such file or directory, realpath '/home/node/shift_table/node_modules/is-data-view/'
2026-05-13 08:38:32.440 [warning] [Model][getRepositoryExact] Failed to get repository realpath for: "/home/node/shift_table/node_modules/side-channel/". Error:Error: ENOENT: no such file or directory, realpath '/home/node/shift_table/node_modules/side-channel/'
2026-05-13 08:38:32.442 [warning] [Model][getRepositoryExact] Failed to get repository realpath for: "/home/node/shift_table/node_modules/function-bind/". Error:Error: ENOENT: no such file or directory, realpath '/home/node/shift_table/node_modules/function-bind/'
2026-05-13 08:38:32.443 [warning] [Model][getRepositoryExact] Failed to get repository realpath for: "/home/node/shift_table/node_modules/get-intrinsic/". Error:Error: ENOENT: no such file or directory, realpath '/home/node/shift_table/node_modules/get-intrinsic/'
2026-05-13 08:38:32.445 [warning] [Model][getRepositoryExact] Failed to get repository realpath for: "/home/node/shift_table/node_modules/internal-slot/". Error:Error: ENOENT: no such file or directory, realpath '/home/node/shift_table/node_modules/internal-slot/'
2026-05-13 08:38:32.446 [warning] [Model][getRepositoryExact] Failed to get repository realpath for: "/home/node/shift_table/node_modules/jsx-ast-utils/". Error:Error: ENOENT: no such file or directory, realpath '/home/node/shift_table/node_modules/jsx-ast-utils/'
2026-05-13 08:38:32.448 [warning] [Model][getRepositoryExact] Failed to get repository realpath for: "/home/node/shift_table/node_modules/object.assign/". Error:Error: ENOENT: no such file or directory, realpath '/home/node/shift_table/node_modules/object.assign/'
2026-05-13 08:38:32.449 [warning] [Model][getRepositoryExact] Failed to get repository realpath for: "/home/node/shift_table/node_modules/array-includes/". Error:Error: ENOENT: no such file or directory, realpath '/home/node/shift_table/node_modules/array-includes/'
2026-05-13 08:38:32.450 [warning] [Model][getRepositoryExact] Failed to get repository realpath for: "/home/node/shift_table/node_modules/async-function/". Error:Error: ENOENT: no such file or directory, realpath '/home/node/shift_table/node_modules/async-function/'
2026-05-13 08:38:32.452 [warning] [Model][getRepositoryExact] Failed to get repository realpath for: "/home/node/shift_table/node_modules/balanced-match/". Error:Error: ENOENT: no such file or directory, realpath '/home/node/shift_table/node_modules/balanced-match/'
2026-05-13 08:38:32.454 [warning] [Model][getRepositoryExact] Failed to get repository realpath for: "/home/node/shift_table/node_modules/is-date-object/". Error:Error: ENOENT: no such file or directory, realpath '/home/node/shift_table/node_modules/is-date-object/'
2026-05-13 08:38:32.463 [warning] [Model][getRepositoryExact] Failed to get repository realpath for: "/home/node/shift_table/node_modules/is-typed-array/". Error:Error: ENOENT: no such file or directory, realpath '/home/node/shift_table/node_modules/is-typed-array/'
2026-05-13 08:38:32.466 [warning] [Model][getRepositoryExact] Failed to get repository realpath for: "/home/node/shift_table/node_modules/object-inspect/". Error:Error: ENOENT: no such file or directory, realpath '/home/node/shift_table/node_modules/object-inspect/'
2026-05-13 08:38:32.473 [warning] [Model][getRepositoryExact] Failed to get repository realpath for: "/home/node/shift_table/node_modules/object.groupby/". Error:Error: ENOENT: no such file or directory, realpath '/home/node/shift_table/node_modules/object.groupby/'
2026-05-13 08:38:32.475 [warning] [Model][getRepositoryExact] Failed to get repository realpath for: "/home/node/shift_table/node_modules/es-object-atoms/". Error:Error: ENOENT: no such file or directory, realpath '/home/node/shift_table/node_modules/es-object-atoms/'
2026-05-13 08:38:32.476 [warning] [Model][getRepositoryExact] Failed to get repository realpath for: "/home/node/shift_table/node_modules/es-to-primitive/". Error:Error: ENOENT: no such file or directory, realpath '/home/node/shift_table/node_modules/es-to-primitive/'
2026-05-13 08:38:32.478 [warning] [Model][getRepositoryExact] Failed to get repository realpath for: "/home/node/shift_table/node_modules/has-tostringtag/". Error:Error: ENOENT: no such file or directory, realpath '/home/node/shift_table/node_modules/has-tostringtag/'
2026-05-13 08:38:32.479 [warning] [Model][getRepositoryExact] Failed to get repository realpath for: "/home/node/shift_table/node_modules/is-array-buffer/". Error:Error: ENOENT: no such file or directory, realpath '/home/node/shift_table/node_modules/is-array-buffer/'
2026-05-13 08:38:32.481 [warning] [Model][getRepositoryExact] Failed to get repository realpath for: "/home/node/shift_table/node_modules/math-intrinsics/". Error:Error: ENOENT: no such file or directory, realpath '/home/node/shift_table/node_modules/math-intrinsics/'
2026-05-13 08:38:32.482 [warning] [Model][getRepositoryExact] Failed to get repository realpath for: "/home/node/shift_table/node_modules/safe-push-apply/". Error:Error: ENOENT: no such file or directory, realpath '/home/node/shift_table/node_modules/safe-push-apply/'
2026-05-13 08:38:32.483 [warning] [Model][getRepositoryExact] Failed to get repository realpath for: "/home/node/shift_table/node_modules/safe-regex-test/". Error:Error: ENOENT: no such file or directory, realpath '/home/node/shift_table/node_modules/safe-regex-test/'
2026-05-13 08:38:32.485 [warning] [Model][getRepositoryExact] Failed to get repository realpath for: "/home/node/shift_table/node_modules/unbox-primitive/". Error:Error: ENOENT: no such file or directory, realpath '/home/node/shift_table/node_modules/unbox-primitive/'
2026-05-13 08:38:32.486 [warning] [Model][getRepositoryExact] Failed to get repository realpath for: "/home/node/shift_table/node_modules/data-view-buffer/". Error:Error: ENOENT: no such file or directory, realpath '/home/node/shift_table/node_modules/data-view-buffer/'
2026-05-13 08:38:32.487 [warning] [Model][getRepositoryExact] Failed to get repository realpath for: "/home/node/shift_table/node_modules/is-negative-zero/". Error:Error: ENOENT: no such file or directory, realpath '/home/node/shift_table/node_modules/is-negative-zero/'
2026-05-13 08:38:32.489 [warning] [Model][getRepositoryExact] Failed to get repository realpath for: "/home/node/shift_table/node_modules/is-number-object/". Error:Error: ENOENT: no such file or directory, realpath '/home/node/shift_table/node_modules/is-number-object/'
2026-05-13 08:38:32.490 [warning] [Model][getRepositoryExact] Failed to get repository realpath for: "/home/node/shift_table/node_modules/side-channel-map/". Error:Error: ENOENT: no such file or directory, realpath '/home/node/shift_table/node_modules/side-channel-map/'
2026-05-13 08:38:32.492 [warning] [Model][getRepositoryExact] Failed to get repository realpath for: "/home/node/shift_table/node_modules/which-collection/". Error:Error: ENOENT: no such file or directory, realpath '/home/node/shift_table/node_modules/which-collection/'
2026-05-13 08:38:32.493 [warning] [Model][getRepositoryExact] Failed to get repository realpath for: "/home/node/shift_table/node_modules/define-properties/". Error:Error: ENOENT: no such file or directory, realpath '/home/node/shift_table/node_modules/define-properties/'
2026-05-13 08:38:32.495 [warning] [Model][getRepositoryExact] Failed to get repository realpath for: "/home/node/shift_table/node_modules/is-boolean-object/". Error:Error: ENOENT: no such file or directory, realpath '/home/node/shift_table/node_modules/is-boolean-object/'
2026-05-13 08:38:32.496 [warning] [Model][getRepositoryExact] Failed to get repository realpath for: "/home/node/shift_table/node_modules/node-exports-info/". Error:Error: ENOENT: no such file or directory, realpath '/home/node/shift_table/node_modules/node-exports-info/'
2026-05-13 08:38:32.497 [warning] [Model][getRepositoryExact] Failed to get repository realpath for: "/home/node/shift_table/node_modules/safe-array-concat/". Error:Error: ENOENT: no such file or directory, realpath '/home/node/shift_table/node_modules/safe-array-concat/'
2026-05-13 08:38:32.499 [warning] [Model][getRepositoryExact] Failed to get repository realpath for: "/home/node/shift_table/node_modules/set-function-name/". Error:Error: ENOENT: no such file or directory, realpath '/home/node/shift_table/node_modules/set-function-name/'
2026-05-13 08:38:32.500 [warning] [Model][getRepositoryExact] Failed to get repository realpath for: "/home/node/shift_table/node_modules/side-channel-list/". Error:Error: ENOENT: no such file or directory, realpath '/home/node/shift_table/node_modules/side-channel-list/'
2026-05-13 08:38:32.501 [warning] [Model][getRepositoryExact] Failed to get repository realpath for: "/home/node/shift_table/node_modules/which-typed-array/". Error:Error: ENOENT: no such file or directory, realpath '/home/node/shift_table/node_modules/which-typed-array/'
2026-05-13 08:38:32.503 [warning] [Model][getRepositoryExact] Failed to get repository realpath for: "/home/node/shift_table/node_modules/es-define-property/". Error:Error: ENOENT: no such file or directory, realpath '/home/node/shift_table/node_modules/es-define-property/'
2026-05-13 08:38:32.505 [warning] [Model][getRepositoryExact] Failed to get repository realpath for: "/home/node/shift_table/node_modules/generator-function/". Error:Error: ENOENT: no such file or directory, realpath '/home/node/shift_table/node_modules/generator-function/'
2026-05-13 08:38:32.506 [warning] [Model][getRepositoryExact] Failed to get repository realpath for: "/home/node/shift_table/node_modules/iterator.prototype/". Error:Error: ENOENT: no such file or directory, realpath '/home/node/shift_table/node_modules/iterator.prototype/'
2026-05-13 08:38:32.507 [warning] [Model][getRepositoryExact] Failed to get repository realpath for: "/home/node/shift_table/node_modules/typed-array-buffer/". Error:Error: ENOENT: no such file or directory, realpath '/home/node/shift_table/node_modules/typed-array-buffer/'
2026-05-13 08:38:32.509 [warning] [Model][getRepositoryExact] Failed to get repository realpath for: "/home/node/shift_table/node_modules/typed-array-length/". Error:Error: ENOENT: no such file or directory, realpath '/home/node/shift_table/node_modules/typed-array-length/'
2026-05-13 08:38:32.510 [warning] [Model][getRepositoryExact] Failed to get repository realpath for: "/home/node/shift_table/node_modules/es-iterator-helpers/". Error:Error: ENOENT: no such file or directory, realpath '/home/node/shift_table/node_modules/es-iterator-helpers/'
2026-05-13 08:38:32.512 [warning] [Model][getRepositoryExact] Failed to get repository realpath for: "/home/node/shift_table/node_modules/es-shim-unscopables/". Error:Error: ENOENT: no such file or directory, realpath '/home/node/shift_table/node_modules/es-shim-unscopables/'
2026-05-13 08:38:32.513 [warning] [Model][getRepositoryExact] Failed to get repository realpath for: "/home/node/shift_table/node_modules/set-function-length/". Error:Error: ENOENT: no such file or directory, realpath '/home/node/shift_table/node_modules/set-function-length/'
2026-05-13 08:38:32.515 [warning] [Model][getRepositoryExact] Failed to get repository realpath for: "/home/node/shift_table/node_modules/array.prototype.flat/". Error:Error: ENOENT: no such file or directory, realpath '/home/node/shift_table/node_modules/array.prototype.flat/'
2026-05-13 08:38:32.516 [warning] [Model][getRepositoryExact] Failed to get repository realpath for: "/home/node/shift_table/node_modules/define-data-property/". Error:Error: ENOENT: no such file or directory, realpath '/home/node/shift_table/node_modules/define-data-property/'
2026-05-13 08:38:32.517 [warning] [Model][getRepositoryExact] Failed to get repository realpath for: "/home/node/shift_table/node_modules/functions-have-names/". Error:Error: ENOENT: no such file or directory, realpath '/home/node/shift_table/node_modules/functions-have-names/'
2026-05-13 08:38:32.519 [warning] [Model][getRepositoryExact] Failed to get repository realpath for: "/home/node/shift_table/node_modules/side-channel-weakmap/". Error:Error: ENOENT: no such file or directory, realpath '/home/node/shift_table/node_modules/side-channel-weakmap/'
2026-05-13 08:38:32.520 [warning] [Model][getRepositoryExact] Failed to get repository realpath for: "/home/node/shift_table/node_modules/data-view-byte-length/". Error:Error: ENOENT: no such file or directory, realpath '/home/node/shift_table/node_modules/data-view-byte-length/'
2026-05-13 08:38:32.521 [warning] [Model][getRepositoryExact] Failed to get repository realpath for: "/home/node/shift_table/node_modules/data-view-byte-offset/". Error:Error: ENOENT: no such file or directory, realpath '/home/node/shift_table/node_modules/data-view-byte-offset/'
2026-05-13 08:38:32.523 [warning] [Model][getRepositoryExact] Failed to get repository realpath for: "/home/node/shift_table/node_modules/which-boxed-primitive/". Error:Error: ENOENT: no such file or directory, realpath '/home/node/shift_table/node_modules/which-boxed-primitive/'
2026-05-13 08:38:32.524 [warning] [Model][getRepositoryExact] Failed to get repository realpath for: "/home/node/shift_table/node_modules/available-typed-arrays/". Error:Error: ENOENT: no such file or directory, realpath '/home/node/shift_table/node_modules/available-typed-arrays/'
2026-05-13 08:38:32.526 [warning] [Model][getRepositoryExact] Failed to get repository realpath for: "/home/node/shift_table/node_modules/get-symbol-description/". Error:Error: ENOENT: no such file or directory, realpath '/home/node/shift_table/node_modules/get-symbol-description/'
2026-05-13 08:38:32.527 [warning] [Model][getRepositoryExact] Failed to get repository realpath for: "/home/node/shift_table/node_modules/is-shared-array-buffer/". Error:Error: ENOENT: no such file or directory, realpath '/home/node/shift_table/node_modules/is-shared-array-buffer/'
2026-05-13 08:38:32.529 [warning] [Model][getRepositoryExact] Failed to get repository realpath for: "/home/node/shift_table/node_modules/array.prototype.flatmap/". Error:Error: ENOENT: no such file or directory, realpath '/home/node/shift_table/node_modules/array.prototype.flatmap/'
2026-05-13 08:38:32.531 [warning] [Model][getRepositoryExact] Failed to get repository realpath for: "/home/node/shift_table/node_modules/call-bind-apply-helpers/". Error:Error: ENOENT: no such file or directory, realpath '/home/node/shift_table/node_modules/call-bind-apply-helpers/'
2026-05-13 08:38:32.532 [warning] [Model][getRepositoryExact] Failed to get repository realpath for: "/home/node/shift_table/node_modules/function.prototype.name/". Error:Error: ENOENT: no such file or directory, realpath '/home/node/shift_table/node_modules/function.prototype.name/'
2026-05-13 08:38:32.534 [warning] [Model][getRepositoryExact] Failed to get repository realpath for: "/home/node/shift_table/node_modules/is-finalizationregistry/". Error:Error: ENOENT: no such file or directory, realpath '/home/node/shift_table/node_modules/is-finalizationregistry/'
2026-05-13 08:38:32.535 [warning] [Model][getRepositoryExact] Failed to get repository realpath for: "/home/node/shift_table/node_modules/stop-iteration-iterator/". Error:Error: ENOENT: no such file or directory, realpath '/home/node/shift_table/node_modules/stop-iteration-iterator/'
2026-05-13 08:38:32.536 [warning] [Model][getRepositoryExact] Failed to get repository realpath for: "/home/node/shift_table/node_modules/typed-array-byte-length/". Error:Error: ENOENT: no such file or directory, realpath '/home/node/shift_table/node_modules/typed-array-byte-length/'
2026-05-13 08:38:32.538 [warning] [Model][getRepositoryExact] Failed to get repository realpath for: "/home/node/shift_table/node_modules/typed-array-byte-offset/". Error:Error: ENOENT: no such file or directory, realpath '/home/node/shift_table/node_modules/typed-array-byte-offset/'
2026-05-13 08:38:32.539 [warning] [Model][getRepositoryExact] Failed to get repository realpath for: "/home/node/shift_table/node_modules/array-buffer-byte-length/". Error:Error: ENOENT: no such file or directory, realpath '/home/node/shift_table/node_modules/array-buffer-byte-length/'
2026-05-13 08:38:32.540 [warning] [Model][getRepositoryExact] Failed to get repository realpath for: "/home/node/shift_table/node_modules/array.prototype.findlast/". Error:Error: ENOENT: no such file or directory, realpath '/home/node/shift_table/node_modules/array.prototype.findlast/'
2026-05-13 08:38:32.542 [warning] [Model][getRepositoryExact] Failed to get repository realpath for: "/home/node/shift_table/node_modules/array.prototype.tosorted/". Error:Error: ENOENT: no such file or directory, realpath '/home/node/shift_table/node_modules/array.prototype.tosorted/'
2026-05-13 08:38:32.543 [warning] [Model][getRepositoryExact] Failed to get repository realpath for: "/home/node/shift_table/node_modules/has-property-descriptors/". Error:Error: ENOENT: no such file or directory, realpath '/home/node/shift_table/node_modules/has-property-descriptors/'
2026-05-13 08:38:32.544 [warning] [Model][getRepositoryExact] Failed to get repository realpath for: "/home/node/shift_table/node_modules/string.prototype.includes/". Error:Error: ENOENT: no such file or directory, realpath '/home/node/shift_table/node_modules/string.prototype.includes/'
2026-05-13 08:38:32.546 [warning] [Model][getRepositoryExact] Failed to get repository realpath for: "/home/node/shift_table/node_modules/string.prototype.matchall/". Error:Error: ENOENT: no such file or directory, realpath '/home/node/shift_table/node_modules/string.prototype.matchall/'
2026-05-13 08:38:32.547 [warning] [Model][getRepositoryExact] Failed to get repository realpath for: "/home/node/shift_table/node_modules/fast-json-stable-stringify/". Error:Error: ENOENT: no such file or directory, realpath '/home/node/shift_table/node_modules/fast-json-stable-stringify/'
2026-05-13 08:38:32.548 [warning] [Model][getRepositoryExact] Failed to get repository realpath for: "/home/node/shift_table/node_modules/possible-typed-array-names/". Error:Error: ENOENT: no such file or directory, realpath '/home/node/shift_table/node_modules/possible-typed-array-names/'
2026-05-13 08:38:32.549 [warning] [Model][getRepositoryExact] Failed to get repository realpath for: "/home/node/shift_table/node_modules/array.prototype.findlastindex/". Error:Error: ENOENT: no such file or directory, realpath '/home/node/shift_table/node_modules/array.prototype.findlastindex/'
2026-05-13 08:38:32.551 [warning] [Model][getRepositoryExact] Failed to get repository realpath for: "/home/node/shift_table/node_modules/string.prototype.repeat/". Error:Error: ENOENT: no such file or directory, realpath '/home/node/shift_table/node_modules/string.prototype.repeat/'
2026-05-13 08:38:32.552 [warning] [Model][getRepositoryExact] Failed to get repository realpath for: "/home/node/shift_table/node_modules/supports-preserve-symlinks-flag/". Error:Error: ENOENT: no such file or directory, realpath '/home/node/shift_table/node_modules/supports-preserve-symlinks-flag/'
2026-05-13 08:39:24.756 [info] > git rev-parse --show-toplevel [1ms]
2026-05-13 08:39:32.281 [info] > git rev-parse --show-toplevel [1ms]
2026-05-13 08:39:32.285 [info] > git rev-parse --show-toplevel [1ms]
2026-05-13 08:39:32.288 [info] > git rev-parse --show-toplevel [1ms]
2026-05-13 08:39:32.291 [info] > git rev-parse --show-toplevel [1ms]
2026-05-13 08:39:32.293 [info] > git rev-parse --show-toplevel [0ms]
2026-05-13 08:39:32.296 [info] > git rev-parse --show-toplevel [1ms]
2026-05-13 08:39:32.299 [info] > git rev-parse --show-toplevel [1ms]
2026-05-13 08:39:32.302 [info] > git rev-parse --show-toplevel [0ms]
2026-05-13 08:39:33.750 [info] > git rev-parse --show-toplevel [1ms]
2026-05-13 08:39:33.753 [info] > git rev-parse --show-toplevel [1ms]
2026-05-13 08:39:33.756 [info] > git rev-parse --show-toplevel [1ms]
2026-05-13 08:39:33.759 [info] > git rev-parse --show-toplevel [1ms]
2026-05-13 08:39:33.762 [info] > git rev-parse --show-toplevel [1ms]
2026-05-13 08:39:33.764 [info] > git rev-parse --show-toplevel [0ms]
2026-05-13 08:39:33.767 [info] > git rev-parse --show-toplevel [1ms]
2026-05-13 08:39:33.769 [info] > git rev-parse --show-toplevel [0ms]
2026-05-13 08:39:33.772 [info] > git rev-parse --show-toplevel [1ms]
2026-05-13 08:39:33.774 [info] > git rev-parse --show-toplevel [1ms]
2026-05-13 08:39:33.776 [info] > git rev-parse --show-toplevel [1ms]
2026-05-13 08:39:33.778 [info] > git rev-parse --show-toplevel [1ms]
2026-05-13 08:39:33.780 [info] > git rev-parse --show-toplevel [0ms]
2026-05-13 08:39:33.783 [info] > git rev-parse --show-toplevel [1ms]
2026-05-13 08:39:33.785 [info] > git rev-parse --show-toplevel [1ms]
2026-05-13 08:39:33.787 [info] > git rev-parse --show-toplevel [1ms]
2026-05-13 08:39:33.789 [info] > git rev-parse --show-toplevel [1ms]
2026-05-13 08:39:33.793 [info] > git rev-parse --show-toplevel [2ms]
2026-05-13 08:39:33.795 [info] > git rev-parse --show-toplevel [1ms]
2026-05-13 08:39:33.797 [info] > git rev-parse --show-toplevel [0ms]
2026-05-13 08:39:33.800 [info] > git rev-parse --show-toplevel [1ms]
2026-05-13 08:39:33.802 [info] > git rev-parse --show-toplevel [1ms]
2026-05-13 08:39:33.804 [info] > git rev-parse --show-toplevel [1ms]
2026-05-13 08:39:33.806 [info] > git rev-parse --show-toplevel [0ms]
2026-05-13 08:39:33.809 [info] > git rev-parse --show-toplevel [1ms]
2026-05-13 08:39:33.816 [info] > git rev-parse --show-toplevel [4ms]
2026-05-13 08:39:33.819 [info] > git rev-parse --show-toplevel [1ms]
2026-05-13 08:39:33.822 [info] > git rev-parse --show-toplevel [1ms]
2026-05-13 08:39:33.824 [info] > git rev-parse --show-toplevel [1ms]
2026-05-13 08:39:33.826 [info] > git rev-parse --show-toplevel [1ms]
2026-05-13 08:39:33.828 [info] > git rev-parse --show-toplevel [1ms]
2026-05-13 08:39:33.830 [info] > git rev-parse --show-toplevel [0ms]
2026-05-13 08:39:33.832 [info] > git rev-parse --show-toplevel [0ms]
2026-05-13 08:39:33.834 [info] > git rev-parse --show-toplevel [0ms]
2026-05-13 08:39:33.836 [info] > git rev-parse --show-toplevel [0ms]
2026-05-13 08:39:33.838 [info] > git rev-parse --show-toplevel [0ms]
2026-05-13 08:39:33.842 [info] > git rev-parse --show-toplevel [1ms]
2026-05-13 08:39:33.844 [info] > git rev-parse --show-toplevel [1ms]
2026-05-13 08:39:33.846 [info] > git rev-parse --show-toplevel [1ms]
2026-05-13 08:39:33.848 [info] > git rev-parse --show-toplevel [1ms]
2026-05-13 08:39:33.850 [info] > git rev-parse --show-toplevel [1ms]
2026-05-13 08:39:33.852 [info] > git rev-parse --show-toplevel [1ms]
2026-05-13 08:39:33.854 [info] > git rev-parse --show-toplevel [0ms]
2026-05-13 08:39:33.856 [info] > git rev-parse --show-toplevel [0ms]
2026-05-13 08:39:33.858 [info] > git rev-parse --show-toplevel [0ms]
2026-05-13 08:39:33.860 [info] > git rev-parse --show-toplevel [0ms]
2026-05-13 08:39:33.863 [info] > git rev-parse --show-toplevel [1ms]
2026-05-13 08:39:33.865 [info] > git rev-parse --show-toplevel [1ms]
2026-05-13 08:39:33.867 [info] > git rev-parse --show-toplevel [0ms]
2026-05-13 08:39:33.870 [info] > git rev-parse --show-toplevel [1ms]
2026-05-13 08:39:33.872 [info] > git rev-parse --show-toplevel [1ms]
2026-05-13 08:39:33.874 [info] > git rev-parse --show-toplevel [1ms]
2026-05-13 08:39:33.876 [info] > git rev-parse --show-toplevel [1ms]
2026-05-13 08:39:33.878 [info] > git rev-parse --show-toplevel [1ms]
2026-05-13 08:39:33.880 [info] > git rev-parse --show-toplevel [1ms]
2026-05-13 08:39:33.884 [info] > git rev-parse --show-toplevel [1ms]
2026-05-13 08:39:33.887 [info] > git rev-parse --show-toplevel [1ms]
2026-05-13 08:39:33.889 [info] > git rev-parse --show-toplevel [1ms]
2026-05-13 08:39:33.891 [info] > git rev-parse --show-toplevel [1ms]
2026-05-13 08:39:33.893 [info] > git rev-parse --show-toplevel [0ms]
2026-05-13 08:39:33.895 [info] > git rev-parse --show-toplevel [0ms]
2026-05-13 08:39:33.897 [info] > git rev-parse --show-toplevel [0ms]
2026-05-13 08:39:33.900 [info] > git rev-parse --show-toplevel [1ms]
2026-05-13 08:39:33.902 [info] > git rev-parse --show-toplevel [0ms]
2026-05-13 08:39:33.905 [info] > git rev-parse --show-toplevel [1ms]
2026-05-13 08:39:33.907 [info] > git rev-parse --show-toplevel [1ms]
2026-05-13 08:39:33.909 [info] > git rev-parse --show-toplevel [1ms]
2026-05-13 08:39:33.911 [info] > git rev-parse --show-toplevel [1ms]
2026-05-13 08:39:33.913 [info] > git rev-parse --show-toplevel [1ms]
2026-05-13 08:39:33.916 [info] > git rev-parse --show-toplevel [1ms]
2026-05-13 08:39:33.918 [info] > git rev-parse --show-toplevel [1ms]
2026-05-13 08:39:33.920 [info] > git rev-parse --show-toplevel [0ms]
2026-05-13 08:39:33.923 [info] > git rev-parse --show-toplevel [1ms]
2026-05-13 08:39:33.925 [info] > git rev-parse --show-toplevel [0ms]
2026-05-13 08:39:33.928 [info] > git rev-parse --show-toplevel [1ms]
2026-05-13 08:39:33.930 [info] > git rev-parse --show-toplevel [0ms]
2026-05-13 08:39:33.932 [info] > git rev-parse --show-toplevel [0ms]
2026-05-13 08:39:33.935 [info] > git rev-parse --show-toplevel [1ms]
2026-05-13 08:39:33.937 [info] > git rev-parse --show-toplevel [0ms]
2026-05-13 08:39:33.940 [info] > git rev-parse --show-toplevel [1ms]
2026-05-13 08:39:33.942 [info] > git rev-parse --show-toplevel [0ms]
2026-05-13 08:39:33.945 [info] > git rev-parse --show-toplevel [1ms]
2026-05-13 08:39:33.947 [info] > git rev-parse --show-toplevel [1ms]
2026-05-13 08:39:33.949 [info] > git rev-parse --show-toplevel [1ms]
2026-05-13 08:39:33.951 [info] > git rev-parse --show-toplevel [0ms]
2026-05-13 08:39:33.954 [info] > git rev-parse --show-toplevel [1ms]
2026-05-13 08:39:33.956 [info] > git rev-parse --show-toplevel [0ms]
2026-05-13 08:39:33.959 [info] > git rev-parse --show-toplevel [1ms]
2026-05-13 08:39:33.961 [info] > git rev-parse --show-toplevel [1ms]
2026-05-13 08:39:33.963 [info] > git rev-parse --show-toplevel [1ms]
2026-05-13 08:39:33.967 [info] > git rev-parse --show-toplevel [0ms]
2026-05-13 08:39:34.925 [info] > git rev-parse --show-toplevel [1ms]
2026-05-13 08:39:34.929 [info] > git rev-parse --show-toplevel [0ms]
2026-05-13 08:39:34.932 [info] > git rev-parse --show-toplevel [1ms]
2026-05-13 08:40:30.228 [info] > git rev-parse --show-toplevel [9ms]
2026-05-13 08:40:35.536 [info] > git rev-parse --show-toplevel [1ms]
2026-05-13 08:40:35.536 [warning] [Model][getRepositoryExact] Failed to get repository realpath for: "/home/node/shift_table/node_modules/gopd/". Error:Error: ENOENT: no such file or directory, realpath '/home/node/shift_table/node_modules/gopd/'
2026-05-13 08:40:35.538 [warning] [Model][getRepositoryExact] Failed to get repository realpath for: "/home/node/shift_table/node_modules/hasown/". Error:Error: ENOENT: no such file or directory, realpath '/home/node/shift_table/node_modules/hasown/'
2026-05-13 08:40:35.539 [warning] [Model][getRepositoryExact] Failed to get repository realpath for: "/home/node/shift_table/node_modules/is-map/". Error:Error: ENOENT: no such file or directory, realpath '/home/node/shift_table/node_modules/is-map/'
2026-05-13 08:40:35.541 [warning] [Model][getRepositoryExact] Failed to get repository realpath for: "/home/node/shift_table/node_modules/is-set/". Error:Error: ENOENT: no such file or directory, realpath '/home/node/shift_table/node_modules/is-set/'
2026-05-13 08:40:35.542 [warning] [Model][getRepositoryExact] Failed to get repository realpath for: "/home/node/shift_table/node_modules/resolve/". Error:Error: ENOENT: no such file or directory, realpath '/home/node/shift_table/node_modules/resolve/'
2026-05-13 08:40:35.544 [warning] [Model][getRepositoryExact] Failed to get repository realpath for: "/home/node/shift_table/node_modules/reusify/". Error:Error: ENOENT: no such file or directory, realpath '/home/node/shift_table/node_modules/reusify/'
2026-05-13 08:40:35.545 [warning] [Model][getRepositoryExact] Failed to get repository realpath for: "/home/node/shift_table/node_modules/for-each/". Error:Error: ENOENT: no such file or directory, realpath '/home/node/shift_table/node_modules/for-each/'
2026-05-13 08:40:35.546 [warning] [Model][getRepositoryExact] Failed to get repository realpath for: "/home/node/shift_table/node_modules/minimist/". Error:Error: ENOENT: no such file or directory, realpath '/home/node/shift_table/node_modules/minimist/'
2026-05-13 08:40:35.548 [warning] [Model][getRepositoryExact] Failed to get repository realpath for: "/home/node/shift_table/node_modules/own-keys/". Error:Error: ENOENT: no such file or directory, realpath '/home/node/shift_table/node_modules/own-keys/'
2026-05-13 08:40:35.549 [warning] [Model][getRepositoryExact] Failed to get repository realpath for: "/home/node/shift_table/node_modules/call-bind/". Error:Error: ENOENT: no such file or directory, realpath '/home/node/shift_table/node_modules/call-bind/'
2026-05-13 08:40:35.551 [warning] [Model][getRepositoryExact] Failed to get repository realpath for: "/home/node/shift_table/node_modules/es-errors/". Error:Error: ENOENT: no such file or directory, realpath '/home/node/shift_table/node_modules/es-errors/'
2026-05-13 08:40:35.553 [warning] [Model][getRepositoryExact] Failed to get repository realpath for: "/home/node/shift_table/node_modules/get-proto/". Error:Error: ENOENT: no such file or directory, realpath '/home/node/shift_table/node_modules/get-proto/'
2026-05-13 08:40:35.554 [warning] [Model][getRepositoryExact] Failed to get repository realpath for: "/home/node/shift_table/node_modules/has-proto/". Error:Error: ENOENT: no such file or directory, realpath '/home/node/shift_table/node_modules/has-proto/'
2026-05-13 08:40:35.555 [warning] [Model][getRepositoryExact] Failed to get repository realpath for: "/home/node/shift_table/node_modules/is-bigint/". Error:Error: ENOENT: no such file or directory, realpath '/home/node/shift_table/node_modules/is-bigint/'
2026-05-13 08:40:35.557 [warning] [Model][getRepositoryExact] Failed to get repository realpath for: "/home/node/shift_table/node_modules/is-string/". Error:Error: ENOENT: no such file or directory, realpath '/home/node/shift_table/node_modules/is-string/'
2026-05-13 08:40:35.558 [warning] [Model][getRepositoryExact] Failed to get repository realpath for: "/home/node/shift_table/node_modules/is-symbol/". Error:Error: ENOENT: no such file or directory, realpath '/home/node/shift_table/node_modules/is-symbol/'
2026-05-13 08:40:35.559 [warning] [Model][getRepositoryExact] Failed to get repository realpath for: "/home/node/shift_table/node_modules/set-proto/". Error:Error: ENOENT: no such file or directory, realpath '/home/node/shift_table/node_modules/set-proto/'
2026-05-13 08:40:35.561 [warning] [Model][getRepositoryExact] Failed to get repository realpath for: "/home/node/shift_table/node_modules/call-bound/". Error:Error: ENOENT: no such file or directory, realpath '/home/node/shift_table/node_modules/call-bound/'
2026-05-13 08:40:35.562 [warning] [Model][getRepositoryExact] Failed to get repository realpath for: "/home/node/shift_table/node_modules/is-weakmap/". Error:Error: ENOENT: no such file or directory, realpath '/home/node/shift_table/node_modules/is-weakmap/'
2026-05-13 08:40:35.564 [warning] [Model][getRepositoryExact] Failed to get repository realpath for: "/home/node/shift_table/node_modules/is-weakref/". Error:Error: ENOENT: no such file or directory, realpath '/home/node/shift_table/node_modules/is-weakref/'
2026-05-13 08:40:35.565 [warning] [Model][getRepositoryExact] Failed to get repository realpath for: "/home/node/shift_table/node_modules/is-weakset/". Error:Error: ENOENT: no such file or directory, realpath '/home/node/shift_table/node_modules/is-weakset/'
2026-05-13 08:40:35.566 [warning] [Model][getRepositoryExact] Failed to get repository realpath for: "/home/node/shift_table/node_modules/has-bigints/". Error:Error: ENOENT: no such file or directory, realpath '/home/node/shift_table/node_modules/has-bigints/'
2026-05-13 08:40:35.567 [warning] [Model][getRepositoryExact] Failed to get repository realpath for: "/home/node/shift_table/node_modules/has-symbols/". Error:Error: ENOENT: no such file or directory, realpath '/home/node/shift_table/node_modules/has-symbols/'
2026-05-13 08:40:35.569 [warning] [Model][getRepositoryExact] Failed to get repository realpath for: "/home/node/shift_table/node_modules/is-callable/". Error:Error: ENOENT: no such file or directory, realpath '/home/node/shift_table/node_modules/is-callable/'
2026-05-13 08:40:35.570 [warning] [Model][getRepositoryExact] Failed to get repository realpath for: "/home/node/shift_table/node_modules/dunder-proto/". Error:Error: ENOENT: no such file or directory, realpath '/home/node/shift_table/node_modules/dunder-proto/'
2026-05-13 08:40:35.572 [warning] [Model][getRepositoryExact] Failed to get repository realpath for: "/home/node/shift_table/node_modules/is-data-view/". Error:Error: ENOENT: no such file or directory, realpath '/home/node/shift_table/node_modules/is-data-view/'
2026-05-13 08:40:35.574 [warning] [Model][getRepositoryExact] Failed to get repository realpath for: "/home/node/shift_table/node_modules/side-channel/". Error:Error: ENOENT: no such file or directory, realpath '/home/node/shift_table/node_modules/side-channel/'
2026-05-13 08:40:35.576 [warning] [Model][getRepositoryExact] Failed to get repository realpath for: "/home/node/shift_table/node_modules/function-bind/". Error:Error: ENOENT: no such file or directory, realpath '/home/node/shift_table/node_modules/function-bind/'
2026-05-13 08:40:35.578 [warning] [Model][getRepositoryExact] Failed to get repository realpath for: "/home/node/shift_table/node_modules/get-intrinsic/". Error:Error: ENOENT: no such file or directory, realpath '/home/node/shift_table/node_modules/get-intrinsic/'
2026-05-13 08:40:35.580 [warning] [Model][getRepositoryExact] Failed to get repository realpath for: "/home/node/shift_table/node_modules/internal-slot/". Error:Error: ENOENT: no such file or directory, realpath '/home/node/shift_table/node_modules/internal-slot/'
2026-05-13 08:40:35.581 [warning] [Model][getRepositoryExact] Failed to get repository realpath for: "/home/node/shift_table/node_modules/jsx-ast-utils/". Error:Error: ENOENT: no such file or directory, realpath '/home/node/shift_table/node_modules/jsx-ast-utils/'
2026-05-13 08:40:35.582 [warning] [Model][getRepositoryExact] Failed to get repository realpath for: "/home/node/shift_table/node_modules/object.assign/". Error:Error: ENOENT: no such file or directory, realpath '/home/node/shift_table/node_modules/object.assign/'
2026-05-13 08:40:35.584 [warning] [Model][getRepositoryExact] Failed to get repository realpath for: "/home/node/shift_table/node_modules/array-includes/". Error:Error: ENOENT: no such file or directory, realpath '/home/node/shift_table/node_modules/array-includes/'
2026-05-13 08:40:35.585 [warning] [Model][getRepositoryExact] Failed to get repository realpath for: "/home/node/shift_table/node_modules/async-function/". Error:Error: ENOENT: no such file or directory, realpath '/home/node/shift_table/node_modules/async-function/'
2026-05-13 08:40:35.587 [warning] [Model][getRepositoryExact] Failed to get repository realpath for: "/home/node/shift_table/node_modules/balanced-match/". Error:Error: ENOENT: no such file or directory, realpath '/home/node/shift_table/node_modules/balanced-match/'
2026-05-13 08:40:35.588 [warning] [Model][getRepositoryExact] Failed to get repository realpath for: "/home/node/shift_table/node_modules/is-date-object/". Error:Error: ENOENT: no such file or directory, realpath '/home/node/shift_table/node_modules/is-date-object/'
2026-05-13 08:40:35.589 [warning] [Model][getRepositoryExact] Failed to get repository realpath for: "/home/node/shift_table/node_modules/is-typed-array/". Error:Error: ENOENT: no such file or directory, realpath '/home/node/shift_table/node_modules/is-typed-array/'
2026-05-13 08:40:35.591 [warning] [Model][getRepositoryExact] Failed to get repository realpath for: "/home/node/shift_table/node_modules/object-inspect/". Error:Error: ENOENT: no such file or directory, realpath '/home/node/shift_table/node_modules/object-inspect/'
2026-05-13 08:40:35.592 [warning] [Model][getRepositoryExact] Failed to get repository realpath for: "/home/node/shift_table/node_modules/object.groupby/". Error:Error: ENOENT: no such file or directory, realpath '/home/node/shift_table/node_modules/object.groupby/'
2026-05-13 08:40:35.593 [warning] [Model][getRepositoryExact] Failed to get repository realpath for: "/home/node/shift_table/node_modules/es-object-atoms/". Error:Error: ENOENT: no such file or directory, realpath '/home/node/shift_table/node_modules/es-object-atoms/'
2026-05-13 08:40:35.595 [warning] [Model][getRepositoryExact] Failed to get repository realpath for: "/home/node/shift_table/node_modules/es-to-primitive/". Error:Error: ENOENT: no such file or directory, realpath '/home/node/shift_table/node_modules/es-to-primitive/'
2026-05-13 08:40:35.596 [warning] [Model][getRepositoryExact] Failed to get repository realpath for: "/home/node/shift_table/node_modules/has-tostringtag/". Error:Error: ENOENT: no such file or directory, realpath '/home/node/shift_table/node_modules/has-tostringtag/'
2026-05-13 08:40:35.598 [warning] [Model][getRepositoryExact] Failed to get repository realpath for: "/home/node/shift_table/node_modules/is-array-buffer/". Error:Error: ENOENT: no such file or directory, realpath '/home/node/shift_table/node_modules/is-array-buffer/'
2026-05-13 08:40:35.599 [warning] [Model][getRepositoryExact] Failed to get repository realpath for: "/home/node/shift_table/node_modules/math-intrinsics/". Error:Error: ENOENT: no such file or directory, realpath '/home/node/shift_table/node_modules/math-intrinsics/'
2026-05-13 08:40:35.601 [warning] [Model][getRepositoryExact] Failed to get repository realpath for: "/home/node/shift_table/node_modules/safe-push-apply/". Error:Error: ENOENT: no such file or directory, realpath '/home/node/shift_table/node_modules/safe-push-apply/'
2026-05-13 08:40:35.602 [warning] [Model][getRepositoryExact] Failed to get repository realpath for: "/home/node/shift_table/node_modules/safe-regex-test/". Error:Error: ENOENT: no such file or directory, realpath '/home/node/shift_table/node_modules/safe-regex-test/'
2026-05-13 08:40:35.604 [warning] [Model][getRepositoryExact] Failed to get repository realpath for: "/home/node/shift_table/node_modules/unbox-primitive/". Error:Error: ENOENT: no such file or directory, realpath '/home/node/shift_table/node_modules/unbox-primitive/'
2026-05-13 08:40:35.605 [warning] [Model][getRepositoryExact] Failed to get repository realpath for: "/home/node/shift_table/node_modules/data-view-buffer/". Error:Error: ENOENT: no such file or directory, realpath '/home/node/shift_table/node_modules/data-view-buffer/'
2026-05-13 08:40:35.607 [warning] [Model][getRepositoryExact] Failed to get repository realpath for: "/home/node/shift_table/node_modules/is-negative-zero/". Error:Error: ENOENT: no such file or directory, realpath '/home/node/shift_table/node_modules/is-negative-zero/'
2026-05-13 08:40:35.608 [warning] [Model][getRepositoryExact] Failed to get repository realpath for: "/home/node/shift_table/node_modules/is-number-object/". Error:Error: ENOENT: no such file or directory, realpath '/home/node/shift_table/node_modules/is-number-object/'
2026-05-13 08:40:35.610 [warning] [Model][getRepositoryExact] Failed to get repository realpath for: "/home/node/shift_table/node_modules/side-channel-map/". Error:Error: ENOENT: no such file or directory, realpath '/home/node/shift_table/node_modules/side-channel-map/'
2026-05-13 08:40:35.611 [warning] [Model][getRepositoryExact] Failed to get repository realpath for: "/home/node/shift_table/node_modules/which-collection/". Error:Error: ENOENT: no such file or directory, realpath '/home/node/shift_table/node_modules/which-collection/'
2026-05-13 08:40:35.612 [warning] [Model][getRepositoryExact] Failed to get repository realpath for: "/home/node/shift_table/node_modules/define-properties/". Error:Error: ENOENT: no such file or directory, realpath '/home/node/shift_table/node_modules/define-properties/'
2026-05-13 08:40:35.613 [warning] [Model][getRepositoryExact] Failed to get repository realpath for: "/home/node/shift_table/node_modules/is-boolean-object/". Error:Error: ENOENT: no such file or directory, realpath '/home/node/shift_table/node_modules/is-boolean-object/'
2026-05-13 08:40:35.615 [warning] [Model][getRepositoryExact] Failed to get repository realpath for: "/home/node/shift_table/node_modules/node-exports-info/". Error:Error: ENOENT: no such file or directory, realpath '/home/node/shift_table/node_modules/node-exports-info/'
2026-05-13 08:40:35.616 [warning] [Model][getRepositoryExact] Failed to get repository realpath for: "/home/node/shift_table/node_modules/safe-array-concat/". Error:Error: ENOENT: no such file or directory, realpath '/home/node/shift_table/node_modules/safe-array-concat/'
2026-05-13 08:40:35.618 [warning] [Model][getRepositoryExact] Failed to get repository realpath for: "/home/node/shift_table/node_modules/set-function-name/". Error:Error: ENOENT: no such file or directory, realpath '/home/node/shift_table/node_modules/set-function-name/'
2026-05-13 08:40:35.619 [warning] [Model][getRepositoryExact] Failed to get repository realpath for: "/home/node/shift_table/node_modules/side-channel-list/". Error:Error: ENOENT: no such file or directory, realpath '/home/node/shift_table/node_modules/side-channel-list/'
2026-05-13 08:40:35.621 [warning] [Model][getRepositoryExact] Failed to get repository realpath for: "/home/node/shift_table/node_modules/which-typed-array/". Error:Error: ENOENT: no such file or directory, realpath '/home/node/shift_table/node_modules/which-typed-array/'
2026-05-13 08:40:35.622 [warning] [Model][getRepositoryExact] Failed to get repository realpath for: "/home/node/shift_table/node_modules/es-define-property/". Error:Error: ENOENT: no such file or directory, realpath '/home/node/shift_table/node_modules/es-define-property/'
2026-05-13 08:40:35.624 [warning] [Model][getRepositoryExact] Failed to get repository realpath for: "/home/node/shift_table/node_modules/generator-function/". Error:Error: ENOENT: no such file or directory, realpath '/home/node/shift_table/node_modules/generator-function/'
2026-05-13 08:40:35.625 [warning] [Model][getRepositoryExact] Failed to get repository realpath for: "/home/node/shift_table/node_modules/iterator.prototype/". Error:Error: ENOENT: no such file or directory, realpath '/home/node/shift_table/node_modules/iterator.prototype/'
2026-05-13 08:40:35.627 [warning] [Model][getRepositoryExact] Failed to get repository realpath for: "/home/node/shift_table/node_modules/typed-array-buffer/". Error:Error: ENOENT: no such file or directory, realpath '/home/node/shift_table/node_modules/typed-array-buffer/'
2026-05-13 08:40:35.628 [warning] [Model][getRepositoryExact] Failed to get repository realpath for: "/home/node/shift_table/node_modules/typed-array-length/". Error:Error: ENOENT: no such file or directory, realpath '/home/node/shift_table/node_modules/typed-array-length/'
2026-05-13 08:40:35.630 [warning] [Model][getRepositoryExact] Failed to get repository realpath for: "/home/node/shift_table/node_modules/es-iterator-helpers/". Error:Error: ENOENT: no such file or directory, realpath '/home/node/shift_table/node_modules/es-iterator-helpers/'
2026-05-13 08:40:35.631 [warning] [Model][getRepositoryExact] Failed to get repository realpath for: "/home/node/shift_table/node_modules/es-shim-unscopables/". Error:Error: ENOENT: no such file or directory, realpath '/home/node/shift_table/node_modules/es-shim-unscopables/'
2026-05-13 08:40:35.633 [warning] [Model][getRepositoryExact] Failed to get repository realpath for: "/home/node/shift_table/node_modules/set-function-length/". Error:Error: ENOENT: no such file or directory, realpath '/home/node/shift_table/node_modules/set-function-length/'
2026-05-13 08:40:35.635 [warning] [Model][getRepositoryExact] Failed to get repository realpath for: "/home/node/shift_table/node_modules/array.prototype.flat/". Error:Error: ENOENT: no such file or directory, realpath '/home/node/shift_table/node_modules/array.prototype.flat/'
2026-05-13 08:40:35.636 [warning] [Model][getRepositoryExact] Failed to get repository realpath for: "/home/node/shift_table/node_modules/define-data-property/". Error:Error: ENOENT: no such file or directory, realpath '/home/node/shift_table/node_modules/define-data-property/'
2026-05-13 08:40:35.638 [warning] [Model][getRepositoryExact] Failed to get repository realpath for: "/home/node/shift_table/node_modules/functions-have-names/". Error:Error: ENOENT: no such file or directory, realpath '/home/node/shift_table/node_modules/functions-have-names/'
2026-05-13 08:40:35.639 [warning] [Model][getRepositoryExact] Failed to get repository realpath for: "/home/node/shift_table/node_modules/side-channel-weakmap/". Error:Error: ENOENT: no such file or directory, realpath '/home/node/shift_table/node_modules/side-channel-weakmap/'
2026-05-13 08:40:35.641 [warning] [Model][getRepositoryExact] Failed to get repository realpath for: "/home/node/shift_table/node_modules/data-view-byte-length/". Error:Error: ENOENT: no such file or directory, realpath '/home/node/shift_table/node_modules/data-view-byte-length/'
2026-05-13 08:40:35.642 [warning] [Model][getRepositoryExact] Failed to get repository realpath for: "/home/node/shift_table/node_modules/data-view-byte-offset/". Error:Error: ENOENT: no such file or directory, realpath '/home/node/shift_table/node_modules/data-view-byte-offset/'
2026-05-13 08:40:35.643 [warning] [Model][getRepositoryExact] Failed to get repository realpath for: "/home/node/shift_table/node_modules/which-boxed-primitive/". Error:Error: ENOENT: no such file or directory, realpath '/home/node/shift_table/node_modules/which-boxed-primitive/'
2026-05-13 08:40:35.645 [warning] [Model][getRepositoryExact] Failed to get repository realpath for: "/home/node/shift_table/node_modules/available-typed-arrays/". Error:Error: ENOENT: no such file or directory, realpath '/home/node/shift_table/node_modules/available-typed-arrays/'
2026-05-13 08:40:35.646 [warning] [Model][getRepositoryExact] Failed to get repository realpath for: "/home/node/shift_table/node_modules/get-symbol-description/". Error:Error: ENOENT: no such file or directory, realpath '/home/node/shift_table/node_modules/get-symbol-description/'
2026-05-13 08:40:35.648 [warning] [Model][getRepositoryExact] Failed to get repository realpath for: "/home/node/shift_table/node_modules/is-shared-array-buffer/". Error:Error: ENOENT: no such file or directory, realpath '/home/node/shift_table/node_modules/is-shared-array-buffer/'
2026-05-13 08:40:35.649 [warning] [Model][getRepositoryExact] Failed to get repository realpath for: "/home/node/shift_table/node_modules/array.prototype.flatmap/". Error:Error: ENOENT: no such file or directory, realpath '/home/node/shift_table/node_modules/array.prototype.flatmap/'
2026-05-13 08:40:35.651 [warning] [Model][getRepositoryExact] Failed to get repository realpath for: "/home/node/shift_table/node_modules/call-bind-apply-helpers/". Error:Error: ENOENT: no such file or directory, realpath '/home/node/shift_table/node_modules/call-bind-apply-helpers/'
2026-05-13 08:40:35.652 [warning] [Model][getRepositoryExact] Failed to get repository realpath for: "/home/node/shift_table/node_modules/function.prototype.name/". Error:Error: ENOENT: no such file or directory, realpath '/home/node/shift_table/node_modules/function.prototype.name/'
2026-05-13 08:40:35.653 [warning] [Model][getRepositoryExact] Failed to get repository realpath for: "/home/node/shift_table/node_modules/is-finalizationregistry/". Error:Error: ENOENT: no such file or directory, realpath '/home/node/shift_table/node_modules/is-finalizationregistry/'
2026-05-13 08:40:35.655 [warning] [Model][getRepositoryExact] Failed to get repository realpath for: "/home/node/shift_table/node_modules/stop-iteration-iterator/". Error:Error: ENOENT: no such file or directory, realpath '/home/node/shift_table/node_modules/stop-iteration-iterator/'
2026-05-13 08:40:35.656 [warning] [Model][getRepositoryExact] Failed to get repository realpath for: "/home/node/shift_table/node_modules/typed-array-byte-length/". Error:Error: ENOENT: no such file or directory, realpath '/home/node/shift_table/node_modules/typed-array-byte-length/'
2026-05-13 08:40:35.658 [warning] [Model][getRepositoryExact] Failed to get repository realpath for: "/home/node/shift_table/node_modules/typed-array-byte-offset/". Error:Error: ENOENT: no such file or directory, realpath '/home/node/shift_table/node_modules/typed-array-byte-offset/'
2026-05-13 08:40:35.659 [warning] [Model][getRepositoryExact] Failed to get repository realpath for: "/home/node/shift_table/node_modules/array-buffer-byte-length/". Error:Error: ENOENT: no such file or directory, realpath '/home/node/shift_table/node_modules/array-buffer-byte-length/'
2026-05-13 08:40:35.661 [warning] [Model][getRepositoryExact] Failed to get repository realpath for: "/home/node/shift_table/node_modules/array.prototype.findlast/". Error:Error: ENOENT: no such file or directory, realpath '/home/node/shift_table/node_modules/array.prototype.findlast/'
2026-05-13 08:40:35.662 [warning] [Model][getRepositoryExact] Failed to get repository realpath for: "/home/node/shift_table/node_modules/array.prototype.tosorted/". Error:Error: ENOENT: no such file or directory, realpath '/home/node/shift_table/node_modules/array.prototype.tosorted/'
2026-05-13 08:40:35.664 [warning] [Model][getRepositoryExact] Failed to get repository realpath for: "/home/node/shift_table/node_modules/has-property-descriptors/". Error:Error: ENOENT: no such file or directory, realpath '/home/node/shift_table/node_modules/has-property-descriptors/'
2026-05-13 08:40:35.665 [warning] [Model][getRepositoryExact] Failed to get repository realpath for: "/home/node/shift_table/node_modules/string.prototype.includes/". Error:Error: ENOENT: no such file or directory, realpath '/home/node/shift_table/node_modules/string.prototype.includes/'
2026-05-13 08:40:35.667 [warning] [Model][getRepositoryExact] Failed to get repository realpath for: "/home/node/shift_table/node_modules/string.prototype.matchall/". Error:Error: ENOENT: no such file or directory, realpath '/home/node/shift_table/node_modules/string.prototype.matchall/'
2026-05-13 08:40:35.668 [warning] [Model][getRepositoryExact] Failed to get repository realpath for: "/home/node/shift_table/node_modules/fast-json-stable-stringify/". Error:Error: ENOENT: no such file or directory, realpath '/home/node/shift_table/node_modules/fast-json-stable-stringify/'
2026-05-13 08:40:35.670 [warning] [Model][getRepositoryExact] Failed to get repository realpath for: "/home/node/shift_table/node_modules/possible-typed-array-names/". Error:Error: ENOENT: no such file or directory, realpath '/home/node/shift_table/node_modules/possible-typed-array-names/'
2026-05-13 08:40:35.671 [warning] [Model][getRepositoryExact] Failed to get repository realpath for: "/home/node/shift_table/node_modules/array.prototype.findlastindex/". Error:Error: ENOENT: no such file or directory, realpath '/home/node/shift_table/node_modules/array.prototype.findlastindex/'
2026-05-13 08:40:35.672 [warning] [Model][getRepositoryExact] Failed to get repository realpath for: "/home/node/shift_table/node_modules/string.prototype.repeat/". Error:Error: ENOENT: no such file or directory, realpath '/home/node/shift_table/node_modules/string.prototype.repeat/'
2026-05-13 08:40:35.674 [warning] [Model][getRepositoryExact] Failed to get repository realpath for: "/home/node/shift_table/node_modules/supports-preserve-symlinks-flag/". Error:Error: ENOENT: no such file or directory, realpath '/home/node/shift_table/node_modules/supports-preserve-symlinks-flag/'
2026-05-13 08:40:48.002 [info] > git rev-parse --show-toplevel [1ms]
2026-05-13 08:40:54.613 [info] > git rev-parse --show-toplevel [1ms]
2026-05-13 08:40:54.616 [info] > git rev-parse --show-toplevel [0ms]
2026-05-13 08:40:54.619 [info] > git rev-parse --show-toplevel [1ms]
2026-05-13 08:40:54.622 [info] > git rev-parse --show-toplevel [1ms]
2026-05-13 08:40:54.626 [info] > git rev-parse --show-toplevel [1ms]
2026-05-13 08:40:54.629 [info] > git rev-parse --show-toplevel [1ms]
2026-05-13 08:40:54.631 [info] > git rev-parse --show-toplevel [1ms]
2026-05-13 08:40:54.633 [info] > git rev-parse --show-toplevel [0ms]
2026-05-13 08:40:54.636 [info] > git rev-parse --show-toplevel [1ms]
2026-05-13 08:40:54.638 [info] > git rev-parse --show-toplevel [1ms]
2026-05-13 08:40:54.640 [info] > git rev-parse --show-toplevel [1ms]
2026-05-13 08:40:54.643 [info] > git rev-parse --show-toplevel [0ms]
2026-05-13 08:40:54.645 [info] > git rev-parse --show-toplevel [1ms]
2026-05-13 08:40:54.648 [info] > git rev-parse --show-toplevel [1ms]
2026-05-13 08:40:54.650 [info] > git rev-parse --show-toplevel [0ms]
2026-05-13 08:40:54.653 [info] > git rev-parse --show-toplevel [0ms]
2026-05-13 08:40:54.655 [info] > git rev-parse --show-toplevel [1ms]
2026-05-13 08:40:54.657 [info] > git rev-parse --show-toplevel [0ms]
2026-05-13 08:40:54.659 [info] > git rev-parse --show-toplevel [0ms]
2026-05-13 08:40:54.661 [info] > git rev-parse --show-toplevel [0ms]
2026-05-13 08:40:54.664 [info] > git rev-parse --show-toplevel [1ms]
2026-05-13 08:40:54.666 [info] > git rev-parse --show-toplevel [1ms]
2026-05-13 08:40:54.668 [info] > git rev-parse --show-toplevel [1ms]
2026-05-13 08:40:54.671 [info] > git rev-parse --show-toplevel [0ms]
2026-05-13 08:40:54.673 [info] > git rev-parse --show-toplevel [1ms]
2026-05-13 08:40:54.675 [info] > git rev-parse --show-toplevel [0ms]
2026-05-13 08:40:54.678 [info] > git rev-parse --show-toplevel [1ms]
2026-05-13 08:40:54.680 [info] > git rev-parse --show-toplevel [1ms]
2026-05-13 08:40:54.682 [info] > git rev-parse --show-toplevel [1ms]
2026-05-13 08:40:54.684 [info] > git rev-parse --show-toplevel [0ms]
2026-05-13 08:40:54.687 [info] > git rev-parse --show-toplevel [1ms]
2026-05-13 08:40:54.690 [info] > git rev-parse --show-toplevel [0ms]
2026-05-13 08:40:54.693 [info] > git rev-parse --show-toplevel [1ms]
2026-05-13 08:40:54.696 [info] > git rev-parse --show-toplevel [1ms]
2026-05-13 08:40:54.699 [info] > git rev-parse --show-toplevel [1ms]
2026-05-13 08:40:54.701 [info] > git rev-parse --show-toplevel [0ms]
2026-05-13 08:40:54.704 [info] > git rev-parse --show-toplevel [1ms]
2026-05-13 08:40:54.707 [info] > git rev-parse --show-toplevel [1ms]
2026-05-13 08:40:54.710 [info] > git rev-parse --show-toplevel [1ms]
2026-05-13 08:40:54.715 [info] > git rev-parse --show-toplevel [4ms]
2026-05-13 08:40:54.717 [info] > git rev-parse --show-toplevel [1ms]
2026-05-13 08:40:54.720 [info] > git rev-parse --show-toplevel [1ms]
2026-05-13 08:40:54.723 [info] > git rev-parse --show-toplevel [1ms]
2026-05-13 08:40:54.725 [info] > git rev-parse --show-toplevel [0ms]
2026-05-13 08:40:54.728 [info] > git rev-parse --show-toplevel [1ms]
2026-05-13 08:40:54.730 [info] > git rev-parse --show-toplevel [1ms]
2026-05-13 08:40:54.732 [info] > git rev-parse --show-toplevel [1ms]
2026-05-13 08:40:54.734 [info] > git rev-parse --show-toplevel [1ms]
2026-05-13 08:40:54.736 [info] > git rev-parse --show-toplevel [0ms]
2026-05-13 08:40:54.739 [info] > git rev-parse --show-toplevel [0ms]
2026-05-13 08:40:54.742 [info] > git rev-parse --show-toplevel [1ms]
2026-05-13 08:40:54.744 [info] > git rev-parse --show-toplevel [0ms]
2026-05-13 08:40:54.748 [info] > git rev-parse --show-toplevel [1ms]
2026-05-13 08:40:54.750 [info] > git rev-parse --show-toplevel [1ms]
2026-05-13 08:40:54.752 [info] > git rev-parse --show-toplevel [0ms]
2026-05-13 08:40:54.755 [info] > git rev-parse --show-toplevel [1ms]
2026-05-13 08:40:54.757 [info] > git rev-parse --show-toplevel [0ms]
2026-05-13 08:40:54.760 [info] > git rev-parse --show-toplevel [1ms]
2026-05-13 08:40:54.762 [info] > git rev-parse --show-toplevel [1ms]
2026-05-13 08:40:54.764 [info] > git rev-parse --show-toplevel [1ms]
2026-05-13 08:40:54.766 [info] > git rev-parse --show-toplevel [1ms]
2026-05-13 08:40:54.768 [info] > git rev-parse --show-toplevel [0ms]
2026-05-13 08:40:54.771 [info] > git rev-parse --show-toplevel [1ms]
2026-05-13 08:40:54.774 [info] > git rev-parse --show-toplevel [1ms]
2026-05-13 08:40:54.776 [info] > git rev-parse --show-toplevel [1ms]
2026-05-13 08:40:54.778 [info] > git rev-parse --show-toplevel [0ms]
2026-05-13 08:40:54.780 [info] > git rev-parse --show-toplevel [0ms]
2026-05-13 08:40:54.783 [info] > git rev-parse --show-toplevel [1ms]
2026-05-13 08:40:54.785 [info] > git rev-parse --show-toplevel [1ms]
2026-05-13 08:40:54.787 [info] > git rev-parse --show-toplevel [1ms]
2026-05-13 08:40:54.789 [info] > git rev-parse --show-toplevel [1ms]
2026-05-13 08:40:54.791 [info] > git rev-parse --show-toplevel [0ms]
2026-05-13 08:40:54.794 [info] > git rev-parse --show-toplevel [1ms]
2026-05-13 08:40:54.796 [info] > git rev-parse --show-toplevel [1ms]
2026-05-13 08:40:54.798 [info] > git rev-parse --show-toplevel [0ms]
2026-05-13 08:40:54.800 [info] > git rev-parse --show-toplevel [0ms]
2026-05-13 08:40:54.803 [info] > git rev-parse --show-toplevel [1ms]
2026-05-13 08:40:54.805 [info] > git rev-parse --show-toplevel [1ms]
2026-05-13 08:40:54.807 [info] > git rev-parse --show-toplevel [1ms]
2026-05-13 08:40:54.809 [info] > git rev-parse --show-toplevel [0ms]
2026-05-13 08:40:54.812 [info] > git rev-parse --show-toplevel [1ms]
2026-05-13 08:40:54.814 [info] > git rev-parse --show-toplevel [1ms]
2026-05-13 08:40:54.816 [info] > git rev-parse --show-toplevel [0ms]
2026-05-13 08:40:54.819 [info] > git rev-parse --show-toplevel [1ms]
2026-05-13 08:40:54.822 [info] > git rev-parse --show-toplevel [1ms]
2026-05-13 08:40:54.825 [info] > git rev-parse --show-toplevel [1ms]
2026-05-13 08:40:54.829 [info] > git rev-parse --show-toplevel [0ms]
2026-05-13 08:40:54.832 [info] > git rev-parse --show-toplevel [1ms]
2026-05-13 08:40:54.834 [info] > git rev-parse --show-toplevel [1ms]
2026-05-13 08:40:54.836 [info] > git rev-parse --show-toplevel [0ms]
2026-05-13 08:40:54.839 [info] > git rev-parse --show-toplevel [1ms]
2026-05-13 08:40:54.841 [info] > git rev-parse --show-toplevel [1ms]
2026-05-13 08:40:54.843 [info] > git rev-parse --show-toplevel [1ms]
2026-05-13 08:40:54.845 [info] > git rev-parse --show-toplevel [0ms]
2026-05-13 08:40:55.316 [info] > git rev-parse --show-toplevel [1ms]
2026-05-13 08:40:55.319 [info] > git rev-parse --show-toplevel [1ms]
2026-05-13 08:40:55.322 [info] > git rev-parse --show-toplevel [1ms]
2026-05-13 08:40:55.326 [info] > git rev-parse --show-toplevel [1ms]
2026-05-13 08:40:57.201 [info] > git rev-parse --show-toplevel [1ms]
2026-05-13 08:41:09.681 [info] > git rev-parse --show-toplevel [1ms]
2026-05-13 08:41:13.509 [info] > git rev-parse --show-toplevel [0ms]
2026-05-13 08:42:54.982 [info] > git rev-parse --show-toplevel [8ms]
2026-05-13 08:42:55.085 [info] > git rev-parse --show-toplevel [2ms]
2026-05-13 08:48:48.529 [info] > git rev-parse --show-toplevel [7ms]
2026-05-13 08:49:45.424 [info] > git rev-parse --show-toplevel [1ms]
2026-05-13 08:49:54.252 [info] > git rev-parse --show-toplevel [8ms]
2026-05-13 08:50:25.816 [info] > git rev-parse --show-toplevel [2ms]
2026-05-13 08:52:16.446 [info] > git rev-parse --show-toplevel [2ms]
2026-05-13 08:53:33.314 [warning] [Model][getRepositoryExact] Failed to get repository realpath for: "/home/node/shift_table/pages". Error:Error: ENOENT: no such file or directory, realpath '/home/node/shift_table/pages'
