2026-05-24 06:45:07.770 [info] Extension host with pid 376 started
2026-05-24 06:45:07.770 [error] Error: EEXIST: file already exists, open '/home/node/.vscode-server/data/User/workspaceStorage/711da0720457d74d19c18b7056ab53a4/vscode.lock'
2026-05-24 06:45:07.770 [info] Lock '/home/node/.vscode-server/data/User/workspaceStorage/711da0720457d74d19c18b7056ab53a4/vscode.lock': Could not acquire lock, checking if the file is stale.
2026-05-24 06:45:07.771 [info] Lock '/home/node/.vscode-server/data/User/workspaceStorage/711da0720457d74d19c18b7056ab53a4/vscode.lock': The lock does not look stale, elapsed: 120963 ms, giving up.
2026-05-24 06:45:07.771 [error] Error: EEXIST: file already exists, open '/home/node/.vscode-server/data/User/workspaceStorage/711da0720457d74d19c18b7056ab53a4-1/vscode.lock'
2026-05-24 06:45:07.773 [info] Lock '/home/node/.vscode-server/data/User/workspaceStorage/711da0720457d74d19c18b7056ab53a4-1/vscode.lock': Could not acquire lock, checking if the file is stale.
2026-05-24 06:45:07.774 [info] Lock '/home/node/.vscode-server/data/User/workspaceStorage/711da0720457d74d19c18b7056ab53a4-1/vscode.lock': The lock looks stale, waiting for 2s.
2026-05-24 06:45:07.813 [info] ExtensionService#_doActivateExtension vscode.emmet, startup: false, activationEvent: 'onLanguage'
2026-05-24 06:45:07.814 [info] ExtensionService#_doActivateExtension vscode.typescript-language-features, startup: false, activationEvent: 'onLanguage:typescriptreact'
2026-05-24 06:45:08.333 [info] ExtensionService#_doActivateExtension vscode.terminal-suggest, startup: false, activationEvent: 'onTerminalShellIntegration:*'
2026-05-24 06:45:08.570 [info] ExtensionService#_doActivateExtension vscode.tunnel-forwarding, startup: false, activationEvent: 'onTunnel'
2026-05-24 06:45:08.815 [info] ExtensionService#_doActivateExtension vscode.git-base, startup: true, activationEvent: '*', root cause: vscode.git
2026-05-24 06:45:08.816 [info] ExtensionService#_doActivateExtension vscode.npm, startup: true, activationEvent: 'workspaceContains:package.json'
2026-05-24 06:45:09.773 [info] Lock '/home/node/.vscode-server/data/User/workspaceStorage/711da0720457d74d19c18b7056ab53a4-1/vscode.lock': The lock looks stale even after waiting for 2s.
2026-05-24 06:45:09.774 [info] Lock '/home/node/.vscode-server/data/User/workspaceStorage/711da0720457d74d19c18b7056ab53a4-1/vscode.lock': Deleting a stale lock.
2026-05-24 06:45:09.779 [info] Lock '/home/node/.vscode-server/data/User/workspaceStorage/711da0720457d74d19c18b7056ab53a4-1/vscode.lock': Lock acquired.
2026-05-24 06:45:09.851 [info] ExtensionService#_doActivateExtension vscode.git, startup: true, activationEvent: '*'
2026-05-24 06:45:09.851 [info] ExtensionService#_doActivateExtension vscode.github, startup: true, activationEvent: '*'
2026-05-24 06:45:10.284 [info] Eager extensions activated
2026-05-24 06:45:10.284 [info] ExtensionService#_doActivateExtension vscode.debug-auto-launch, startup: false, activationEvent: 'onStartupFinished'
2026-05-24 06:45:10.285 [info] ExtensionService#_doActivateExtension vscode.merge-conflict, startup: false, activationEvent: 'onStartupFinished'
2026-05-24 06:45:15.015 [info] ExtensionService#_doActivateExtension vscode.configuration-editing, startup: false, activationEvent: 'onLanguage:json'
2026-05-24 06:45:15.015 [info] ExtensionService#_doActivateExtension vscode.extension-editing, startup: false, activationEvent: 'onLanguage:json'
2026-05-24 06:45:15.015 [info] ExtensionService#_doActivateExtension vscode.json-language-features, startup: false, activationEvent: 'onLanguage:json'
