2026-05-23 14:19:03.396 [info] [main] ログ レベル: Info
2026-05-23 14:19:03.396 [info] [main] Git の検証が検出されました: "git"
2026-05-23 14:19:03.396 [info] [main] "git" から Git "2.39.5" を使用しています
2026-05-23 14:19:03.396 [info] [Model][doInitialScan] Initial repository scan started
2026-05-23 14:19:03.396 [info] > git rev-parse --show-toplevel [2ms]
2026-05-23 14:19:03.396 [info] > git rev-parse --show-toplevel [3ms]
2026-05-23 14:19:03.415 [info] > git rev-parse --show-toplevel [15ms]
2026-05-23 14:19:03.418 [info] > git rev-parse --show-toplevel [1ms]
2026-05-23 14:19:03.420 [info] > git rev-parse --show-toplevel [1ms]
2026-05-23 14:19:03.421 [info] [Model][doInitialScan] Initial repository scan completed - repositories (0), closed repositories (0), parent repositories (1), unsafe repositories (0)
2026-05-23 14:19:57.998 [info] > git rev-parse --show-toplevel [1ms]
2026-05-23 14:20:22.762 [info] > git rev-parse --show-toplevel [2ms]
2026-05-23 14:20:27.295 [info] > git rev-parse --show-toplevel [2ms]
2026-05-23 14:20:30.086 [info] > git rev-parse --show-toplevel [2ms]
2026-05-23 14:20:32.652 [info] > git rev-parse --show-toplevel [2ms]
2026-05-23 14:20:46.735 [info] > git rev-parse --show-toplevel [1ms]
2026-05-23 14:20:47.851 [info] > git rev-parse --show-toplevel [1ms]
2026-05-23 14:21:06.329 [info] > git rev-parse --show-toplevel [2ms]
2026-05-23 14:21:09.136 [info] > git rev-parse --show-toplevel [0ms]
2026-05-23 14:21:11.618 [info] > git rev-parse --show-toplevel [1ms]
2026-05-23 14:21:44.552 [info] > git rev-parse --show-toplevel [3ms]
2026-05-23 14:22:05.363 [info] > git rev-parse --show-toplevel [1ms]
2026-05-23 14:23:44.906 [info] > git rev-parse --show-toplevel [2ms]
2026-05-23 14:23:52.301 [info] > git rev-parse --show-toplevel [2ms]
2026-05-23 14:23:54.070 [info] > git rev-parse --show-toplevel [2ms]
2026-05-23 14:24:43.805 [info] > git rev-parse --show-toplevel [2ms]
2026-05-23 14:25:16.628 [info] > git rev-parse --show-toplevel [3ms]
2026-05-23 14:25:42.054 [info] > git rev-parse --show-toplevel [2ms]
2026-05-23 14:25:46.295 [info] > git rev-parse --show-toplevel [2ms]
2026-05-23 14:26:02.604 [info] > git rev-parse --show-toplevel [1ms]
2026-05-23 14:26:17.157 [info] > git rev-parse --show-toplevel [2ms]
2026-05-23 14:27:18.749 [info] > git rev-parse --show-toplevel [3ms]
2026-05-23 14:28:12.324 [info] > git rev-parse --show-toplevel [3ms]
2026-05-23 14:28:38.904 [info] > git rev-parse --show-toplevel [13ms]
2026-05-23 14:28:45.953 [info] > git rev-parse --show-toplevel [1ms]
2026-05-23 14:28:48.210 [info] > git rev-parse --show-toplevel [1ms]
2026-05-23 14:28:51.850 [info] > git rev-parse --show-toplevel [2ms]
2026-05-23 14:31:32.446 [info] > git rev-parse --show-toplevel [2ms]
2026-05-23 14:31:39.924 [info] > git rev-parse --show-toplevel [3ms]
2026-05-23 14:31:40.576 [info] > git rev-parse --show-toplevel [1ms]
2026-05-23 14:32:54.537 [info] > git rev-parse --show-toplevel [1ms]
2026-05-23 14:34:20.815 [info] > git rev-parse --show-toplevel [2ms]
2026-05-23 14:34:30.985 [info] > git rev-parse --show-toplevel [1ms]
2026-05-23 14:34:41.463 [info] > git rev-parse --show-toplevel [1ms]
2026-05-23 14:45:17.096 [info] > git rev-parse --show-toplevel [2ms]
2026-05-23 14:45:21.707 [info] > git rev-parse --show-toplevel [1ms]
2026-05-23 14:45:19.346 [info] > git rev-parse --show-toplevel [1ms]
2026-05-23 14:45:30.632 [info] > git rev-parse --show-toplevel [2ms]
2026-05-23 14:46:06.528 [info] > git rev-parse --show-toplevel [2ms]
2026-05-23 14:46:14.157 [info] > git rev-parse --show-toplevel [2ms]
2026-05-23 14:46:25.831 [info] > git rev-parse --show-toplevel [2ms]
2026-05-23 14:46:56.883 [info] > git rev-parse --show-toplevel [2ms]
2026-05-23 14:48:07.286 [info] > git rev-parse --show-toplevel [2ms]
2026-05-23 14:50:01.229 [info] > git rev-parse --show-toplevel [8ms]
2026-05-23 14:50:05.992 [info] > git rev-parse --show-toplevel [0ms]
2026-05-23 14:50:31.759 [info] > git rev-parse --show-toplevel [2ms]
2026-05-23 14:50:33.816 [info] > git rev-parse --show-toplevel [1ms]
2026-05-23 14:52:40.806 [info] > git rev-parse --show-toplevel [3ms]
2026-05-23 14:53:13.987 [info] > git rev-parse --show-toplevel [2ms]
2026-05-23 14:53:20.911 [info] > git rev-parse --show-toplevel [1ms]
2026-05-23 14:53:27.194 [info] > git rev-parse --show-toplevel [3ms]
2026-05-23 14:54:53.771 [info] > git rev-parse --show-toplevel [1ms]
2026-05-23 14:55:19.267 [info] > git rev-parse --show-toplevel [1ms]
2026-05-23 14:56:01.521 [info] > git rev-parse --show-toplevel [2ms]
2026-05-23 15:00:20.886 [info] > git rev-parse --show-toplevel [1ms]
2026-05-23 15:00:26.669 [info] > git rev-parse --show-toplevel [1ms]
2026-05-23 15:00:29.727 [info] > git rev-parse --show-toplevel [1ms]
2026-05-23 15:00:30.773 [info] > git rev-parse --show-toplevel [4ms]
2026-05-23 15:00:31.577 [info] > git rev-parse --show-toplevel [1ms]
2026-05-23 15:01:27.852 [info] > git rev-parse --show-toplevel [1ms]
2026-05-23 15:06:56.451 [info] > git rev-parse --show-toplevel [8ms]
2026-05-23 15:07:44.153 [info] > git rev-parse --show-toplevel [1ms]
2026-05-23 15:07:46.675 [info] > git rev-parse --show-toplevel [1ms]
2026-05-23 15:07:48.342 [info] > git rev-parse --show-toplevel [1ms]
2026-05-23 15:08:57.495 [info] > git rev-parse --show-toplevel [2ms]
2026-05-23 15:10:02.438 [info] > git rev-parse --show-toplevel [2ms]
2026-05-23 15:10:45.573 [info] > git rev-parse --show-toplevel [2ms]
2026-05-23 15:10:46.624 [info] > git rev-parse --show-toplevel [1ms]
2026-05-23 15:10:51.112 [info] > git rev-parse --show-toplevel [2ms]
2026-05-23 15:15:19.384 [info] > git rev-parse --show-toplevel [1ms]
2026-05-23 15:17:40.289 [info] > git rev-parse --show-toplevel [7ms]
2026-05-23 15:19:56.196 [info] > git rev-parse --show-toplevel [1ms]
2026-05-23 15:20:01.401 [info] > git rev-parse --show-toplevel [2ms]
2026-05-23 15:20:33.172 [info] > git rev-parse --show-toplevel [2ms]
2026-05-23 15:21:22.730 [info] > git rev-parse --show-toplevel [1ms]
2026-05-23 15:21:50.436 [info] > git rev-parse --show-toplevel [1ms]
2026-05-23 15:21:52.748 [info] > git rev-parse --show-toplevel [1ms]
2026-05-23 15:22:22.852 [info] > git rev-parse --show-toplevel [2ms]
2026-05-23 15:22:33.332 [info] > git rev-parse --show-toplevel [1ms]
2026-05-23 15:30:06.509 [info] > git rev-parse --show-toplevel [1ms]
2026-05-23 15:30:16.468 [info] > git rev-parse --show-toplevel [2ms]
2026-05-23 15:30:39.960 [info] > git rev-parse --show-toplevel [2ms]
2026-05-23 15:31:06.514 [info] > git rev-parse --show-toplevel [2ms]
2026-05-23 15:31:07.799 [info] > git rev-parse --show-toplevel [1ms]
2026-05-23 15:31:39.189 [info] > git rev-parse --show-toplevel [1ms]
2026-05-23 15:31:40.203 [info] > git rev-parse --show-toplevel [1ms]
2026-05-23 15:31:47.805 [info] > git rev-parse --show-toplevel [1ms]
2026-05-23 15:32:33.491 [info] > git rev-parse --show-toplevel [1ms]
2026-05-23 15:33:05.629 [info] > git rev-parse --show-toplevel [1ms]
2026-05-23 15:33:16.462 [info] > git rev-parse --show-toplevel [2ms]
2026-05-23 15:33:18.783 [info] > git rev-parse --show-toplevel [1ms]
2026-05-23 15:33:25.452 [info] > git rev-parse --show-toplevel [3ms]
2026-05-23 15:33:30.534 [info] > git rev-parse --show-toplevel [1ms]
2026-05-23 15:33:33.472 [info] > git rev-parse --show-toplevel [2ms]
2026-05-23 15:33:34.077 [info] > git rev-parse --show-toplevel [2ms]
2026-05-23 15:33:35.444 [info] > git rev-parse --show-toplevel [1ms]
2026-05-23 15:33:36.187 [info] > git rev-parse --show-toplevel [1ms]
2026-05-23 15:33:40.211 [info] > git rev-parse --show-toplevel [1ms]
2026-05-23 15:33:42.359 [info] > git rev-parse --show-toplevel [1ms]
2026-05-23 15:34:05.966 [info] > git rev-parse --show-toplevel [1ms]
2026-05-23 15:34:10.130 [info] > git rev-parse --show-toplevel [1ms]
2026-05-23 15:34:14.234 [info] > git rev-parse --show-toplevel [3ms]
2026-05-23 15:34:29.579 [info] > git rev-parse --show-toplevel [2ms]
2026-05-23 15:35:13.702 [info] > git rev-parse --show-toplevel [2ms]
2026-05-23 15:36:38.014 [info] > git rev-parse --show-toplevel [2ms]
2026-05-23 15:36:45.751 [info] > git rev-parse --show-toplevel [1ms]
2026-05-23 15:36:46.844 [info] > git rev-parse --show-toplevel [1ms]
2026-05-23 15:37:00.046 [info] > git rev-parse --show-toplevel [1ms]
2026-05-23 15:39:01.604 [info] > git rev-parse --show-toplevel [1ms]
2026-05-23 15:40:05.007 [info] > git rev-parse --show-toplevel [9ms]
2026-05-23 15:40:09.546 [info] > git rev-parse --show-toplevel [2ms]
2026-05-23 15:45:57.583 [info] > git rev-parse --show-toplevel [2ms]
2026-05-23 15:45:58.798 [info] > git rev-parse --show-toplevel [1ms]
2026-05-23 15:45:59.367 [info] > git rev-parse --show-toplevel [1ms]
2026-05-23 15:46:16.270 [info] > git rev-parse --show-toplevel [1ms]
