2026-05-07 13:31:41.567 [info] [main] ログ レベル: Info
2026-05-07 13:31:41.567 [info] [main] Git の検証が検出されました: "git"
2026-05-07 13:31:41.567 [info] [main] "git" から Git "2.39.5" を使用しています
2026-05-07 13:31:41.567 [info] [Model][doInitialScan] Initial repository scan started
2026-05-07 13:31:41.567 [info] > git rev-parse --show-toplevel [6ms]
2026-05-07 13:31:41.567 [info] fatal: not a git repository (or any parent up to mount point /workspaces)
Stopping at filesystem boundary (GIT_DISCOVERY_ACROSS_FILESYSTEM not set).
2026-05-07 13:31:41.567 [info] > git rev-parse --show-toplevel [2ms]
2026-05-07 13:31:41.567 [info] fatal: not a git repository (or any parent up to mount point /workspaces)
Stopping at filesystem boundary (GIT_DISCOVERY_ACROSS_FILESYSTEM not set).
2026-05-07 13:31:41.567 [info] > git rev-parse --show-toplevel [1ms]
2026-05-07 13:31:41.567 [info] fatal: not a git repository (or any parent up to mount point /workspaces)
Stopping at filesystem boundary (GIT_DISCOVERY_ACROSS_FILESYSTEM not set).
2026-05-07 13:31:41.567 [info] > git rev-parse --show-toplevel [7ms]
2026-05-07 13:31:41.567 [info] fatal: not a git repository (or any parent up to mount point /workspaces)
Stopping at filesystem boundary (GIT_DISCOVERY_ACROSS_FILESYSTEM not set).
2026-05-07 13:31:41.567 [info] [Model][doInitialScan] Initial repository scan completed - repositories (0), closed repositories (0), parent repositories (0), unsafe repositories (0)
2026-05-07 13:31:41.602 [info] > git rev-parse --show-toplevel [3ms]
2026-05-07 13:31:41.602 [info] fatal: not a git repository (or any parent up to mount point /workspaces)
Stopping at filesystem boundary (GIT_DISCOVERY_ACROSS_FILESYSTEM not set).
2026-05-07 13:32:10.349 [info] > git rev-parse --show-toplevel [0ms]
2026-05-07 13:32:10.349 [info] fatal: not a git repository (or any parent up to mount point /workspaces)
Stopping at filesystem boundary (GIT_DISCOVERY_ACROSS_FILESYSTEM not set).
2026-05-07 13:32:46.330 [info] > git rev-parse --show-toplevel [1ms]
2026-05-07 13:32:46.338 [info] > git rev-parse --git-dir --git-common-dir --show-superproject-working-tree [6ms]
2026-05-07 13:32:46.347 [info] [Model][openRepository] Opened repository (path): /workspaces/prac_next
2026-05-07 13:32:46.347 [info] [Model][openRepository] Opened repository (real path): /workspaces/prac_next
2026-05-07 13:32:46.347 [info] [Model][openRepository] Opened repository (kind): repository
2026-05-07 13:32:46.350 [info] > git config --get commit.template [1ms]
2026-05-07 13:32:46.352 [info] [Git][getRemotes] No remotes found in the git config file
2026-05-07 13:32:46.353 [info] > git for-each-ref --format=%(refname)%00%(upstream:short)%00%(objectname)%00%(upstream:track)%00%(upstream:remotename)%00%(upstream:remoteref) refs/heads/master refs/remotes/master [1ms]
2026-05-07 13:32:46.353 [warning] [Git][getBranch] No such branch: master
2026-05-07 13:32:46.359 [info] > git status -z -uall [3ms]
2026-05-07 13:32:46.359 [info] > git for-each-ref --sort -committerdate --format %(refname)%00%(objectname)%00%(*objectname) [1ms]
2026-05-07 13:32:46.370 [info] > git for-each-ref --format=%(refname)%00%(upstream:short)%00%(objectname)%00%(upstream:track)%00%(upstream:remotename)%00%(upstream:remoteref) refs/heads/master refs/remotes/master [6ms]
2026-05-07 13:32:46.370 [warning] [Git][getBranch] No such branch: master
2026-05-07 13:32:46.370 [error] [GitHistoryProvider][resolveHEADMergeBase] Failed to resolve merge base for master: Error: No such branch: master.
2026-05-07 13:32:46.371 [info] > git config --get commit.template [1ms]
2026-05-07 13:32:46.373 [info] [Git][getRemotes] No remotes found in the git config file
2026-05-07 13:32:46.373 [info] > git for-each-ref --format=%(refname)%00%(upstream:short)%00%(objectname)%00%(upstream:track)%00%(upstream:remotename)%00%(upstream:remoteref) refs/heads/master refs/remotes/master [1ms]
2026-05-07 13:32:46.373 [warning] [Git][getBranch] No such branch: master
2026-05-07 13:32:46.376 [info] > git status -z -uall [2ms]
2026-05-07 13:32:46.377 [info] > git for-each-ref --sort -committerdate --format %(refname)%00%(objectname)%00%(*objectname) [1ms]
2026-05-07 13:32:46.870 [info] > git check-ignore -v -z --stdin [1ms]
2026-05-07 13:32:58.321 [info] > git check-ignore -v -z --stdin [1ms]
