2026-05-13 09:00:16.909 [info] [main] ログ レベル: Info
2026-05-13 09:00:16.909 [info] [main] Git の検証が検出されました: "git"
2026-05-13 09:00:16.909 [info] [main] "git" から Git "2.39.5" を使用しています
2026-05-13 09:00:16.909 [info] [Model][doInitialScan] Initial repository scan started
2026-05-13 09:00:16.909 [info] > git rev-parse --show-toplevel [12ms]
2026-05-13 09:00:16.909 [info] > git rev-parse --git-dir --git-common-dir --show-superproject-working-tree [12ms]
2026-05-13 09:00:17.010 [info] [Model][openRepository] Opened repository (path): /workspaces/prac_next
2026-05-13 09:00:17.010 [info] [Model][openRepository] Opened repository (real path): /workspaces/prac_next
2026-05-13 09:00:17.010 [info] [Model][openRepository] Opened repository (kind): repository
2026-05-13 09:00:17.020 [info] > git config --get --local core.virtualfilesystem [6ms]
2026-05-13 09:00:17.020 [warning] [Git][config] git config failed: Failed to execute git
2026-05-13 09:00:17.022 [info] > git rev-parse --show-toplevel [3ms]
2026-05-13 09:00:17.023 [info] > git config --get commit.template [4ms]
2026-05-13 09:00:17.027 [info] [Git][getRemotes] No remotes found in the git config file
2026-05-13 09:00:17.028 [info] > git rev-parse --show-toplevel [3ms]
2026-05-13 09:00:17.031 [info] > git for-each-ref --format=%(refname)%00%(upstream:short)%00%(objectname)%00%(upstream:track)%00%(upstream:remotename)%00%(upstream:remoteref) refs/heads/master refs/remotes/master [3ms]
2026-05-13 09:00:17.031 [warning] [Git][getBranch] No such branch: master
2026-05-13 09:00:17.058 [info] > git status -z -uall [25ms]
2026-05-13 09:00:17.058 [info] > git rev-parse --show-toplevel [28ms]
2026-05-13 09:00:17.059 [info] [Model][doInitialScan] Initial repository scan completed - repositories (1), closed repositories (0), parent repositories (0), unsafe repositories (0)
2026-05-13 09:00:17.062 [info] > git for-each-ref --sort -committerdate --format %(refname)%00%(objectname)%00%(*objectname) [26ms]
2026-05-13 09:00:17.072 [info] > git for-each-ref --format=%(refname)%00%(upstream:short)%00%(objectname)%00%(upstream:track)%00%(upstream:remotename)%00%(upstream:remoteref) refs/heads/master refs/remotes/master [4ms]
2026-05-13 09:00:17.072 [warning] [Git][getBranch] No such branch: master
2026-05-13 09:00:17.073 [error] [GitHistoryProvider][resolveHEADMergeBase] Failed to resolve merge base for master: Error: No such branch: master.
2026-05-13 09:00:17.074 [info] > git config --get commit.template [2ms]
2026-05-13 09:00:17.076 [info] [Git][getRemotes] No remotes found in the git config file
2026-05-13 09:00:17.077 [info] > git for-each-ref --format=%(refname)%00%(upstream:short)%00%(objectname)%00%(upstream:track)%00%(upstream:remotename)%00%(upstream:remoteref) refs/heads/master refs/remotes/master [1ms]
2026-05-13 09:00:17.077 [warning] [Git][getBranch] No such branch: master
2026-05-13 09:00:17.081 [info] > git status -z -uall [3ms]
2026-05-13 09:00:17.082 [info] > git for-each-ref --sort -committerdate --format %(refname)%00%(objectname)%00%(*objectname) [2ms]
2026-05-13 09:00:17.564 [info] > git check-ignore -v -z --stdin [0ms]
2026-05-13 09:00:38.175 [info] [Git][getRemotes] No remotes found in the git config file
2026-05-13 09:00:38.176 [info] > git config --get commit.template [2ms]
2026-05-13 09:00:38.176 [info] > git for-each-ref --format=%(refname)%00%(upstream:short)%00%(objectname)%00%(upstream:track)%00%(upstream:remotename)%00%(upstream:remoteref) refs/heads/master refs/remotes/master [1ms]
2026-05-13 09:00:38.176 [warning] [Git][getBranch] No such branch: master
2026-05-13 09:00:38.180 [info] > git status -z -uall [3ms]
2026-05-13 09:00:38.181 [info] > git for-each-ref --sort -committerdate --format %(refname)%00%(objectname)%00%(*objectname) [2ms]
2026-05-13 09:00:38.541 [info] > git check-ignore -v -z --stdin [0ms]
2026-05-13 09:00:38.552 [info] > git show --textconv :next-sample/pages/posts/[id].tsx [4ms]
2026-05-13 09:00:38.552 [info] > git show --textconv HEAD:next-sample/pages/posts/[id].tsx [3ms]
2026-05-13 09:00:38.553 [info] > git ls-files --stage -- next-sample/pages/posts/[id].tsx [2ms]
2026-05-13 09:00:38.557 [info] > git cat-file -s 71d2120366a7be4d5998e3df97921f9f45e04db6 [3ms]
2026-05-13 09:00:38.557 [info] > git ls-tree -l HEAD -- next-sample/pages/posts/[id].tsx [5ms]
2026-05-13 09:00:38.557 [info] fatal: Not a valid object name HEAD
2026-05-13 09:00:38.559 [info] > git hash-object -t tree /dev/null [4ms]
2026-05-13 09:00:38.559 [warning] [GitFileSystemProvider][readFile] File not found - git:/workspaces/prac_next/next-sample/pages/posts/%5Bid%5D.tsx.git?%7B%22path%22%3A%22%2Fworkspaces%2Fprac_next%2Fnext-sample%2Fpages%2Fposts%2F%5Bid%5D.tsx%22%2C%22ref%22%3A%22HEAD%22%7D
2026-05-13 09:00:38.559 [info] > git hash-object -t tree /dev/null [0ms]
2026-05-13 09:00:38.559 [warning] [GitFileSystemProvider][stat] File not found - git:/workspaces/prac_next/next-sample/pages/posts/%5Bid%5D.tsx.git?%7B%22path%22%3A%22%2Fworkspaces%2Fprac_next%2Fnext-sample%2Fpages%2Fposts%2F%5Bid%5D.tsx%22%2C%22ref%22%3A%22HEAD%22%7D
2026-05-13 09:00:39.235 [info] [Git][getRemotes] No remotes found in the git config file
2026-05-13 09:00:39.237 [info] > git config --get commit.template [2ms]
2026-05-13 09:00:39.237 [info] > git for-each-ref --format=%(refname)%00%(upstream:short)%00%(objectname)%00%(upstream:track)%00%(upstream:remotename)%00%(upstream:remoteref) refs/heads/master refs/remotes/master [0ms]
2026-05-13 09:00:39.237 [warning] [Git][getBranch] No such branch: master
2026-05-13 09:00:39.241 [info] > git status -z -uall [2ms]
2026-05-13 09:00:39.241 [info] > git for-each-ref --sort -committerdate --format %(refname)%00%(objectname)%00%(*objectname) [1ms]
2026-05-13 09:00:39.345 [info] > git ls-files --stage -- next-sample/pages/posts/[id].tsx [4ms]
2026-05-13 09:00:39.347 [info] > git cat-file -s 71d2120366a7be4d5998e3df97921f9f45e04db6 [1ms]
2026-05-13 09:00:39.397 [info] > git show --textconv :next-sample/pages/posts/[id].tsx [1ms]
2026-05-13 09:00:39.577 [info] > git check-ignore -v -z --stdin [1ms]
2026-05-13 09:00:53.278 [info] > git config --get commit.template [3ms]
2026-05-13 09:00:53.278 [info] [Git][getRemotes] No remotes found in the git config file
2026-05-13 09:00:53.279 [info] > git for-each-ref --format=%(refname)%00%(upstream:short)%00%(objectname)%00%(upstream:track)%00%(upstream:remotename)%00%(upstream:remoteref) refs/heads/master refs/remotes/master [1ms]
2026-05-13 09:00:53.282 [info] > git for-each-ref --sort -committerdate --format %(refname)%00%(objectname)%00%(*objectname) [1ms]
2026-05-13 09:00:53.283 [info] > git status -z -uall [3ms]
2026-05-13 09:00:53.293 [info] > git blame --root --incremental ec15dfc777e116ede79907911611099353a3be9b -- next-sample/pages/posts/[id].tsx [1ms]
2026-05-13 09:00:53.651 [info] > git check-ignore -v -z --stdin [2ms]
2026-05-13 09:00:54.374 [info] > git config --get commit.template [2ms]
2026-05-13 09:00:54.375 [info] [Git][getRemotes] No remotes found in the git config file
2026-05-13 09:00:54.375 [info] > git for-each-ref --format=%(refname)%00%(upstream:short)%00%(objectname)%00%(upstream:track)%00%(upstream:remotename)%00%(upstream:remoteref) refs/heads/master refs/remotes/master [1ms]
2026-05-13 09:00:54.378 [info] > git status -z -uall [2ms]
2026-05-13 09:00:54.378 [info] > git for-each-ref --sort -committerdate --format %(refname)%00%(objectname)%00%(*objectname) [0ms]
2026-05-13 09:00:54.471 [info] > git ls-files --stage -- next-sample/pages/posts/[id].tsx [1ms]
2026-05-13 09:00:54.473 [info] > git cat-file -s 71d2120366a7be4d5998e3df97921f9f45e04db6 [0ms]
2026-05-13 09:00:54.479 [info] > git show --textconv :next-sample/pages/posts/[id].tsx [1ms]
2026-05-13 09:01:27.155 [info] [Git][getRemotes] No remotes found in the git config file
2026-05-13 09:01:27.157 [info] > git config --get commit.template [2ms]
2026-05-13 09:01:27.157 [info] > git for-each-ref --format=%(refname)%00%(upstream:short)%00%(objectname)%00%(upstream:track)%00%(upstream:remotename)%00%(upstream:remoteref) refs/heads/master refs/remotes/master [1ms]
2026-05-13 09:01:27.161 [info] > git status -z -uall [2ms]
2026-05-13 09:01:27.162 [info] > git for-each-ref --sort -committerdate --format %(refname)%00%(objectname)%00%(*objectname) [2ms]
2026-05-13 09:01:28.237 [info] [Git][getRemotes] No remotes found in the git config file
2026-05-13 09:01:28.237 [info] > git config --get commit.template [2ms]
2026-05-13 09:01:28.237 [info] > git for-each-ref --format=%(refname)%00%(upstream:short)%00%(objectname)%00%(upstream:track)%00%(upstream:remotename)%00%(upstream:remoteref) refs/heads/master refs/remotes/master [0ms]
2026-05-13 09:01:28.241 [info] > git status -z -uall [2ms]
2026-05-13 09:01:28.241 [info] > git for-each-ref --sort -committerdate --format %(refname)%00%(objectname)%00%(*objectname) [1ms]
2026-05-13 09:01:28.328 [info] > git ls-files --stage -- next-sample/pages/posts/[id].tsx [1ms]
2026-05-13 09:01:28.330 [info] > git cat-file -s 71d2120366a7be4d5998e3df97921f9f45e04db6 [1ms]
2026-05-13 09:01:28.336 [info] > git show --textconv :next-sample/pages/posts/[id].tsx [1ms]
2026-05-13 09:02:07.040 [info] > git config --get commit.template [0ms]
2026-05-13 09:02:07.043 [info] > git for-each-ref --format=%(refname)%00%(upstream:short)%00%(objectname)%00%(upstream:track)%00%(upstream:remotename)%00%(upstream:remoteref) refs/heads/master refs/remotes/master [1ms]
2026-05-13 09:02:07.046 [info] > git status -z -uall [2ms]
2026-05-13 09:02:07.046 [info] > git for-each-ref --sort -committerdate --format %(refname)%00%(objectname)%00%(*objectname) [1ms]
2026-05-13 09:02:07.125 [info] > git ls-files --stage -- next-sample/pages/posts/[id].tsx [1ms]
2026-05-13 09:02:07.127 [info] > git cat-file -s 71d2120366a7be4d5998e3df97921f9f45e04db6 [0ms]
2026-05-13 09:02:07.133 [info] > git show --textconv :next-sample/pages/posts/[id].tsx [1ms]
2026-05-13 09:03:15.796 [info] > git config --get commit.template [2ms]
2026-05-13 09:03:15.797 [info] > git for-each-ref --format=%(refname)%00%(upstream:short)%00%(objectname)%00%(upstream:track)%00%(upstream:remotename)%00%(upstream:remoteref) refs/heads/master refs/remotes/master [1ms]
2026-05-13 09:03:15.800 [info] > git status -z -uall [2ms]
2026-05-13 09:03:15.801 [info] > git for-each-ref --sort -committerdate --format %(refname)%00%(objectname)%00%(*objectname) [1ms]
2026-05-13 09:03:15.898 [info] > git ls-files --stage -- next-sample/pages/posts/[id].tsx [1ms]
2026-05-13 09:03:15.901 [info] > git cat-file -s 71d2120366a7be4d5998e3df97921f9f45e04db6 [0ms]
2026-05-13 09:03:15.952 [info] > git show --textconv :next-sample/pages/posts/[id].tsx [1ms]
2026-05-13 09:03:27.642 [info] > git config --get commit.template [2ms]
2026-05-13 09:03:27.642 [info] > git for-each-ref --format=%(refname)%00%(upstream:short)%00%(objectname)%00%(upstream:track)%00%(upstream:remotename)%00%(upstream:remoteref) refs/heads/master refs/remotes/master [1ms]
2026-05-13 09:03:27.645 [info] > git status -z -uall [1ms]
2026-05-13 09:03:27.646 [info] > git for-each-ref --sort -committerdate --format %(refname)%00%(objectname)%00%(*objectname) [1ms]
2026-05-13 09:03:28.718 [info] > git config --get commit.template [2ms]
2026-05-13 09:03:28.718 [info] > git for-each-ref --format=%(refname)%00%(upstream:short)%00%(objectname)%00%(upstream:track)%00%(upstream:remotename)%00%(upstream:remoteref) refs/heads/master refs/remotes/master [1ms]
2026-05-13 09:03:28.722 [info] > git status -z -uall [2ms]
2026-05-13 09:03:28.722 [info] > git for-each-ref --sort -committerdate --format %(refname)%00%(objectname)%00%(*objectname) [1ms]
2026-05-13 09:03:28.812 [info] > git ls-files --stage -- next-sample/pages/posts/[id].tsx [1ms]
2026-05-13 09:03:28.815 [info] > git cat-file -s 71d2120366a7be4d5998e3df97921f9f45e04db6 [1ms]
2026-05-13 09:03:28.820 [info] > git show --textconv :next-sample/pages/posts/[id].tsx [1ms]
2026-05-13 09:04:30.056 [info] > git config --get commit.template [2ms]
2026-05-13 09:04:30.057 [info] > git for-each-ref --format=%(refname)%00%(upstream:short)%00%(objectname)%00%(upstream:track)%00%(upstream:remotename)%00%(upstream:remoteref) refs/heads/master refs/remotes/master [2ms]
2026-05-13 09:04:30.060 [info] > git status -z -uall [2ms]
2026-05-13 09:04:30.061 [info] > git for-each-ref --sort -committerdate --format %(refname)%00%(objectname)%00%(*objectname) [1ms]
2026-05-13 09:04:46.861 [info] > git config --get commit.template [1ms]
2026-05-13 09:04:46.863 [info] > git for-each-ref --format=%(refname)%00%(upstream:short)%00%(objectname)%00%(upstream:track)%00%(upstream:remotename)%00%(upstream:remoteref) refs/heads/master refs/remotes/master [0ms]
2026-05-13 09:04:46.866 [info] > git status -z -uall [1ms]
2026-05-13 09:04:46.867 [info] > git for-each-ref --sort -committerdate --format %(refname)%00%(objectname)%00%(*objectname) [1ms]
2026-05-13 09:04:46.938 [info] > git ls-files --stage -- next-sample/pages/posts/[id].tsx [1ms]
2026-05-13 09:04:46.941 [info] > git cat-file -s 71d2120366a7be4d5998e3df97921f9f45e04db6 [1ms]
2026-05-13 09:04:46.946 [info] > git show --textconv :next-sample/pages/posts/[id].tsx [1ms]
2026-05-13 09:06:00.827 [info] > git config --get commit.template [0ms]
2026-05-13 09:06:00.830 [info] > git for-each-ref --format=%(refname)%00%(upstream:short)%00%(objectname)%00%(upstream:track)%00%(upstream:remotename)%00%(upstream:remoteref) refs/heads/master refs/remotes/master [0ms]
2026-05-13 09:06:00.834 [info] > git status -z -uall [2ms]
2026-05-13 09:06:00.834 [info] > git for-each-ref --sort -committerdate --format %(refname)%00%(objectname)%00%(*objectname) [1ms]
2026-05-13 09:06:01.452 [info] > git config --get commit.template [1ms]
2026-05-13 09:06:01.455 [info] > git for-each-ref --format=%(refname)%00%(upstream:short)%00%(objectname)%00%(upstream:track)%00%(upstream:remotename)%00%(upstream:remoteref) refs/heads/master refs/remotes/master [1ms]
2026-05-13 09:06:01.458 [info] > git status -z -uall [2ms]
2026-05-13 09:06:01.458 [info] > git for-each-ref --sort -committerdate --format %(refname)%00%(objectname)%00%(*objectname) [1ms]
2026-05-13 09:06:01.547 [info] > git ls-files --stage -- next-sample/pages/posts/[id].tsx [0ms]
2026-05-13 09:06:01.550 [info] > git cat-file -s 71d2120366a7be4d5998e3df97921f9f45e04db6 [1ms]
2026-05-13 09:06:01.556 [info] > git show --textconv :next-sample/pages/posts/[id].tsx [1ms]
2026-05-13 09:07:31.530 [info] > git config --get commit.template [1ms]
2026-05-13 09:07:31.532 [info] > git for-each-ref --format=%(refname)%00%(upstream:short)%00%(objectname)%00%(upstream:track)%00%(upstream:remotename)%00%(upstream:remoteref) refs/heads/master refs/remotes/master [1ms]
2026-05-13 09:07:31.535 [info] > git status -z -uall [1ms]
2026-05-13 09:07:31.535 [info] > git for-each-ref --sort -committerdate --format %(refname)%00%(objectname)%00%(*objectname) [1ms]
2026-05-13 09:07:31.635 [info] > git ls-files --stage -- next-sample/pages/posts/[id].tsx [1ms]
2026-05-13 09:07:31.637 [info] > git cat-file -s 71d2120366a7be4d5998e3df97921f9f45e04db6 [1ms]
2026-05-13 09:07:31.643 [info] > git show --textconv :next-sample/pages/posts/[id].tsx [1ms]
2026-05-13 09:07:42.439 [info] > git config --get commit.template [1ms]
2026-05-13 09:07:42.441 [info] > git for-each-ref --format=%(refname)%00%(upstream:short)%00%(objectname)%00%(upstream:track)%00%(upstream:remotename)%00%(upstream:remoteref) refs/heads/master refs/remotes/master [0ms]
2026-05-13 09:07:42.444 [info] > git status -z -uall [2ms]
2026-05-13 09:07:42.445 [info] > git for-each-ref --sort -committerdate --format %(refname)%00%(objectname)%00%(*objectname) [1ms]
2026-05-13 09:07:42.540 [info] > git ls-files --stage -- next-sample/pages/posts/[id].tsx [1ms]
2026-05-13 09:07:42.542 [info] > git cat-file -s 71d2120366a7be4d5998e3df97921f9f45e04db6 [1ms]
2026-05-13 09:07:42.548 [info] > git show --textconv :next-sample/pages/posts/[id].tsx [1ms]
2026-05-13 09:08:41.802 [info] > git config --get commit.template [2ms]
2026-05-13 09:08:41.803 [info] > git for-each-ref --format=%(refname)%00%(upstream:short)%00%(objectname)%00%(upstream:track)%00%(upstream:remotename)%00%(upstream:remoteref) refs/heads/master refs/remotes/master [1ms]
2026-05-13 09:08:41.806 [info] > git status -z -uall [2ms]
2026-05-13 09:08:41.807 [info] > git for-each-ref --sort -committerdate --format %(refname)%00%(objectname)%00%(*objectname) [1ms]
2026-05-13 09:08:54.084 [info] > git config --get commit.template [2ms]
2026-05-13 09:08:54.085 [info] > git for-each-ref --format=%(refname)%00%(upstream:short)%00%(objectname)%00%(upstream:track)%00%(upstream:remotename)%00%(upstream:remoteref) refs/heads/master refs/remotes/master [1ms]
2026-05-13 09:08:54.090 [info] > git status -z -uall [3ms]
2026-05-13 09:08:54.090 [info] > git for-each-ref --sort -committerdate --format %(refname)%00%(objectname)%00%(*objectname) [1ms]
2026-05-13 09:08:54.175 [info] > git ls-files --stage -- next-sample/pages/posts/[id].tsx [1ms]
2026-05-13 09:08:54.177 [info] > git cat-file -s 71d2120366a7be4d5998e3df97921f9f45e04db6 [1ms]
2026-05-13 09:08:54.183 [info] > git show --textconv :next-sample/pages/posts/[id].tsx [1ms]
2026-05-13 09:09:16.830 [info] > git config --get commit.template [0ms]
2026-05-13 09:09:16.832 [info] > git for-each-ref --format=%(refname)%00%(upstream:short)%00%(objectname)%00%(upstream:track)%00%(upstream:remotename)%00%(upstream:remoteref) refs/heads/master refs/remotes/master [0ms]
2026-05-13 09:09:16.835 [info] > git status -z -uall [1ms]
2026-05-13 09:09:16.836 [info] > git for-each-ref --sort -committerdate --format %(refname)%00%(objectname)%00%(*objectname) [1ms]
2026-05-13 09:09:16.934 [info] > git ls-files --stage -- next-sample/pages/posts/[id].tsx [1ms]
2026-05-13 09:09:16.936 [info] > git cat-file -s 71d2120366a7be4d5998e3df97921f9f45e04db6 [0ms]
2026-05-13 09:09:16.942 [info] > git show --textconv :next-sample/pages/posts/[id].tsx [1ms]
2026-05-13 09:10:18.781 [info] > git config --get commit.template [2ms]
2026-05-13 09:10:18.782 [info] > git for-each-ref --format=%(refname)%00%(upstream:short)%00%(objectname)%00%(upstream:track)%00%(upstream:remotename)%00%(upstream:remoteref) refs/heads/master refs/remotes/master [1ms]
2026-05-13 09:10:18.785 [info] > git status -z -uall [2ms]
2026-05-13 09:10:18.786 [info] > git for-each-ref --sort -committerdate --format %(refname)%00%(objectname)%00%(*objectname) [1ms]
2026-05-13 09:10:18.885 [info] > git ls-files --stage -- next-sample/pages/posts/[id].tsx [0ms]
2026-05-13 09:10:18.887 [info] > git cat-file -s 71d2120366a7be4d5998e3df97921f9f45e04db6 [0ms]
2026-05-13 09:10:18.893 [info] > git show --textconv :next-sample/pages/posts/[id].tsx [0ms]
2026-05-13 09:12:49.466 [info] > git config --get commit.template [1ms]
2026-05-13 09:12:49.468 [info] > git for-each-ref --format=%(refname)%00%(upstream:short)%00%(objectname)%00%(upstream:track)%00%(upstream:remotename)%00%(upstream:remoteref) refs/heads/master refs/remotes/master [0ms]
2026-05-13 09:12:49.472 [info] > git status -z -uall [2ms]
2026-05-13 09:12:49.472 [info] > git for-each-ref --sort -committerdate --format %(refname)%00%(objectname)%00%(*objectname) [1ms]
2026-05-13 09:12:49.564 [info] > git ls-files --stage -- next-sample/pages/posts/[id].tsx [1ms]
2026-05-13 09:12:49.566 [info] > git cat-file -s 71d2120366a7be4d5998e3df97921f9f45e04db6 [1ms]
2026-05-13 09:12:49.571 [info] > git show --textconv :next-sample/pages/posts/[id].tsx [1ms]
2026-05-13 09:13:51.861 [info] > git config --get commit.template [1ms]
2026-05-13 09:13:51.863 [info] > git for-each-ref --format=%(refname)%00%(upstream:short)%00%(objectname)%00%(upstream:track)%00%(upstream:remotename)%00%(upstream:remoteref) refs/heads/master refs/remotes/master [1ms]
2026-05-13 09:13:51.867 [info] > git status -z -uall [3ms]
2026-05-13 09:13:51.867 [info] > git for-each-ref --sort -committerdate --format %(refname)%00%(objectname)%00%(*objectname) [1ms]
2026-05-13 09:13:51.965 [info] > git ls-files --stage -- next-sample/pages/posts/[id].tsx [1ms]
2026-05-13 09:13:51.967 [info] > git cat-file -s 71d2120366a7be4d5998e3df97921f9f45e04db6 [1ms]
2026-05-13 09:13:51.973 [info] > git show --textconv :next-sample/pages/posts/[id].tsx [1ms]
2026-05-13 09:14:08.685 [info] > git config --get commit.template [2ms]
2026-05-13 09:14:08.685 [info] > git for-each-ref --format=%(refname)%00%(upstream:short)%00%(objectname)%00%(upstream:track)%00%(upstream:remotename)%00%(upstream:remoteref) refs/heads/master refs/remotes/master [0ms]
2026-05-13 09:14:08.688 [info] > git status -z -uall [1ms]
2026-05-13 09:14:08.689 [info] > git for-each-ref --sort -committerdate --format %(refname)%00%(objectname)%00%(*objectname) [1ms]
2026-05-13 09:18:35.491 [info] [Git][getRemotes] No remotes found in the git config file
2026-05-13 09:18:35.492 [info] > git config --get commit.template [2ms]
2026-05-13 09:18:35.492 [info] > git for-each-ref --format=%(refname)%00%(upstream:short)%00%(objectname)%00%(upstream:track)%00%(upstream:remotename)%00%(upstream:remoteref) refs/heads/master refs/remotes/master [1ms]
2026-05-13 09:18:35.495 [info] > git status -z -uall [2ms]
2026-05-13 09:18:35.495 [info] > git for-each-ref --sort -committerdate --format %(refname)%00%(objectname)%00%(*objectname) [0ms]
2026-05-13 09:18:35.594 [info] > git ls-files --stage -- next-sample/pages/posts/[id].tsx [0ms]
2026-05-13 09:18:35.596 [info] > git cat-file -s 71d2120366a7be4d5998e3df97921f9f45e04db6 [0ms]
2026-05-13 09:18:35.601 [info] > git show --textconv :next-sample/pages/posts/[id].tsx [0ms]
