2026-05-13 06:00:45.594 [info] [main] ログ レベル: Info
2026-05-13 06:00:45.594 [info] [main] Git の検証が検出されました: "git"
2026-05-13 06:00:45.594 [info] [main] "git" から Git "2.39.5" を使用しています
2026-05-13 06:00:45.594 [info] [Model][doInitialScan] Initial repository scan started
2026-05-13 06:00:45.594 [info] [Model][doInitialScan] Initial repository scan completed - repositories (0), closed repositories (0), parent repositories (0), unsafe repositories (0)
2026-05-13 06:05:13.517 [info] > git rev-parse --show-toplevel [1ms]
2026-05-13 06:05:13.521 [info] > git rev-parse --git-dir --git-common-dir --show-superproject-working-tree [2ms]
2026-05-13 06:05:13.649 [info] [Model][openRepository] Opened repository (path): /home/node
2026-05-13 06:05:13.649 [info] [Model][openRepository] Opened repository (real path): /home/node
2026-05-13 06:05:13.649 [info] [Model][openRepository] Opened repository (kind): repository
2026-05-13 06:05:13.654 [info] > git config --get --local core.virtualfilesystem [3ms]
2026-05-13 06:05:13.654 [warning] [Git][config] git config failed: Failed to execute git
2026-05-13 06:05:13.655 [info] > git config --get commit.template [1ms]
2026-05-13 06:05:13.657 [info] [Git][getRemotes] No remotes found in the git config file
2026-05-13 06:05:13.657 [info] > git for-each-ref --format=%(refname)%00%(upstream:short)%00%(objectname)%00%(upstream:track)%00%(upstream:remotename)%00%(upstream:remoteref) refs/heads/master refs/remotes/master [1ms]
2026-05-13 06:05:13.658 [warning] [Git][getBranch] No such branch: master
2026-05-13 06:05:13.662 [info] > git for-each-ref --sort -committerdate --format %(refname)%00%(objectname)%00%(*objectname) [0ms]
2026-05-13 06:05:13.692 [info] > git status -z -uall [31ms]
2026-05-13 06:05:13.717 [info] > git for-each-ref --format=%(refname)%00%(upstream:short)%00%(objectname)%00%(upstream:track)%00%(upstream:remotename)%00%(upstream:remoteref) refs/heads/master refs/remotes/master [5ms]
2026-05-13 06:05:13.717 [warning] [Git][getBranch] No such branch: master
2026-05-13 06:05:13.717 [error] [GitHistoryProvider][resolveHEADMergeBase] Failed to resolve merge base for master: Error: No such branch: master.
2026-05-13 06:05:13.718 [info] > git config --get commit.template [2ms]
2026-05-13 06:05:13.719 [info] [Git][getRemotes] No remotes found in the git config file
2026-05-13 06:05:13.720 [info] > git for-each-ref --format=%(refname)%00%(upstream:short)%00%(objectname)%00%(upstream:track)%00%(upstream:remotename)%00%(upstream:remoteref) refs/heads/master refs/remotes/master [1ms]
2026-05-13 06:05:13.720 [warning] [Git][getBranch] No such branch: master
2026-05-13 06:05:13.723 [info] > git for-each-ref --sort -committerdate --format %(refname)%00%(objectname)%00%(*objectname) [0ms]
2026-05-13 06:05:13.740 [info] > git status -z -uall [19ms]
2026-05-13 06:05:14.169 [info] > git check-ignore -v -z --stdin [1ms]
2026-05-13 06:05:14.925 [info] > git config --get commit.template [1ms]
2026-05-13 06:05:14.926 [info] [Git][getRemotes] No remotes found in the git config file
2026-05-13 06:05:14.927 [info] > git for-each-ref --format=%(refname)%00%(upstream:short)%00%(objectname)%00%(upstream:track)%00%(upstream:remotename)%00%(upstream:remoteref) refs/heads/master refs/remotes/master [1ms]
2026-05-13 06:05:14.927 [warning] [Git][getBranch] No such branch: master
2026-05-13 06:05:14.931 [info] > git for-each-ref --sort -committerdate --format %(refname)%00%(objectname)%00%(*objectname) [1ms]
2026-05-13 06:05:14.947 [info] > git status -z -uall [18ms]
2026-05-13 06:05:19.500 [info] [Git][getRemotes] No remotes found in the git config file
2026-05-13 06:05:19.502 [info] > git config --get commit.template [2ms]
2026-05-13 06:05:19.503 [info] > git for-each-ref --format=%(refname)%00%(upstream:short)%00%(objectname)%00%(upstream:track)%00%(upstream:remotename)%00%(upstream:remoteref) refs/heads/master refs/remotes/master [1ms]
2026-05-13 06:05:19.503 [warning] [Git][getBranch] No such branch: master
2026-05-13 06:05:19.506 [info] > git for-each-ref --sort -committerdate --format %(refname)%00%(objectname)%00%(*objectname) [0ms]
2026-05-13 06:05:19.523 [info] > git status -z -uall [19ms]
2026-05-13 06:08:08.468 [info] [Git][getRemotes] No remotes found in the git config file
2026-05-13 06:08:08.473 [info] > git config --get commit.template [7ms]
2026-05-13 06:08:08.474 [info] > git for-each-ref --format=%(refname)%00%(upstream:short)%00%(objectname)%00%(upstream:track)%00%(upstream:remotename)%00%(upstream:remoteref) refs/heads/master refs/remotes/master [4ms]
2026-05-13 06:08:08.474 [warning] [Git][getBranch] No such branch: master
2026-05-13 06:08:08.478 [info] > git for-each-ref --sort -committerdate --format %(refname)%00%(objectname)%00%(*objectname) [1ms]
2026-05-13 06:08:02.111 [info] > git status -z -uall [-6364ms]
2026-05-13 06:08:13.314 [info] > git config --get commit.template [0ms]
2026-05-13 06:08:13.317 [info] [Git][getRemotes] No remotes found in the git config file
2026-05-13 06:08:13.318 [info] > git for-each-ref --format=%(refname)%00%(upstream:short)%00%(objectname)%00%(upstream:track)%00%(upstream:remotename)%00%(upstream:remoteref) refs/heads/master refs/remotes/master [1ms]
2026-05-13 06:08:13.318 [warning] [Git][getBranch] No such branch: master
2026-05-13 06:08:13.322 [info] > git for-each-ref --sort -committerdate --format %(refname)%00%(objectname)%00%(*objectname) [0ms]
2026-05-13 06:08:13.345 [info] > git status -z -uall [26ms]
2026-05-13 06:08:07.523 [info] > git log --format=%H%n%aN%n%aE%n%at%n%ct%n%P%n%D%n%B -z --shortstat --diff-merges=first-parent -n50 --skip=0 --topo-order --decorate=full --stdin [2ms]
2026-05-13 06:08:07.523 [info] fatal: bad revision 'refs/heads/master'
2026-05-13 06:08:07.523 [error] [GitHistoryProvider][provideHistoryItems] Failed to get history items with options '{"historyItemRefs":["refs/heads/master"],"limit":50,"skip":0}': Failed to execute git {
  "exitCode": 128,
  "gitCommand": "log",
  "stdout": "",
  "stderr": "fatal: bad revision 'refs/heads/master'\n"
}
2026-05-13 06:08:10.732 [info] > git log --format=%H%n%aN%n%aE%n%at%n%ct%n%P%n%D%n%B -z --shortstat --diff-merges=first-parent -n50 --skip=0 --topo-order --decorate=full --stdin [0ms]
2026-05-13 06:08:10.732 [info] fatal: bad revision 'refs/heads/master'
2026-05-13 06:08:10.732 [error] [GitHistoryProvider][provideHistoryItems] Failed to get history items with options '{"historyItemRefs":["refs/heads/master"],"limit":50,"skip":0}': Failed to execute git {
  "exitCode": 128,
  "gitCommand": "log",
  "stdout": "",
  "stderr": "fatal: bad revision 'refs/heads/master'\n"
}
2026-05-13 06:08:11.673 [info] [Git][getRemotes] No remotes found in the git config file
2026-05-13 06:08:11.674 [info] > git config --get commit.template [3ms]
2026-05-13 06:08:11.674 [info] > git for-each-ref --format=%(refname)%00%(upstream:short)%00%(objectname)%00%(upstream:track)%00%(upstream:remotename)%00%(upstream:remoteref) refs/heads/master refs/remotes/master [1ms]
2026-05-13 06:08:11.674 [warning] [Git][getBranch] No such branch: master
2026-05-13 06:08:11.678 [info] > git for-each-ref --sort -committerdate --format %(refname)%00%(objectname)%00%(*objectname) [1ms]
2026-05-13 06:08:11.700 [info] > git status -z -uall [24ms]
2026-05-13 06:08:16.215 [info] [Git][getRemotes] No remotes found in the git config file
2026-05-13 06:08:16.216 [info] > git config --get commit.template [3ms]
2026-05-13 06:08:16.218 [info] > git for-each-ref --format=%(refname)%00%(upstream:short)%00%(objectname)%00%(upstream:track)%00%(upstream:remotename)%00%(upstream:remoteref) refs/heads/master refs/remotes/master [2ms]
2026-05-13 06:08:16.218 [warning] [Git][getBranch] No such branch: master
2026-05-13 06:08:16.221 [info] > git for-each-ref --sort -committerdate --format %(refname)%00%(objectname)%00%(*objectname) [1ms]
2026-05-13 06:08:16.237 [info] > git status -z -uall [18ms]
