2026-05-15 09:28:57.052 [info] Extension host with pid 351 started
2026-05-15 09:28:57.052 [error] Error: EEXIST: file already exists, open '/home/node/.vscode-server/data/User/workspaceStorage/711da0720457d74d19c18b7056ab53a4/vscode.lock'
2026-05-15 09:28:57.052 [info] Lock '/home/node/.vscode-server/data/User/workspaceStorage/711da0720457d74d19c18b7056ab53a4/vscode.lock': Could not acquire lock, checking if the file is stale.
2026-05-15 09:28:57.053 [info] Lock '/home/node/.vscode-server/data/User/workspaceStorage/711da0720457d74d19c18b7056ab53a4/vscode.lock': The lock looks stale, waiting for 2s.
2026-05-15 09:28:57.153 [info] ExtensionService#_doActivateExtension vscode.emmet, startup: false, activationEvent: 'onLanguage'
2026-05-15 09:28:57.154 [info] ExtensionService#_doActivateExtension vscode.tunnel-forwarding, startup: false, activationEvent: 'onTunnel'
2026-05-15 09:28:57.154 [info] ExtensionService#_doActivateExtension vscode.typescript-language-features, startup: false, activationEvent: 'onLanguage:typescriptreact'
2026-05-15 09:28:57.637 [info] ExtensionService#_doActivateExtension vscode.terminal-suggest, startup: false, activationEvent: 'onTerminalShellIntegration:*'
2026-05-15 09:28:58.155 [info] ExtensionService#_doActivateExtension vscode.git-base, startup: true, activationEvent: '*', root cause: vscode.git
2026-05-15 09:28:58.156 [info] ExtensionService#_doActivateExtension vscode.npm, startup: true, activationEvent: 'workspaceContains:package.json'
2026-05-15 09:28:59.053 [info] Lock '/home/node/.vscode-server/data/User/workspaceStorage/711da0720457d74d19c18b7056ab53a4/vscode.lock': The lock looks stale even after waiting for 2s.
2026-05-15 09:28:59.053 [info] Lock '/home/node/.vscode-server/data/User/workspaceStorage/711da0720457d74d19c18b7056ab53a4/vscode.lock': Deleting a stale lock.
2026-05-15 09:28:59.058 [info] Lock '/home/node/.vscode-server/data/User/workspaceStorage/711da0720457d74d19c18b7056ab53a4/vscode.lock': Lock acquired.
2026-05-15 09:28:59.129 [info] ExtensionService#_doActivateExtension vscode.git, startup: true, activationEvent: '*'
2026-05-15 09:28:59.129 [info] ExtensionService#_doActivateExtension vscode.github, startup: true, activationEvent: '*'
2026-05-15 09:28:59.576 [info] Eager extensions activated
2026-05-15 09:28:59.576 [info] ExtensionService#_doActivateExtension vscode.debug-auto-launch, startup: false, activationEvent: 'onStartupFinished'
2026-05-15 09:28:59.577 [info] ExtensionService#_doActivateExtension vscode.merge-conflict, startup: false, activationEvent: 'onStartupFinished'
2026-05-15 09:29:04.228 [info] ExtensionService#_doActivateExtension vscode.configuration-editing, startup: false, activationEvent: 'onLanguage:json'
2026-05-15 09:29:04.228 [info] ExtensionService#_doActivateExtension vscode.extension-editing, startup: false, activationEvent: 'onLanguage:json'
2026-05-15 09:29:04.228 [info] ExtensionService#_doActivateExtension vscode.json-language-features, startup: false, activationEvent: 'onLanguage:json'
2026-05-15 12:35:39.769 [info] Extension host terminating: received terminate message from renderer
2026-05-15 12:35:39.770 [info] Lock '/home/node/.vscode-server/data/User/workspaceStorage/711da0720457d74d19c18b7056ab53a4/vscode.lock': Marking the lockfile as scheduled to be released in 6000 ms.
2026-05-15 12:35:39.812 [info] Extension host with pid 351 exiting with code 0
