2026-05-13 09:34:12.227 [info] Extension host with pid 346 started
2026-05-13 09:34:12.227 [error] Error: EEXIST: file already exists, open '/home/node/.vscode-server/data/User/workspaceStorage/5024bddc7ed4fa8b539158c2e51ab270/vscode.lock'
2026-05-13 09:34:12.228 [info] Lock '/home/node/.vscode-server/data/User/workspaceStorage/5024bddc7ed4fa8b539158c2e51ab270/vscode.lock': Could not acquire lock, checking if the file is stale.
2026-05-13 09:34:12.229 [info] Lock '/home/node/.vscode-server/data/User/workspaceStorage/5024bddc7ed4fa8b539158c2e51ab270/vscode.lock': The pid 11869 appears to be gone.
2026-05-13 09:34:12.229 [info] Lock '/home/node/.vscode-server/data/User/workspaceStorage/5024bddc7ed4fa8b539158c2e51ab270/vscode.lock': Deleting a stale lock.
2026-05-13 09:34:12.235 [info] Lock '/home/node/.vscode-server/data/User/workspaceStorage/5024bddc7ed4fa8b539158c2e51ab270/vscode.lock': Lock acquired.
2026-05-13 09:34:12.258 [info] ExtensionService#_doActivateExtension vscode.emmet, startup: false, activationEvent: 'onLanguage'
2026-05-13 09:34:12.394 [info] ExtensionService#_doActivateExtension vscode.git-base, startup: true, activationEvent: '*', root cause: vscode.git
2026-05-13 09:34:12.480 [info] ExtensionService#_doActivateExtension vscode.terminal-suggest, startup: false, activationEvent: 'onTerminalShellIntegration:*'
2026-05-13 09:34:12.487 [info] ExtensionService#_doActivateExtension vscode.git, startup: true, activationEvent: '*'
2026-05-13 09:34:12.487 [info] ExtensionService#_doActivateExtension vscode.github, startup: true, activationEvent: '*'
2026-05-13 09:34:12.676 [info] Eager extensions activated
2026-05-13 09:34:12.676 [info] ExtensionService#_doActivateExtension vscode.debug-auto-launch, startup: false, activationEvent: 'onStartupFinished'
2026-05-13 09:34:12.676 [info] ExtensionService#_doActivateExtension vscode.merge-conflict, startup: false, activationEvent: 'onStartupFinished'
2026-05-13 09:34:12.778 [warning] [Decorations] CAPPING events from decorations provider vscode.git 873
2026-05-13 09:34:12.857 [warning] [Decorations] CAPPING events from decorations provider vscode.git 873
2026-05-13 09:37:47.571 [warning] [Decorations] CAPPING events from decorations provider vscode.git 873
2026-05-13 09:37:52.601 [warning] [Decorations] CAPPING events from decorations provider vscode.git 873
2026-05-13 09:37:57.630 [warning] [Decorations] CAPPING events from decorations provider vscode.git 873
2026-05-13 09:38:02.660 [warning] [Decorations] CAPPING events from decorations provider vscode.git 873
2026-05-13 09:38:07.688 [warning] [Decorations] CAPPING events from decorations provider vscode.git 854
2026-05-13 09:38:12.717 [warning] [Decorations] CAPPING events from decorations provider vscode.git 854
2026-05-13 09:38:10.497 [warning] [Decorations] CAPPING events from decorations provider vscode.git 854
2026-05-13 09:38:15.527 [warning] [Decorations] CAPPING events from decorations provider vscode.git 854
2026-05-13 09:38:20.557 [warning] [Decorations] CAPPING events from decorations provider vscode.git 872
2026-05-13 09:39:03.318 [warning] [Decorations] CAPPING events from decorations provider vscode.git 874
2026-05-13 09:39:01.158 [warning] [Decorations] CAPPING events from decorations provider vscode.git 10040
2026-05-13 09:39:06.196 [warning] [Decorations] CAPPING events from decorations provider vscode.git 10024
2026-05-13 09:39:11.226 [warning] [Decorations] CAPPING events from decorations provider vscode.git 854
2026-05-13 09:39:16.259 [warning] [Decorations] CAPPING events from decorations provider vscode.git 854
2026-05-13 09:39:21.287 [warning] [Decorations] CAPPING events from decorations provider vscode.git 854
2026-05-13 09:39:26.319 [warning] [Decorations] CAPPING events from decorations provider vscode.git 854
2026-05-13 09:39:31.351 [warning] [Decorations] CAPPING events from decorations provider vscode.git 854
2026-05-13 09:39:36.376 [warning] [Decorations] CAPPING events from decorations provider vscode.git 854
2026-05-13 09:39:41.404 [warning] [Decorations] CAPPING events from decorations provider vscode.git 854
2026-05-13 09:39:44.490 [info] ExtensionService#_doActivateExtension vscode.npm, startup: false, activationEvent: 'onTerminalQuickFixRequest:ms-vscode.npm-command'
2026-05-13 09:39:47.867 [warning] [Decorations] CAPPING events from decorations provider vscode.git 854
2026-05-13 09:39:49.725 [info] ExtensionService#_doActivateExtension vscode.configuration-editing, startup: false, activationEvent: 'onLanguage:json'
2026-05-13 09:39:49.725 [info] ExtensionService#_doActivateExtension vscode.extension-editing, startup: false, activationEvent: 'onLanguage:json'
2026-05-13 09:39:49.725 [info] ExtensionService#_doActivateExtension vscode.json-language-features, startup: false, activationEvent: 'onLanguage:json'
2026-05-13 09:39:52.903 [warning] [Decorations] CAPPING events from decorations provider vscode.git 855
2026-05-13 09:40:05.184 [warning] [Decorations] CAPPING events from decorations provider vscode.git 855
2026-05-13 09:40:10.211 [warning] [Decorations] CAPPING events from decorations provider vscode.git 855
2026-05-13 09:40:10.479 [warning] [Decorations] CAPPING events from decorations provider vscode.git 855
2026-05-13 09:40:15.239 [warning] [Decorations] CAPPING events from decorations provider vscode.git 855
2026-05-13 09:40:13.017 [warning] [Decorations] CAPPING events from decorations provider vscode.git 855
2026-05-13 09:40:18.045 [warning] [Decorations] CAPPING events from decorations provider vscode.git 855
2026-05-13 09:40:23.077 [warning] [Decorations] CAPPING events from decorations provider vscode.git 855
2026-05-13 09:40:28.103 [warning] [Decorations] CAPPING events from decorations provider vscode.git 856
2026-05-13 09:40:33.135 [warning] [Decorations] CAPPING events from decorations provider vscode.git 855
2026-05-13 09:40:38.164 [warning] [Decorations] CAPPING events from decorations provider vscode.git 855
2026-05-13 09:40:43.191 [warning] [Decorations] CAPPING events from decorations provider vscode.git 855
2026-05-13 09:40:48.220 [warning] [Decorations] CAPPING events from decorations provider vscode.git 855
2026-05-13 09:40:53.248 [warning] [Decorations] CAPPING events from decorations provider vscode.git 855
2026-05-13 09:40:58.275 [warning] [Decorations] CAPPING events from decorations provider vscode.git 855
2026-05-13 09:41:03.304 [warning] [Decorations] CAPPING events from decorations provider vscode.git 855
2026-05-13 09:41:08.333 [warning] [Decorations] CAPPING events from decorations provider vscode.git 855
2026-05-13 09:41:13.365 [warning] [Decorations] CAPPING events from decorations provider vscode.git 855
2026-05-13 09:41:18.394 [warning] [Decorations] CAPPING events from decorations provider vscode.git 855
2026-05-13 09:41:23.424 [warning] [Decorations] CAPPING events from decorations provider vscode.git 855
2026-05-13 09:41:28.456 [warning] [Decorations] CAPPING events from decorations provider vscode.git 855
2026-05-13 09:41:33.484 [warning] [Decorations] CAPPING events from decorations provider vscode.git 855
2026-05-13 09:41:38.514 [warning] [Decorations] CAPPING events from decorations provider vscode.git 855
2026-05-13 09:41:43.913 [warning] [Decorations] CAPPING events from decorations provider vscode.git 855
2026-05-13 09:41:48.943 [warning] [Decorations] CAPPING events from decorations provider vscode.git 855
2026-05-13 09:41:53.968 [warning] [Decorations] CAPPING events from decorations provider vscode.git 855
2026-05-13 09:41:58.999 [warning] [Decorations] CAPPING events from decorations provider vscode.git 855
2026-05-13 09:42:04.033 [warning] [Decorations] CAPPING events from decorations provider vscode.git 855
2026-05-13 09:42:09.060 [warning] [Decorations] CAPPING events from decorations provider vscode.git 855
2026-05-13 09:42:26.932 [warning] [Decorations] CAPPING events from decorations provider vscode.git 879
2026-05-13 09:42:31.961 [warning] [Decorations] CAPPING events from decorations provider vscode.git 877
2026-05-13 09:42:43.074 [info] Extension host terminating: received terminate message from renderer
2026-05-13 09:42:43.074 [info] Lock '/home/node/.vscode-server/data/User/workspaceStorage/5024bddc7ed4fa8b539158c2e51ab270/vscode.lock': Marking the lockfile as scheduled to be released in 6000 ms.
2026-05-13 09:42:43.094 [info] Extension host with pid 346 exiting with code 0
