2026-05-07 13:34:05.190 [info] [main] ログ レベル: Info
2026-05-07 13:34:05.190 [info] [main] Git の検証が検出されました: "git"
2026-05-07 13:34:05.190 [info] [main] "git" から Git "2.39.5" を使用しています
2026-05-07 13:34:05.190 [info] [Model][doInitialScan] Initial repository scan started
2026-05-07 13:34:05.190 [info] > git rev-parse --show-toplevel [5ms]
2026-05-07 13:34:05.190 [info] > git rev-parse --git-dir --git-common-dir --show-superproject-working-tree [2ms]
2026-05-07 13:34:05.190 [info] [Model][openRepository] Opened repository (path): /workspaces/prac_next
2026-05-07 13:34:05.190 [info] [Model][openRepository] Opened repository (real path): /workspaces/prac_next
2026-05-07 13:34:05.190 [info] [Model][openRepository] Opened repository (kind): repository
2026-05-07 13:34:05.190 [info] > git rev-parse --show-toplevel [15ms]
2026-05-07 13:34:05.190 [info] > git config --get commit.template [17ms]
2026-05-07 13:34:05.190 [info] > git config --get --local core.virtualfilesystem [19ms]
2026-05-07 13:34:05.190 [warning] [Git][config] git config failed: Failed to execute git
2026-05-07 13:34:05.197 [info] [Git][getRemotes] No remotes found in the git config file
2026-05-07 13:34:05.198 [info] > git rev-parse --show-toplevel [5ms]
2026-05-07 13:34:05.199 [info] [Model][doInitialScan] Initial repository scan completed - repositories (1), closed repositories (0), parent repositories (0), unsafe repositories (0)
2026-05-07 13:34:05.201 [info] > git for-each-ref --format=%(refname)%00%(upstream:short)%00%(objectname)%00%(upstream:track)%00%(upstream:remotename)%00%(upstream:remoteref) refs/heads/master refs/remotes/master [5ms]
2026-05-07 13:34:05.201 [warning] [Git][getBranch] No such branch: master
2026-05-07 13:34:05.212 [info] > git status -z -uall [7ms]
2026-05-07 13:34:05.213 [info] > git for-each-ref --sort -committerdate --format %(refname)%00%(objectname)%00%(*objectname) [2ms]
2026-05-07 13:34:05.223 [info] > git for-each-ref --format=%(refname)%00%(upstream:short)%00%(objectname)%00%(upstream:track)%00%(upstream:remotename)%00%(upstream:remoteref) refs/heads/master refs/remotes/master [4ms]
2026-05-07 13:34:05.224 [warning] [Git][getBranch] No such branch: master
2026-05-07 13:34:05.224 [error] [GitHistoryProvider][resolveHEADMergeBase] Failed to resolve merge base for master: Error: No such branch: master.
2026-05-07 13:34:05.225 [info] > git config --get commit.template [2ms]
2026-05-07 13:34:05.227 [info] [Git][getRemotes] No remotes found in the git config file
2026-05-07 13:34:05.228 [info] > git for-each-ref --format=%(refname)%00%(upstream:short)%00%(objectname)%00%(upstream:track)%00%(upstream:remotename)%00%(upstream:remoteref) refs/heads/master refs/remotes/master [1ms]
2026-05-07 13:34:05.228 [warning] [Git][getBranch] No such branch: master
2026-05-07 13:34:05.234 [info] > git status -z -uall [3ms]
2026-05-07 13:34:05.234 [info] > git for-each-ref --sort -committerdate --format %(refname)%00%(objectname)%00%(*objectname) [1ms]
2026-05-07 13:34:05.751 [info] > git check-ignore -v -z --stdin [3ms]
2026-05-07 13:38:16.632 [info] > git check-ignore -v -z --stdin [0ms]
2026-05-07 13:38:17.176 [info] > git config --get commit.template [1ms]
2026-05-07 13:38:17.178 [info] [Git][getRemotes] No remotes found in the git config file
2026-05-07 13:38:17.179 [info] > git for-each-ref --format=%(refname)%00%(upstream:short)%00%(objectname)%00%(upstream:track)%00%(upstream:remotename)%00%(upstream:remoteref) refs/heads/master refs/remotes/master [1ms]
2026-05-07 13:38:17.179 [warning] [Git][getBranch] No such branch: master
2026-05-07 13:38:17.182 [info] > git status -z -uall [2ms]
2026-05-07 13:38:17.182 [info] > git for-each-ref --sort -committerdate --format %(refname)%00%(objectname)%00%(*objectname) [0ms]
2026-05-07 13:38:35.606 [info] [Git][getRemotes] No remotes found in the git config file
2026-05-07 13:38:35.607 [info] > git config --get commit.template [3ms]
2026-05-07 13:38:35.607 [info] > git for-each-ref --format=%(refname)%00%(upstream:short)%00%(objectname)%00%(upstream:track)%00%(upstream:remotename)%00%(upstream:remoteref) refs/heads/master refs/remotes/master [1ms]
2026-05-07 13:38:35.607 [warning] [Git][getBranch] No such branch: master
2026-05-07 13:38:35.610 [info] > git status -z -uall [2ms]
2026-05-07 13:38:35.611 [info] > git for-each-ref --sort -committerdate --format %(refname)%00%(objectname)%00%(*objectname) [1ms]
