2026-05-24 11:06:08.024 [info] Extension host with pid 1830 started
2026-05-24 11:06:08.031 [info] Lock '/home/node/.vscode-server/data/User/workspaceStorage/5024bddc7ed4fa8b539158c2e51ab270/vscode.lock': Lock acquired.
2026-05-24 11:06:08.066 [info] ExtensionService#_doActivateExtension vscode.emmet, startup: false, activationEvent: 'onLanguage'
2026-05-24 11:06:08.180 [info] ExtensionService#_doActivateExtension vscode.git-base, startup: true, activationEvent: '*', root cause: vscode.git
2026-05-24 11:06:08.292 [info] ExtensionService#_doActivateExtension vscode.git, startup: true, activationEvent: '*'
2026-05-24 11:06:08.292 [info] ExtensionService#_doActivateExtension vscode.github, startup: true, activationEvent: '*'
2026-05-24 11:06:08.438 [info] ExtensionService#_doActivateExtension vscode.terminal-suggest, startup: false, activationEvent: 'onTerminalShellIntegration:*'
2026-05-24 11:06:08.448 [info] Eager extensions activated
2026-05-24 11:06:08.449 [info] ExtensionService#_doActivateExtension vscode.debug-auto-launch, startup: false, activationEvent: 'onStartupFinished'
2026-05-24 11:06:08.450 [info] ExtensionService#_doActivateExtension vscode.merge-conflict, startup: false, activationEvent: 'onStartupFinished'
2026-05-24 11:06:08.689 [warning] [Decorations] CAPPING events from decorations provider vscode.git 1273
2026-05-24 11:06:08.767 [warning] [Decorations] CAPPING events from decorations provider vscode.git 1273
2026-05-24 11:06:13.152 [warning] [Decorations] CAPPING events from decorations provider vscode.git 1273
2026-05-24 11:06:14.463 [info] ExtensionService#_doActivateExtension vscode.typescript-language-features, startup: false, activationEvent: 'onLanguage:typescriptreact'
2026-05-24 11:06:20.150 [warning] [Decorations] CAPPING events from decorations provider vscode.git 1274
2026-05-24 11:06:25.193 [warning] [Decorations] CAPPING events from decorations provider vscode.git 1274
2026-05-24 11:06:30.253 [warning] [Decorations] CAPPING events from decorations provider vscode.git 1275
2026-05-24 11:06:37.490 [info] ExtensionService#_doActivateExtension vscode.tunnel-forwarding, startup: false, activationEvent: 'onTunnel'
2026-05-24 11:06:39.361 [warning] [Decorations] CAPPING events from decorations provider vscode.git 1275
2026-05-24 11:06:39.622 [info] ExtensionService#_doActivateExtension vscode.npm, startup: false, activationEvent: 'onTerminalQuickFixRequest:ms-vscode.npm-command'
2026-05-24 11:06:44.407 [warning] [Decorations] CAPPING events from decorations provider vscode.git 1274
2026-05-24 11:06:44.784 [info] ExtensionService#_doActivateExtension vscode.configuration-editing, startup: false, activationEvent: 'onLanguage:json'
2026-05-24 11:06:44.784 [info] ExtensionService#_doActivateExtension vscode.extension-editing, startup: false, activationEvent: 'onLanguage:json'
2026-05-24 11:06:44.784 [info] ExtensionService#_doActivateExtension vscode.json-language-features, startup: false, activationEvent: 'onLanguage:json'
2026-05-24 11:06:46.727 [info] Extension host terminating: received terminate message from renderer
2026-05-24 11:06:46.728 [info] Lock '/home/node/.vscode-server/data/User/workspaceStorage/5024bddc7ed4fa8b539158c2e51ab270/vscode.lock': Marking the lockfile as scheduled to be released in 6000 ms.
2026-05-24 11:06:46.754 [info] Extension host with pid 1830 exiting with code 0
