2026-05-24 11:06:08.462 [info] [main] ログ レベル: Info
2026-05-24 11:06:08.462 [info] [main] Git の検証が検出されました: "git"
2026-05-24 11:06:08.462 [info] [main] "git" から Git "2.39.5" を使用しています
2026-05-24 11:06:08.462 [info] [Model][doInitialScan] Initial repository scan started
2026-05-24 11:06:08.462 [info] > git rev-parse --show-toplevel [2ms]
2026-05-24 11:06:08.466 [info] > git rev-parse --git-dir --git-common-dir --show-superproject-working-tree [8ms]
2026-05-24 11:06:08.574 [info] [Model][openRepository] Opened repository (path): /home/node
2026-05-24 11:06:08.574 [info] [Model][openRepository] Opened repository (real path): /home/node
2026-05-24 11:06:08.574 [info] [Model][openRepository] Opened repository (kind): repository
2026-05-24 11:06:08.581 [info] > git config --get commit.template [2ms]
2026-05-24 11:06:08.581 [info] > git config --get --local core.virtualfilesystem [4ms]
2026-05-24 11:06:08.581 [warning] [Git][config] git config failed: Failed to execute git
2026-05-24 11:06:08.582 [info] > git rev-parse --show-toplevel [3ms]
2026-05-24 11:06:08.586 [info] > git rev-parse --show-toplevel [1ms]
2026-05-24 11:06:08.588 [info] > git rev-parse --show-toplevel [1ms]
2026-05-24 11:06:08.588 [info] > git for-each-ref --format=%(refname)%00%(upstream:short)%00%(objectname)%00%(upstream:track)%00%(upstream:remotename)%00%(upstream:remoteref) refs/heads/make_table refs/remotes/make_table [4ms]
2026-05-24 11:06:08.614 [info] > git rev-parse --show-toplevel [24ms]
2026-05-24 11:06:08.619 [info] > git for-each-ref --sort -committerdate --format %(refname)%00%(objectname)%00%(*objectname) [25ms]
2026-05-24 11:06:08.620 [info] > git rev-parse --show-toplevel [3ms]
2026-05-24 11:06:08.622 [info] > git rev-parse --show-toplevel [1ms]
2026-05-24 11:06:08.624 [info] > git rev-parse --show-toplevel [1ms]
2026-05-24 11:06:08.626 [info] [Model][doInitialScan] Initial repository scan completed - repositories (1), closed repositories (0), parent repositories (0), unsafe repositories (0)
2026-05-24 11:06:08.674 [info] > git status -z -uall [82ms]
2026-05-24 11:06:08.703 [info] > git for-each-ref --format=%(refname)%00%(upstream:short)%00%(objectname)%00%(upstream:track)%00%(upstream:remotename)%00%(upstream:remoteref) refs/heads/make_table refs/remotes/make_table [5ms]
2026-05-24 11:06:08.705 [info] > git config --get commit.template [5ms]
2026-05-24 11:06:08.707 [info] > git config --get --local branch.make_table.vscode-merge-base [2ms]
2026-05-24 11:06:08.707 [warning] [Git][config] git config failed: Failed to execute git
2026-05-24 11:06:08.708 [info] > git for-each-ref --format=%(refname)%00%(upstream:short)%00%(objectname)%00%(upstream:track)%00%(upstream:remotename)%00%(upstream:remoteref) refs/heads/make_table refs/remotes/make_table [2ms]
2026-05-24 11:06:08.714 [info] > git for-each-ref --sort -committerdate --format %(refname)%00%(objectname)%00%(*objectname) [3ms]
2026-05-24 11:06:08.715 [info] > git reflog make_table --grep-reflog=branch: Created from *. [7ms]
2026-05-24 11:06:08.718 [info] > git reflog HEAD --grep-reflog=checkout: moving from .* to make_table [2ms]
2026-05-24 11:06:08.720 [info] > git for-each-ref --format=%(refname)%00%(upstream:short)%00%(objectname)%00%(upstream:track)%00%(upstream:remotename)%00%(upstream:remoteref) refs/heads/master refs/remotes/master [1ms]
2026-05-24 11:06:08.723 [info] > git for-each-ref --format=%(refname)%00%(upstream:short)%00%(objectname)%00%(upstream:track)%00%(upstream:remotename)%00%(upstream:remoteref) refs/remotes/shift/master [0ms]
2026-05-24 11:06:08.725 [info] > git config --add --local branch.make_table.vscode-merge-base shift/master [1ms]
2026-05-24 11:06:08.727 [info] > git status -z -uall [17ms] (cancelled)
2026-05-24 11:06:08.728 [info] > git config --get commit.template [1ms]
2026-05-24 11:06:08.731 [info] > git for-each-ref --format=%(refname)%00%(upstream:short)%00%(objectname)%00%(upstream:track)%00%(upstream:remotename)%00%(upstream:remoteref) refs/heads/make_table refs/remotes/make_table [2ms]
2026-05-24 11:06:08.739 [info] > git for-each-ref --sort -committerdate --format %(refname)%00%(objectname)%00%(*objectname) [2ms]
2026-05-24 11:06:08.760 [info] > git status -z -uall [28ms]
2026-05-24 11:06:08.773 [info] > git merge-base refs/heads/make_table refs/remotes/shift/make_table [2ms]
2026-05-24 11:06:08.774 [info] > git merge-base refs/heads/make_table refs/remotes/shift/make_table [2ms]
2026-05-24 11:06:08.777 [info] > git diff --raw --numstat --diff-filter=ADMR -z --find-renames=50% b8eb210af14580a7b3cf95e4a356303ee527775f...refs/remotes/shift/make_table -- [3ms]
2026-05-24 11:06:08.777 [info] > git diff --raw --numstat --diff-filter=ADMR -z --find-renames=50% b8eb210af14580a7b3cf95e4a356303ee527775f...refs/remotes/shift/make_table -- [1ms]
2026-05-24 11:06:09.431 [info] > git check-ignore -v -z --stdin [1ms]
2026-05-24 11:06:12.057 [info] > git check-ignore -v -z --stdin [2ms]
2026-05-24 11:06:13.112 [info] > git config --get commit.template [2ms]
2026-05-24 11:06:13.113 [info] > git for-each-ref --format=%(refname)%00%(upstream:short)%00%(objectname)%00%(upstream:track)%00%(upstream:remotename)%00%(upstream:remoteref) refs/heads/make_table refs/remotes/make_table [1ms]
2026-05-24 11:06:13.118 [info] > git for-each-ref --sort -committerdate --format %(refname)%00%(objectname)%00%(*objectname) [1ms]
2026-05-24 11:06:13.141 [info] > git status -z -uall [27ms]
2026-05-24 11:06:13.322 [info] > git check-ignore -v -z --stdin [1ms]
2026-05-24 11:06:14.056 [info] > git check-ignore -v -z --stdin [1ms]
2026-05-24 11:06:14.783 [info] > git check-ignore -v -z --stdin [3ms]
2026-05-24 11:06:14.824 [info] > git show --textconv :shift/src/pages/index.tsx [2ms]
2026-05-24 11:06:14.825 [info] > git ls-files --stage -- shift/src/pages/index.tsx [1ms]
2026-05-24 11:06:14.827 [info] > git cat-file -s 10bb6d5256638e47bdc38fa39689463ddb46525b [1ms]
2026-05-24 11:06:20.114 [info] > git config --get commit.template [0ms]
2026-05-24 11:06:20.117 [info] > git for-each-ref --format=%(refname)%00%(upstream:short)%00%(objectname)%00%(upstream:track)%00%(upstream:remotename)%00%(upstream:remoteref) refs/heads/make_table refs/remotes/make_table [1ms]
2026-05-24 11:06:20.121 [info] > git for-each-ref --sort -committerdate --format %(refname)%00%(objectname)%00%(*objectname) [0ms]
2026-05-24 11:06:20.143 [info] > git status -z -uall [24ms]
2026-05-24 11:06:20.510 [info] > git check-ignore -v -z --stdin [2ms]
2026-05-24 11:06:25.154 [info] > git config --get commit.template [2ms]
2026-05-24 11:06:25.155 [info] > git for-each-ref --format=%(refname)%00%(upstream:short)%00%(objectname)%00%(upstream:track)%00%(upstream:remotename)%00%(upstream:remoteref) refs/heads/make_table refs/remotes/make_table [1ms]
2026-05-24 11:06:25.160 [info] > git for-each-ref --sort -committerdate --format %(refname)%00%(objectname)%00%(*objectname) [1ms]
2026-05-24 11:06:25.183 [info] > git status -z -uall [26ms]
2026-05-24 11:06:25.558 [info] > git check-ignore -v -z --stdin [3ms]
2026-05-24 11:06:30.211 [info] > git config --get commit.template [2ms]
2026-05-24 11:06:30.211 [info] > git for-each-ref --format=%(refname)%00%(upstream:short)%00%(objectname)%00%(upstream:track)%00%(upstream:remotename)%00%(upstream:remoteref) refs/heads/make_table refs/remotes/make_table [1ms]
2026-05-24 11:06:30.216 [info] > git for-each-ref --sort -committerdate --format %(refname)%00%(objectname)%00%(*objectname) [1ms]
2026-05-24 11:06:30.242 [info] > git status -z -uall [29ms]
2026-05-24 11:06:30.622 [info] > git check-ignore -v -z --stdin [1ms]
2026-05-24 11:06:39.314 [info] > git config --get commit.template [0ms]
2026-05-24 11:06:39.317 [info] > git for-each-ref --format=%(refname)%00%(upstream:short)%00%(objectname)%00%(upstream:track)%00%(upstream:remotename)%00%(upstream:remoteref) refs/heads/make_table refs/remotes/make_table [1ms]
2026-05-24 11:06:39.324 [info] > git for-each-ref --sort -committerdate --format %(refname)%00%(objectname)%00%(*objectname) [1ms]
2026-05-24 11:06:39.352 [info] > git status -z -uall [32ms]
2026-05-24 11:06:39.746 [info] > git check-ignore -v -z --stdin [2ms]
2026-05-24 11:06:44.374 [info] > git config --get commit.template [2ms]
2026-05-24 11:06:44.374 [info] > git for-each-ref --format=%(refname)%00%(upstream:short)%00%(objectname)%00%(upstream:track)%00%(upstream:remotename)%00%(upstream:remoteref) refs/heads/make_table refs/remotes/make_table [1ms]
2026-05-24 11:06:44.379 [info] > git for-each-ref --sort -committerdate --format %(refname)%00%(objectname)%00%(*objectname) [0ms]
2026-05-24 11:06:44.399 [info] > git status -z -uall [23ms]
2026-05-24 11:06:44.792 [info] > git check-ignore -v -z --stdin [1ms]
