2026-03-13 14:53:57.629 [info] [main] ログ レベル: Info
2026-03-13 14:53:57.629 [info] [main] Git の検証が検出されました: "git"
2026-03-13 14:53:57.629 [info] [main] "git" から Git "2.39.5" を使用しています
2026-03-13 14:53:57.629 [info] [Model][doInitialScan] Initial repository scan started
2026-03-13 14:53:57.629 [info] > git rev-parse --show-toplevel [10ms]
2026-03-13 14:53:57.629 [info] fatal: not a git repository (or any parent up to mount point /workspaces)
Stopping at filesystem boundary (GIT_DISCOVERY_ACROSS_FILESYSTEM not set).
2026-03-13 14:53:57.629 [info] > git rev-parse --show-toplevel [12ms]
2026-03-13 14:53:57.629 [info] fatal: not a git repository (or any parent up to mount point /workspaces)
Stopping at filesystem boundary (GIT_DISCOVERY_ACROSS_FILESYSTEM not set).
2026-03-13 14:53:57.629 [info] > git rev-parse --show-toplevel [1ms]
2026-03-13 14:53:57.629 [info] fatal: not a git repository (or any parent up to mount point /workspaces)
Stopping at filesystem boundary (GIT_DISCOVERY_ACROSS_FILESYSTEM not set).
2026-03-13 14:53:57.631 [info] > git rev-parse --show-toplevel [1ms]
2026-03-13 14:53:57.631 [info] fatal: not a git repository (or any parent up to mount point /workspaces)
Stopping at filesystem boundary (GIT_DISCOVERY_ACROSS_FILESYSTEM not set).
2026-03-13 14:53:57.634 [info] > git rev-parse --show-toplevel [1ms]
2026-03-13 14:53:57.634 [info] fatal: not a git repository (or any parent up to mount point /workspaces)
Stopping at filesystem boundary (GIT_DISCOVERY_ACROSS_FILESYSTEM not set).
2026-03-13 14:53:57.635 [info] [Model][doInitialScan] Initial repository scan completed - repositories (0), closed repositories (0), parent repositories (0), unsafe repositories (0)
2026-03-13 14:59:33.939 [info] > git rev-parse --show-toplevel [1ms]
2026-03-13 14:59:33.939 [info] fatal: not a git repository (or any parent up to mount point /workspaces)
Stopping at filesystem boundary (GIT_DISCOVERY_ACROSS_FILESYSTEM not set).
