2026-03-15 09:44:25.218 [info] Extension host with pid 333 started
2026-03-15 09:44:25.223 [info] Lock '/home/node/.vscode-server/data/User/workspaceStorage/23c383ea86d6a06baa3a3f6136827844/vscode.lock': Lock acquired.
2026-03-15 09:44:25.412 [info] ExtensionService#_doActivateExtension vscode.emmet, startup: false, activationEvent: 'onLanguage'
2026-03-15 09:44:25.413 [info] ExtensionService#_doActivateExtension vscode.typescript-language-features, startup: false, activationEvent: 'onLanguage:typescriptreact'
2026-03-15 09:44:25.459 [info] ExtensionService#_doActivateExtension vscode.configuration-editing, startup: false, activationEvent: 'onLanguage:jsonc'
2026-03-15 09:44:25.459 [info] ExtensionService#_doActivateExtension vscode.json-language-features, startup: false, activationEvent: 'onLanguage:jsonc'
2026-03-15 09:44:25.602 [info] ExtensionService#_doActivateExtension vscode.git-base, startup: true, activationEvent: '*', root cause: vscode.git
2026-03-15 09:44:25.604 [info] ExtensionService#_doActivateExtension vscode.terminal-suggest, startup: false, activationEvent: 'onTerminalShellIntegration:*'
2026-03-15 09:44:25.905 [info] ExtensionService#_doActivateExtension vscode.git, startup: true, activationEvent: '*'
2026-03-15 09:44:25.905 [info] ExtensionService#_doActivateExtension vscode.github, startup: true, activationEvent: '*'
2026-03-15 09:44:26.050 [info] Eager extensions activated
2026-03-15 09:44:26.050 [info] ExtensionService#_doActivateExtension vscode.debug-auto-launch, startup: false, activationEvent: 'onStartupFinished'
2026-03-15 09:44:26.050 [info] ExtensionService#_doActivateExtension vscode.merge-conflict, startup: false, activationEvent: 'onStartupFinished'
2026-03-15 09:44:26.819 [info] ExtensionService#_doActivateExtension vscode.tunnel-forwarding, startup: false, activationEvent: 'onTunnel'
2026-03-15 09:46:08.644 [info] ExtensionService#_doActivateExtension vscode.npm, startup: false, activationEvent: 'onTerminalQuickFixRequest:ms-vscode.npm-command'
2026-03-15 09:46:13.870 [info] ExtensionService#_doActivateExtension vscode.extension-editing, startup: false, activationEvent: 'onLanguage:json'
2026-03-15 09:49:28.559 [warning] Using default string since no string found in i18n bundle that has the key: Open symbol link
2026-03-15 09:49:28.560 [warning] Using default string since no string found in i18n bundle that has the key: Open symbol link
2026-03-15 09:49:28.560 [warning] Using default string since no string found in i18n bundle that has the key: Open symbol link
2026-03-15 09:49:28.560 [warning] Using default string since no string found in i18n bundle that has the key: Open symbol link
2026-03-15 09:50:16.878 [warning] Using default string since no string found in i18n bundle that has the key: Open symbol link
2026-03-15 10:09:50.019 [warning] Using default string since no string found in i18n bundle that has the key: Open symbol link
2026-03-15 11:53:20.523 [info] Extension host terminating: received terminate message from renderer
2026-03-15 11:53:20.523 [info] Lock '/home/node/.vscode-server/data/User/workspaceStorage/23c383ea86d6a06baa3a3f6136827844/vscode.lock': Marking the lockfile as scheduled to be released in 6000 ms.
2026-03-15 11:53:20.557 [info] Extension host with pid 333 exiting with code 0
