2026-05-13 06:09:58.441 [info] Extension host with pid 3232 started
2026-05-13 06:09:58.446 [info] Lock '/home/node/.vscode-server/data/User/workspaceStorage/5024bddc7ed4fa8b539158c2e51ab270/vscode.lock': Lock acquired.
2026-05-13 06:09:58.471 [info] ExtensionService#_doActivateExtension vscode.emmet, startup: false, activationEvent: 'onLanguage'
2026-05-13 06:09:58.574 [info] ExtensionService#_doActivateExtension vscode.git-base, startup: true, activationEvent: '*', root cause: vscode.git
2026-05-13 06:09:58.677 [info] ExtensionService#_doActivateExtension vscode.git, startup: true, activationEvent: '*'
2026-05-13 06:09:58.677 [info] ExtensionService#_doActivateExtension vscode.github, startup: true, activationEvent: '*'
2026-05-13 06:09:58.928 [info] Eager extensions activated
2026-05-13 06:09:58.929 [info] ExtensionService#_doActivateExtension vscode.debug-auto-launch, startup: false, activationEvent: 'onStartupFinished'
2026-05-13 06:09:58.929 [info] ExtensionService#_doActivateExtension vscode.merge-conflict, startup: false, activationEvent: 'onStartupFinished'
2026-05-13 06:09:59.069 [warning] [Decorations] CAPPING events from decorations provider vscode.git 2053
2026-05-13 06:09:59.273 [warning] [Decorations] CAPPING events from decorations provider vscode.git 2053
2026-05-13 06:10:02.120 [warning] [Decorations] CAPPING events from decorations provider vscode.git 2053
2026-05-13 06:10:07.159 [warning] [Decorations] CAPPING events from decorations provider vscode.git 2053
2026-05-13 06:10:11.690 [warning] [Decorations] CAPPING events from decorations provider vscode.git 2053
2026-05-13 06:10:16.237 [warning] [Decorations] CAPPING events from decorations provider vscode.git 2053
2026-05-13 06:10:20.766 [warning] [Decorations] CAPPING events from decorations provider vscode.git 2053
2026-05-13 06:10:25.298 [warning] [Decorations] CAPPING events from decorations provider vscode.git 2052
2026-05-13 06:10:29.842 [warning] [Decorations] CAPPING events from decorations provider vscode.git 2052
2026-05-13 06:10:34.377 [warning] [Decorations] CAPPING events from decorations provider vscode.git 2052
2026-05-13 06:10:38.913 [warning] [Decorations] CAPPING events from decorations provider vscode.git 2052
2026-05-13 06:10:43.489 [warning] [Decorations] CAPPING events from decorations provider vscode.git 2052
2026-05-13 06:10:43.717 [info] ExtensionService#_doActivateExtension vscode.terminal-suggest, startup: false, activationEvent: 'onTerminalShellIntegration:*'
2026-05-13 06:10:48.050 [warning] [Decorations] CAPPING events from decorations provider vscode.git 2052
2026-05-13 06:10:52.612 [warning] [Decorations] CAPPING events from decorations provider vscode.git 2052
2026-05-13 06:10:57.202 [warning] [Decorations] CAPPING events from decorations provider vscode.git 2052
2026-05-13 06:11:02.247 [warning] [Decorations] CAPPING events from decorations provider vscode.git 2052
2026-05-13 06:11:13.050 [warning] [Decorations] CAPPING events from decorations provider vscode.git 2052
2026-05-13 06:11:11.360 [warning] [Decorations] CAPPING events from decorations provider vscode.git 2052
2026-05-13 06:11:15.938 [warning] [Decorations] CAPPING events from decorations provider vscode.git 2052
2026-05-13 06:11:20.473 [warning] [Decorations] CAPPING events from decorations provider vscode.git 2052
2026-05-13 06:11:25.030 [warning] [Decorations] CAPPING events from decorations provider vscode.git 2052
2026-05-13 06:11:29.592 [warning] [Decorations] CAPPING events from decorations provider vscode.git 2052
2026-05-13 06:11:34.001 [warning] [Decorations] CAPPING events from decorations provider vscode.git 2052
2026-05-13 06:11:38.715 [warning] [Decorations] CAPPING events from decorations provider vscode.git 2052
2026-05-13 06:11:43.243 [warning] [Decorations] CAPPING events from decorations provider vscode.git 2052
2026-05-13 06:11:47.779 [warning] [Decorations] CAPPING events from decorations provider vscode.git 2052
2026-05-13 06:11:52.322 [warning] [Decorations] CAPPING events from decorations provider vscode.git 2052
2026-05-13 06:11:57.357 [warning] [Decorations] CAPPING events from decorations provider vscode.git 2052
2026-05-13 06:12:01.527 [warning] [Decorations] CAPPING events from decorations provider vscode.git 2052
2026-05-13 06:12:06.441 [warning] [Decorations] CAPPING events from decorations provider vscode.git 2052
2026-05-13 06:12:10.988 [warning] [Decorations] CAPPING events from decorations provider vscode.git 2052
2026-05-13 06:12:15.523 [warning] [Decorations] CAPPING events from decorations provider vscode.git 2052
2026-05-13 06:12:20.068 [warning] [Decorations] CAPPING events from decorations provider vscode.git 2052
2026-05-13 06:12:24.603 [warning] [Decorations] CAPPING events from decorations provider vscode.git 2052
2026-05-13 06:12:29.064 [warning] [Decorations] CAPPING events from decorations provider vscode.git 2052
2026-05-13 06:12:33.687 [warning] [Decorations] CAPPING events from decorations provider vscode.git 2052
2026-05-13 06:12:38.236 [warning] [Decorations] CAPPING events from decorations provider vscode.git 2052
2026-05-13 06:12:42.787 [warning] [Decorations] CAPPING events from decorations provider vscode.git 2052
2026-05-13 06:12:54.007 [warning] [Decorations] CAPPING events from decorations provider vscode.git 2052
2026-05-13 06:12:52.383 [warning] [Decorations] CAPPING events from decorations provider vscode.git 2052
2026-05-13 06:12:56.607 [warning] [Decorations] CAPPING events from decorations provider vscode.git 2052
2026-05-13 06:13:01.478 [warning] [Decorations] CAPPING events from decorations provider vscode.git 2052
2026-05-13 06:13:06.025 [warning] [Decorations] CAPPING events from decorations provider vscode.git 2052
2026-05-13 06:13:11.181 [warning] [Decorations] CAPPING events from decorations provider vscode.git 2052
2026-05-13 06:13:15.724 [warning] [Decorations] CAPPING events from decorations provider vscode.git 2052
2026-05-13 06:13:20.267 [warning] [Decorations] CAPPING events from decorations provider vscode.git 2052
2026-05-13 06:13:24.795 [warning] [Decorations] CAPPING events from decorations provider vscode.git 2052
2026-05-13 06:13:29.379 [warning] [Decorations] CAPPING events from decorations provider vscode.git 2052
2026-05-13 06:13:33.962 [warning] [Decorations] CAPPING events from decorations provider vscode.git 2052
2026-05-13 06:13:38.491 [warning] [Decorations] CAPPING events from decorations provider vscode.git 2052
2026-05-13 06:13:43.030 [warning] [Decorations] CAPPING events from decorations provider vscode.git 2052
2026-05-13 06:13:47.569 [warning] [Decorations] CAPPING events from decorations provider vscode.git 2052
2026-05-13 06:13:52.391 [warning] [Decorations] CAPPING events from decorations provider vscode.git 2052
2026-05-13 06:13:57.222 [warning] [Decorations] CAPPING events from decorations provider vscode.git 2052
2026-05-13 06:14:01.787 [warning] [Decorations] CAPPING events from decorations provider vscode.git 2052
2026-05-13 06:14:06.354 [warning] [Decorations] CAPPING events from decorations provider vscode.git 2052
2026-05-13 06:14:10.891 [warning] [Decorations] CAPPING events from decorations provider vscode.git 2052
2026-05-13 06:14:15.431 [warning] [Decorations] CAPPING events from decorations provider vscode.git 2052
2026-05-13 06:14:19.994 [warning] [Decorations] CAPPING events from decorations provider vscode.git 2052
2026-05-13 06:14:24.515 [warning] [Decorations] CAPPING events from decorations provider vscode.git 2052
2026-05-13 06:14:29.059 [warning] [Decorations] CAPPING events from decorations provider vscode.git 2052
2026-05-13 06:14:33.592 [warning] [Decorations] CAPPING events from decorations provider vscode.git 2052
2026-05-13 06:14:38.150 [warning] [Decorations] CAPPING events from decorations provider vscode.git 2052
2026-05-13 06:14:42.675 [warning] [Decorations] CAPPING events from decorations provider vscode.git 2052
2026-05-13 06:14:47.547 [warning] [Decorations] CAPPING events from decorations provider vscode.git 2052
2026-05-13 06:14:52.289 [warning] [Decorations] CAPPING events from decorations provider vscode.git 2052
2026-05-13 06:14:56.854 [warning] [Decorations] CAPPING events from decorations provider vscode.git 2052
2026-05-13 06:15:01.392 [warning] [Decorations] CAPPING events from decorations provider vscode.git 2052
2026-05-13 06:15:05.945 [warning] [Decorations] CAPPING events from decorations provider vscode.git 2052
2026-05-13 06:15:10.512 [warning] [Decorations] CAPPING events from decorations provider vscode.git 2052
2026-05-13 06:15:15.079 [warning] [Decorations] CAPPING events from decorations provider vscode.git 2052
2026-05-13 06:15:19.629 [warning] [Decorations] CAPPING events from decorations provider vscode.git 2052
2026-05-13 06:15:24.159 [warning] [Decorations] CAPPING events from decorations provider vscode.git 2052
2026-05-13 06:15:28.693 [warning] [Decorations] CAPPING events from decorations provider vscode.git 2052
2026-05-13 06:15:33.247 [warning] [Decorations] CAPPING events from decorations provider vscode.git 2052
2026-05-13 06:15:37.787 [warning] [Decorations] CAPPING events from decorations provider vscode.git 2052
2026-05-13 06:15:42.673 [warning] [Decorations] CAPPING events from decorations provider vscode.git 2052
2026-05-13 06:15:47.356 [warning] [Decorations] CAPPING events from decorations provider vscode.git 2052
2026-05-13 06:15:51.936 [warning] [Decorations] CAPPING events from decorations provider vscode.git 2052
2026-05-13 06:15:56.531 [warning] [Decorations] CAPPING events from decorations provider vscode.git 2052
2026-05-13 06:16:01.083 [warning] [Decorations] CAPPING events from decorations provider vscode.git 2052
2026-05-13 06:16:05.671 [warning] [Decorations] CAPPING events from decorations provider vscode.git 2052
2026-05-13 06:16:10.201 [warning] [Decorations] CAPPING events from decorations provider vscode.git 2052
2026-05-13 06:16:14.742 [warning] [Decorations] CAPPING events from decorations provider vscode.git 2052
2026-05-13 06:16:19.277 [warning] [Decorations] CAPPING events from decorations provider vscode.git 2052
2026-05-13 06:16:23.825 [warning] [Decorations] CAPPING events from decorations provider vscode.git 2052
2026-05-13 06:16:28.354 [warning] [Decorations] CAPPING events from decorations provider vscode.git 2052
2026-05-13 06:16:32.897 [warning] [Decorations] CAPPING events from decorations provider vscode.git 2052
2026-05-13 06:16:37.840 [warning] [Decorations] CAPPING events from decorations provider vscode.git 2052
2026-05-13 06:16:42.502 [warning] [Decorations] CAPPING events from decorations provider vscode.git 2052
2026-05-13 06:16:47.053 [warning] [Decorations] CAPPING events from decorations provider vscode.git 2052
2026-05-13 06:16:51.615 [warning] [Decorations] CAPPING events from decorations provider vscode.git 2052
2026-05-13 06:16:56.151 [warning] [Decorations] CAPPING events from decorations provider vscode.git 2052
2026-05-13 06:17:00.695 [warning] [Decorations] CAPPING events from decorations provider vscode.git 2052
2026-05-13 06:17:05.235 [warning] [Decorations] CAPPING events from decorations provider vscode.git 2052
2026-05-13 06:17:09.773 [warning] [Decorations] CAPPING events from decorations provider vscode.git 2052
2026-05-13 06:17:14.334 [warning] [Decorations] CAPPING events from decorations provider vscode.git 2052
2026-05-13 06:17:18.884 [warning] [Decorations] CAPPING events from decorations provider vscode.git 2052
2026-05-13 06:17:23.425 [warning] [Decorations] CAPPING events from decorations provider vscode.git 2052
2026-05-13 06:17:27.961 [warning] [Decorations] CAPPING events from decorations provider vscode.git 2052
2026-05-13 06:17:32.967 [warning] [Decorations] CAPPING events from decorations provider vscode.git 2052
2026-05-13 06:17:37.550 [warning] [Decorations] CAPPING events from decorations provider vscode.git 2052
2026-05-13 06:17:42.095 [warning] [Decorations] CAPPING events from decorations provider vscode.git 2052
2026-05-13 06:17:46.634 [warning] [Decorations] CAPPING events from decorations provider vscode.git 2052
2026-05-13 06:17:51.170 [warning] [Decorations] CAPPING events from decorations provider vscode.git 2052
2026-05-13 06:18:02.136 [warning] [Decorations] CAPPING events from decorations provider vscode.git 2052
2026-05-13 06:18:00.250 [warning] [Decorations] CAPPING events from decorations provider vscode.git 2052
2026-05-13 06:18:04.788 [warning] [Decorations] CAPPING events from decorations provider vscode.git 2052
2026-05-13 06:18:09.331 [warning] [Decorations] CAPPING events from decorations provider vscode.git 2052
2026-05-13 06:18:13.883 [warning] [Decorations] CAPPING events from decorations provider vscode.git 2052
2026-05-13 06:18:19.301 [warning] [Decorations] CAPPING events from decorations provider vscode.git 2052
2026-05-13 06:18:23.860 [warning] [Decorations] CAPPING events from decorations provider vscode.git 2052
2026-05-13 06:18:28.392 [warning] [Decorations] CAPPING events from decorations provider vscode.git 2052
2026-05-13 06:18:39.615 [warning] [Decorations] CAPPING events from decorations provider vscode.git 2052
2026-05-13 06:18:37.993 [warning] [Decorations] CAPPING events from decorations provider vscode.git 2052
2026-05-13 06:18:42.531 [warning] [Decorations] CAPPING events from decorations provider vscode.git 2052
2026-05-13 06:18:47.088 [warning] [Decorations] CAPPING events from decorations provider vscode.git 2052
2026-05-13 06:18:51.455 [warning] [Decorations] CAPPING events from decorations provider vscode.git 2052
2026-05-13 06:18:56.259 [warning] [Decorations] CAPPING events from decorations provider vscode.git 2052
2026-05-13 06:19:00.830 [warning] [Decorations] CAPPING events from decorations provider vscode.git 2052
2026-05-13 06:19:05.380 [warning] [Decorations] CAPPING events from decorations provider vscode.git 2052
2026-05-13 06:19:09.905 [warning] [Decorations] CAPPING events from decorations provider vscode.git 2052
2026-05-13 06:19:14.444 [warning] [Decorations] CAPPING events from decorations provider vscode.git 2052
2026-05-13 06:19:18.983 [warning] [Decorations] CAPPING events from decorations provider vscode.git 2052
2026-05-13 06:19:23.530 [warning] [Decorations] CAPPING events from decorations provider vscode.git 2052
2026-05-13 06:19:34.745 [warning] [Decorations] CAPPING events from decorations provider vscode.git 2052
2026-05-13 06:19:33.145 [warning] [Decorations] CAPPING events from decorations provider vscode.git 2052
2026-05-13 06:19:37.698 [warning] [Decorations] CAPPING events from decorations provider vscode.git 2052
2026-05-13 06:19:42.229 [warning] [Decorations] CAPPING events from decorations provider vscode.git 2052
2026-05-13 06:19:46.618 [warning] [Decorations] CAPPING events from decorations provider vscode.git 2052
2026-05-13 06:19:51.321 [warning] [Decorations] CAPPING events from decorations provider vscode.git 2052
2026-05-13 06:19:55.889 [warning] [Decorations] CAPPING events from decorations provider vscode.git 2052
2026-05-13 06:20:00.434 [warning] [Decorations] CAPPING events from decorations provider vscode.git 2052
2026-05-13 06:20:04.977 [warning] [Decorations] CAPPING events from decorations provider vscode.git 2052
2026-05-13 06:20:09.523 [warning] [Decorations] CAPPING events from decorations provider vscode.git 2052
2026-05-13 06:20:14.085 [warning] [Decorations] CAPPING events from decorations provider vscode.git 2052
2026-05-13 06:20:18.628 [warning] [Decorations] CAPPING events from decorations provider vscode.git 2052
2026-05-13 06:20:29.855 [warning] [Decorations] CAPPING events from decorations provider vscode.git 2052
2026-05-13 06:20:28.209 [warning] [Decorations] CAPPING events from decorations provider vscode.git 2052
2026-05-13 06:20:32.773 [warning] [Decorations] CAPPING events from decorations provider vscode.git 2052
2026-05-13 06:20:37.324 [warning] [Decorations] CAPPING events from decorations provider vscode.git 2052
2026-05-13 06:20:41.768 [warning] [Decorations] CAPPING events from decorations provider vscode.git 2052
2026-05-13 06:20:46.407 [warning] [Decorations] CAPPING events from decorations provider vscode.git 2052
2026-05-13 06:20:50.947 [warning] [Decorations] CAPPING events from decorations provider vscode.git 2052
2026-05-13 06:20:55.497 [warning] [Decorations] CAPPING events from decorations provider vscode.git 2052
2026-05-13 06:21:00.028 [warning] [Decorations] CAPPING events from decorations provider vscode.git 2052
2026-05-13 06:21:04.594 [warning] [Decorations] CAPPING events from decorations provider vscode.git 2052
2026-05-13 06:21:09.134 [warning] [Decorations] CAPPING events from decorations provider vscode.git 2052
2026-05-13 06:21:13.670 [warning] [Decorations] CAPPING events from decorations provider vscode.git 2052
2026-05-13 06:21:24.891 [warning] [Decorations] CAPPING events from decorations provider vscode.git 2052
2026-05-13 06:21:23.249 [warning] [Decorations] CAPPING events from decorations provider vscode.git 2052
2026-05-13 06:21:27.788 [warning] [Decorations] CAPPING events from decorations provider vscode.git 2052
2026-05-13 06:21:32.357 [warning] [Decorations] CAPPING events from decorations provider vscode.git 2052
2026-05-13 06:21:36.888 [warning] [Decorations] CAPPING events from decorations provider vscode.git 2052
2026-05-13 06:21:41.495 [warning] [Decorations] CAPPING events from decorations provider vscode.git 2052
2026-05-13 06:21:46.044 [warning] [Decorations] CAPPING events from decorations provider vscode.git 2052
2026-05-13 06:21:50.627 [warning] [Decorations] CAPPING events from decorations provider vscode.git 2052
2026-05-13 06:21:55.199 [warning] [Decorations] CAPPING events from decorations provider vscode.git 2052
2026-05-13 06:21:59.757 [warning] [Decorations] CAPPING events from decorations provider vscode.git 2052
2026-05-13 06:22:04.320 [warning] [Decorations] CAPPING events from decorations provider vscode.git 2052
2026-05-13 06:22:08.872 [warning] [Decorations] CAPPING events from decorations provider vscode.git 2052
2026-05-13 06:22:13.434 [warning] [Decorations] CAPPING events from decorations provider vscode.git 2052
2026-05-13 06:22:18.471 [warning] [Decorations] CAPPING events from decorations provider vscode.git 2052
2026-05-13 06:22:23.026 [warning] [Decorations] CAPPING events from decorations provider vscode.git 2052
2026-05-13 06:22:27.858 [warning] [Decorations] CAPPING events from decorations provider vscode.git 2052
2026-05-13 06:22:32.400 [warning] [Decorations] CAPPING events from decorations provider vscode.git 2052
2026-05-13 06:22:36.931 [warning] [Decorations] CAPPING events from decorations provider vscode.git 2052
2026-05-13 06:22:41.469 [warning] [Decorations] CAPPING events from decorations provider vscode.git 2052
2026-05-13 06:22:46.002 [warning] [Decorations] CAPPING events from decorations provider vscode.git 2052
2026-05-13 06:22:50.554 [warning] [Decorations] CAPPING events from decorations provider vscode.git 2052
2026-05-13 06:22:55.097 [warning] [Decorations] CAPPING events from decorations provider vscode.git 2052
2026-05-13 06:22:59.640 [warning] [Decorations] CAPPING events from decorations provider vscode.git 2052
2026-05-13 06:23:04.183 [warning] [Decorations] CAPPING events from decorations provider vscode.git 2052
2026-05-13 06:23:08.715 [warning] [Decorations] CAPPING events from decorations provider vscode.git 2052
2026-05-13 06:23:19.939 [warning] [Decorations] CAPPING events from decorations provider vscode.git 2052
2026-05-13 06:23:18.304 [warning] [Decorations] CAPPING events from decorations provider vscode.git 2052
2026-05-13 06:23:22.840 [warning] [Decorations] CAPPING events from decorations provider vscode.git 2052
2026-05-13 06:23:27.403 [warning] [Decorations] CAPPING events from decorations provider vscode.git 2052
2026-05-13 06:23:31.970 [warning] [Decorations] CAPPING events from decorations provider vscode.git 2052
2026-05-13 06:23:36.508 [warning] [Decorations] CAPPING events from decorations provider vscode.git 2052
2026-05-13 06:23:41.055 [warning] [Decorations] CAPPING events from decorations provider vscode.git 2052
2026-05-13 06:23:45.589 [warning] [Decorations] CAPPING events from decorations provider vscode.git 2052
2026-05-13 06:23:56.651 [warning] [Decorations] CAPPING events from decorations provider vscode.git 2052
2026-05-13 06:23:55.012 [warning] [Decorations] CAPPING events from decorations provider vscode.git 2052
2026-05-13 06:23:59.554 [warning] [Decorations] CAPPING events from decorations provider vscode.git 2052
2026-05-13 06:24:04.116 [warning] [Decorations] CAPPING events from decorations provider vscode.git 2052
2026-05-13 06:24:08.675 [warning] [Decorations] CAPPING events from decorations provider vscode.git 2052
2026-05-13 06:24:13.710 [warning] [Decorations] CAPPING events from decorations provider vscode.git 2052
2026-05-13 06:24:17.866 [warning] [Decorations] CAPPING events from decorations provider vscode.git 2052
2026-05-13 06:24:22.846 [warning] [Decorations] CAPPING events from decorations provider vscode.git 2052
2026-05-13 06:24:27.418 [warning] [Decorations] CAPPING events from decorations provider vscode.git 2052
2026-05-13 06:24:31.984 [warning] [Decorations] CAPPING events from decorations provider vscode.git 2052
2026-05-13 06:24:36.545 [warning] [Decorations] CAPPING events from decorations provider vscode.git 2052
2026-05-13 06:24:41.095 [warning] [Decorations] CAPPING events from decorations provider vscode.git 2052
2026-05-13 06:24:45.550 [warning] [Decorations] CAPPING events from decorations provider vscode.git 2052
2026-05-13 06:24:50.207 [warning] [Decorations] CAPPING events from decorations provider vscode.git 2052
2026-05-13 06:24:54.746 [warning] [Decorations] CAPPING events from decorations provider vscode.git 2052
2026-05-13 06:24:59.282 [warning] [Decorations] CAPPING events from decorations provider vscode.git 2052
2026-05-13 06:25:03.817 [warning] [Decorations] CAPPING events from decorations provider vscode.git 2052
2026-05-13 06:25:08.864 [warning] [Decorations] CAPPING events from decorations provider vscode.git 2052
2026-05-13 06:25:13.072 [warning] [Decorations] CAPPING events from decorations provider vscode.git 2052
2026-05-13 06:25:17.934 [warning] [Decorations] CAPPING events from decorations provider vscode.git 2052
2026-05-13 06:25:22.497 [warning] [Decorations] CAPPING events from decorations provider vscode.git 2052
2026-05-13 06:25:27.026 [warning] [Decorations] CAPPING events from decorations provider vscode.git 2052
2026-05-13 06:25:31.571 [warning] [Decorations] CAPPING events from decorations provider vscode.git 2052
2026-05-13 06:25:36.121 [warning] [Decorations] CAPPING events from decorations provider vscode.git 2052
2026-05-13 06:25:40.618 [warning] [Decorations] CAPPING events from decorations provider vscode.git 2052
2026-05-13 06:25:45.219 [warning] [Decorations] CAPPING events from decorations provider vscode.git 2052
2026-05-13 06:25:49.764 [warning] [Decorations] CAPPING events from decorations provider vscode.git 2052
2026-05-13 06:25:54.303 [warning] [Decorations] CAPPING events from decorations provider vscode.git 2052
2026-05-13 06:25:58.848 [warning] [Decorations] CAPPING events from decorations provider vscode.git 2052
2026-05-13 06:26:03.883 [warning] [Decorations] CAPPING events from decorations provider vscode.git 2052
2026-05-13 06:26:08.142 [warning] [Decorations] CAPPING events from decorations provider vscode.git 2052
2026-05-13 06:26:12.961 [warning] [Decorations] CAPPING events from decorations provider vscode.git 2052
2026-05-13 06:26:17.507 [warning] [Decorations] CAPPING events from decorations provider vscode.git 2052
2026-05-13 06:26:22.053 [warning] [Decorations] CAPPING events from decorations provider vscode.git 2052
2026-05-13 06:26:26.603 [warning] [Decorations] CAPPING events from decorations provider vscode.git 2052
2026-05-13 07:29:02.044 [warning] [Decorations] CAPPING events from decorations provider vscode.git 2052
2026-05-13 07:29:05.800 [warning] [Decorations] CAPPING events from decorations provider vscode.git 2052
2026-05-13 07:29:06.596 [warning] [Decorations] CAPPING events from decorations provider vscode.git 2052
2026-05-13 07:29:11.144 [warning] [Decorations] CAPPING events from decorations provider vscode.git 2052
2026-05-13 07:29:15.718 [warning] [Decorations] CAPPING events from decorations provider vscode.git 2052
2026-05-13 07:29:26.894 [warning] [Decorations] CAPPING events from decorations provider vscode.git 2052
2026-05-13 07:29:25.317 [warning] [Decorations] CAPPING events from decorations provider vscode.git 2052
2026-05-13 07:29:29.870 [warning] [Decorations] CAPPING events from decorations provider vscode.git 2052
2026-05-13 07:29:34.425 [warning] [Decorations] CAPPING events from decorations provider vscode.git 2052
2026-05-13 07:29:38.979 [warning] [Decorations] CAPPING events from decorations provider vscode.git 2052
2026-05-13 07:29:40.778 [warning] [Decorations] CAPPING events from decorations provider vscode.git 2052
2026-05-13 07:29:43.516 [warning] [Decorations] CAPPING events from decorations provider vscode.git 2052
2026-05-13 07:29:48.006 [warning] [Decorations] CAPPING events from decorations provider vscode.git 2052
2026-05-13 07:29:52.620 [warning] [Decorations] CAPPING events from decorations provider vscode.git 2052
2026-05-13 07:29:57.165 [warning] [Decorations] CAPPING events from decorations provider vscode.git 2052
2026-05-13 07:30:01.695 [warning] [Decorations] CAPPING events from decorations provider vscode.git 2052
2026-05-13 07:30:06.225 [warning] [Decorations] CAPPING events from decorations provider vscode.git 2052
2026-05-13 07:30:06.999 [info] ExtensionService#_doActivateExtension vscode.npm, startup: false, activationEvent: 'onTerminalQuickFixRequest:ms-vscode.npm-command'
2026-05-13 07:30:10.760 [warning] [Decorations] CAPPING events from decorations provider vscode.git 2052
2026-05-13 07:30:12.241 [info] ExtensionService#_doActivateExtension vscode.configuration-editing, startup: false, activationEvent: 'onLanguage:json'
2026-05-13 07:30:12.242 [info] ExtensionService#_doActivateExtension vscode.extension-editing, startup: false, activationEvent: 'onLanguage:json'
2026-05-13 07:30:12.242 [info] ExtensionService#_doActivateExtension vscode.json-language-features, startup: false, activationEvent: 'onLanguage:json'
2026-05-13 07:30:21.942 [warning] [Decorations] CAPPING events from decorations provider vscode.git 2053
2026-05-13 07:30:20.334 [warning] [Decorations] CAPPING events from decorations provider vscode.git 2053
2026-05-13 07:30:24.938 [warning] [Decorations] CAPPING events from decorations provider vscode.git 2053
2026-05-13 07:30:29.550 [warning] [Decorations] CAPPING events from decorations provider vscode.git 2053
2026-05-13 07:30:34.126 [warning] [Decorations] CAPPING events from decorations provider vscode.git 2054
2026-05-13 07:30:38.518 [warning] [Decorations] CAPPING events from decorations provider vscode.git 2054
2026-05-13 07:30:38.774 [warning] [Decorations] CAPPING events from decorations provider vscode.git 2054
2026-05-13 07:30:43.307 [warning] [Decorations] CAPPING events from decorations provider vscode.git 2054
2026-05-13 07:30:47.872 [warning] [Decorations] CAPPING events from decorations provider vscode.git 2054
2026-05-13 07:30:52.415 [warning] [Decorations] CAPPING events from decorations provider vscode.git 2054
2026-05-13 07:30:56.989 [warning] [Decorations] CAPPING events from decorations provider vscode.git 2054
