2026-05-13 09:34:12.689 [info] [main] ログ レベル: Info
2026-05-13 09:34:12.689 [info] [main] Git の検証が検出されました: "git"
2026-05-13 09:34:12.689 [info] [main] "git" から Git "2.39.5" を使用しています
2026-05-13 09:34:12.689 [info] [Model][doInitialScan] Initial repository scan started
2026-05-13 09:34:12.689 [info] > git rev-parse --show-toplevel [2ms]
2026-05-13 09:34:12.693 [info] > git rev-parse --git-dir --git-common-dir --show-superproject-working-tree [6ms]
2026-05-13 09:34:12.708 [info] [Model][openRepository] Opened repository (path): /home/node
2026-05-13 09:34:12.708 [info] [Model][openRepository] Opened repository (real path): /home/node
2026-05-13 09:34:12.708 [info] [Model][openRepository] Opened repository (kind): repository
2026-05-13 09:34:12.736 [info] > git rev-parse --show-toplevel [3ms]
2026-05-13 09:34:12.737 [info] > git config --get commit.template [4ms]
2026-05-13 09:34:12.737 [info] > git config --get --local core.virtualfilesystem [26ms]
2026-05-13 09:34:12.737 [warning] [Git][config] git config failed: Failed to execute git
2026-05-13 09:34:12.741 [info] > git rev-parse --show-toplevel [2ms]
2026-05-13 09:34:12.742 [info] > git rev-parse --show-toplevel [0ms]
2026-05-13 09:34:12.744 [info] > git for-each-ref --format=%(refname)%00%(upstream:short)%00%(objectname)%00%(upstream:track)%00%(upstream:remotename)%00%(upstream:remoteref) refs/heads/master refs/remotes/master [4ms]
2026-05-13 09:34:12.744 [info] > git rev-parse --show-toplevel [0ms]
2026-05-13 09:34:12.749 [info] > git rev-parse --show-toplevel [4ms]
2026-05-13 09:34:12.750 [info] > git for-each-ref --sort -committerdate --format %(refname)%00%(objectname)%00%(*objectname) [2ms]
2026-05-13 09:34:12.751 [info] > git rev-parse --show-toplevel [1ms]
2026-05-13 09:34:12.753 [info] > git rev-parse --show-toplevel [1ms]
2026-05-13 09:34:12.754 [info] [Model][doInitialScan] Initial repository scan completed - repositories (1), closed repositories (0), parent repositories (0), unsafe repositories (0)
2026-05-13 09:34:12.769 [info] > git status -z -uall [22ms]
2026-05-13 09:34:12.789 [info] > git for-each-ref --format=%(refname)%00%(upstream:short)%00%(objectname)%00%(upstream:track)%00%(upstream:remotename)%00%(upstream:remoteref) refs/heads/master refs/remotes/master [3ms]
2026-05-13 09:34:12.791 [info] > git config --get commit.template [3ms]
2026-05-13 09:34:12.791 [info] > git config --get --local branch.master.vscode-merge-base [1ms]
2026-05-13 09:34:12.791 [warning] [Git][config] git config failed: Failed to execute git
2026-05-13 09:34:12.795 [info] > git reflog master --grep-reflog=branch: Created from *. [3ms]
2026-05-13 09:34:12.796 [info] > git for-each-ref --format=%(refname)%00%(upstream:short)%00%(objectname)%00%(upstream:track)%00%(upstream:remotename)%00%(upstream:remoteref) refs/heads/master refs/remotes/master [2ms]
2026-05-13 09:34:12.799 [info] > git symbolic-ref --short refs/remotes/origin/HEAD [3ms]
2026-05-13 09:34:12.799 [info] fatal: ref refs/remotes/origin/HEAD is not a symbolic ref
2026-05-13 09:34:12.799 [warning] [Repository][getDefaultBranch] Failed to get default branch details: Failed to execute git.
2026-05-13 09:34:12.801 [info] > git for-each-ref --sort -committerdate --format %(refname)%00%(objectname)%00%(*objectname) [2ms]
2026-05-13 09:34:12.802 [info] > git merge-base refs/heads/master refs/remotes/origin/master [2ms]
2026-05-13 09:34:12.853 [info] > git status -z -uall [56ms]
2026-05-13 09:34:12.860 [info] > git diff --raw --numstat --diff-filter=ADMR -z --find-renames=50% e4e5942e23e2c27d7580d56fd789f29015d370e5...refs/remotes/origin/master -- [56ms]
2026-05-13 09:34:12.862 [info] > git merge-base refs/heads/master refs/remotes/origin/master [3ms]
2026-05-13 09:34:12.865 [info] > git diff --raw --numstat --diff-filter=ADMR -z --find-renames=50% e4e5942e23e2c27d7580d56fd789f29015d370e5...refs/remotes/origin/master -- [1ms]
2026-05-13 09:37:47.545 [info] > git config --get commit.template [3ms]
2026-05-13 09:37:47.546 [info] > git for-each-ref --format=%(refname)%00%(upstream:short)%00%(objectname)%00%(upstream:track)%00%(upstream:remotename)%00%(upstream:remoteref) refs/heads/master refs/remotes/master [2ms]
2026-05-13 09:37:47.550 [info] > git for-each-ref --sort -committerdate --format %(refname)%00%(objectname)%00%(*objectname) [1ms]
2026-05-13 09:37:47.566 [info] > git status -z -uall [19ms]
2026-05-13 09:37:52.577 [info] > git config --get commit.template [2ms]
2026-05-13 09:37:52.577 [info] > git for-each-ref --format=%(refname)%00%(upstream:short)%00%(objectname)%00%(upstream:track)%00%(upstream:remotename)%00%(upstream:remoteref) refs/heads/master refs/remotes/master [1ms]
2026-05-13 09:37:52.581 [info] > git for-each-ref --sort -committerdate --format %(refname)%00%(objectname)%00%(*objectname) [0ms]
2026-05-13 09:37:52.597 [info] > git status -z -uall [18ms]
2026-05-13 09:37:57.607 [info] > git config --get commit.template [2ms]
2026-05-13 09:37:57.607 [info] > git for-each-ref --format=%(refname)%00%(upstream:short)%00%(objectname)%00%(upstream:track)%00%(upstream:remotename)%00%(upstream:remoteref) refs/heads/master refs/remotes/master [0ms]
2026-05-13 09:37:57.611 [info] > git for-each-ref --sort -committerdate --format %(refname)%00%(objectname)%00%(*objectname) [1ms]
2026-05-13 09:37:57.626 [info] > git status -z -uall [17ms]
2026-05-13 09:38:02.636 [info] > git config --get commit.template [2ms]
2026-05-13 09:38:02.636 [info] > git for-each-ref --format=%(refname)%00%(upstream:short)%00%(objectname)%00%(upstream:track)%00%(upstream:remotename)%00%(upstream:remoteref) refs/heads/master refs/remotes/master [1ms]
2026-05-13 09:38:02.640 [info] > git for-each-ref --sort -committerdate --format %(refname)%00%(objectname)%00%(*objectname) [1ms]
2026-05-13 09:38:02.657 [info] > git status -z -uall [19ms]
2026-05-13 09:38:07.664 [info] > git config --get commit.template [1ms]
2026-05-13 09:38:07.666 [info] > git for-each-ref --format=%(refname)%00%(upstream:short)%00%(objectname)%00%(upstream:track)%00%(upstream:remotename)%00%(upstream:remoteref) refs/heads/master refs/remotes/master [1ms]
2026-05-13 09:38:07.669 [info] > git for-each-ref --sort -committerdate --format %(refname)%00%(objectname)%00%(*objectname) [0ms]
2026-05-13 09:38:07.685 [info] > git status -z -uall [18ms]
2026-05-13 09:38:12.692 [info] > git config --get commit.template [1ms]
2026-05-13 09:38:12.694 [info] > git for-each-ref --format=%(refname)%00%(upstream:short)%00%(objectname)%00%(upstream:track)%00%(upstream:remotename)%00%(upstream:remoteref) refs/heads/master refs/remotes/master [1ms]
2026-05-13 09:38:12.698 [info] > git for-each-ref --sort -committerdate --format %(refname)%00%(objectname)%00%(*objectname) [0ms]
2026-05-13 09:38:12.714 [info] > git status -z -uall [18ms]
2026-05-13 09:38:17.723 [info] > git config --get commit.template [2ms]
2026-05-13 09:38:17.723 [info] > git for-each-ref --format=%(refname)%00%(upstream:short)%00%(objectname)%00%(upstream:track)%00%(upstream:remotename)%00%(upstream:remoteref) refs/heads/master refs/remotes/master [0ms]
2026-05-13 09:38:17.728 [info] > git for-each-ref --sort -committerdate --format %(refname)%00%(objectname)%00%(*objectname) [1ms]
2026-05-13 09:38:17.743 [info] > git status -z -uall [18ms]
2026-05-13 09:38:15.503 [info] > git config --get commit.template [2ms]
2026-05-13 09:38:15.503 [info] > git for-each-ref --format=%(refname)%00%(upstream:short)%00%(objectname)%00%(upstream:track)%00%(upstream:remotename)%00%(upstream:remoteref) refs/heads/master refs/remotes/master [1ms]
2026-05-13 09:38:15.507 [info] > git for-each-ref --sort -committerdate --format %(refname)%00%(objectname)%00%(*objectname) [1ms]
2026-05-13 09:38:15.523 [info] > git status -z -uall [18ms]
2026-05-13 09:38:20.533 [info] > git config --get commit.template [2ms]
2026-05-13 09:38:20.534 [info] > git for-each-ref --format=%(refname)%00%(upstream:short)%00%(objectname)%00%(upstream:track)%00%(upstream:remotename)%00%(upstream:remoteref) refs/heads/master refs/remotes/master [1ms]
2026-05-13 09:38:20.538 [info] > git for-each-ref --sort -committerdate --format %(refname)%00%(objectname)%00%(*objectname) [1ms]
2026-05-13 09:38:20.554 [info] > git status -z -uall [18ms]
2026-05-13 09:39:03.294 [info] > git config --get commit.template [3ms]
2026-05-13 09:39:03.294 [info] > git for-each-ref --format=%(refname)%00%(upstream:short)%00%(objectname)%00%(upstream:track)%00%(upstream:remotename)%00%(upstream:remoteref) refs/heads/master refs/remotes/master [1ms]
2026-05-13 09:39:03.299 [info] > git for-each-ref --sort -committerdate --format %(refname)%00%(objectname)%00%(*objectname) [1ms]
2026-05-13 09:39:03.314 [info] > git status -z -uall [18ms]
2026-05-13 09:39:01.074 [info] > git config --get commit.template [2ms]
2026-05-13 09:39:01.075 [info] > git for-each-ref --format=%(refname)%00%(upstream:short)%00%(objectname)%00%(upstream:track)%00%(upstream:remotename)%00%(upstream:remoteref) refs/heads/master refs/remotes/master [1ms]
2026-05-13 09:39:01.078 [info] > git for-each-ref --sort -committerdate --format %(refname)%00%(objectname)%00%(*objectname) [0ms]
2026-05-13 09:39:01.167 [info] > git status -z -uall [91ms] (cancelled)
2026-05-13 09:39:06.169 [info] > git config --get commit.template [3ms]
2026-05-13 09:39:06.169 [info] > git for-each-ref --format=%(refname)%00%(upstream:short)%00%(objectname)%00%(upstream:track)%00%(upstream:remotename)%00%(upstream:remoteref) refs/heads/master refs/remotes/master [0ms]
2026-05-13 09:39:06.174 [info] > git for-each-ref --sort -committerdate --format %(refname)%00%(objectname)%00%(*objectname) [1ms]
2026-05-13 09:39:06.189 [info] > git status -z -uall [18ms]
2026-05-13 09:39:11.203 [info] > git config --get commit.template [3ms]
2026-05-13 09:39:11.203 [info] > git for-each-ref --format=%(refname)%00%(upstream:short)%00%(objectname)%00%(upstream:track)%00%(upstream:remotename)%00%(upstream:remoteref) refs/heads/master refs/remotes/master [1ms]
2026-05-13 09:39:11.207 [info] > git for-each-ref --sort -committerdate --format %(refname)%00%(objectname)%00%(*objectname) [0ms]
2026-05-13 09:39:11.223 [info] > git status -z -uall [18ms]
2026-05-13 09:39:16.237 [info] > git config --get commit.template [2ms]
2026-05-13 09:39:16.237 [info] > git for-each-ref --format=%(refname)%00%(upstream:short)%00%(objectname)%00%(upstream:track)%00%(upstream:remotename)%00%(upstream:remoteref) refs/heads/master refs/remotes/master [0ms]
2026-05-13 09:39:16.242 [info] > git for-each-ref --sort -committerdate --format %(refname)%00%(objectname)%00%(*objectname) [1ms]
2026-05-13 09:39:16.256 [info] > git status -z -uall [17ms]
2026-05-13 09:39:21.260 [info] > git config --get commit.template [1ms]
2026-05-13 09:39:21.263 [info] > git for-each-ref --format=%(refname)%00%(upstream:short)%00%(objectname)%00%(upstream:track)%00%(upstream:remotename)%00%(upstream:remoteref) refs/heads/master refs/remotes/master [1ms]
2026-05-13 09:39:21.268 [info] > git for-each-ref --sort -committerdate --format %(refname)%00%(objectname)%00%(*objectname) [1ms]
2026-05-13 09:39:21.283 [info] > git status -z -uall [19ms]
2026-05-13 09:39:26.295 [info] > git config --get commit.template [2ms]
2026-05-13 09:39:26.296 [info] > git for-each-ref --format=%(refname)%00%(upstream:short)%00%(objectname)%00%(upstream:track)%00%(upstream:remotename)%00%(upstream:remoteref) refs/heads/master refs/remotes/master [1ms]
2026-05-13 09:39:26.301 [info] > git for-each-ref --sort -committerdate --format %(refname)%00%(objectname)%00%(*objectname) [0ms]
2026-05-13 09:39:26.315 [info] > git status -z -uall [18ms]
2026-05-13 09:39:31.325 [info] > git config --get commit.template [1ms]
2026-05-13 09:39:31.328 [info] > git for-each-ref --format=%(refname)%00%(upstream:short)%00%(objectname)%00%(upstream:track)%00%(upstream:remotename)%00%(upstream:remoteref) refs/heads/master refs/remotes/master [1ms]
2026-05-13 09:39:31.332 [info] > git for-each-ref --sort -committerdate --format %(refname)%00%(objectname)%00%(*objectname) [1ms]
2026-05-13 09:39:31.348 [info] > git status -z -uall [19ms]
2026-05-13 09:39:36.352 [info] > git config --get commit.template [0ms]
2026-05-13 09:39:36.355 [info] > git for-each-ref --format=%(refname)%00%(upstream:short)%00%(objectname)%00%(upstream:track)%00%(upstream:remotename)%00%(upstream:remoteref) refs/heads/master refs/remotes/master [1ms]
2026-05-13 09:39:36.359 [info] > git for-each-ref --sort -committerdate --format %(refname)%00%(objectname)%00%(*objectname) [1ms]
2026-05-13 09:39:36.374 [info] > git status -z -uall [17ms]
2026-05-13 09:39:41.383 [info] > git config --get commit.template [2ms]
2026-05-13 09:39:41.383 [info] > git for-each-ref --format=%(refname)%00%(upstream:short)%00%(objectname)%00%(upstream:track)%00%(upstream:remotename)%00%(upstream:remoteref) refs/heads/master refs/remotes/master [0ms]
2026-05-13 09:39:41.387 [info] > git for-each-ref --sort -committerdate --format %(refname)%00%(objectname)%00%(*objectname) [0ms]
2026-05-13 09:39:41.401 [info] > git status -z -uall [16ms]
2026-05-13 09:39:47.844 [info] > git config --get commit.template [2ms]
2026-05-13 09:39:47.845 [info] > git for-each-ref --format=%(refname)%00%(upstream:short)%00%(objectname)%00%(upstream:track)%00%(upstream:remotename)%00%(upstream:remoteref) refs/heads/master refs/remotes/master [1ms]
2026-05-13 09:39:47.849 [info] > git for-each-ref --sort -committerdate --format %(refname)%00%(objectname)%00%(*objectname) [1ms]
2026-05-13 09:39:47.864 [info] > git status -z -uall [18ms]
2026-05-13 09:39:52.877 [info] > git config --get commit.template [1ms]
2026-05-13 09:39:52.879 [info] > git for-each-ref --format=%(refname)%00%(upstream:short)%00%(objectname)%00%(upstream:track)%00%(upstream:remotename)%00%(upstream:remoteref) refs/heads/master refs/remotes/master [1ms]
2026-05-13 09:39:52.884 [info] > git for-each-ref --sort -committerdate --format %(refname)%00%(objectname)%00%(*objectname) [1ms]
2026-05-13 09:39:52.900 [info] > git status -z -uall [19ms]
2026-05-13 09:40:05.159 [info] [Git][getRemotes] No remotes found in the git config file
2026-05-13 09:40:05.159 [info] > git config --get commit.template [3ms]
2026-05-13 09:40:05.159 [info] > git for-each-ref --format=%(refname)%00%(upstream:short)%00%(objectname)%00%(upstream:track)%00%(upstream:remotename)%00%(upstream:remoteref) refs/heads/master refs/remotes/master [1ms]
2026-05-13 09:40:05.163 [info] > git for-each-ref --sort -committerdate --format %(refname)%00%(objectname)%00%(*objectname) [0ms]
2026-05-13 09:40:05.179 [info] > git status -z -uall [18ms]
2026-05-13 09:40:10.188 [info] [Git][getRemotes] No remotes found in the git config file
2026-05-13 09:40:10.190 [info] > git config --get commit.template [3ms]
2026-05-13 09:40:10.190 [info] > git for-each-ref --format=%(refname)%00%(upstream:short)%00%(objectname)%00%(upstream:track)%00%(upstream:remotename)%00%(upstream:remoteref) refs/heads/master refs/remotes/master [0ms]
2026-05-13 09:40:10.194 [info] > git for-each-ref --sort -committerdate --format %(refname)%00%(objectname)%00%(*objectname) [1ms]
2026-05-13 09:40:10.208 [info] > git status -z -uall [16ms]
2026-05-13 09:40:10.457 [info] [Git][getRemotes] No remotes found in the git config file
2026-05-13 09:40:10.458 [info] > git config --get commit.template [3ms]
2026-05-13 09:40:10.458 [info] > git for-each-ref --format=%(refname)%00%(upstream:short)%00%(objectname)%00%(upstream:track)%00%(upstream:remotename)%00%(upstream:remoteref) refs/heads/master refs/remotes/master [1ms]
2026-05-13 09:40:10.462 [info] > git for-each-ref --sort -committerdate --format %(refname)%00%(objectname)%00%(*objectname) [1ms]
2026-05-13 09:40:10.477 [info] > git status -z -uall [17ms]
2026-05-13 09:40:15.216 [info] [Git][getRemotes] No remotes found in the git config file
2026-05-13 09:40:15.216 [info] > git config --get commit.template [2ms]
2026-05-13 09:40:15.217 [info] > git for-each-ref --format=%(refname)%00%(upstream:short)%00%(objectname)%00%(upstream:track)%00%(upstream:remotename)%00%(upstream:remoteref) refs/heads/master refs/remotes/master [1ms]
2026-05-13 09:40:15.220 [info] > git for-each-ref --sort -committerdate --format %(refname)%00%(objectname)%00%(*objectname) [0ms]
2026-05-13 09:40:15.236 [info] > git status -z -uall [18ms]
2026-05-13 09:40:12.996 [info] [Git][getRemotes] No remotes found in the git config file
2026-05-13 09:40:12.996 [info] > git config --get commit.template [2ms]
2026-05-13 09:40:12.996 [info] > git for-each-ref --format=%(refname)%00%(upstream:short)%00%(objectname)%00%(upstream:track)%00%(upstream:remotename)%00%(upstream:remoteref) refs/heads/master refs/remotes/master [0ms]
2026-05-13 09:40:13.000 [info] > git for-each-ref --sort -committerdate --format %(refname)%00%(objectname)%00%(*objectname) [1ms]
2026-05-13 09:40:13.014 [info] > git status -z -uall [16ms]
2026-05-13 09:40:18.022 [info] [Git][getRemotes] No remotes found in the git config file
2026-05-13 09:40:18.022 [info] > git config --get commit.template [2ms]
2026-05-13 09:40:18.023 [info] > git for-each-ref --format=%(refname)%00%(upstream:short)%00%(objectname)%00%(upstream:track)%00%(upstream:remotename)%00%(upstream:remoteref) refs/heads/master refs/remotes/master [1ms]
2026-05-13 09:40:18.027 [info] > git for-each-ref --sort -committerdate --format %(refname)%00%(objectname)%00%(*objectname) [1ms]
2026-05-13 09:40:18.042 [info] > git status -z -uall [18ms]
2026-05-13 09:40:23.055 [info] [Git][getRemotes] No remotes found in the git config file
2026-05-13 09:40:23.055 [info] > git for-each-ref --format=%(refname)%00%(upstream:short)%00%(objectname)%00%(upstream:track)%00%(upstream:remotename)%00%(upstream:remoteref) refs/heads/master refs/remotes/master [1ms]
2026-05-13 09:40:23.055 [info] > git config --get commit.template [3ms]
2026-05-13 09:40:23.061 [info] > git for-each-ref --sort -committerdate --format %(refname)%00%(objectname)%00%(*objectname) [1ms]
2026-05-13 09:40:23.074 [info] > git status -z -uall [17ms]
2026-05-13 09:40:28.078 [info] > git config --get commit.template [0ms]
2026-05-13 09:40:28.080 [info] [Git][getRemotes] No remotes found in the git config file
2026-05-13 09:40:28.081 [info] > git for-each-ref --format=%(refname)%00%(upstream:short)%00%(objectname)%00%(upstream:track)%00%(upstream:remotename)%00%(upstream:remoteref) refs/heads/master refs/remotes/master [1ms]
2026-05-13 09:40:28.085 [info] > git for-each-ref --sort -committerdate --format %(refname)%00%(objectname)%00%(*objectname) [0ms]
2026-05-13 09:40:28.100 [info] > git status -z -uall [18ms]
2026-05-13 09:40:33.113 [info] [Git][getRemotes] No remotes found in the git config file
2026-05-13 09:40:33.113 [info] > git config --get commit.template [3ms]
2026-05-13 09:40:33.113 [info] > git for-each-ref --format=%(refname)%00%(upstream:short)%00%(objectname)%00%(upstream:track)%00%(upstream:remotename)%00%(upstream:remoteref) refs/heads/master refs/remotes/master [0ms]
2026-05-13 09:40:33.118 [info] > git for-each-ref --sort -committerdate --format %(refname)%00%(objectname)%00%(*objectname) [2ms]
2026-05-13 09:40:33.132 [info] > git status -z -uall [17ms]
2026-05-13 09:40:38.139 [info] > git config --get commit.template [0ms]
2026-05-13 09:40:38.141 [info] [Git][getRemotes] No remotes found in the git config file
2026-05-13 09:40:38.142 [info] > git for-each-ref --format=%(refname)%00%(upstream:short)%00%(objectname)%00%(upstream:track)%00%(upstream:remotename)%00%(upstream:remoteref) refs/heads/master refs/remotes/master [0ms]
2026-05-13 09:40:38.146 [info] > git for-each-ref --sort -committerdate --format %(refname)%00%(objectname)%00%(*objectname) [0ms]
2026-05-13 09:40:38.161 [info] > git status -z -uall [18ms]
2026-05-13 09:40:43.169 [info] [Git][getRemotes] No remotes found in the git config file
2026-05-13 09:40:43.169 [info] > git config --get commit.template [2ms]
2026-05-13 09:40:43.170 [info] > git for-each-ref --format=%(refname)%00%(upstream:short)%00%(objectname)%00%(upstream:track)%00%(upstream:remotename)%00%(upstream:remoteref) refs/heads/master refs/remotes/master [1ms]
2026-05-13 09:40:43.173 [info] > git for-each-ref --sort -committerdate --format %(refname)%00%(objectname)%00%(*objectname) [0ms]
2026-05-13 09:40:43.188 [info] > git status -z -uall [17ms]
2026-05-13 09:40:48.196 [info] [Git][getRemotes] No remotes found in the git config file
2026-05-13 09:40:48.198 [info] > git config --get commit.template [2ms]
2026-05-13 09:40:48.198 [info] > git for-each-ref --format=%(refname)%00%(upstream:short)%00%(objectname)%00%(upstream:track)%00%(upstream:remotename)%00%(upstream:remoteref) refs/heads/master refs/remotes/master [0ms]
2026-05-13 09:40:48.202 [info] > git for-each-ref --sort -committerdate --format %(refname)%00%(objectname)%00%(*objectname) [1ms]
2026-05-13 09:40:48.217 [info] > git status -z -uall [17ms]
2026-05-13 09:40:53.226 [info] [Git][getRemotes] No remotes found in the git config file
2026-05-13 09:40:53.226 [info] > git config --get commit.template [2ms]
2026-05-13 09:40:53.227 [info] > git for-each-ref --format=%(refname)%00%(upstream:short)%00%(objectname)%00%(upstream:track)%00%(upstream:remotename)%00%(upstream:remoteref) refs/heads/master refs/remotes/master [1ms]
2026-05-13 09:40:53.230 [info] > git for-each-ref --sort -committerdate --format %(refname)%00%(objectname)%00%(*objectname) [0ms]
2026-05-13 09:40:53.246 [info] > git status -z -uall [17ms]
2026-05-13 09:40:58.252 [info] [Git][getRemotes] No remotes found in the git config file
2026-05-13 09:40:58.254 [info] > git config --get commit.template [3ms]
2026-05-13 09:40:58.254 [info] > git for-each-ref --format=%(refname)%00%(upstream:short)%00%(objectname)%00%(upstream:track)%00%(upstream:remotename)%00%(upstream:remoteref) refs/heads/master refs/remotes/master [1ms]
2026-05-13 09:40:58.258 [info] > git for-each-ref --sort -committerdate --format %(refname)%00%(objectname)%00%(*objectname) [1ms]
2026-05-13 09:40:58.272 [info] > git status -z -uall [17ms]
2026-05-13 09:41:03.282 [info] [Git][getRemotes] No remotes found in the git config file
2026-05-13 09:41:03.282 [info] > git config --get commit.template [2ms]
2026-05-13 09:41:03.282 [info] > git for-each-ref --format=%(refname)%00%(upstream:short)%00%(objectname)%00%(upstream:track)%00%(upstream:remotename)%00%(upstream:remoteref) refs/heads/master refs/remotes/master [0ms]
2026-05-13 09:41:03.287 [info] > git for-each-ref --sort -committerdate --format %(refname)%00%(objectname)%00%(*objectname) [1ms]
2026-05-13 09:41:03.301 [info] > git status -z -uall [17ms]
2026-05-13 09:41:08.312 [info] [Git][getRemotes] No remotes found in the git config file
2026-05-13 09:41:08.312 [info] > git config --get commit.template [2ms]
2026-05-13 09:41:08.312 [info] > git for-each-ref --format=%(refname)%00%(upstream:short)%00%(objectname)%00%(upstream:track)%00%(upstream:remotename)%00%(upstream:remoteref) refs/heads/master refs/remotes/master [0ms]
2026-05-13 09:41:08.316 [info] > git for-each-ref --sort -committerdate --format %(refname)%00%(objectname)%00%(*objectname) [1ms]
2026-05-13 09:41:08.330 [info] > git status -z -uall [16ms]
2026-05-13 09:41:13.339 [info] [Git][getRemotes] No remotes found in the git config file
2026-05-13 09:41:13.341 [info] > git config --get commit.template [3ms]
2026-05-13 09:41:13.341 [info] > git for-each-ref --format=%(refname)%00%(upstream:short)%00%(objectname)%00%(upstream:track)%00%(upstream:remotename)%00%(upstream:remoteref) refs/heads/master refs/remotes/master [0ms]
2026-05-13 09:41:13.346 [info] > git for-each-ref --sort -committerdate --format %(refname)%00%(objectname)%00%(*objectname) [1ms]
2026-05-13 09:41:13.362 [info] > git status -z -uall [19ms]
2026-05-13 09:41:18.369 [info] > git config --get commit.template [1ms]
2026-05-13 09:41:18.369 [info] [Git][getRemotes] No remotes found in the git config file
2026-05-13 09:41:18.372 [info] > git for-each-ref --format=%(refname)%00%(upstream:short)%00%(objectname)%00%(upstream:track)%00%(upstream:remotename)%00%(upstream:remoteref) refs/heads/master refs/remotes/master [1ms]
2026-05-13 09:41:18.376 [info] > git for-each-ref --sort -committerdate --format %(refname)%00%(objectname)%00%(*objectname) [0ms]
2026-05-13 09:41:18.391 [info] > git status -z -uall [18ms]
2026-05-13 09:41:23.399 [info] > git config --get commit.template [1ms]
2026-05-13 09:41:23.401 [info] [Git][getRemotes] No remotes found in the git config file
2026-05-13 09:41:23.402 [info] > git for-each-ref --format=%(refname)%00%(upstream:short)%00%(objectname)%00%(upstream:track)%00%(upstream:remotename)%00%(upstream:remoteref) refs/heads/master refs/remotes/master [1ms]
2026-05-13 09:41:23.407 [info] > git for-each-ref --sort -committerdate --format %(refname)%00%(objectname)%00%(*objectname) [1ms]
2026-05-13 09:41:23.421 [info] > git status -z -uall [18ms]
2026-05-13 09:41:28.435 [info] [Git][getRemotes] No remotes found in the git config file
2026-05-13 09:41:28.435 [info] > git config --get commit.template [2ms]
2026-05-13 09:41:28.435 [info] > git for-each-ref --format=%(refname)%00%(upstream:short)%00%(objectname)%00%(upstream:track)%00%(upstream:remotename)%00%(upstream:remoteref) refs/heads/master refs/remotes/master [0ms]
2026-05-13 09:41:28.440 [info] > git for-each-ref --sort -committerdate --format %(refname)%00%(objectname)%00%(*objectname) [1ms]
2026-05-13 09:41:28.454 [info] > git status -z -uall [16ms]
2026-05-13 09:41:33.461 [info] [Git][getRemotes] No remotes found in the git config file
2026-05-13 09:41:33.462 [info] > git config --get commit.template [2ms]
2026-05-13 09:41:33.462 [info] > git for-each-ref --format=%(refname)%00%(upstream:short)%00%(objectname)%00%(upstream:track)%00%(upstream:remotename)%00%(upstream:remoteref) refs/heads/master refs/remotes/master [1ms]
2026-05-13 09:41:33.466 [info] > git for-each-ref --sort -committerdate --format %(refname)%00%(objectname)%00%(*objectname) [1ms]
2026-05-13 09:41:33.482 [info] > git status -z -uall [19ms]
2026-05-13 09:41:38.491 [info] [Git][getRemotes] No remotes found in the git config file
2026-05-13 09:41:38.491 [info] > git config --get commit.template [2ms]
2026-05-13 09:41:38.492 [info] > git for-each-ref --format=%(refname)%00%(upstream:short)%00%(objectname)%00%(upstream:track)%00%(upstream:remotename)%00%(upstream:remoteref) refs/heads/master refs/remotes/master [1ms]
2026-05-13 09:41:38.496 [info] > git for-each-ref --sort -committerdate --format %(refname)%00%(objectname)%00%(*objectname) [0ms]
2026-05-13 09:41:38.512 [info] > git status -z -uall [18ms]
2026-05-13 09:41:43.889 [info] [Git][getRemotes] No remotes found in the git config file
2026-05-13 09:41:43.889 [info] > git config --get commit.template [2ms]
2026-05-13 09:41:43.889 [info] > git for-each-ref --format=%(refname)%00%(upstream:short)%00%(objectname)%00%(upstream:track)%00%(upstream:remotename)%00%(upstream:remoteref) refs/heads/master refs/remotes/master [0ms]
2026-05-13 09:41:43.894 [info] > git for-each-ref --sort -committerdate --format %(refname)%00%(objectname)%00%(*objectname) [0ms]
2026-05-13 09:41:43.910 [info] > git status -z -uall [19ms]
2026-05-13 09:41:48.920 [info] [Git][getRemotes] No remotes found in the git config file
2026-05-13 09:41:48.920 [info] > git config --get commit.template [2ms]
2026-05-13 09:41:48.920 [info] > git for-each-ref --format=%(refname)%00%(upstream:short)%00%(objectname)%00%(upstream:track)%00%(upstream:remotename)%00%(upstream:remoteref) refs/heads/master refs/remotes/master [0ms]
2026-05-13 09:41:48.924 [info] > git for-each-ref --sort -committerdate --format %(refname)%00%(objectname)%00%(*objectname) [1ms]
2026-05-13 09:41:48.940 [info] > git status -z -uall [18ms]
2026-05-13 09:41:53.942 [info] > git config --get commit.template [0ms]
2026-05-13 09:41:53.944 [info] [Git][getRemotes] No remotes found in the git config file
2026-05-13 09:41:53.944 [info] > git for-each-ref --format=%(refname)%00%(upstream:short)%00%(objectname)%00%(upstream:track)%00%(upstream:remotename)%00%(upstream:remoteref) refs/heads/master refs/remotes/master [0ms]
2026-05-13 09:41:53.950 [info] > git for-each-ref --sort -committerdate --format %(refname)%00%(objectname)%00%(*objectname) [1ms]
2026-05-13 09:41:53.964 [info] > git status -z -uall [18ms]
2026-05-13 09:41:58.976 [info] [Git][getRemotes] No remotes found in the git config file
2026-05-13 09:41:58.977 [info] > git config --get commit.template [3ms]
2026-05-13 09:41:58.977 [info] > git for-each-ref --format=%(refname)%00%(upstream:short)%00%(objectname)%00%(upstream:track)%00%(upstream:remotename)%00%(upstream:remoteref) refs/heads/master refs/remotes/master [1ms]
2026-05-13 09:41:58.981 [info] > git for-each-ref --sort -committerdate --format %(refname)%00%(objectname)%00%(*objectname) [1ms]
2026-05-13 09:41:58.996 [info] > git status -z -uall [18ms]
2026-05-13 09:42:04.006 [info] [Git][getRemotes] No remotes found in the git config file
2026-05-13 09:42:04.008 [info] > git config --get commit.template [2ms]
2026-05-13 09:42:04.008 [info] > git for-each-ref --format=%(refname)%00%(upstream:short)%00%(objectname)%00%(upstream:track)%00%(upstream:remotename)%00%(upstream:remoteref) refs/heads/master refs/remotes/master [1ms]
2026-05-13 09:42:04.013 [info] > git for-each-ref --sort -committerdate --format %(refname)%00%(objectname)%00%(*objectname) [1ms]
2026-05-13 09:42:04.030 [info] > git status -z -uall [21ms]
2026-05-13 09:42:09.038 [info] [Git][getRemotes] No remotes found in the git config file
2026-05-13 09:42:09.038 [info] > git config --get commit.template [2ms]
2026-05-13 09:42:09.038 [info] > git for-each-ref --format=%(refname)%00%(upstream:short)%00%(objectname)%00%(upstream:track)%00%(upstream:remotename)%00%(upstream:remoteref) refs/heads/master refs/remotes/master [0ms]
2026-05-13 09:42:09.042 [info] > git for-each-ref --sort -committerdate --format %(refname)%00%(objectname)%00%(*objectname) [0ms]
2026-05-13 09:42:09.057 [info] > git status -z -uall [17ms]
2026-05-13 09:42:26.908 [info] [Git][getRemotes] No remotes found in the git config file
2026-05-13 09:42:26.909 [info] > git config --get commit.template [3ms]
2026-05-13 09:42:26.909 [info] > git for-each-ref --format=%(refname)%00%(upstream:short)%00%(objectname)%00%(upstream:track)%00%(upstream:remotename)%00%(upstream:remoteref) refs/heads/master refs/remotes/master [1ms]
2026-05-13 09:42:26.913 [info] > git for-each-ref --sort -committerdate --format %(refname)%00%(objectname)%00%(*objectname) [0ms]
2026-05-13 09:42:26.929 [info] > git status -z -uall [19ms]
2026-05-13 09:42:31.939 [info] [Git][getRemotes] No remotes found in the git config file
2026-05-13 09:42:31.939 [info] > git config --get commit.template [2ms]
2026-05-13 09:42:31.939 [info] > git for-each-ref --format=%(refname)%00%(upstream:short)%00%(objectname)%00%(upstream:track)%00%(upstream:remotename)%00%(upstream:remoteref) refs/heads/master refs/remotes/master [0ms]
2026-05-13 09:42:31.943 [info] > git for-each-ref --sort -committerdate --format %(refname)%00%(objectname)%00%(*objectname) [0ms]
2026-05-13 09:42:31.958 [info] > git status -z -uall [17ms]
