2026-05-24 06:22:40.771 [info] [main] ログ レベル: Info
2026-05-24 06:22:40.771 [info] [main] Git の検証が検出されました: "git"
2026-05-24 06:22:40.771 [info] [main] "git" から Git "2.39.5" を使用しています
2026-05-24 06:22:40.771 [info] [Model][doInitialScan] Initial repository scan started
2026-05-24 06:22:40.771 [info] > git rev-parse --show-toplevel [5ms]
2026-05-24 06:22:40.771 [info] > git rev-parse --show-toplevel [24ms]
2026-05-24 06:22:40.774 [info] > git rev-parse --show-toplevel [1ms]
2026-05-24 06:22:40.784 [info] > git rev-parse --show-toplevel [8ms]
2026-05-24 06:22:40.787 [info] > git rev-parse --show-toplevel [0ms]
2026-05-24 06:22:40.790 [info] [Model][doInitialScan] Initial repository scan completed - repositories (0), closed repositories (0), parent repositories (1), unsafe repositories (0)
2026-05-24 06:22:40.820 [info] > git rev-parse --show-toplevel [1ms]
2026-05-24 06:22:40.823 [info] > git rev-parse --show-toplevel [1ms]
2026-05-24 06:22:42.011 [info] > git rev-parse --show-toplevel [2ms]
2026-05-24 06:22:58.321 [info] > git rev-parse --show-toplevel [3ms]
2026-05-24 06:23:01.511 [info] > git rev-parse --show-toplevel [2ms]
2026-05-24 06:23:28.478 [info] > git rev-parse --show-toplevel [6ms]
2026-05-24 06:23:28.849 [info] > git rev-parse --show-toplevel [3ms]
2026-05-24 06:23:30.725 [info] > git rev-parse --show-toplevel [2ms]
2026-05-24 06:24:19.812 [info] > git rev-parse --show-toplevel [3ms]
2026-05-24 06:24:20.673 [info] > git rev-parse --show-toplevel [1ms]
