2026-05-07 13:38:48.931 [info] [main] ログ レベル: Info
2026-05-07 13:38:48.931 [info] [main] Git の検証が検出されました: "git"
2026-05-07 13:38:48.931 [info] [main] "git" から Git "2.39.5" を使用しています
2026-05-07 13:38:48.931 [info] [Model][doInitialScan] Initial repository scan started
2026-05-07 13:38:48.931 [info] > git rev-parse --show-toplevel [1ms]
2026-05-07 13:38:48.931 [info] > git rev-parse --git-dir --git-common-dir --show-superproject-working-tree [1ms]
2026-05-07 13:38:48.954 [info] [Model][openRepository] Opened repository (path): /workspaces/prac_next
2026-05-07 13:38:48.954 [info] [Model][openRepository] Opened repository (real path): /workspaces/prac_next
2026-05-07 13:38:48.954 [info] [Model][openRepository] Opened repository (kind): repository
2026-05-07 13:38:48.962 [info] > git rev-parse --show-toplevel [2ms]
2026-05-07 13:38:48.962 [info] > git config --get commit.template [3ms]
2026-05-07 13:38:48.963 [info] > git config --get --local core.virtualfilesystem [5ms]
2026-05-07 13:38:48.963 [warning] [Git][config] git config failed: Failed to execute git
2026-05-07 13:38:48.966 [info] [Git][getRemotes] No remotes found in the git config file
2026-05-07 13:38:48.967 [info] > git for-each-ref --format=%(refname)%00%(upstream:short)%00%(objectname)%00%(upstream:track)%00%(upstream:remotename)%00%(upstream:remoteref) refs/heads/master refs/remotes/master [1ms]
2026-05-07 13:38:48.967 [warning] [Git][getBranch] No such branch: master
2026-05-07 13:38:48.972 [info] > git rev-parse --show-toplevel [7ms]
2026-05-07 13:38:48.976 [info] > git status -z -uall [7ms]
2026-05-07 13:38:48.978 [info] > git rev-parse --show-toplevel [3ms]
2026-05-07 13:38:48.979 [info] > git for-each-ref --sort -committerdate --format %(refname)%00%(objectname)%00%(*objectname) [7ms]
2026-05-07 13:38:49.007 [info] > git for-each-ref --format=%(refname)%00%(upstream:short)%00%(objectname)%00%(upstream:track)%00%(upstream:remotename)%00%(upstream:remoteref) refs/heads/master refs/remotes/master [24ms]
2026-05-07 13:38:49.007 [warning] [Git][getBranch] No such branch: master
2026-05-07 13:38:49.007 [error] [GitHistoryProvider][resolveHEADMergeBase] Failed to resolve merge base for master: Error: No such branch: master.
2026-05-07 13:38:49.008 [info] > git config --get commit.template [19ms]
2026-05-07 13:38:49.008 [info] > git rev-parse --git-dir --git-common-dir --show-superproject-working-tree [21ms]
2026-05-07 13:38:49.009 [info] [Git][getRemotes] No remotes found in the git config file
2026-05-07 13:38:49.012 [info] > git for-each-ref --format=%(refname)%00%(upstream:short)%00%(objectname)%00%(upstream:track)%00%(upstream:remotename)%00%(upstream:remoteref) refs/heads/master refs/remotes/master [2ms]
2026-05-07 13:38:49.012 [warning] [Git][getBranch] No such branch: master
2026-05-07 13:38:49.016 [info] > git status -z -uall [1ms]
2026-05-07 13:38:49.016 [info] > git for-each-ref --sort -committerdate --format %(refname)%00%(objectname)%00%(*objectname) [1ms]
2026-05-07 13:38:49.116 [info] [Model][openRepository] Opened repository (path): /workspaces/prac_next/AOJ
2026-05-07 13:38:49.116 [info] [Model][openRepository] Opened repository (real path): /workspaces/prac_next/AOJ
2026-05-07 13:38:49.116 [info] [Model][openRepository] Opened repository (kind): repository
2026-05-07 13:38:49.122 [info] > git config --get --local core.virtualfilesystem [4ms]
2026-05-07 13:38:49.122 [warning] [Git][config] git config failed: Failed to execute git
2026-05-07 13:38:49.123 [info] > git rev-parse --show-toplevel [1ms]
2026-05-07 13:38:49.124 [info] [Model][doInitialScan] Initial repository scan completed - repositories (2), closed repositories (0), parent repositories (0), unsafe repositories (0)
2026-05-07 13:38:49.124 [info] > git config --get commit.template [4ms]
2026-05-07 13:38:49.129 [info] > git for-each-ref --format=%(refname)%00%(upstream:short)%00%(objectname)%00%(upstream:track)%00%(upstream:remotename)%00%(upstream:remoteref) refs/heads/main refs/remotes/main [2ms]
2026-05-07 13:38:49.130 [warning] [Git][revParse] Unable to read file: ENOENT: no such file or directory, open '/workspaces/prac_next/AOJ/.git/refs/remotes/origin/main'
2026-05-07 13:38:49.131 [info] > git rev-parse refs/remotes/origin/main [1ms]
2026-05-07 13:38:49.134 [info] > git status -z -uall [2ms]
2026-05-07 13:38:49.135 [info] > git for-each-ref --sort -committerdate --format %(refname)%00%(objectname)%00%(*objectname) [1ms]
2026-05-07 13:38:49.147 [info] > git for-each-ref --format=%(refname)%00%(upstream:short)%00%(objectname)%00%(upstream:track)%00%(upstream:remotename)%00%(upstream:remoteref) refs/heads/main refs/remotes/main [9ms]
2026-05-07 13:38:49.150 [info] > git config --get commit.template [9ms]
2026-05-07 13:38:49.150 [info] > git config --get --local branch.main.vscode-merge-base [0ms]
2026-05-07 13:38:49.150 [warning] [Git][config] git config failed: Failed to execute git
2026-05-07 13:38:49.154 [info] > git reflog main --grep-reflog=branch: Created from *. [2ms]
2026-05-07 13:38:49.156 [info] > git for-each-ref --format=%(refname)%00%(upstream:short)%00%(objectname)%00%(upstream:track)%00%(upstream:remotename)%00%(upstream:remoteref) refs/heads/main refs/remotes/main [2ms]
2026-05-07 13:38:49.158 [warning] [Git][revParse] Unable to read file: ENOENT: no such file or directory, open '/workspaces/prac_next/AOJ/.git/refs/remotes/origin/main'
2026-05-07 13:38:49.158 [info] > git symbolic-ref --short refs/remotes/origin/HEAD [2ms]
2026-05-07 13:38:49.160 [info] > git rev-parse refs/remotes/origin/main [2ms]
2026-05-07 13:38:49.163 [info] > git status -z -uall [2ms]
2026-05-07 13:38:49.164 [info] > git for-each-ref --format=%(refname)%00%(upstream:short)%00%(objectname)%00%(upstream:track)%00%(upstream:remotename)%00%(upstream:remoteref) refs/heads/origin/main refs/remotes/origin/main [5ms]
2026-05-07 13:38:49.165 [info] > git for-each-ref --sort -committerdate --format %(refname)%00%(objectname)%00%(*objectname) [2ms]
2026-05-07 13:38:49.167 [info] > git config --add --local branch.main.vscode-merge-base origin/main [2ms]
2026-05-07 13:38:49.172 [info] > git config --get commit.template [3ms]
2026-05-07 13:38:49.172 [info] > git for-each-ref --format=%(refname)%00%(upstream:short)%00%(objectname)%00%(upstream:track)%00%(upstream:remotename)%00%(upstream:remoteref) refs/heads/main refs/remotes/main [1ms]
2026-05-07 13:38:49.174 [warning] [Git][revParse] Unable to read file: ENOENT: no such file or directory, open '/workspaces/prac_next/AOJ/.git/refs/remotes/origin/main'
2026-05-07 13:38:49.174 [info] > git rev-parse refs/remotes/origin/main [1ms]
2026-05-07 13:38:49.178 [info] > git status -z -uall [2ms]
2026-05-07 13:38:49.178 [info] > git for-each-ref --sort -committerdate --format %(refname)%00%(objectname)%00%(*objectname) [1ms]
2026-05-07 13:38:49.183 [info] > git merge-base refs/heads/main refs/remotes/origin/main [1ms]
2026-05-07 13:38:49.184 [info] > git merge-base refs/heads/main refs/remotes/origin/main [2ms]
2026-05-07 13:38:49.186 [info] > git diff --raw --numstat --diff-filter=ADMR -z --find-renames=50% cbc77908cd9cfe713a9d2ca788b277a3af890a6d...refs/remotes/origin/main -- [2ms]
2026-05-07 13:38:49.187 [info] > git diff --raw --numstat --diff-filter=ADMR -z --find-renames=50% cbc77908cd9cfe713a9d2ca788b277a3af890a6d...refs/remotes/origin/main -- [1ms]
2026-05-07 13:38:49.651 [info] > git check-ignore -v -z --stdin [2ms]
2026-05-07 13:38:49.651 [info] > git check-ignore -v -z --stdin [1ms]
2026-05-07 13:38:50.203 [info] > git check-ignore -v -z --stdin [1ms]
2026-05-07 13:38:50.251 [info] > git config --get commit.template [2ms]
2026-05-07 13:38:50.251 [info] > git for-each-ref --format=%(refname)%00%(upstream:short)%00%(objectname)%00%(upstream:track)%00%(upstream:remotename)%00%(upstream:remoteref) refs/heads/main refs/remotes/main [1ms]
2026-05-07 13:38:50.252 [warning] [Git][revParse] Unable to read file: ENOENT: no such file or directory, open '/workspaces/prac_next/AOJ/.git/refs/remotes/origin/main'
2026-05-07 13:38:50.253 [info] > git rev-parse refs/remotes/origin/main [1ms]
2026-05-07 13:38:50.255 [info] > git status -z -uall [1ms]
2026-05-07 13:38:50.256 [info] > git for-each-ref --sort -committerdate --format %(refname)%00%(objectname)%00%(*objectname) [1ms]
2026-05-07 13:38:58.469 [warning] [Git][getHEAD] Failed to parse HEAD file: ENOENT: no such file or directory, open '/workspaces/prac_next/AOJ/.git/HEAD'
2026-05-07 13:38:58.471 [warning] [Git][getRemotes] Error: ENOENT: no such file or directory, open '/workspaces/prac_next/AOJ/.git/config'
2026-05-07 13:38:58.496 [warning] [Git][getHEAD] Failed to parse HEAD file: ENOENT: no such file or directory, open '/workspaces/prac_next/AOJ/.git/HEAD'
2026-05-07 13:38:58.498 [warning] [Git][getRemotes] Error: ENOENT: no such file or directory, open '/workspaces/prac_next/AOJ/.git/config'
2026-05-07 13:38:58.499 [info] > git config --get commit.template [31ms]
2026-05-07 13:38:58.501 [info] [Git][getRemotes] No remotes found in the git config file
2026-05-07 13:38:58.502 [info] > git for-each-ref --format=%(refname)%00%(upstream:short)%00%(objectname)%00%(upstream:track)%00%(upstream:remotename)%00%(upstream:remoteref) refs/heads/master refs/remotes/master [1ms]
2026-05-07 13:38:58.502 [warning] [Git][getBranch] No such branch: master
2026-05-07 13:38:58.505 [info] > git status -z -uall [1ms]
2026-05-07 13:38:58.505 [info] > git for-each-ref --sort -committerdate --format %(refname)%00%(objectname)%00%(*objectname) [1ms]
2026-05-07 13:38:59.093 [info] > git check-ignore -v -z --stdin [0ms]
2026-05-07 13:39:00.883 [info] > git check-ignore -v -z --stdin [1ms]
2026-05-07 13:39:03.510 [info] > git config --get commit.template [0ms]
2026-05-07 13:39:03.513 [info] [Git][getRemotes] No remotes found in the git config file
2026-05-07 13:39:03.513 [info] > git for-each-ref --format=%(refname)%00%(upstream:short)%00%(objectname)%00%(upstream:track)%00%(upstream:remotename)%00%(upstream:remoteref) refs/heads/master refs/remotes/master [0ms]
2026-05-07 13:39:03.513 [warning] [Git][getBranch] No such branch: master
2026-05-07 13:39:03.518 [info] > git status -z -uall [2ms]
2026-05-07 13:39:03.519 [info] > git for-each-ref --sort -committerdate --format %(refname)%00%(objectname)%00%(*objectname) [1ms]
2026-05-07 13:39:03.540 [info] > git check-ignore -v -z --stdin [1ms]
2026-05-07 13:39:21.224 [info] > git config --get commit.template [1ms]
2026-05-07 13:39:21.225 [info] [Git][getRemotes] No remotes found in the git config file
2026-05-07 13:39:21.226 [info] > git for-each-ref --format=%(refname)%00%(upstream:short)%00%(objectname)%00%(upstream:track)%00%(upstream:remotename)%00%(upstream:remoteref) refs/heads/master refs/remotes/master [1ms]
2026-05-07 13:39:21.226 [warning] [Git][getBranch] No such branch: master
2026-05-07 13:39:21.229 [info] > git status -z -uall [2ms]
2026-05-07 13:39:21.229 [info] > git for-each-ref --sort -committerdate --format %(refname)%00%(objectname)%00%(*objectname) [1ms]
